<?xml version="1.0" encoding="UTF-8"?>
<testsuites name="2 search, filter and add to chart item" time="78.75" tests="4" failures="0" errors="0">
   <testsuite name="2 search, filter and add to chart item" tests="4" failures="0" errors="0" time="78.75" skipped="0" timestamp="10-02-2024T10:38:26" hostname="ACER - LAPTOP-DI70DTOM" id="Test Suites/1 Test Suites/2 search, filter and add to chart item">
      <properties>
         <property name="deviceName" value=""/>
         <property name="devicePlatform" value=""/>
         <property name="logFolder" value="C:\\Users\\ACER\\git\\Final-Project-QA-WEB\\Reports\\20240210_103818\\1 Test Suites\\2 search, filter and add to chart item\\20240210_103819"/>
         <property name="logFiles" value="C:\\Users\\ACER\\git\\Final-Project-QA-WEB\\Reports\\20240210_103818\\1 Test Suites\\2 search, filter and add to chart item\\20240210_103819\\execution0.log"/>
         <property name="attachments" value=""/>
         <property name="hostName" value="ACER - LAPTOP-DI70DTOM"/>
         <property name="os" value="Windows 11 64bit"/>
         <property name="katalonVersion" value="9.3.0.212"/>
         <property name="browser" value="Chrome 121.0.0.0"/>
         <property name="hostAddress" value="192.168.0.151"/>
         <property name="sessionId" value="7254b6cd71f68e4cc4a82db9d905cd94"/>
         <property name="seleniumVersion" value="3.141.59"/>
         <property name="proxyInformation" value="ProxyInformation { proxyOption=NO_PROXY, proxyServerType=HTTP, username=, password=********, proxyServerAddress=, proxyServerPort=0, executionList=&quot;&quot;, isApplyToDesiredCapabilities=true }"/>
         <property name="platform" value="Windows 11"/>
      </properties>
      <testcase name="Test Cases/1. Positive test case/5 Filter item (switch-case and data driven)" time="16.999" classname="Test Cases/1. Positive test case/5 Filter item (switch-case and data driven)" status="PASSED">
         <system-out><![CDATA[10-02-2024T10:38:26 - [TEST_CASE][PASSED] - Test Cases/1. Positive test case/5 Filter item (switch-case and data driven): Test Cases/1. Positive test case/5 Filter item (switch-case and data driven)

10-02-2024T10:38:26 - [TEST_STEP][PASSED] - openBrowser(""): Browser is opened with url: ''

10-02-2024T10:38:26 - [MESSAGE][INFO] - Starting 'Chrome' driver

10-02-2024T10:38:26 - [MESSAGE][INFO] - Action delay is set to 0 milliseconds

10-02-2024T10:38:28 - [MESSAGE][PASSED] - Browser is opened with url: ''

10-02-2024T10:38:28 - [TEST_STEP][PASSED] - navigateToUrl("https://advantageonlineshopping.com/"): Navigate to 'https://advantageonlineshopping.com/' successfully

10-02-2024T10:38:30 - [MESSAGE][PASSED] - Navigate to 'https://advantageonlineshopping.com/' successfully

10-02-2024T10:38:30 - [TEST_STEP][PASSED] - click(findTestObject("Object Repository/Fitur Filter 2/div_SPEAKERS                        Shop Now")): Object: 'Object Repository/Fitur Filter 2/div_SPEAKERS                        Shop Now' is clicked on

10-02-2024T10:38:35 - [MESSAGE][PASSED] - Object: 'Object Repository/Fitur Filter 2/div_SPEAKERS                        Shop Now' is clicked on

10-02-2024T10:38:35 - [TEST_STEP][PASSED] - filterType = filtername: null

10-02-2024T10:38:35 - [TEST_STEP][PASSED] - switch (filterType): null

10-02-2024T10:38:35 - [TEST_STEP][PASSED] - case "WIRELESS TECHNOLOGY":: null

10-02-2024T10:38:35 - [TEST_STEP][PASSED] - click(findTestObject("Object Repository/Fitur Filter 2/h4_WIRELESS TECHNOLOGY")): Object: 'Object Repository/Fitur Filter 2/h4_WIRELESS TECHNOLOGY' is clicked on

10-02-2024T10:38:37 - [MESSAGE][PASSED] - Object: 'Object Repository/Fitur Filter 2/h4_WIRELESS TECHNOLOGY' is clicked on

10-02-2024T10:38:37 - [TEST_STEP][PASSED] - click(findTestObject("Object Repository/Fitur Filter 2/input_WIRELESS TECHNOLOGY_wireless_technology_0")): Object: 'Object Repository/Fitur Filter 2/input_WIRELESS TECHNOLOGY_wireless_technology_0' is clicked on

10-02-2024T10:38:38 - [MESSAGE][PASSED] - Object: 'Object Repository/Fitur Filter 2/input_WIRELESS TECHNOLOGY_wireless_technology_0' is clicked on

10-02-2024T10:38:38 - [TEST_STEP][PASSED] - break: null

10-02-2024T10:38:38 - [TEST_STEP][PASSED] - delay(5): Delayed 5 second(s)

10-02-2024T10:38:43 - [MESSAGE][PASSED] - Delayed 5 second(s)

10-02-2024T10:38:43 - [TEST_STEP][PASSED] - closeBrowser(): Browser is closed

10-02-2024T10:38:43 - [MESSAGE][PASSED] - Browser is closed]]></system-out>
         <system-err><![CDATA[]]></system-err>
      </testcase>
      <testcase name="Test Cases/1. Positive test case/5 Filter item (switch-case and data driven)" time="29.763" classname="Test Cases/1. Positive test case/5 Filter item (switch-case and data driven)" status="PASSED">
         <system-out><![CDATA[10-02-2024T10:38:43 - [TEST_CASE][PASSED] - Test Cases/1. Positive test case/5 Filter item (switch-case and data driven): Test Cases/1. Positive test case/5 Filter item (switch-case and data driven)

10-02-2024T10:38:43 - [TEST_STEP][PASSED] - openBrowser(""): Browser is opened with url: ''

10-02-2024T10:38:43 - [MESSAGE][INFO] - Starting 'Chrome' driver

10-02-2024T10:38:43 - [MESSAGE][INFO] - Action delay is set to 0 milliseconds

10-02-2024T10:38:44 - [MESSAGE][PASSED] - Browser is opened with url: ''

10-02-2024T10:38:44 - [TEST_STEP][PASSED] - navigateToUrl("https://advantageonlineshopping.com/"): Navigate to 'https://advantageonlineshopping.com/' successfully

10-02-2024T10:38:47 - [MESSAGE][PASSED] - Navigate to 'https://advantageonlineshopping.com/' successfully

10-02-2024T10:38:47 - [TEST_STEP][PASSED] - click(findTestObject("Object Repository/Fitur Filter 2/div_SPEAKERS                        Shop Now")): Object: 'Object Repository/Fitur Filter 2/div_SPEAKERS                        Shop Now' is clicked on

10-02-2024T10:38:51 - [MESSAGE][PASSED] - Object: 'Object Repository/Fitur Filter 2/div_SPEAKERS                        Shop Now' is clicked on

10-02-2024T10:38:51 - [TEST_STEP][PASSED] - filterType = filtername: null

10-02-2024T10:38:51 - [TEST_STEP][PASSED] - switch (filterType): null

10-02-2024T10:38:51 - [TEST_STEP][PASSED] - case "COLOR":: null

10-02-2024T10:38:51 - [TEST_STEP][PASSED] - click(findTestObject("Object Repository/Fitur Filter 2/h4_COLOR")): Object: 'Object Repository/Fitur Filter 2/h4_COLOR' is clicked on

10-02-2024T10:39:07 - [MESSAGE][PASSED] - Object: 'Object Repository/Fitur Filter 2/h4_COLOR' is clicked on

10-02-2024T10:39:07 - [TEST_STEP][PASSED] - click(findTestObject("Object Repository/Fitur Filter 2/a_COLOR_productsColors414141")): Object: 'Object Repository/Fitur Filter 2/a_COLOR_productsColors414141' is clicked on

10-02-2024T10:39:07 - [MESSAGE][PASSED] - Object: 'Object Repository/Fitur Filter 2/a_COLOR_productsColors414141' is clicked on

10-02-2024T10:39:07 - [TEST_STEP][PASSED] - break: null

10-02-2024T10:39:07 - [TEST_STEP][PASSED] - delay(5): Delayed 5 second(s)

10-02-2024T10:39:12 - [MESSAGE][PASSED] - Delayed 5 second(s)

10-02-2024T10:39:12 - [TEST_STEP][PASSED] - closeBrowser(): Browser is closed

10-02-2024T10:39:13 - [MESSAGE][PASSED] - Browser is closed]]></system-out>
         <system-err><![CDATA[]]></system-err>
      </testcase>
      <testcase name="Test Cases/1. Positive test case/5 Filter item (switch-case and data driven)" time="15.641" classname="Test Cases/1. Positive test case/5 Filter item (switch-case and data driven)" status="PASSED">
         <system-out><![CDATA[10-02-2024T10:39:13 - [TEST_CASE][PASSED] - Test Cases/1. Positive test case/5 Filter item (switch-case and data driven): Test Cases/1. Positive test case/5 Filter item (switch-case and data driven)

10-02-2024T10:39:13 - [TEST_STEP][PASSED] - openBrowser(""): Browser is opened with url: ''

10-02-2024T10:39:13 - [MESSAGE][INFO] - Starting 'Chrome' driver

10-02-2024T10:39:13 - [MESSAGE][INFO] - Action delay is set to 0 milliseconds

10-02-2024T10:39:13 - [MESSAGE][PASSED] - Browser is opened with url: ''

10-02-2024T10:39:13 - [TEST_STEP][PASSED] - navigateToUrl("https://advantageonlineshopping.com/"): Navigate to 'https://advantageonlineshopping.com/' successfully

10-02-2024T10:39:16 - [MESSAGE][PASSED] - Navigate to 'https://advantageonlineshopping.com/' successfully

10-02-2024T10:39:16 - [TEST_STEP][PASSED] - click(findTestObject("Object Repository/Fitur Filter 2/div_SPEAKERS                        Shop Now")): Object: 'Object Repository/Fitur Filter 2/div_SPEAKERS                        Shop Now' is clicked on

10-02-2024T10:39:20 - [MESSAGE][PASSED] - Object: 'Object Repository/Fitur Filter 2/div_SPEAKERS                        Shop Now' is clicked on

10-02-2024T10:39:20 - [TEST_STEP][PASSED] - filterType = filtername: null

10-02-2024T10:39:20 - [TEST_STEP][PASSED] - switch (filterType): null

10-02-2024T10:39:20 - [TEST_STEP][PASSED] - case "MANUFACTURER":: null

10-02-2024T10:39:20 - [TEST_STEP][PASSED] - click(findTestObject("Object Repository/Fitur Filter 2/h4_MANUFACTURER")): Object: 'Object Repository/Fitur Filter 2/h4_MANUFACTURER' is clicked on

10-02-2024T10:39:23 - [MESSAGE][PASSED] - Object: 'Object Repository/Fitur Filter 2/h4_MANUFACTURER' is clicked on

10-02-2024T10:39:23 - [TEST_STEP][PASSED] - click(findTestObject("Object Repository/Fitur Filter 2/input_MANUFACTURER_manufacturer_0")): Object: 'Object Repository/Fitur Filter 2/input_MANUFACTURER_manufacturer_0' is clicked on

10-02-2024T10:39:23 - [MESSAGE][PASSED] - Object: 'Object Repository/Fitur Filter 2/input_MANUFACTURER_manufacturer_0' is clicked on

10-02-2024T10:39:23 - [TEST_STEP][PASSED] - break: null

10-02-2024T10:39:23 - [TEST_STEP][PASSED] - delay(5): Delayed 5 second(s)

10-02-2024T10:39:28 - [MESSAGE][PASSED] - Delayed 5 second(s)

10-02-2024T10:39:28 - [TEST_STEP][PASSED] - closeBrowser(): Browser is closed

10-02-2024T10:39:28 - [MESSAGE][PASSED] - Browser is closed]]></system-out>
         <system-err><![CDATA[]]></system-err>
      </testcase>
      <testcase name="Test Cases/1. Positive test case/5 Filter item (switch-case and data driven)" time="16.099" classname="Test Cases/1. Positive test case/5 Filter item (switch-case and data driven)" status="PASSED">
         <system-out><![CDATA[10-02-2024T10:39:28 - [TEST_CASE][PASSED] - Test Cases/1. Positive test case/5 Filter item (switch-case and data driven): Test Cases/1. Positive test case/5 Filter item (switch-case and data driven)

10-02-2024T10:39:28 - [TEST_STEP][PASSED] - openBrowser(""): Browser is opened with url: ''

10-02-2024T10:39:28 - [MESSAGE][INFO] - Starting 'Chrome' driver

10-02-2024T10:39:28 - [MESSAGE][INFO] - Action delay is set to 0 milliseconds

10-02-2024T10:39:29 - [MESSAGE][PASSED] - Browser is opened with url: ''

10-02-2024T10:39:29 - [TEST_STEP][PASSED] - navigateToUrl("https://advantageonlineshopping.com/"): Navigate to 'https://advantageonlineshopping.com/' successfully

10-02-2024T10:39:32 - [MESSAGE][PASSED] - Navigate to 'https://advantageonlineshopping.com/' successfully

10-02-2024T10:39:32 - [TEST_STEP][PASSED] - click(findTestObject("Object Repository/Fitur Filter 2/div_SPEAKERS                        Shop Now")): Object: 'Object Repository/Fitur Filter 2/div_SPEAKERS                        Shop Now' is clicked on

10-02-2024T10:39:36 - [MESSAGE][PASSED] - Object: 'Object Repository/Fitur Filter 2/div_SPEAKERS                        Shop Now' is clicked on

10-02-2024T10:39:36 - [TEST_STEP][PASSED] - filterType = filtername: null

10-02-2024T10:39:36 - [TEST_STEP][PASSED] - switch (filterType): null

10-02-2024T10:39:36 - [TEST_STEP][PASSED] - case "COMPATIBILITY":: null

10-02-2024T10:39:36 - [TEST_STEP][PASSED] - click(findTestObject("Object Repository/Fitur Filter 2/h4_COMPATIBILITY")): Object: 'Object Repository/Fitur Filter 2/h4_COMPATIBILITY' is clicked on

10-02-2024T10:39:38 - [MESSAGE][PASSED] - Object: 'Object Repository/Fitur Filter 2/h4_COMPATIBILITY' is clicked on

10-02-2024T10:39:38 - [TEST_STEP][PASSED] - click(findTestObject("Object Repository/Fitur Filter 2/label_Any device that has bluetooth enabled")): Object: 'Object Repository/Fitur Filter 2/label_Any device that has bluetooth enabled' is clicked on

10-02-2024T10:39:39 - [MESSAGE][PASSED] - Object: 'Object Repository/Fitur Filter 2/label_Any device that has bluetooth enabled' is clicked on

10-02-2024T10:39:39 - [TEST_STEP][PASSED] - click(findTestObject("Object Repository/Fitur Filter 2/input_COMPATIBILITY_compatibility_0")): Object: 'Object Repository/Fitur Filter 2/input_COMPATIBILITY_compatibility_0' is clicked on

10-02-2024T10:39:39 - [MESSAGE][PASSED] - Object: 'Object Repository/Fitur Filter 2/input_COMPATIBILITY_compatibility_0' is clicked on

10-02-2024T10:39:39 - [TEST_STEP][PASSED] - break: null

10-02-2024T10:39:39 - [TEST_STEP][PASSED] - delay(5): Delayed 5 second(s)

10-02-2024T10:39:44 - [MESSAGE][PASSED] - Delayed 5 second(s)

10-02-2024T10:39:44 - [TEST_STEP][PASSED] - closeBrowser(): Browser is closed

10-02-2024T10:39:44 - [MESSAGE][PASSED] - Browser is closed]]></system-out>
         <system-err><![CDATA[]]></system-err>
      </testcase>
      <system-out><![CDATA[10-02-2024T10:38:26 - [TEST_SUITE][PASSED] - 2 search, filter and add to chart item: Test Cases/1. Positive test case/5 Filter item (switch-case and data driven)]]></system-out>
      <system-err><![CDATA[]]></system-err>
   </testsuite>
</testsuites>
