<?xml version="1.0" encoding="UTF-8"?>
<testsuites name="testing test suites" time="65.182" tests="2" failures="0" errors="0">
   <testsuite name="testing test suites" tests="2" failures="0" errors="0" time="65.182" skipped="0" timestamp="10-02-2024T16:18:11" hostname="ACER - LAPTOP-DI70DTOM" id="Test Suites/testing test suites">
      <properties>
         <property name="deviceName" value=""/>
         <property name="devicePlatform" value=""/>
         <property name="logFolder" value="C:\\Users\\ACER\\git\\Final-Project-QA-WEB\\Reports\\20240210_161804\\testing test suites\\20240210_161805"/>
         <property name="logFiles" value="C:\\Users\\ACER\\git\\Final-Project-QA-WEB\\Reports\\20240210_161804\\testing test suites\\20240210_161805\\execution0.log"/>
         <property name="attachments" value=""/>
         <property name="hostName" value="ACER - LAPTOP-DI70DTOM"/>
         <property name="os" value="Windows 11 64bit"/>
         <property name="katalonVersion" value="9.3.0.212"/>
         <property name="browser" value="Chrome 121.0.0.0"/>
         <property name="hostAddress" value="192.168.0.151"/>
         <property name="sessionId" value="d230a07dd217d5b997106d7fbf87dda1"/>
         <property name="seleniumVersion" value="3.141.59"/>
         <property name="proxyInformation" value="ProxyInformation { proxyOption=NO_PROXY, proxyServerType=HTTP, username=, password=********, proxyServerAddress=, proxyServerPort=0, executionList=&quot;&quot;, isApplyToDesiredCapabilities=true }"/>
         <property name="platform" value="Windows 11"/>
      </properties>
      <testcase name="Test Cases/1. Positive test case/9 Chekout tanpa login" time="30.523" classname="Test Cases/1. Positive test case/9 Chekout tanpa login" status="PASSED">
         <system-out><![CDATA[10-02-2024T16:18:11 - [TEST_CASE][PASSED] - Test Cases/1. Positive test case/9 Chekout tanpa login: Test Cases/1. Positive test case/9 Chekout tanpa login

10-02-2024T16:18:11 - [TEST_STEP][PASSED] - openBrowser(""): Browser is opened with url: ''

10-02-2024T16:18:12 - [MESSAGE][INFO] - Starting 'Chrome' driver

10-02-2024T16:18:12 - [MESSAGE][INFO] - Action delay is set to 0 milliseconds

10-02-2024T16:18:13 - [MESSAGE][PASSED] - Browser is opened with url: ''

10-02-2024T16:18:13 - [TEST_STEP][PASSED] - navigateToUrl("https://advantageonlineshopping.com/"): Navigate to 'https://advantageonlineshopping.com/' successfully

10-02-2024T16:18:15 - [MESSAGE][PASSED] - Navigate to 'https://advantageonlineshopping.com/' successfully

10-02-2024T16:18:15 - [TEST_STEP][PASSED] - click(findTestObject("Object Repository/fitur checkout login/div_MICE                        Shop Now")): Object: 'Object Repository/fitur checkout login/div_MICE                        Shop Now' is clicked on

10-02-2024T16:18:20 - [MESSAGE][PASSED] - Object: 'Object Repository/fitur checkout login/div_MICE                        Shop Now' is clicked on

10-02-2024T16:18:20 - [TEST_STEP][PASSED] - click(findTestObject("Object Repository/fitur checkout login/img_SHOP NOW_29")): Object: 'Object Repository/fitur checkout login/img_SHOP NOW_29' is clicked on

10-02-2024T16:18:23 - [MESSAGE][PASSED] - Object: 'Object Repository/fitur checkout login/img_SHOP NOW_29' is clicked on

10-02-2024T16:18:23 - [TEST_STEP][PASSED] - click(findTestObject("Object Repository/fitur checkout login/button_ADD TO CART")): Object: 'Object Repository/fitur checkout login/button_ADD TO CART' is clicked on

10-02-2024T16:18:26 - [MESSAGE][PASSED] - Object: 'Object Repository/fitur checkout login/button_ADD TO CART' is clicked on

10-02-2024T16:18:26 - [TEST_STEP][PASSED] - click(findTestObject("Object Repository/fitur checkout login/a_MICE")): Object: 'Object Repository/fitur checkout login/a_MICE' is clicked on

10-02-2024T16:18:27 - [MESSAGE][PASSED] - Object: 'Object Repository/fitur checkout login/a_MICE' is clicked on

10-02-2024T16:18:27 - [TEST_STEP][PASSED] - click(findTestObject("Object Repository/fitur checkout login/a_1")): Object: 'Object Repository/fitur checkout login/a_1' is clicked on

10-02-2024T16:18:27 - [MESSAGE][PASSED] - Object: 'Object Repository/fitur checkout login/a_1' is clicked on

10-02-2024T16:18:27 - [TEST_STEP][PASSED] - click(findTestObject("Object Repository/fitur checkout login/button_CHECKOUT (9.99)")): Object: 'Object Repository/fitur checkout login/button_CHECKOUT (9.99)' is clicked on

10-02-2024T16:18:29 - [MESSAGE][PASSED] - Object: 'Object Repository/fitur checkout login/button_CHECKOUT (9.99)' is clicked on

10-02-2024T16:18:29 - [TEST_STEP][PASSED] - setText(findTestObject("Object Repository/fitur checkout login/input_Already have an account_usernameInOrd_818284"), username): Text 'yudhatesting' is set on object 'Object Repository/fitur checkout login/input_Already have an account_usernameInOrd_818284'

10-02-2024T16:18:31 - [MESSAGE][PASSED] - Text 'yudhatesting' is set on object 'Object Repository/fitur checkout login/input_Already have an account_usernameInOrd_818284'

10-02-2024T16:18:31 - [TEST_STEP][PASSED] - setText(findTestObject("Object Repository/fitur checkout login/input_Username_passwordInOrderPayment"), password): Text 'Dharmayudha1' is set on object 'Object Repository/fitur checkout login/input_Username_passwordInOrderPayment'

10-02-2024T16:18:32 - [MESSAGE][PASSED] - Text 'Dharmayudha1' is set on object 'Object Repository/fitur checkout login/input_Username_passwordInOrderPayment'

10-02-2024T16:18:32 - [TEST_STEP][PASSED] - click(findTestObject("Object Repository/fitur checkout login/button_LOGIN")): Object: 'Object Repository/fitur checkout login/button_LOGIN' is clicked on

10-02-2024T16:18:32 - [MESSAGE][PASSED] - Object: 'Object Repository/fitur checkout login/button_LOGIN' is clicked on

10-02-2024T16:18:32 - [TEST_STEP][PASSED] - click(findTestObject("Object Repository/fitur checkout login/button_NEXT")): Object: 'Object Repository/fitur checkout login/button_NEXT' is clicked on

10-02-2024T16:18:36 - [MESSAGE][PASSED] - Object: 'Object Repository/fitur checkout login/button_NEXT' is clicked on

10-02-2024T16:18:36 - [TEST_STEP][PASSED] - click(findTestObject("Object Repository/fitur checkout login/button_PAY NOW")): Object: 'Object Repository/fitur checkout login/button_PAY NOW' is clicked on

10-02-2024T16:18:36 - [MESSAGE][PASSED] - Object: 'Object Repository/fitur checkout login/button_PAY NOW' is clicked on

10-02-2024T16:18:36 - [TEST_STEP][PASSED] - delay(5): Delayed 5 second(s)

10-02-2024T16:18:41 - [MESSAGE][PASSED] - Delayed 5 second(s)

10-02-2024T16:18:42 - [TEST_STEP][PASSED] - closeBrowser(): Browser is closed

10-02-2024T16:18:42 - [MESSAGE][PASSED] - Browser is closed]]></system-out>
         <system-err><![CDATA[]]></system-err>
      </testcase>
      <testcase name="Test Cases/1. Positive test case/9 Chekout tanpa login" time="34.42" classname="Test Cases/1. Positive test case/9 Chekout tanpa login" status="PASSED">
         <system-out><![CDATA[10-02-2024T16:18:42 - [TEST_CASE][PASSED] - Test Cases/1. Positive test case/9 Chekout tanpa login: Test Cases/1. Positive test case/9 Chekout tanpa login

10-02-2024T16:18:42 - [TEST_STEP][PASSED] - openBrowser(""): Browser is opened with url: ''

10-02-2024T16:18:42 - [MESSAGE][INFO] - Starting 'Chrome' driver

10-02-2024T16:18:42 - [MESSAGE][INFO] - Action delay is set to 0 milliseconds

10-02-2024T16:18:42 - [MESSAGE][PASSED] - Browser is opened with url: ''

10-02-2024T16:18:42 - [TEST_STEP][PASSED] - navigateToUrl("https://advantageonlineshopping.com/"): Navigate to 'https://advantageonlineshopping.com/' successfully

10-02-2024T16:18:45 - [MESSAGE][PASSED] - Navigate to 'https://advantageonlineshopping.com/' successfully

10-02-2024T16:18:45 - [TEST_STEP][PASSED] - click(findTestObject("Object Repository/fitur checkout login/div_MICE                        Shop Now")): Object: 'Object Repository/fitur checkout login/div_MICE                        Shop Now' is clicked on

10-02-2024T16:18:49 - [MESSAGE][PASSED] - Object: 'Object Repository/fitur checkout login/div_MICE                        Shop Now' is clicked on

10-02-2024T16:18:49 - [TEST_STEP][PASSED] - click(findTestObject("Object Repository/fitur checkout login/img_SHOP NOW_29")): Object: 'Object Repository/fitur checkout login/img_SHOP NOW_29' is clicked on

10-02-2024T16:18:53 - [MESSAGE][PASSED] - Object: 'Object Repository/fitur checkout login/img_SHOP NOW_29' is clicked on

10-02-2024T16:18:53 - [TEST_STEP][PASSED] - click(findTestObject("Object Repository/fitur checkout login/button_ADD TO CART")): Object: 'Object Repository/fitur checkout login/button_ADD TO CART' is clicked on

10-02-2024T16:19:01 - [MESSAGE][PASSED] - Object: 'Object Repository/fitur checkout login/button_ADD TO CART' is clicked on

10-02-2024T16:19:01 - [TEST_STEP][PASSED] - click(findTestObject("Object Repository/fitur checkout login/a_MICE")): Object: 'Object Repository/fitur checkout login/a_MICE' is clicked on

10-02-2024T16:19:02 - [MESSAGE][PASSED] - Object: 'Object Repository/fitur checkout login/a_MICE' is clicked on

10-02-2024T16:19:02 - [TEST_STEP][PASSED] - click(findTestObject("Object Repository/fitur checkout login/a_1")): Object: 'Object Repository/fitur checkout login/a_1' is clicked on

10-02-2024T16:19:03 - [MESSAGE][PASSED] - Object: 'Object Repository/fitur checkout login/a_1' is clicked on

10-02-2024T16:19:03 - [TEST_STEP][PASSED] - click(findTestObject("Object Repository/fitur checkout login/button_CHECKOUT (9.99)")): Object: 'Object Repository/fitur checkout login/button_CHECKOUT (9.99)' is clicked on

10-02-2024T16:19:03 - [MESSAGE][PASSED] - Object: 'Object Repository/fitur checkout login/button_CHECKOUT (9.99)' is clicked on

10-02-2024T16:19:03 - [TEST_STEP][PASSED] - setText(findTestObject("Object Repository/fitur checkout login/input_Already have an account_usernameInOrd_818284"), username): Text 'yudhatesting' is set on object 'Object Repository/fitur checkout login/input_Already have an account_usernameInOrd_818284'

10-02-2024T16:19:05 - [MESSAGE][PASSED] - Text 'yudhatesting' is set on object 'Object Repository/fitur checkout login/input_Already have an account_usernameInOrd_818284'

10-02-2024T16:19:05 - [TEST_STEP][PASSED] - setText(findTestObject("Object Repository/fitur checkout login/input_Username_passwordInOrderPayment"), password): Text 'Dharmayudha1' is set on object 'Object Repository/fitur checkout login/input_Username_passwordInOrderPayment'

10-02-2024T16:19:06 - [MESSAGE][PASSED] - Text 'Dharmayudha1' is set on object 'Object Repository/fitur checkout login/input_Username_passwordInOrderPayment'

10-02-2024T16:19:06 - [TEST_STEP][PASSED] - click(findTestObject("Object Repository/fitur checkout login/button_LOGIN")): Object: 'Object Repository/fitur checkout login/button_LOGIN' is clicked on

10-02-2024T16:19:07 - [MESSAGE][PASSED] - Object: 'Object Repository/fitur checkout login/button_LOGIN' is clicked on

10-02-2024T16:19:07 - [TEST_STEP][PASSED] - click(findTestObject("Object Repository/fitur checkout login/button_NEXT")): Object: 'Object Repository/fitur checkout login/button_NEXT' is clicked on

10-02-2024T16:19:10 - [MESSAGE][PASSED] - Object: 'Object Repository/fitur checkout login/button_NEXT' is clicked on

10-02-2024T16:19:10 - [TEST_STEP][PASSED] - click(findTestObject("Object Repository/fitur checkout login/button_PAY NOW")): Object: 'Object Repository/fitur checkout login/button_PAY NOW' is clicked on

10-02-2024T16:19:11 - [MESSAGE][PASSED] - Object: 'Object Repository/fitur checkout login/button_PAY NOW' is clicked on

10-02-2024T16:19:11 - [TEST_STEP][PASSED] - delay(5): Delayed 5 second(s)

10-02-2024T16:19:16 - [MESSAGE][PASSED] - Delayed 5 second(s)

10-02-2024T16:19:16 - [TEST_STEP][PASSED] - closeBrowser(): Browser is closed

10-02-2024T16:19:16 - [MESSAGE][PASSED] - Browser is closed]]></system-out>
         <system-err><![CDATA[]]></system-err>
      </testcase>
      <system-out><![CDATA[10-02-2024T16:18:11 - [TEST_SUITE][PASSED] - testing test suites: Test Cases/1. Positive test case/9 Chekout tanpa login]]></system-out>
      <system-err><![CDATA[]]></system-err>
   </testsuite>
</testsuites>
