<?xml version="1.0" encoding="UTF-8"?>
<testsuites name="3 Login user" time="44.224" tests="2" failures="0" errors="0">
   <testsuite name="3 Login user" tests="2" failures="0" errors="0" time="44.224" skipped="0" timestamp="07-02-2024T17:27:40" hostname="ACER - LAPTOP-DI70DTOM" id="Test Suites/3 Login user">
      <properties>
         <property name="deviceName" value=""/>
         <property name="devicePlatform" value=""/>
         <property name="logFolder" value="C:\\Users\\ACER\\git\\Final-Project-QA-WEB\\Reports\\20240207_172731\\3 Login user\\20240207_172731"/>
         <property name="logFiles" value="C:\\Users\\ACER\\git\\Final-Project-QA-WEB\\Reports\\20240207_172731\\3 Login user\\20240207_172731\\execution0.log"/>
         <property name="attachments" value=""/>
         <property name="hostName" value="ACER - LAPTOP-DI70DTOM"/>
         <property name="os" value="Windows 11 64bit"/>
         <property name="katalonVersion" value="9.3.0.212"/>
         <property name="browser" value="Chrome 121.0.0.0"/>
         <property name="hostAddress" value="172.16.211.238"/>
         <property name="sessionId" value="1bf57cc4b6195e961e8682bb914995ae"/>
         <property name="seleniumVersion" value="3.141.59"/>
         <property name="proxyInformation" value="ProxyInformation { proxyOption=NO_PROXY, proxyServerType=HTTP, username=, password=********, proxyServerAddress=, proxyServerPort=0, executionList=&quot;&quot;, isApplyToDesiredCapabilities=true }"/>
         <property name="platform" value="Windows 11"/>
      </properties>
      <testcase name="Test Cases/3 login user" time="24.252" classname="Test Cases/3 login user" status="PASSED">
         <system-out><![CDATA[07-02-2024T17:27:41 - [TEST_CASE][PASSED] - Test Cases/3 login user: Test Cases/3 login user

07-02-2024T17:27:41 - [TEST_STEP][PASSED] - openBrowser(""): Browser is opened with url: ''

07-02-2024T17:27:42 - [MESSAGE][INFO] - Starting 'Chrome' driver

07-02-2024T17:27:42 - [MESSAGE][INFO] - Action delay is set to 0 milliseconds

07-02-2024T17:27:46 - [MESSAGE][PASSED] - Browser is opened with url: ''

07-02-2024T17:27:46 - [TEST_STEP][PASSED] - navigateToUrl("https://advantageonlineshopping.com/"): Navigate to 'https://advantageonlineshopping.com/' successfully

07-02-2024T17:27:50 - [MESSAGE][PASSED] - Navigate to 'https://advantageonlineshopping.com/' successfully

07-02-2024T17:27:50 - [TEST_STEP][PASSED] - click(findTestObject("Object Repository/Fitur Login User/svg_CHECKOUT  (0.00)_menuUser")): Object: 'Object Repository/Fitur Login User/svg_CHECKOUT  (0.00)_menuUser' is clicked on

07-02-2024T17:27:54 - [MESSAGE][PASSED] - Object: 'Object Repository/Fitur Login User/svg_CHECKOUT  (0.00)_menuUser' is clicked on

07-02-2024T17:27:54 - [TEST_STEP][PASSED] - setText(findTestObject("Object Repository/Fitur Login User/input_OR_username"), "yudhatesting"): Text 'yudhatesting' is set on object 'Object Repository/Fitur Login User/input_OR_username'

07-02-2024T17:27:56 - [MESSAGE][PASSED] - Text 'yudhatesting' is set on object 'Object Repository/Fitur Login User/input_OR_username'

07-02-2024T17:27:56 - [TEST_STEP][PASSED] - setText(findTestObject("Object Repository/Fitur Login User/input_Username_password"), "Dharmayudha1"): Text 'Dharmayudha1' is set on object 'Object Repository/Fitur Login User/input_Username_password'

07-02-2024T17:27:57 - [MESSAGE][PASSED] - Text 'Dharmayudha1' is set on object 'Object Repository/Fitur Login User/input_Username_password'

07-02-2024T17:27:57 - [TEST_STEP][PASSED] - click(findTestObject("Object Repository/Fitur Login User/button_SIGN IN")): Object: 'Object Repository/Fitur Login User/button_SIGN IN' is clicked on

07-02-2024T17:27:58 - [MESSAGE][PASSED] - Object: 'Object Repository/Fitur Login User/button_SIGN IN' is clicked on

07-02-2024T17:27:58 - [TEST_STEP][PASSED] - click(findTestObject("Object Repository/Fitur Login User/button_SEE OFFER")): Object: 'Object Repository/Fitur Login User/button_SEE OFFER' is clicked on

07-02-2024T17:28:00 - [MESSAGE][PASSED] - Object: 'Object Repository/Fitur Login User/button_SEE OFFER' is clicked on

07-02-2024T17:28:00 - [TEST_STEP][PASSED] - delay(5): Delayed 5 second(s)

07-02-2024T17:28:05 - [MESSAGE][PASSED] - Delayed 5 second(s)

07-02-2024T17:28:05 - [TEST_STEP][PASSED] - closeBrowser(): Browser is closed

07-02-2024T17:28:05 - [MESSAGE][PASSED] - Browser is closed]]></system-out>
         <system-err><![CDATA[]]></system-err>
      </testcase>
      <testcase name="Test Cases/3 login user" time="19.337" classname="Test Cases/3 login user" status="PASSED">
         <system-out><![CDATA[07-02-2024T17:28:05 - [TEST_CASE][PASSED] - Test Cases/3 login user: Test Cases/3 login user

07-02-2024T17:28:05 - [TEST_STEP][PASSED] - openBrowser(""): Browser is opened with url: ''

07-02-2024T17:28:05 - [MESSAGE][INFO] - Starting 'Chrome' driver

07-02-2024T17:28:05 - [MESSAGE][INFO] - Action delay is set to 0 milliseconds

07-02-2024T17:28:06 - [MESSAGE][PASSED] - Browser is opened with url: ''

07-02-2024T17:28:06 - [TEST_STEP][PASSED] - navigateToUrl("https://advantageonlineshopping.com/"): Navigate to 'https://advantageonlineshopping.com/' successfully

07-02-2024T17:28:10 - [MESSAGE][PASSED] - Navigate to 'https://advantageonlineshopping.com/' successfully

07-02-2024T17:28:10 - [TEST_STEP][PASSED] - click(findTestObject("Object Repository/Fitur Login User/svg_CHECKOUT  (0.00)_menuUser")): Object: 'Object Repository/Fitur Login User/svg_CHECKOUT  (0.00)_menuUser' is clicked on

07-02-2024T17:28:14 - [MESSAGE][PASSED] - Object: 'Object Repository/Fitur Login User/svg_CHECKOUT  (0.00)_menuUser' is clicked on

07-02-2024T17:28:14 - [TEST_STEP][PASSED] - setText(findTestObject("Object Repository/Fitur Login User/input_OR_username"), "yudhatesting"): Text 'yudhatesting' is set on object 'Object Repository/Fitur Login User/input_OR_username'

07-02-2024T17:28:16 - [MESSAGE][PASSED] - Text 'yudhatesting' is set on object 'Object Repository/Fitur Login User/input_OR_username'

07-02-2024T17:28:16 - [TEST_STEP][PASSED] - setText(findTestObject("Object Repository/Fitur Login User/input_Username_password"), "Dharmayudha1"): Text 'Dharmayudha1' is set on object 'Object Repository/Fitur Login User/input_Username_password'

07-02-2024T17:28:17 - [MESSAGE][PASSED] - Text 'Dharmayudha1' is set on object 'Object Repository/Fitur Login User/input_Username_password'

07-02-2024T17:28:17 - [TEST_STEP][PASSED] - click(findTestObject("Object Repository/Fitur Login User/button_SIGN IN")): Object: 'Object Repository/Fitur Login User/button_SIGN IN' is clicked on

07-02-2024T17:28:18 - [MESSAGE][PASSED] - Object: 'Object Repository/Fitur Login User/button_SIGN IN' is clicked on

07-02-2024T17:28:18 - [TEST_STEP][PASSED] - click(findTestObject("Object Repository/Fitur Login User/button_SEE OFFER")): Object: 'Object Repository/Fitur Login User/button_SEE OFFER' is clicked on

07-02-2024T17:28:19 - [MESSAGE][PASSED] - Object: 'Object Repository/Fitur Login User/button_SEE OFFER' is clicked on

07-02-2024T17:28:19 - [TEST_STEP][PASSED] - delay(5): Delayed 5 second(s)

07-02-2024T17:28:24 - [MESSAGE][PASSED] - Delayed 5 second(s)

07-02-2024T17:28:24 - [TEST_STEP][PASSED] - closeBrowser(): Browser is closed

07-02-2024T17:28:24 - [MESSAGE][PASSED] - Browser is closed]]></system-out>
         <system-err><![CDATA[]]></system-err>
      </testcase>
      <system-out><![CDATA[07-02-2024T17:27:40 - [TEST_SUITE][PASSED] - 3 Login user: Test Cases/3 login user]]></system-out>
      <system-err><![CDATA[]]></system-err>
   </testsuite>
</testsuites>
