<?xml version="1.0" encoding="UTF-8"?>
<testsuites name="6 negatif test - checkout" time="146.485" tests="3" failures="0" errors="0">
   <testsuite name="6 negatif test - checkout" tests="3" failures="0" errors="0" time="146.485" skipped="0" timestamp="11-02-2024T14:13:59" hostname="ACER - LAPTOP-DI70DTOM" id="Test Suites/1 Test Suites/6 negatif test - checkout">
      <properties>
         <property name="deviceName" value=""/>
         <property name="devicePlatform" value=""/>
         <property name="logFolder" value="C:\\Users\\ACER\\git\\Final-Project-QA-WEB\\Reports\\20240211_141336\\1 Test Suites\\6 negatif test - checkout\\20240211_141341"/>
         <property name="logFiles" value="C:\\Users\\ACER\\git\\Final-Project-QA-WEB\\Reports\\20240211_141336\\1 Test Suites\\6 negatif test - checkout\\20240211_141341\\execution0.log"/>
         <property name="attachments" value=""/>
         <property name="hostName" value="ACER - LAPTOP-DI70DTOM"/>
         <property name="os" value="Windows 11 64bit"/>
         <property name="katalonVersion" value="9.3.0.212"/>
         <property name="browser" value="Chrome 121.0.0.0"/>
         <property name="hostAddress" value="192.168.0.151"/>
         <property name="sessionId" value="06c824597d148351b14d2919146b7e7b"/>
         <property name="seleniumVersion" value="3.141.59"/>
         <property name="proxyInformation" value="ProxyInformation { proxyOption=NO_PROXY, proxyServerType=HTTP, username=, password=********, proxyServerAddress=, proxyServerPort=0, executionList=&quot;&quot;, isApplyToDesiredCapabilities=true }"/>
         <property name="platform" value="Windows 11"/>
      </properties>
      <testcase name="Test Cases/2 negative test case/17 gagal checkout (data driven)" time="53.974" classname="Test Cases/2 negative test case/17 gagal checkout (data driven)" status="PASSED">
         <system-out><![CDATA[11-02-2024T14:13:59 - [TEST_CASE][PASSED] - Test Cases/2 negative test case/17 gagal checkout (data driven): Test Cases/2 negative test case/17 gagal checkout (data driven)

11-02-2024T14:14:00 - [TEST_STEP][PASSED] - openBrowser(""): Browser is opened with url: ''

11-02-2024T14:14:01 - [MESSAGE][INFO] - Starting 'Chrome' driver

11-02-2024T14:14:01 - [MESSAGE][INFO] - Action delay is set to 0 milliseconds

11-02-2024T14:14:04 - [MESSAGE][PASSED] - Browser is opened with url: ''

11-02-2024T14:14:04 - [TEST_STEP][PASSED] - navigateToUrl("https://advantageonlineshopping.com/"): Navigate to 'https://advantageonlineshopping.com/' successfully

11-02-2024T14:14:10 - [MESSAGE][PASSED] - Navigate to 'https://advantageonlineshopping.com/' successfully

11-02-2024T14:14:10 - [TEST_STEP][PASSED] - click(findTestObject("Object Repository/Fitur gagal checkout/div_MICE                        Shop Now")): Object: 'Object Repository/Fitur gagal checkout/div_MICE                        Shop Now' is clicked on

11-02-2024T14:14:33 - [MESSAGE][PASSED] - Object: 'Object Repository/Fitur gagal checkout/div_MICE                        Shop Now' is clicked on

11-02-2024T14:14:33 - [TEST_STEP][PASSED] - click(findTestObject("Object Repository/Fitur gagal checkout/img_SHOP NOW_29")): Object: 'Object Repository/Fitur gagal checkout/img_SHOP NOW_29' is clicked on

11-02-2024T14:14:38 - [MESSAGE][PASSED] - Object: 'Object Repository/Fitur gagal checkout/img_SHOP NOW_29' is clicked on

11-02-2024T14:14:38 - [TEST_STEP][PASSED] - click(findTestObject("Object Repository/Fitur gagal checkout/div_Quantity_plus")): Object: 'Object Repository/Fitur gagal checkout/div_Quantity_plus' is clicked on

11-02-2024T14:14:40 - [MESSAGE][PASSED] - Object: 'Object Repository/Fitur gagal checkout/div_Quantity_plus' is clicked on

11-02-2024T14:14:40 - [TEST_STEP][PASSED] - click(findTestObject("Object Repository/Fitur gagal checkout/div_Quantity_plus")): Object: 'Object Repository/Fitur gagal checkout/div_Quantity_plus' is clicked on

11-02-2024T14:14:40 - [MESSAGE][PASSED] - Object: 'Object Repository/Fitur gagal checkout/div_Quantity_plus' is clicked on

11-02-2024T14:14:40 - [TEST_STEP][PASSED] - click(findTestObject("Object Repository/Fitur gagal checkout/button_ADD TO CART")): Object: 'Object Repository/Fitur gagal checkout/button_ADD TO CART' is clicked on

11-02-2024T14:14:41 - [MESSAGE][PASSED] - Object: 'Object Repository/Fitur gagal checkout/button_ADD TO CART' is clicked on

11-02-2024T14:14:41 - [TEST_STEP][PASSED] - click(findTestObject("Object Repository/Fitur gagal checkout/a_3")): Object: 'Object Repository/Fitur gagal checkout/a_3' is clicked on

11-02-2024T14:14:41 - [MESSAGE][PASSED] - Object: 'Object Repository/Fitur gagal checkout/a_3' is clicked on

11-02-2024T14:14:41 - [TEST_STEP][PASSED] - click(findTestObject("Object Repository/Fitur gagal checkout/button_CHECKOUT (29.97)")): Object: 'Object Repository/Fitur gagal checkout/button_CHECKOUT (29.97)' is clicked on

11-02-2024T14:14:42 - [MESSAGE][PASSED] - Object: 'Object Repository/Fitur gagal checkout/button_CHECKOUT (29.97)' is clicked on

11-02-2024T14:14:42 - [TEST_STEP][PASSED] - setText(findTestObject("Object Repository/Fitur gagal checkout/input_Already have an account_usernameInOrd_818284"), username): Text 'yudhatesting' is set on object 'Object Repository/Fitur gagal checkout/input_Already have an account_usernameInOrd_818284'

11-02-2024T14:14:43 - [MESSAGE][PASSED] - Text 'yudhatesting' is set on object 'Object Repository/Fitur gagal checkout/input_Already have an account_usernameInOrd_818284'

11-02-2024T14:14:43 - [TEST_STEP][PASSED] - setText(findTestObject("Object Repository/Fitur gagal checkout/input_Username_passwordInOrderPayment"), password): Text '12345678' is set on object 'Object Repository/Fitur gagal checkout/input_Username_passwordInOrderPayment'

11-02-2024T14:14:45 - [MESSAGE][PASSED] - Text '12345678' is set on object 'Object Repository/Fitur gagal checkout/input_Username_passwordInOrderPayment'

11-02-2024T14:14:45 - [TEST_STEP][PASSED] - click(findTestObject("Object Repository/Fitur gagal checkout/button_LOGIN")): Object: 'Object Repository/Fitur gagal checkout/button_LOGIN' is clicked on

11-02-2024T14:14:46 - [MESSAGE][PASSED] - Object: 'Object Repository/Fitur gagal checkout/button_LOGIN' is clicked on

11-02-2024T14:14:46 - [TEST_STEP][PASSED] - delay(5): Delayed 5 second(s)

11-02-2024T14:14:51 - [MESSAGE][PASSED] - Delayed 5 second(s)

11-02-2024T14:14:51 - [TEST_STEP][PASSED] - closeBrowser(): Browser is closed

11-02-2024T14:14:51 - [MESSAGE][PASSED] - Browser is closed

11-02-2024T14:14:53 - [TEST_STEP][PASSED] - Video: Video recording for test case 'Test Cases/2 negative test case/17 gagal checkout (data driven)' .

11-02-2024T14:14:53 - [MESSAGE][INFO] - Video recording for test case 'Test Cases/2 negative test case/17 gagal checkout (data driven)' .]]></system-out>
         <system-err><![CDATA[]]></system-err>
      </testcase>
      <testcase name="Test Cases/2 negative test case/17 gagal checkout (data driven)" time="45.393" classname="Test Cases/2 negative test case/17 gagal checkout (data driven)" status="PASSED">
         <system-out><![CDATA[11-02-2024T14:14:53 - [TEST_CASE][PASSED] - Test Cases/2 negative test case/17 gagal checkout (data driven): Test Cases/2 negative test case/17 gagal checkout (data driven)

11-02-2024T14:14:53 - [TEST_STEP][PASSED] - openBrowser(""): Browser is opened with url: ''

11-02-2024T14:14:53 - [MESSAGE][INFO] - Starting 'Chrome' driver

11-02-2024T14:14:53 - [MESSAGE][INFO] - Action delay is set to 0 milliseconds

11-02-2024T14:14:55 - [MESSAGE][PASSED] - Browser is opened with url: ''

11-02-2024T14:14:55 - [TEST_STEP][PASSED] - navigateToUrl("https://advantageonlineshopping.com/"): Navigate to 'https://advantageonlineshopping.com/' successfully

11-02-2024T14:14:58 - [MESSAGE][PASSED] - Navigate to 'https://advantageonlineshopping.com/' successfully

11-02-2024T14:14:58 - [TEST_STEP][PASSED] - click(findTestObject("Object Repository/Fitur gagal checkout/div_MICE                        Shop Now")): Object: 'Object Repository/Fitur gagal checkout/div_MICE                        Shop Now' is clicked on

11-02-2024T14:15:02 - [MESSAGE][PASSED] - Object: 'Object Repository/Fitur gagal checkout/div_MICE                        Shop Now' is clicked on

11-02-2024T14:15:02 - [TEST_STEP][PASSED] - click(findTestObject("Object Repository/Fitur gagal checkout/img_SHOP NOW_29")): Object: 'Object Repository/Fitur gagal checkout/img_SHOP NOW_29' is clicked on

11-02-2024T14:15:05 - [MESSAGE][PASSED] - Object: 'Object Repository/Fitur gagal checkout/img_SHOP NOW_29' is clicked on

11-02-2024T14:15:05 - [TEST_STEP][PASSED] - click(findTestObject("Object Repository/Fitur gagal checkout/div_Quantity_plus")): Object: 'Object Repository/Fitur gagal checkout/div_Quantity_plus' is clicked on

11-02-2024T14:15:25 - [MESSAGE][PASSED] - Object: 'Object Repository/Fitur gagal checkout/div_Quantity_plus' is clicked on

11-02-2024T14:15:25 - [TEST_STEP][PASSED] - click(findTestObject("Object Repository/Fitur gagal checkout/div_Quantity_plus")): Object: 'Object Repository/Fitur gagal checkout/div_Quantity_plus' is clicked on

11-02-2024T14:15:26 - [MESSAGE][PASSED] - Object: 'Object Repository/Fitur gagal checkout/div_Quantity_plus' is clicked on

11-02-2024T14:15:26 - [TEST_STEP][PASSED] - click(findTestObject("Object Repository/Fitur gagal checkout/button_ADD TO CART")): Object: 'Object Repository/Fitur gagal checkout/button_ADD TO CART' is clicked on

11-02-2024T14:15:26 - [MESSAGE][PASSED] - Object: 'Object Repository/Fitur gagal checkout/button_ADD TO CART' is clicked on

11-02-2024T14:15:26 - [TEST_STEP][PASSED] - click(findTestObject("Object Repository/Fitur gagal checkout/a_3")): Object: 'Object Repository/Fitur gagal checkout/a_3' is clicked on

11-02-2024T14:15:27 - [MESSAGE][PASSED] - Object: 'Object Repository/Fitur gagal checkout/a_3' is clicked on

11-02-2024T14:15:27 - [TEST_STEP][PASSED] - click(findTestObject("Object Repository/Fitur gagal checkout/button_CHECKOUT (29.97)")): Object: 'Object Repository/Fitur gagal checkout/button_CHECKOUT (29.97)' is clicked on

11-02-2024T14:15:28 - [MESSAGE][PASSED] - Object: 'Object Repository/Fitur gagal checkout/button_CHECKOUT (29.97)' is clicked on

11-02-2024T14:15:28 - [TEST_STEP][PASSED] - setText(findTestObject("Object Repository/Fitur gagal checkout/input_Already have an account_usernameInOrd_818284"), username): Text 'yudhatesting2' is set on object 'Object Repository/Fitur gagal checkout/input_Already have an account_usernameInOrd_818284'

11-02-2024T14:15:29 - [MESSAGE][PASSED] - Text 'yudhatesting2' is set on object 'Object Repository/Fitur gagal checkout/input_Already have an account_usernameInOrd_818284'

11-02-2024T14:15:29 - [TEST_STEP][PASSED] - setText(findTestObject("Object Repository/Fitur gagal checkout/input_Username_passwordInOrderPayment"), password): Text '12345678' is set on object 'Object Repository/Fitur gagal checkout/input_Username_passwordInOrderPayment'

11-02-2024T14:15:31 - [MESSAGE][PASSED] - Text '12345678' is set on object 'Object Repository/Fitur gagal checkout/input_Username_passwordInOrderPayment'

11-02-2024T14:15:31 - [TEST_STEP][PASSED] - click(findTestObject("Object Repository/Fitur gagal checkout/button_LOGIN")): Object: 'Object Repository/Fitur gagal checkout/button_LOGIN' is clicked on

11-02-2024T14:15:31 - [MESSAGE][PASSED] - Object: 'Object Repository/Fitur gagal checkout/button_LOGIN' is clicked on

11-02-2024T14:15:31 - [TEST_STEP][PASSED] - delay(5): Delayed 5 second(s)

11-02-2024T14:15:36 - [MESSAGE][PASSED] - Delayed 5 second(s)

11-02-2024T14:15:36 - [TEST_STEP][PASSED] - closeBrowser(): Browser is closed

11-02-2024T14:15:37 - [MESSAGE][PASSED] - Browser is closed

11-02-2024T14:15:39 - [TEST_STEP][PASSED] - Video: Video recording for test case 'Test Cases/2 negative test case/17 gagal checkout (data driven)' .

11-02-2024T14:15:39 - [MESSAGE][INFO] - Video recording for test case 'Test Cases/2 negative test case/17 gagal checkout (data driven)' .]]></system-out>
         <system-err><![CDATA[]]></system-err>
      </testcase>
      <testcase name="Test Cases/2 negative test case/21 invalid safepay payment method" time="46.424" classname="Test Cases/2 negative test case/21 invalid safepay payment method" status="PASSED">
         <system-out><![CDATA[11-02-2024T14:15:39 - [TEST_CASE][PASSED] - Test Cases/2 negative test case/21 invalid safepay payment method: Test Cases/2 negative test case/21 invalid safepay payment method

11-02-2024T14:15:39 - [TEST_STEP][PASSED] - openBrowser(""): Browser is opened with url: ''

11-02-2024T14:15:39 - [MESSAGE][INFO] - Starting 'Chrome' driver

11-02-2024T14:15:39 - [MESSAGE][INFO] - Action delay is set to 0 milliseconds

11-02-2024T14:15:40 - [MESSAGE][PASSED] - Browser is opened with url: ''

11-02-2024T14:15:40 - [TEST_STEP][PASSED] - navigateToUrl("https://advantageonlineshopping.com/"): Navigate to 'https://advantageonlineshopping.com/' successfully

11-02-2024T14:15:42 - [MESSAGE][PASSED] - Navigate to 'https://advantageonlineshopping.com/' successfully

11-02-2024T14:15:42 - [TEST_STEP][PASSED] - click(findTestObject("Object Repository/fitur gagal safepay payment/svg_CHECKOUT  (0.00)_menuUser")): Object: 'Object Repository/fitur gagal safepay payment/svg_CHECKOUT  (0.00)_menuUser' is clicked on

11-02-2024T14:15:48 - [MESSAGE][PASSED] - Object: 'Object Repository/fitur gagal safepay payment/svg_CHECKOUT  (0.00)_menuUser' is clicked on

11-02-2024T14:15:48 - [TEST_STEP][PASSED] - setText(findTestObject("Object Repository/fitur gagal safepay payment/input_OR_username"), "yudhatesting"): Text 'yudhatesting' is set on object 'Object Repository/fitur gagal safepay payment/input_OR_username'

11-02-2024T14:15:49 - [MESSAGE][PASSED] - Text 'yudhatesting' is set on object 'Object Repository/fitur gagal safepay payment/input_OR_username'

11-02-2024T14:15:49 - [TEST_STEP][PASSED] - setEncryptedText(findTestObject("Object Repository/fitur gagal safepay payment/input_Username_password"), "VjyC/is+sZNhzZxZ8kSNJw=="): Text ****** has been set on object 'Object Repository/fitur gagal safepay payment/input_Username_password'

11-02-2024T14:15:51 - [MESSAGE][PASSED] - Text ****** has been set on object 'Object Repository/fitur gagal safepay payment/input_Username_password'

11-02-2024T14:15:51 - [TEST_STEP][PASSED] - click(findTestObject("Object Repository/fitur gagal safepay payment/button_SIGN IN")): Object: 'Object Repository/fitur gagal safepay payment/button_SIGN IN' is clicked on

11-02-2024T14:15:51 - [MESSAGE][PASSED] - Object: 'Object Repository/fitur gagal safepay payment/button_SIGN IN' is clicked on

11-02-2024T14:15:51 - [TEST_STEP][PASSED] - click(findTestObject("Object Repository/fitur gagal safepay payment/div_TABLETS                        Shop Now")): Object: 'Object Repository/fitur gagal safepay payment/div_TABLETS                        Shop Now' is clicked on

11-02-2024T14:15:57 - [MESSAGE][PASSED] - Object: 'Object Repository/fitur gagal safepay payment/div_TABLETS                        Shop Now' is clicked on

11-02-2024T14:15:57 - [TEST_STEP][PASSED] - click(findTestObject("Object Repository/fitur gagal safepay payment/img_SHOP NOW_16")): Object: 'Object Repository/fitur gagal safepay payment/img_SHOP NOW_16' is clicked on

11-02-2024T14:15:59 - [MESSAGE][PASSED] - Object: 'Object Repository/fitur gagal safepay payment/img_SHOP NOW_16' is clicked on

11-02-2024T14:15:59 - [TEST_STEP][PASSED] - click(findTestObject("Object Repository/fitur gagal safepay payment/button_ADD TO CART")): Object: 'Object Repository/fitur gagal safepay payment/button_ADD TO CART' is clicked on

11-02-2024T14:16:06 - [MESSAGE][PASSED] - Object: 'Object Repository/fitur gagal safepay payment/button_ADD TO CART' is clicked on

11-02-2024T14:16:06 - [TEST_STEP][PASSED] - click(findTestObject("Object Repository/fitur gagal safepay payment/a_4")): Object: 'Object Repository/fitur gagal safepay payment/a_4' is clicked on

11-02-2024T14:16:09 - [MESSAGE][PASSED] - Object: 'Object Repository/fitur gagal safepay payment/a_4' is clicked on

11-02-2024T14:16:09 - [TEST_STEP][PASSED] - click(findTestObject("Object Repository/fitur gagal safepay payment/button_CHECKOUT (3,296.99)")): Object: 'Object Repository/fitur gagal safepay payment/button_CHECKOUT (3,296.99)' is clicked on

11-02-2024T14:16:11 - [MESSAGE][PASSED] - Object: 'Object Repository/fitur gagal safepay payment/button_CHECKOUT (3,296.99)' is clicked on

11-02-2024T14:16:11 - [TEST_STEP][PASSED] - click(findTestObject("Object Repository/fitur gagal safepay payment/button_NEXT")): Object: 'Object Repository/fitur gagal safepay payment/button_NEXT' is clicked on

11-02-2024T14:16:16 - [MESSAGE][PASSED] - Object: 'Object Repository/fitur gagal safepay payment/button_NEXT' is clicked on

11-02-2024T14:16:16 - [TEST_STEP][PASSED] - setEncryptedText(findTestObject("Object Repository/fitur gagal safepay payment/input__safepay_password"), "aj9YhGxH1gRaOs7gChVLIg=="): Text ****** has been set on object 'Object Repository/fitur gagal safepay payment/input__safepay_password'

11-02-2024T14:16:17 - [MESSAGE][PASSED] - Text ****** has been set on object 'Object Repository/fitur gagal safepay payment/input__safepay_password'

11-02-2024T14:16:17 - [TEST_STEP][PASSED] - click(findTestObject("Object Repository/fitur gagal safepay payment/sec-form_SafePay usernameSafePay username- _b44954")): Object: 'Object Repository/fitur gagal safepay payment/sec-form_SafePay usernameSafePay username- _b44954' is clicked on

11-02-2024T14:16:18 - [MESSAGE][PASSED] - Object: 'Object Repository/fitur gagal safepay payment/sec-form_SafePay usernameSafePay username- _b44954' is clicked on

11-02-2024T14:16:18 - [TEST_STEP][PASSED] - delay(5): Delayed 5 second(s)

11-02-2024T14:16:23 - [MESSAGE][PASSED] - Delayed 5 second(s)

11-02-2024T14:16:23 - [TEST_STEP][PASSED] - closeBrowser(): Browser is closed

11-02-2024T14:16:23 - [MESSAGE][PASSED] - Browser is closed

11-02-2024T14:16:25 - [TEST_STEP][PASSED] - Video: Video recording for test case 'Test Cases/2 negative test case/21 invalid safepay payment method' .

11-02-2024T14:16:25 - [MESSAGE][INFO] - Video recording for test case 'Test Cases/2 negative test case/21 invalid safepay payment method' .]]></system-out>
         <system-err><![CDATA[]]></system-err>
      </testcase>
      <system-out><![CDATA[11-02-2024T14:13:59 - [TEST_SUITE][PASSED] - 6 negatif test - checkout: Test Cases/2 negative test case/21 invalid safepay payment method]]></system-out>
      <system-err><![CDATA[]]></system-err>
   </testsuite>
</testsuites>
