<?xml version="1.0" encoding="UTF-8"?>
<testsuites name="5 negatif test - search, filter and add to chart" time="194.738" tests="7" failures="0" errors="0">
   <testsuite name="5 negatif test - search, filter and add to chart" tests="7" failures="0" errors="0" time="194.738" skipped="0" timestamp="11-02-2024T14:03:05" hostname="ACER - LAPTOP-DI70DTOM" id="Test Suites/1 Test Suites/5 negatif test - search, filter and add to chart">
      <properties>
         <property name="deviceName" value=""/>
         <property name="devicePlatform" value=""/>
         <property name="logFolder" value="C:\\Users\\ACER\\git\\Final-Project-QA-WEB\\Reports\\20240211_140113\\1 Test Suites\\5 negatif test - search, filter and add to chart\\20240211_140116"/>
         <property name="logFiles" value="C:\\Users\\ACER\\git\\Final-Project-QA-WEB\\Reports\\20240211_140113\\1 Test Suites\\5 negatif test - search, filter and add to chart\\20240211_140116\\execution0.log"/>
         <property name="attachments" value=""/>
         <property name="hostName" value="ACER - LAPTOP-DI70DTOM"/>
         <property name="os" value="Windows 11 64bit"/>
         <property name="katalonVersion" value="9.3.0.212"/>
         <property name="browser" value="Chrome 121.0.0.0"/>
         <property name="hostAddress" value="192.168.0.151"/>
         <property name="sessionId" value="fc3a45dc5f2f328ecb9ef23d45e7509d"/>
         <property name="seleniumVersion" value="3.141.59"/>
         <property name="proxyInformation" value="ProxyInformation { proxyOption=NO_PROXY, proxyServerType=HTTP, username=, password=********, proxyServerAddress=, proxyServerPort=0, executionList=&quot;&quot;, isApplyToDesiredCapabilities=true }"/>
         <property name="platform" value="Windows 11"/>
      </properties>
      <testcase name="Test Cases/2 negative test case/16 invalid filter item" time="33.496" classname="Test Cases/2 negative test case/16 invalid filter item" status="PASSED">
         <system-out><![CDATA[11-02-2024T14:03:06 - [TEST_CASE][PASSED] - Test Cases/2 negative test case/16 invalid filter item: Test Cases/2 negative test case/16 invalid filter item

11-02-2024T14:03:06 - [TEST_STEP][PASSED] - openBrowser(""): Browser is opened with url: ''

11-02-2024T14:03:06 - [MESSAGE][INFO] - Starting 'Chrome' driver

11-02-2024T14:03:06 - [MESSAGE][INFO] - Action delay is set to 0 milliseconds

11-02-2024T14:03:08 - [MESSAGE][PASSED] - Browser is opened with url: ''

11-02-2024T14:03:08 - [TEST_STEP][PASSED] - navigateToUrl("https://advantageonlineshopping.com/"): Navigate to 'https://advantageonlineshopping.com/' successfully

11-02-2024T14:03:11 - [MESSAGE][PASSED] - Navigate to 'https://advantageonlineshopping.com/' successfully

11-02-2024T14:03:11 - [TEST_STEP][PASSED] - click(findTestObject("Object Repository/Invalid filter/svg_CHECKOUT  (0.00)_menuUser")): Object: 'Object Repository/Invalid filter/svg_CHECKOUT  (0.00)_menuUser' is clicked on

11-02-2024T14:03:14 - [MESSAGE][PASSED] - Object: 'Object Repository/Invalid filter/svg_CHECKOUT  (0.00)_menuUser' is clicked on

11-02-2024T14:03:14 - [TEST_STEP][PASSED] - setText(findTestObject("Object Repository/Invalid filter/input_OR_username"), "yudhatesting"): Text 'yudhatesting' is set on object 'Object Repository/Invalid filter/input_OR_username'

11-02-2024T14:03:15 - [MESSAGE][PASSED] - Text 'yudhatesting' is set on object 'Object Repository/Invalid filter/input_OR_username'

11-02-2024T14:03:15 - [TEST_STEP][PASSED] - setEncryptedText(findTestObject("Object Repository/Invalid filter/input_Username_password"), "VjyC/is+sZNhzZxZ8kSNJw=="): Text ****** has been set on object 'Object Repository/Invalid filter/input_Username_password'

11-02-2024T14:03:17 - [MESSAGE][PASSED] - Text ****** has been set on object 'Object Repository/Invalid filter/input_Username_password'

11-02-2024T14:03:17 - [TEST_STEP][PASSED] - click(findTestObject("Object Repository/Invalid filter/button_SIGN IN")): Object: 'Object Repository/Invalid filter/button_SIGN IN' is clicked on

11-02-2024T14:03:17 - [MESSAGE][PASSED] - Object: 'Object Repository/Invalid filter/button_SIGN IN' is clicked on

11-02-2024T14:03:17 - [TEST_STEP][PASSED] - click(findTestObject("Object Repository/Invalid filter/div_SPEAKERS                        Shop Now")): Object: 'Object Repository/Invalid filter/div_SPEAKERS                        Shop Now' is clicked on

11-02-2024T14:03:22 - [MESSAGE][PASSED] - Object: 'Object Repository/Invalid filter/div_SPEAKERS                        Shop Now' is clicked on

11-02-2024T14:03:22 - [TEST_STEP][PASSED] - click(findTestObject("Object Repository/Invalid filter/h4_COLOR")): Object: 'Object Repository/Invalid filter/h4_COLOR' is clicked on

11-02-2024T14:03:25 - [MESSAGE][PASSED] - Object: 'Object Repository/Invalid filter/h4_COLOR' is clicked on

11-02-2024T14:03:25 - [TEST_STEP][PASSED] - click(findTestObject("Object Repository/Invalid filter/a_COLOR_productsColors55CDD5")): Object: 'Object Repository/Invalid filter/a_COLOR_productsColors55CDD5' is clicked on

11-02-2024T14:03:25 - [MESSAGE][PASSED] - Object: 'Object Repository/Invalid filter/a_COLOR_productsColors55CDD5' is clicked on

11-02-2024T14:03:25 - [TEST_STEP][PASSED] - delay(3): Delayed 3 second(s)

11-02-2024T14:03:28 - [MESSAGE][PASSED] - Delayed 3 second(s)

11-02-2024T14:03:28 - [TEST_STEP][PASSED] - click(findTestObject("Object Repository/Invalid filter/h4_WEIGHT")): Object: 'Object Repository/Invalid filter/h4_WEIGHT' is clicked on

11-02-2024T14:03:28 - [MESSAGE][PASSED] - Object: 'Object Repository/Invalid filter/h4_WEIGHT' is clicked on

11-02-2024T14:03:28 - [TEST_STEP][PASSED] - delay(3): Delayed 3 second(s)

11-02-2024T14:03:31 - [MESSAGE][PASSED] - Delayed 3 second(s)

11-02-2024T14:03:31 - [TEST_STEP][PASSED] - click(findTestObject("Object Repository/Invalid filter/input_WEIGHT_weight_1")): Object: 'Object Repository/Invalid filter/input_WEIGHT_weight_1' is clicked on

11-02-2024T14:03:32 - [MESSAGE][PASSED] - Object: 'Object Repository/Invalid filter/input_WEIGHT_weight_1' is clicked on

11-02-2024T14:03:32 - [TEST_STEP][PASSED] - delay(5): Delayed 5 second(s)

11-02-2024T14:03:37 - [MESSAGE][PASSED] - Delayed 5 second(s)

11-02-2024T14:03:37 - [TEST_STEP][PASSED] - closeBrowser(): Browser is closed

11-02-2024T14:03:37 - [MESSAGE][PASSED] - Browser is closed

11-02-2024T14:03:39 - [TEST_STEP][PASSED] - Video: Video recording for test case 'Test Cases/2 negative test case/16 invalid filter item' .

11-02-2024T14:03:39 - [MESSAGE][INFO] - Video recording for test case 'Test Cases/2 negative test case/16 invalid filter item' .]]></system-out>
         <system-err><![CDATA[]]></system-err>
      </testcase>
      <testcase name="Test Cases/2 negative test case/15 delete all item di chart" time="25.551" classname="Test Cases/2 negative test case/15 delete all item di chart" status="PASSED">
         <system-out><![CDATA[11-02-2024T14:03:39 - [TEST_CASE][PASSED] - Test Cases/2 negative test case/15 delete all item di chart: Test Cases/2 negative test case/15 delete all item di chart

11-02-2024T14:03:39 - [TEST_STEP][PASSED] - openBrowser(""): Browser is opened with url: ''

11-02-2024T14:03:39 - [MESSAGE][INFO] - Starting 'Chrome' driver

11-02-2024T14:03:39 - [MESSAGE][INFO] - Action delay is set to 0 milliseconds

11-02-2024T14:03:40 - [MESSAGE][PASSED] - Browser is opened with url: ''

11-02-2024T14:03:40 - [TEST_STEP][PASSED] - navigateToUrl("https://advantageonlineshopping.com/"): Navigate to 'https://advantageonlineshopping.com/' successfully

11-02-2024T14:03:42 - [MESSAGE][PASSED] - Navigate to 'https://advantageonlineshopping.com/' successfully

11-02-2024T14:03:42 - [TEST_STEP][PASSED] - click(findTestObject("Object Repository/fitur delete all chart/div_LAPTOPS                        Shop Now")): Object: 'Object Repository/fitur delete all chart/div_LAPTOPS                        Shop Now' is clicked on

11-02-2024T14:03:47 - [MESSAGE][PASSED] - Object: 'Object Repository/fitur delete all chart/div_LAPTOPS                        Shop Now' is clicked on

11-02-2024T14:03:47 - [TEST_STEP][PASSED] - click(findTestObject("Object Repository/fitur delete all chart/img_SHOP NOW_9")): Object: 'Object Repository/fitur delete all chart/img_SHOP NOW_9' is clicked on

11-02-2024T14:03:49 - [MESSAGE][PASSED] - Object: 'Object Repository/fitur delete all chart/img_SHOP NOW_9' is clicked on

11-02-2024T14:03:49 - [TEST_STEP][PASSED] - click(findTestObject("Object Repository/fitur delete all chart/button_ADD TO CART")): Object: 'Object Repository/fitur delete all chart/button_ADD TO CART' is clicked on

11-02-2024T14:03:51 - [MESSAGE][PASSED] - Object: 'Object Repository/fitur delete all chart/button_ADD TO CART' is clicked on

11-02-2024T14:03:51 - [TEST_STEP][PASSED] - click(findTestObject("Object Repository/fitur delete all chart/a_LAPTOPS")): Object: 'Object Repository/fitur delete all chart/a_LAPTOPS' is clicked on

11-02-2024T14:03:52 - [MESSAGE][PASSED] - Object: 'Object Repository/fitur delete all chart/a_LAPTOPS' is clicked on

11-02-2024T14:03:52 - [TEST_STEP][PASSED] - click(findTestObject("Object Repository/fitur delete all chart/img_SHOP NOW_10")): Object: 'Object Repository/fitur delete all chart/img_SHOP NOW_10' is clicked on

11-02-2024T14:03:53 - [MESSAGE][PASSED] - Object: 'Object Repository/fitur delete all chart/img_SHOP NOW_10' is clicked on

11-02-2024T14:03:53 - [TEST_STEP][PASSED] - click(findTestObject("Object Repository/fitur delete all chart/button_ADD TO CART")): Object: 'Object Repository/fitur delete all chart/button_ADD TO CART' is clicked on

11-02-2024T14:03:53 - [MESSAGE][PASSED] - Object: 'Object Repository/fitur delete all chart/button_ADD TO CART' is clicked on

11-02-2024T14:03:53 - [TEST_STEP][PASSED] - click(findTestObject("Object Repository/fitur delete all chart/a_LAPTOPS")): Object: 'Object Repository/fitur delete all chart/a_LAPTOPS' is clicked on

11-02-2024T14:03:54 - [MESSAGE][PASSED] - Object: 'Object Repository/fitur delete all chart/a_LAPTOPS' is clicked on

11-02-2024T14:03:54 - [TEST_STEP][PASSED] - click(findTestObject("Object Repository/fitur delete all chart/a_2")): Object: 'Object Repository/fitur delete all chart/a_2' is clicked on

11-02-2024T14:03:54 - [MESSAGE][PASSED] - Object: 'Object Repository/fitur delete all chart/a_2' is clicked on

11-02-2024T14:03:54 - [TEST_STEP][PASSED] - click(findTestObject("Object Repository/fitur delete all chart/a_REMOVE")): Object: 'Object Repository/fitur delete all chart/a_REMOVE' is clicked on

11-02-2024T14:03:55 - [MESSAGE][PASSED] - Object: 'Object Repository/fitur delete all chart/a_REMOVE' is clicked on

11-02-2024T14:03:55 - [TEST_STEP][PASSED] - delay(2): Delayed 2 second(s)

11-02-2024T14:03:57 - [MESSAGE][PASSED] - Delayed 2 second(s)

11-02-2024T14:03:57 - [TEST_STEP][PASSED] - click(findTestObject("Object Repository/fitur delete all chart/a_REMOVE")): Object: 'Object Repository/fitur delete all chart/a_REMOVE' is clicked on

11-02-2024T14:03:57 - [MESSAGE][PASSED] - Object: 'Object Repository/fitur delete all chart/a_REMOVE' is clicked on

11-02-2024T14:03:57 - [TEST_STEP][PASSED] - delay(5): Delayed 5 second(s)

11-02-2024T14:04:02 - [MESSAGE][PASSED] - Delayed 5 second(s)

11-02-2024T14:04:02 - [TEST_STEP][PASSED] - closeBrowser(): Browser is closed

11-02-2024T14:04:03 - [MESSAGE][PASSED] - Browser is closed

11-02-2024T14:04:05 - [TEST_STEP][PASSED] - Video: Video recording for test case 'Test Cases/2 negative test case/15 delete all item di chart' .

11-02-2024T14:04:05 - [MESSAGE][INFO] - Video recording for test case 'Test Cases/2 negative test case/15 delete all item di chart' .]]></system-out>
         <system-err><![CDATA[]]></system-err>
      </testcase>
      <testcase name="Test Cases/2 negative test case/19 Search item tidak ada di katalog (data driven)" time="33.035" classname="Test Cases/2 negative test case/19 Search item tidak ada di katalog (data driven)" status="PASSED">
         <system-out><![CDATA[11-02-2024T14:04:05 - [TEST_CASE][PASSED] - Test Cases/2 negative test case/19 Search item tidak ada di katalog (data driven): Test Cases/2 negative test case/19 Search item tidak ada di katalog (data driven)

11-02-2024T14:04:05 - [TEST_STEP][PASSED] - openBrowser(""): Browser is opened with url: ''

11-02-2024T14:04:05 - [MESSAGE][INFO] - Starting 'Chrome' driver

11-02-2024T14:04:05 - [MESSAGE][INFO] - Action delay is set to 0 milliseconds

11-02-2024T14:04:05 - [MESSAGE][PASSED] - Browser is opened with url: ''

11-02-2024T14:04:05 - [TEST_STEP][PASSED] - navigateToUrl("https://advantageonlineshopping.com/"): Navigate to 'https://advantageonlineshopping.com/' successfully

11-02-2024T14:04:08 - [MESSAGE][PASSED] - Navigate to 'https://advantageonlineshopping.com/' successfully

11-02-2024T14:04:08 - [TEST_STEP][PASSED] - click(findTestObject("Object Repository/fitur gagal search/svg_CHECKOUT  (0.00)_menuUser")): Object: 'Object Repository/fitur gagal search/svg_CHECKOUT  (0.00)_menuUser' is clicked on

11-02-2024T14:04:14 - [MESSAGE][PASSED] - Object: 'Object Repository/fitur gagal search/svg_CHECKOUT  (0.00)_menuUser' is clicked on

11-02-2024T14:04:14 - [TEST_STEP][PASSED] - setText(findTestObject("Object Repository/fitur gagal search/input_OR_username"), "yudhatesting"): Text 'yudhatesting' is set on object 'Object Repository/fitur gagal search/input_OR_username'

11-02-2024T14:04:15 - [MESSAGE][PASSED] - Text 'yudhatesting' is set on object 'Object Repository/fitur gagal search/input_OR_username'

11-02-2024T14:04:15 - [TEST_STEP][PASSED] - setEncryptedText(findTestObject("Object Repository/fitur gagal search/input_Username_password"), "VjyC/is+sZNhzZxZ8kSNJw=="): Text ****** has been set on object 'Object Repository/fitur gagal search/input_Username_password'

11-02-2024T14:04:16 - [MESSAGE][PASSED] - Text ****** has been set on object 'Object Repository/fitur gagal search/input_Username_password'

11-02-2024T14:04:16 - [TEST_STEP][PASSED] - click(findTestObject("Object Repository/fitur gagal search/button_SIGN IN")): Object: 'Object Repository/fitur gagal search/button_SIGN IN' is clicked on

11-02-2024T14:04:16 - [MESSAGE][PASSED] - Object: 'Object Repository/fitur gagal search/button_SIGN IN' is clicked on

11-02-2024T14:04:16 - [TEST_STEP][PASSED] - setText(findTestObject("Object Repository/fitur gagal search/input_DEMO_mobile_search"), keyword): Text 'naruto' is set on object 'Object Repository/fitur gagal search/input_DEMO_mobile_search'

11-02-2024T14:04:23 - [MESSAGE][PASSED] - Text 'naruto' is set on object 'Object Repository/fitur gagal search/input_DEMO_mobile_search'

11-02-2024T14:04:23 - [TEST_STEP][PASSED] - sendKeys(findTestObject("Object Repository/fitur gagal search/input_DEMO_mobile_search"), Keys.chord(ENTER)): Keys 'ENTER + ' sent to object: 'Object Repository/fitur gagal search/input_DEMO_mobile_search'

11-02-2024T14:04:30 - [MESSAGE][PASSED] - Keys 'ENTER + ' sent to object: 'Object Repository/fitur gagal search/input_DEMO_mobile_search'

11-02-2024T14:04:30 - [TEST_STEP][PASSED] - delay(5): Delayed 5 second(s)

11-02-2024T14:04:35 - [MESSAGE][PASSED] - Delayed 5 second(s)

11-02-2024T14:04:36 - [TEST_STEP][PASSED] - closeBrowser(): Browser is closed

11-02-2024T14:04:36 - [MESSAGE][PASSED] - Browser is closed

11-02-2024T14:04:38 - [TEST_STEP][PASSED] - Video: Video recording for test case 'Test Cases/2 negative test case/19 Search item tidak ada di katalog (data driven)' .

11-02-2024T14:04:38 - [MESSAGE][INFO] - Video recording for test case 'Test Cases/2 negative test case/19 Search item tidak ada di katalog (data driven)' .]]></system-out>
         <system-err><![CDATA[]]></system-err>
      </testcase>
      <testcase name="Test Cases/2 negative test case/19 Search item tidak ada di katalog (data driven)" time="30.679" classname="Test Cases/2 negative test case/19 Search item tidak ada di katalog (data driven)" status="PASSED">
         <system-out><![CDATA[11-02-2024T14:04:38 - [TEST_CASE][PASSED] - Test Cases/2 negative test case/19 Search item tidak ada di katalog (data driven): Test Cases/2 negative test case/19 Search item tidak ada di katalog (data driven)

11-02-2024T14:04:38 - [TEST_STEP][PASSED] - openBrowser(""): Browser is opened with url: ''

11-02-2024T14:04:38 - [MESSAGE][INFO] - Starting 'Chrome' driver

11-02-2024T14:04:38 - [MESSAGE][INFO] - Action delay is set to 0 milliseconds

11-02-2024T14:04:38 - [MESSAGE][PASSED] - Browser is opened with url: ''

11-02-2024T14:04:38 - [TEST_STEP][PASSED] - navigateToUrl("https://advantageonlineshopping.com/"): Navigate to 'https://advantageonlineshopping.com/' successfully

11-02-2024T14:04:41 - [MESSAGE][PASSED] - Navigate to 'https://advantageonlineshopping.com/' successfully

11-02-2024T14:04:41 - [TEST_STEP][PASSED] - click(findTestObject("Object Repository/fitur gagal search/svg_CHECKOUT  (0.00)_menuUser")): Object: 'Object Repository/fitur gagal search/svg_CHECKOUT  (0.00)_menuUser' is clicked on

11-02-2024T14:04:45 - [MESSAGE][PASSED] - Object: 'Object Repository/fitur gagal search/svg_CHECKOUT  (0.00)_menuUser' is clicked on

11-02-2024T14:04:45 - [TEST_STEP][PASSED] - setText(findTestObject("Object Repository/fitur gagal search/input_OR_username"), "yudhatesting"): Text 'yudhatesting' is set on object 'Object Repository/fitur gagal search/input_OR_username'

11-02-2024T14:04:46 - [MESSAGE][PASSED] - Text 'yudhatesting' is set on object 'Object Repository/fitur gagal search/input_OR_username'

11-02-2024T14:04:46 - [TEST_STEP][PASSED] - setEncryptedText(findTestObject("Object Repository/fitur gagal search/input_Username_password"), "VjyC/is+sZNhzZxZ8kSNJw=="): Text ****** has been set on object 'Object Repository/fitur gagal search/input_Username_password'

11-02-2024T14:04:47 - [MESSAGE][PASSED] - Text ****** has been set on object 'Object Repository/fitur gagal search/input_Username_password'

11-02-2024T14:04:47 - [TEST_STEP][PASSED] - click(findTestObject("Object Repository/fitur gagal search/button_SIGN IN")): Object: 'Object Repository/fitur gagal search/button_SIGN IN' is clicked on

11-02-2024T14:04:47 - [MESSAGE][PASSED] - Object: 'Object Repository/fitur gagal search/button_SIGN IN' is clicked on

11-02-2024T14:04:47 - [TEST_STEP][PASSED] - setText(findTestObject("Object Repository/fitur gagal search/input_DEMO_mobile_search"), keyword): Text 'one piece' is set on object 'Object Repository/fitur gagal search/input_DEMO_mobile_search'

11-02-2024T14:04:50 - [MESSAGE][PASSED] - Text 'one piece' is set on object 'Object Repository/fitur gagal search/input_DEMO_mobile_search'

11-02-2024T14:04:50 - [TEST_STEP][PASSED] - sendKeys(findTestObject("Object Repository/fitur gagal search/input_DEMO_mobile_search"), Keys.chord(ENTER)): Keys 'ENTER + ' sent to object: 'Object Repository/fitur gagal search/input_DEMO_mobile_search'

11-02-2024T14:05:01 - [MESSAGE][PASSED] - Keys 'ENTER + ' sent to object: 'Object Repository/fitur gagal search/input_DEMO_mobile_search'

11-02-2024T14:05:01 - [TEST_STEP][PASSED] - delay(5): Delayed 5 second(s)

11-02-2024T14:05:06 - [MESSAGE][PASSED] - Delayed 5 second(s)

11-02-2024T14:05:06 - [TEST_STEP][PASSED] - closeBrowser(): Browser is closed

11-02-2024T14:05:06 - [MESSAGE][PASSED] - Browser is closed

11-02-2024T14:05:08 - [TEST_STEP][PASSED] - Video: Video recording for test case 'Test Cases/2 negative test case/19 Search item tidak ada di katalog (data driven)' .

11-02-2024T14:05:08 - [MESSAGE][INFO] - Video recording for test case 'Test Cases/2 negative test case/19 Search item tidak ada di katalog (data driven)' .]]></system-out>
         <system-err><![CDATA[]]></system-err>
      </testcase>
      <testcase name="Test Cases/2 negative test case/19 Search item tidak ada di katalog (data driven)" time="30.723" classname="Test Cases/2 negative test case/19 Search item tidak ada di katalog (data driven)" status="PASSED">
         <system-out><![CDATA[11-02-2024T14:05:08 - [TEST_CASE][PASSED] - Test Cases/2 negative test case/19 Search item tidak ada di katalog (data driven): Test Cases/2 negative test case/19 Search item tidak ada di katalog (data driven)

11-02-2024T14:05:08 - [TEST_STEP][PASSED] - openBrowser(""): Browser is opened with url: ''

11-02-2024T14:05:08 - [MESSAGE][INFO] - Starting 'Chrome' driver

11-02-2024T14:05:08 - [MESSAGE][INFO] - Action delay is set to 0 milliseconds

11-02-2024T14:05:09 - [MESSAGE][PASSED] - Browser is opened with url: ''

11-02-2024T14:05:09 - [TEST_STEP][PASSED] - navigateToUrl("https://advantageonlineshopping.com/"): Navigate to 'https://advantageonlineshopping.com/' successfully

11-02-2024T14:05:12 - [MESSAGE][PASSED] - Navigate to 'https://advantageonlineshopping.com/' successfully

11-02-2024T14:05:12 - [TEST_STEP][PASSED] - click(findTestObject("Object Repository/fitur gagal search/svg_CHECKOUT  (0.00)_menuUser")): Object: 'Object Repository/fitur gagal search/svg_CHECKOUT  (0.00)_menuUser' is clicked on

11-02-2024T14:05:16 - [MESSAGE][PASSED] - Object: 'Object Repository/fitur gagal search/svg_CHECKOUT  (0.00)_menuUser' is clicked on

11-02-2024T14:05:16 - [TEST_STEP][PASSED] - setText(findTestObject("Object Repository/fitur gagal search/input_OR_username"), "yudhatesting"): Text 'yudhatesting' is set on object 'Object Repository/fitur gagal search/input_OR_username'

11-02-2024T14:05:17 - [MESSAGE][PASSED] - Text 'yudhatesting' is set on object 'Object Repository/fitur gagal search/input_OR_username'

11-02-2024T14:05:17 - [TEST_STEP][PASSED] - setEncryptedText(findTestObject("Object Repository/fitur gagal search/input_Username_password"), "VjyC/is+sZNhzZxZ8kSNJw=="): Text ****** has been set on object 'Object Repository/fitur gagal search/input_Username_password'

11-02-2024T14:05:18 - [MESSAGE][PASSED] - Text ****** has been set on object 'Object Repository/fitur gagal search/input_Username_password'

11-02-2024T14:05:18 - [TEST_STEP][PASSED] - click(findTestObject("Object Repository/fitur gagal search/button_SIGN IN")): Object: 'Object Repository/fitur gagal search/button_SIGN IN' is clicked on

11-02-2024T14:05:18 - [MESSAGE][PASSED] - Object: 'Object Repository/fitur gagal search/button_SIGN IN' is clicked on

11-02-2024T14:05:18 - [TEST_STEP][PASSED] - setText(findTestObject("Object Repository/fitur gagal search/input_DEMO_mobile_search"), keyword): Text 'bleach' is set on object 'Object Repository/fitur gagal search/input_DEMO_mobile_search'

11-02-2024T14:05:25 - [MESSAGE][PASSED] - Text 'bleach' is set on object 'Object Repository/fitur gagal search/input_DEMO_mobile_search'

11-02-2024T14:05:25 - [TEST_STEP][PASSED] - sendKeys(findTestObject("Object Repository/fitur gagal search/input_DEMO_mobile_search"), Keys.chord(ENTER)): Keys 'ENTER + ' sent to object: 'Object Repository/fitur gagal search/input_DEMO_mobile_search'

11-02-2024T14:05:32 - [MESSAGE][PASSED] - Keys 'ENTER + ' sent to object: 'Object Repository/fitur gagal search/input_DEMO_mobile_search'

11-02-2024T14:05:32 - [TEST_STEP][PASSED] - delay(5): Delayed 5 second(s)

11-02-2024T14:05:37 - [MESSAGE][PASSED] - Delayed 5 second(s)

11-02-2024T14:05:37 - [TEST_STEP][PASSED] - closeBrowser(): Browser is closed

11-02-2024T14:05:37 - [MESSAGE][PASSED] - Browser is closed

11-02-2024T14:05:39 - [TEST_STEP][PASSED] - Video: Video recording for test case 'Test Cases/2 negative test case/19 Search item tidak ada di katalog (data driven)' .

11-02-2024T14:05:39 - [MESSAGE][INFO] - Video recording for test case 'Test Cases/2 negative test case/19 Search item tidak ada di katalog (data driven)' .]]></system-out>
         <system-err><![CDATA[]]></system-err>
      </testcase>
      <testcase name="Test Cases/2 negative test case/18 Gagal mengisi form contact us (data driven)" time="20.42" classname="Test Cases/2 negative test case/18 Gagal mengisi form contact us (data driven)" status="PASSED">
         <system-out><![CDATA[11-02-2024T14:05:39 - [TEST_CASE][PASSED] - Test Cases/2 negative test case/18 Gagal mengisi form contact us (data driven): Test Cases/2 negative test case/18 Gagal mengisi form contact us (data driven)

11-02-2024T14:05:39 - [TEST_STEP][PASSED] - openBrowser(""): Browser is opened with url: ''

11-02-2024T14:05:39 - [MESSAGE][INFO] - Starting 'Chrome' driver

11-02-2024T14:05:39 - [MESSAGE][INFO] - Action delay is set to 0 milliseconds

11-02-2024T14:05:40 - [MESSAGE][PASSED] - Browser is opened with url: ''

11-02-2024T14:05:40 - [TEST_STEP][PASSED] - navigateToUrl("https://advantageonlineshopping.com/"): Navigate to 'https://advantageonlineshopping.com/' successfully

11-02-2024T14:05:42 - [MESSAGE][PASSED] - Navigate to 'https://advantageonlineshopping.com/' successfully

11-02-2024T14:05:42 - [TEST_STEP][PASSED] - selectOptionByValue(findTestObject("Object Repository/fitur contact us/select_Select CategoryLaptopsHeadphonesTabl_1ef56f"), "object:60", true): All options with value 'object:60' are selected in object 'Object Repository/fitur contact us/select_Select CategoryLaptopsHeadphonesTabl_1ef56f'  using regular expression

11-02-2024T14:05:47 - [MESSAGE][PASSED] - All options with value 'object:60' are selected in object 'Object Repository/fitur contact us/select_Select CategoryLaptopsHeadphonesTabl_1ef56f'  using regular expression

11-02-2024T14:05:47 - [TEST_STEP][PASSED] - selectOptionByValue(findTestObject("Object Repository/fitur contact us/select_Select ProductHP Chromebook 14 G1(EN_361ba3"), "object:123", true): All options with value 'object:123' are selected in object 'Object Repository/fitur contact us/select_Select ProductHP Chromebook 14 G1(EN_361ba3'  using regular expression

11-02-2024T14:05:49 - [MESSAGE][PASSED] - All options with value 'object:123' are selected in object 'Object Repository/fitur contact us/select_Select ProductHP Chromebook 14 G1(EN_361ba3'  using regular expression

11-02-2024T14:05:49 - [TEST_STEP][PASSED] - setText(findTestObject("Object Repository/fitur contact us/input__emailContactUs"), email): Text 'yudhatesting' is set on object 'Object Repository/fitur contact us/input__emailContactUs'

11-02-2024T14:05:50 - [MESSAGE][PASSED] - Text 'yudhatesting' is set on object 'Object Repository/fitur contact us/input__emailContactUs'

11-02-2024T14:05:50 - [TEST_STEP][PASSED] - setText(findTestObject("Object Repository/fitur contact us/textarea__subjectTextareaContactUs"), subject): Text 'this product so cool!' is set on object 'Object Repository/fitur contact us/textarea__subjectTextareaContactUs'

11-02-2024T14:05:52 - [MESSAGE][PASSED] - Text 'this product so cool!' is set on object 'Object Repository/fitur contact us/textarea__subjectTextareaContactUs'

11-02-2024T14:05:52 - [TEST_STEP][PASSED] - click(findTestObject("Object Repository/fitur contact us/button_SEND")): Object: 'Object Repository/fitur contact us/button_SEND' is clicked on

11-02-2024T14:05:52 - [MESSAGE][PASSED] - Object: 'Object Repository/fitur contact us/button_SEND' is clicked on

11-02-2024T14:05:52 - [TEST_STEP][PASSED] - delay(5): Delayed 5 second(s)

11-02-2024T14:05:57 - [MESSAGE][PASSED] - Delayed 5 second(s)

11-02-2024T14:05:57 - [TEST_STEP][PASSED] - closeBrowser(): Browser is closed

11-02-2024T14:05:57 - [MESSAGE][PASSED] - Browser is closed

11-02-2024T14:06:00 - [TEST_STEP][PASSED] - Video: Video recording for test case 'Test Cases/2 negative test case/18 Gagal mengisi form contact us (data driven)' .

11-02-2024T14:06:00 - [MESSAGE][INFO] - Video recording for test case 'Test Cases/2 negative test case/18 Gagal mengisi form contact us (data driven)' .]]></system-out>
         <system-err><![CDATA[]]></system-err>
      </testcase>
      <testcase name="Test Cases/2 negative test case/18 Gagal mengisi form contact us (data driven)" time="20.576" classname="Test Cases/2 negative test case/18 Gagal mengisi form contact us (data driven)" status="PASSED">
         <system-out><![CDATA[11-02-2024T14:06:00 - [TEST_CASE][PASSED] - Test Cases/2 negative test case/18 Gagal mengisi form contact us (data driven): Test Cases/2 negative test case/18 Gagal mengisi form contact us (data driven)

11-02-2024T14:06:00 - [TEST_STEP][PASSED] - openBrowser(""): Browser is opened with url: ''

11-02-2024T14:06:00 - [MESSAGE][INFO] - Starting 'Chrome' driver

11-02-2024T14:06:00 - [MESSAGE][INFO] - Action delay is set to 0 milliseconds

11-02-2024T14:06:00 - [MESSAGE][PASSED] - Browser is opened with url: ''

11-02-2024T14:06:00 - [TEST_STEP][PASSED] - navigateToUrl("https://advantageonlineshopping.com/"): Navigate to 'https://advantageonlineshopping.com/' successfully

11-02-2024T14:06:03 - [MESSAGE][PASSED] - Navigate to 'https://advantageonlineshopping.com/' successfully

11-02-2024T14:06:03 - [TEST_STEP][PASSED] - selectOptionByValue(findTestObject("Object Repository/fitur contact us/select_Select CategoryLaptopsHeadphonesTabl_1ef56f"), "object:60", true): All options with value 'object:60' are selected in object 'Object Repository/fitur contact us/select_Select CategoryLaptopsHeadphonesTabl_1ef56f'  using regular expression

11-02-2024T14:06:08 - [MESSAGE][PASSED] - All options with value 'object:60' are selected in object 'Object Repository/fitur contact us/select_Select CategoryLaptopsHeadphonesTabl_1ef56f'  using regular expression

11-02-2024T14:06:08 - [TEST_STEP][PASSED] - selectOptionByValue(findTestObject("Object Repository/fitur contact us/select_Select ProductHP Chromebook 14 G1(EN_361ba3"), "object:123", true): All options with value 'object:123' are selected in object 'Object Repository/fitur contact us/select_Select ProductHP Chromebook 14 G1(EN_361ba3'  using regular expression

11-02-2024T14:06:10 - [MESSAGE][PASSED] - All options with value 'object:123' are selected in object 'Object Repository/fitur contact us/select_Select ProductHP Chromebook 14 G1(EN_361ba3'  using regular expression

11-02-2024T14:06:10 - [TEST_STEP][PASSED] - setText(findTestObject("Object Repository/fitur contact us/input__emailContactUs"), email): Text 'yudhatesting2' is set on object 'Object Repository/fitur contact us/input__emailContactUs'

11-02-2024T14:06:11 - [MESSAGE][PASSED] - Text 'yudhatesting2' is set on object 'Object Repository/fitur contact us/input__emailContactUs'

11-02-2024T14:06:11 - [TEST_STEP][PASSED] - setText(findTestObject("Object Repository/fitur contact us/textarea__subjectTextareaContactUs"), subject): Text 'I want to buy this product' is set on object 'Object Repository/fitur contact us/textarea__subjectTextareaContactUs'

11-02-2024T14:06:12 - [MESSAGE][PASSED] - Text 'I want to buy this product' is set on object 'Object Repository/fitur contact us/textarea__subjectTextareaContactUs'

11-02-2024T14:06:12 - [TEST_STEP][PASSED] - click(findTestObject("Object Repository/fitur contact us/button_SEND")): Object: 'Object Repository/fitur contact us/button_SEND' is clicked on

11-02-2024T14:06:13 - [MESSAGE][PASSED] - Object: 'Object Repository/fitur contact us/button_SEND' is clicked on

11-02-2024T14:06:13 - [TEST_STEP][PASSED] - delay(5): Delayed 5 second(s)

11-02-2024T14:06:18 - [MESSAGE][PASSED] - Delayed 5 second(s)

11-02-2024T14:06:18 - [TEST_STEP][PASSED] - closeBrowser(): Browser is closed

11-02-2024T14:06:18 - [MESSAGE][PASSED] - Browser is closed

11-02-2024T14:06:20 - [TEST_STEP][PASSED] - Video: Video recording for test case 'Test Cases/2 negative test case/18 Gagal mengisi form contact us (data driven)' .

11-02-2024T14:06:20 - [MESSAGE][INFO] - Video recording for test case 'Test Cases/2 negative test case/18 Gagal mengisi form contact us (data driven)' .]]></system-out>
         <system-err><![CDATA[]]></system-err>
      </testcase>
      <system-out><![CDATA[11-02-2024T14:03:05 - [TEST_SUITE][PASSED] - 5 negatif test - search, filter and add to chart: Test Cases/2 negative test case/18 Gagal mengisi form contact us (data driven)]]></system-out>
      <system-err><![CDATA[]]></system-err>
   </testsuite>
</testsuites>
