<?xml version="1.0" encoding="UTF-8"?>
<testsuites name="5 negatif test - search, filter and add to chart" time="179.676" tests="7" failures="0" errors="0">
   <testsuite name="5 negatif test - search, filter and add to chart" tests="7" failures="0" errors="0" time="179.676" skipped="0" timestamp="11-02-2024T11:31:36" hostname="ACER - LAPTOP-DI70DTOM" id="Test Suites/1 Test Suites/5 negatif test - search, filter and add to chart">
      <properties>
         <property name="deviceName" value=""/>
         <property name="devicePlatform" value=""/>
         <property name="logFolder" value="C:\\Users\\ACER\\git\\Final-Project-QA-WEB\\Reports\\20240211_113131\\1 Test Suites\\5 negatif test - search, filter and add to chart\\20240211_113131"/>
         <property name="logFiles" value="C:\\Users\\ACER\\git\\Final-Project-QA-WEB\\Reports\\20240211_113131\\1 Test Suites\\5 negatif test - search, filter and add to chart\\20240211_113131\\execution0.log"/>
         <property name="attachments" value=""/>
         <property name="hostName" value="ACER - LAPTOP-DI70DTOM"/>
         <property name="os" value="Windows 11 64bit"/>
         <property name="katalonVersion" value="9.3.0.212"/>
         <property name="browser" value="Chrome 121.0.0.0"/>
         <property name="hostAddress" value="192.168.0.151"/>
         <property name="sessionId" value="316eb1a1a395ea80f9acfc74453ffb48"/>
         <property name="seleniumVersion" value="3.141.59"/>
         <property name="proxyInformation" value="ProxyInformation { proxyOption=NO_PROXY, proxyServerType=HTTP, username=, password=********, proxyServerAddress=, proxyServerPort=0, executionList=&quot;&quot;, isApplyToDesiredCapabilities=true }"/>
         <property name="platform" value="Windows 11"/>
      </properties>
      <testcase name="Test Cases/2 negative test case/16 invalid filter item" time="28.448" classname="Test Cases/2 negative test case/16 invalid filter item" status="PASSED">
         <system-out><![CDATA[11-02-2024T11:31:37 - [TEST_CASE][PASSED] - Test Cases/2 negative test case/16 invalid filter item: Test Cases/2 negative test case/16 invalid filter item

11-02-2024T11:31:37 - [TEST_STEP][PASSED] - openBrowser(""): Browser is opened with url: ''

11-02-2024T11:31:37 - [MESSAGE][INFO] - Starting 'Chrome' driver

11-02-2024T11:31:37 - [MESSAGE][INFO] - Action delay is set to 0 milliseconds

11-02-2024T11:31:38 - [MESSAGE][PASSED] - Browser is opened with url: ''

11-02-2024T11:31:38 - [TEST_STEP][PASSED] - navigateToUrl("https://advantageonlineshopping.com/"): Navigate to 'https://advantageonlineshopping.com/' successfully

11-02-2024T11:31:41 - [MESSAGE][PASSED] - Navigate to 'https://advantageonlineshopping.com/' successfully

11-02-2024T11:31:41 - [TEST_STEP][PASSED] - click(findTestObject("Object Repository/Invalid filter/svg_CHECKOUT  (0.00)_menuUser")): Object: 'Object Repository/Invalid filter/svg_CHECKOUT  (0.00)_menuUser' is clicked on

11-02-2024T11:31:45 - [MESSAGE][PASSED] - Object: 'Object Repository/Invalid filter/svg_CHECKOUT  (0.00)_menuUser' is clicked on

11-02-2024T11:31:45 - [TEST_STEP][PASSED] - setText(findTestObject("Object Repository/Invalid filter/input_OR_username"), "yudhatesting"): Text 'yudhatesting' is set on object 'Object Repository/Invalid filter/input_OR_username'

11-02-2024T11:31:46 - [MESSAGE][PASSED] - Text 'yudhatesting' is set on object 'Object Repository/Invalid filter/input_OR_username'

11-02-2024T11:31:46 - [TEST_STEP][PASSED] - setEncryptedText(findTestObject("Object Repository/Invalid filter/input_Username_password"), "VjyC/is+sZNhzZxZ8kSNJw=="): Text ****** has been set on object 'Object Repository/Invalid filter/input_Username_password'

11-02-2024T11:31:47 - [MESSAGE][PASSED] - Text ****** has been set on object 'Object Repository/Invalid filter/input_Username_password'

11-02-2024T11:31:47 - [TEST_STEP][PASSED] - click(findTestObject("Object Repository/Invalid filter/button_SIGN IN")): Object: 'Object Repository/Invalid filter/button_SIGN IN' is clicked on

11-02-2024T11:31:48 - [MESSAGE][PASSED] - Object: 'Object Repository/Invalid filter/button_SIGN IN' is clicked on

11-02-2024T11:31:48 - [TEST_STEP][PASSED] - click(findTestObject("Object Repository/Invalid filter/div_SPEAKERS                        Shop Now")): Object: 'Object Repository/Invalid filter/div_SPEAKERS                        Shop Now' is clicked on

11-02-2024T11:31:50 - [MESSAGE][PASSED] - Object: 'Object Repository/Invalid filter/div_SPEAKERS                        Shop Now' is clicked on

11-02-2024T11:31:50 - [TEST_STEP][PASSED] - click(findTestObject("Object Repository/Invalid filter/h4_COLOR")): Object: 'Object Repository/Invalid filter/h4_COLOR' is clicked on

11-02-2024T11:31:53 - [MESSAGE][PASSED] - Object: 'Object Repository/Invalid filter/h4_COLOR' is clicked on

11-02-2024T11:31:53 - [TEST_STEP][PASSED] - click(findTestObject("Object Repository/Invalid filter/a_COLOR_productsColors55CDD5")): Object: 'Object Repository/Invalid filter/a_COLOR_productsColors55CDD5' is clicked on

11-02-2024T11:31:53 - [MESSAGE][PASSED] - Object: 'Object Repository/Invalid filter/a_COLOR_productsColors55CDD5' is clicked on

11-02-2024T11:31:53 - [TEST_STEP][PASSED] - delay(3): Delayed 3 second(s)

11-02-2024T11:31:56 - [MESSAGE][PASSED] - Delayed 3 second(s)

11-02-2024T11:31:56 - [TEST_STEP][PASSED] - click(findTestObject("Object Repository/Invalid filter/h4_WEIGHT")): Object: 'Object Repository/Invalid filter/h4_WEIGHT' is clicked on

11-02-2024T11:31:56 - [MESSAGE][PASSED] - Object: 'Object Repository/Invalid filter/h4_WEIGHT' is clicked on

11-02-2024T11:31:56 - [TEST_STEP][PASSED] - delay(3): Delayed 3 second(s)

11-02-2024T11:31:59 - [MESSAGE][PASSED] - Delayed 3 second(s)

11-02-2024T11:31:59 - [TEST_STEP][PASSED] - click(findTestObject("Object Repository/Invalid filter/input_WEIGHT_weight_1")): Object: 'Object Repository/Invalid filter/input_WEIGHT_weight_1' is clicked on

11-02-2024T11:32:00 - [MESSAGE][PASSED] - Object: 'Object Repository/Invalid filter/input_WEIGHT_weight_1' is clicked on

11-02-2024T11:32:00 - [TEST_STEP][PASSED] - delay(5): Delayed 5 second(s)

11-02-2024T11:32:05 - [MESSAGE][PASSED] - Delayed 5 second(s)

11-02-2024T11:32:05 - [TEST_STEP][PASSED] - closeBrowser(): Browser is closed

11-02-2024T11:32:05 - [MESSAGE][PASSED] - Browser is closed]]></system-out>
         <system-err><![CDATA[]]></system-err>
      </testcase>
      <testcase name="Test Cases/2 negative test case/15 delete all item di chart" time="25.31" classname="Test Cases/2 negative test case/15 delete all item di chart" status="PASSED">
         <system-out><![CDATA[11-02-2024T11:32:05 - [TEST_CASE][PASSED] - Test Cases/2 negative test case/15 delete all item di chart: Test Cases/2 negative test case/15 delete all item di chart

11-02-2024T11:32:05 - [TEST_STEP][PASSED] - openBrowser(""): Browser is opened with url: ''

11-02-2024T11:32:05 - [MESSAGE][INFO] - Starting 'Chrome' driver

11-02-2024T11:32:05 - [MESSAGE][INFO] - Action delay is set to 0 milliseconds

11-02-2024T11:32:06 - [MESSAGE][PASSED] - Browser is opened with url: ''

11-02-2024T11:32:06 - [TEST_STEP][PASSED] - navigateToUrl("https://advantageonlineshopping.com/"): Navigate to 'https://advantageonlineshopping.com/' successfully

11-02-2024T11:32:08 - [MESSAGE][PASSED] - Navigate to 'https://advantageonlineshopping.com/' successfully

11-02-2024T11:32:08 - [TEST_STEP][PASSED] - click(findTestObject("Object Repository/fitur delete all chart/div_LAPTOPS                        Shop Now")): Object: 'Object Repository/fitur delete all chart/div_LAPTOPS                        Shop Now' is clicked on

11-02-2024T11:32:13 - [MESSAGE][PASSED] - Object: 'Object Repository/fitur delete all chart/div_LAPTOPS                        Shop Now' is clicked on

11-02-2024T11:32:13 - [TEST_STEP][PASSED] - click(findTestObject("Object Repository/fitur delete all chart/img_SHOP NOW_9")): Object: 'Object Repository/fitur delete all chart/img_SHOP NOW_9' is clicked on

11-02-2024T11:32:15 - [MESSAGE][PASSED] - Object: 'Object Repository/fitur delete all chart/img_SHOP NOW_9' is clicked on

11-02-2024T11:32:15 - [TEST_STEP][PASSED] - click(findTestObject("Object Repository/fitur delete all chart/button_ADD TO CART")): Object: 'Object Repository/fitur delete all chart/button_ADD TO CART' is clicked on

11-02-2024T11:32:19 - [MESSAGE][PASSED] - Object: 'Object Repository/fitur delete all chart/button_ADD TO CART' is clicked on

11-02-2024T11:32:19 - [TEST_STEP][PASSED] - click(findTestObject("Object Repository/fitur delete all chart/a_LAPTOPS")): Object: 'Object Repository/fitur delete all chart/a_LAPTOPS' is clicked on

11-02-2024T11:32:19 - [MESSAGE][PASSED] - Object: 'Object Repository/fitur delete all chart/a_LAPTOPS' is clicked on

11-02-2024T11:32:19 - [TEST_STEP][PASSED] - click(findTestObject("Object Repository/fitur delete all chart/img_SHOP NOW_10")): Object: 'Object Repository/fitur delete all chart/img_SHOP NOW_10' is clicked on

11-02-2024T11:32:20 - [MESSAGE][PASSED] - Object: 'Object Repository/fitur delete all chart/img_SHOP NOW_10' is clicked on

11-02-2024T11:32:20 - [TEST_STEP][PASSED] - click(findTestObject("Object Repository/fitur delete all chart/button_ADD TO CART")): Object: 'Object Repository/fitur delete all chart/button_ADD TO CART' is clicked on

11-02-2024T11:32:20 - [MESSAGE][PASSED] - Object: 'Object Repository/fitur delete all chart/button_ADD TO CART' is clicked on

11-02-2024T11:32:20 - [TEST_STEP][PASSED] - click(findTestObject("Object Repository/fitur delete all chart/a_LAPTOPS")): Object: 'Object Repository/fitur delete all chart/a_LAPTOPS' is clicked on

11-02-2024T11:32:21 - [MESSAGE][PASSED] - Object: 'Object Repository/fitur delete all chart/a_LAPTOPS' is clicked on

11-02-2024T11:32:21 - [TEST_STEP][PASSED] - click(findTestObject("Object Repository/fitur delete all chart/a_2")): Object: 'Object Repository/fitur delete all chart/a_2' is clicked on

11-02-2024T11:32:21 - [MESSAGE][PASSED] - Object: 'Object Repository/fitur delete all chart/a_2' is clicked on

11-02-2024T11:32:21 - [TEST_STEP][PASSED] - click(findTestObject("Object Repository/fitur delete all chart/a_REMOVE")): Object: 'Object Repository/fitur delete all chart/a_REMOVE' is clicked on

11-02-2024T11:32:23 - [MESSAGE][PASSED] - Object: 'Object Repository/fitur delete all chart/a_REMOVE' is clicked on

11-02-2024T11:32:23 - [TEST_STEP][PASSED] - delay(2): Delayed 2 second(s)

11-02-2024T11:32:25 - [MESSAGE][PASSED] - Delayed 2 second(s)

11-02-2024T11:32:25 - [TEST_STEP][PASSED] - click(findTestObject("Object Repository/fitur delete all chart/a_REMOVE")): Object: 'Object Repository/fitur delete all chart/a_REMOVE' is clicked on

11-02-2024T11:32:25 - [MESSAGE][PASSED] - Object: 'Object Repository/fitur delete all chart/a_REMOVE' is clicked on

11-02-2024T11:32:25 - [TEST_STEP][PASSED] - delay(5): Delayed 5 second(s)

11-02-2024T11:32:30 - [MESSAGE][PASSED] - Delayed 5 second(s)

11-02-2024T11:32:30 - [TEST_STEP][PASSED] - closeBrowser(): Browser is closed

11-02-2024T11:32:30 - [MESSAGE][PASSED] - Browser is closed]]></system-out>
         <system-err><![CDATA[]]></system-err>
      </testcase>
      <testcase name="Test Cases/2 negative test case/19 Search item tidak ada di katalog (data driven)" time="30.342" classname="Test Cases/2 negative test case/19 Search item tidak ada di katalog (data driven)" status="PASSED">
         <system-out><![CDATA[11-02-2024T11:32:30 - [TEST_CASE][PASSED] - Test Cases/2 negative test case/19 Search item tidak ada di katalog (data driven): Test Cases/2 negative test case/19 Search item tidak ada di katalog (data driven)

11-02-2024T11:32:31 - [TEST_STEP][PASSED] - openBrowser(""): Browser is opened with url: ''

11-02-2024T11:32:31 - [MESSAGE][INFO] - Starting 'Chrome' driver

11-02-2024T11:32:31 - [MESSAGE][INFO] - Action delay is set to 0 milliseconds

11-02-2024T11:32:31 - [MESSAGE][PASSED] - Browser is opened with url: ''

11-02-2024T11:32:31 - [TEST_STEP][PASSED] - navigateToUrl("https://advantageonlineshopping.com/"): Navigate to 'https://advantageonlineshopping.com/' successfully

11-02-2024T11:32:34 - [MESSAGE][PASSED] - Navigate to 'https://advantageonlineshopping.com/' successfully

11-02-2024T11:32:34 - [TEST_STEP][PASSED] - click(findTestObject("Object Repository/fitur gagal search/svg_CHECKOUT  (0.00)_menuUser")): Object: 'Object Repository/fitur gagal search/svg_CHECKOUT  (0.00)_menuUser' is clicked on

11-02-2024T11:32:39 - [MESSAGE][PASSED] - Object: 'Object Repository/fitur gagal search/svg_CHECKOUT  (0.00)_menuUser' is clicked on

11-02-2024T11:32:39 - [TEST_STEP][PASSED] - setText(findTestObject("Object Repository/fitur gagal search/input_OR_username"), "yudhatesting"): Text 'yudhatesting' is set on object 'Object Repository/fitur gagal search/input_OR_username'

11-02-2024T11:32:40 - [MESSAGE][PASSED] - Text 'yudhatesting' is set on object 'Object Repository/fitur gagal search/input_OR_username'

11-02-2024T11:32:40 - [TEST_STEP][PASSED] - setEncryptedText(findTestObject("Object Repository/fitur gagal search/input_Username_password"), "VjyC/is+sZNhzZxZ8kSNJw=="): Text ****** has been set on object 'Object Repository/fitur gagal search/input_Username_password'

11-02-2024T11:32:41 - [MESSAGE][PASSED] - Text ****** has been set on object 'Object Repository/fitur gagal search/input_Username_password'

11-02-2024T11:32:41 - [TEST_STEP][PASSED] - click(findTestObject("Object Repository/fitur gagal search/button_SIGN IN")): Object: 'Object Repository/fitur gagal search/button_SIGN IN' is clicked on

11-02-2024T11:32:42 - [MESSAGE][PASSED] - Object: 'Object Repository/fitur gagal search/button_SIGN IN' is clicked on

11-02-2024T11:32:42 - [TEST_STEP][PASSED] - setText(findTestObject("Object Repository/fitur gagal search/input_DEMO_mobile_search"), keyword): Text 'naruto' is set on object 'Object Repository/fitur gagal search/input_DEMO_mobile_search'

11-02-2024T11:32:49 - [MESSAGE][PASSED] - Text 'naruto' is set on object 'Object Repository/fitur gagal search/input_DEMO_mobile_search'

11-02-2024T11:32:49 - [TEST_STEP][PASSED] - sendKeys(findTestObject("Object Repository/fitur gagal search/input_DEMO_mobile_search"), Keys.chord(ENTER)): Keys 'ENTER + ' sent to object: 'Object Repository/fitur gagal search/input_DEMO_mobile_search'

11-02-2024T11:32:56 - [MESSAGE][PASSED] - Keys 'ENTER + ' sent to object: 'Object Repository/fitur gagal search/input_DEMO_mobile_search'

11-02-2024T11:32:56 - [TEST_STEP][PASSED] - delay(5): Delayed 5 second(s)

11-02-2024T11:33:01 - [MESSAGE][PASSED] - Delayed 5 second(s)

11-02-2024T11:33:01 - [TEST_STEP][PASSED] - closeBrowser(): Browser is closed

11-02-2024T11:33:01 - [MESSAGE][PASSED] - Browser is closed]]></system-out>
         <system-err><![CDATA[]]></system-err>
      </testcase>
      <testcase name="Test Cases/2 negative test case/19 Search item tidak ada di katalog (data driven)" time="30.454" classname="Test Cases/2 negative test case/19 Search item tidak ada di katalog (data driven)" status="PASSED">
         <system-out><![CDATA[11-02-2024T11:33:01 - [TEST_CASE][PASSED] - Test Cases/2 negative test case/19 Search item tidak ada di katalog (data driven): Test Cases/2 negative test case/19 Search item tidak ada di katalog (data driven)

11-02-2024T11:33:01 - [TEST_STEP][PASSED] - openBrowser(""): Browser is opened with url: ''

11-02-2024T11:33:01 - [MESSAGE][INFO] - Starting 'Chrome' driver

11-02-2024T11:33:01 - [MESSAGE][INFO] - Action delay is set to 0 milliseconds

11-02-2024T11:33:01 - [MESSAGE][PASSED] - Browser is opened with url: ''

11-02-2024T11:33:01 - [TEST_STEP][PASSED] - navigateToUrl("https://advantageonlineshopping.com/"): Navigate to 'https://advantageonlineshopping.com/' successfully

11-02-2024T11:33:04 - [MESSAGE][PASSED] - Navigate to 'https://advantageonlineshopping.com/' successfully

11-02-2024T11:33:04 - [TEST_STEP][PASSED] - click(findTestObject("Object Repository/fitur gagal search/svg_CHECKOUT  (0.00)_menuUser")): Object: 'Object Repository/fitur gagal search/svg_CHECKOUT  (0.00)_menuUser' is clicked on

11-02-2024T11:33:08 - [MESSAGE][PASSED] - Object: 'Object Repository/fitur gagal search/svg_CHECKOUT  (0.00)_menuUser' is clicked on

11-02-2024T11:33:08 - [TEST_STEP][PASSED] - setText(findTestObject("Object Repository/fitur gagal search/input_OR_username"), "yudhatesting"): Text 'yudhatesting' is set on object 'Object Repository/fitur gagal search/input_OR_username'

11-02-2024T11:33:09 - [MESSAGE][PASSED] - Text 'yudhatesting' is set on object 'Object Repository/fitur gagal search/input_OR_username'

11-02-2024T11:33:09 - [TEST_STEP][PASSED] - setEncryptedText(findTestObject("Object Repository/fitur gagal search/input_Username_password"), "VjyC/is+sZNhzZxZ8kSNJw=="): Text ****** has been set on object 'Object Repository/fitur gagal search/input_Username_password'

11-02-2024T11:33:10 - [MESSAGE][PASSED] - Text ****** has been set on object 'Object Repository/fitur gagal search/input_Username_password'

11-02-2024T11:33:10 - [TEST_STEP][PASSED] - click(findTestObject("Object Repository/fitur gagal search/button_SIGN IN")): Object: 'Object Repository/fitur gagal search/button_SIGN IN' is clicked on

11-02-2024T11:33:11 - [MESSAGE][PASSED] - Object: 'Object Repository/fitur gagal search/button_SIGN IN' is clicked on

11-02-2024T11:33:11 - [TEST_STEP][PASSED] - setText(findTestObject("Object Repository/fitur gagal search/input_DEMO_mobile_search"), keyword): Text 'one piece' is set on object 'Object Repository/fitur gagal search/input_DEMO_mobile_search'

11-02-2024T11:33:15 - [MESSAGE][PASSED] - Text 'one piece' is set on object 'Object Repository/fitur gagal search/input_DEMO_mobile_search'

11-02-2024T11:33:15 - [TEST_STEP][PASSED] - sendKeys(findTestObject("Object Repository/fitur gagal search/input_DEMO_mobile_search"), Keys.chord(ENTER)): Keys 'ENTER + ' sent to object: 'Object Repository/fitur gagal search/input_DEMO_mobile_search'

11-02-2024T11:33:26 - [MESSAGE][PASSED] - Keys 'ENTER + ' sent to object: 'Object Repository/fitur gagal search/input_DEMO_mobile_search'

11-02-2024T11:33:26 - [TEST_STEP][PASSED] - delay(5): Delayed 5 second(s)

11-02-2024T11:33:31 - [MESSAGE][PASSED] - Delayed 5 second(s)

11-02-2024T11:33:31 - [TEST_STEP][PASSED] - closeBrowser(): Browser is closed

11-02-2024T11:33:31 - [MESSAGE][PASSED] - Browser is closed]]></system-out>
         <system-err><![CDATA[]]></system-err>
      </testcase>
      <testcase name="Test Cases/2 negative test case/19 Search item tidak ada di katalog (data driven)" time="28.296" classname="Test Cases/2 negative test case/19 Search item tidak ada di katalog (data driven)" status="PASSED">
         <system-out><![CDATA[11-02-2024T11:33:31 - [TEST_CASE][PASSED] - Test Cases/2 negative test case/19 Search item tidak ada di katalog (data driven): Test Cases/2 negative test case/19 Search item tidak ada di katalog (data driven)

11-02-2024T11:33:31 - [TEST_STEP][PASSED] - openBrowser(""): Browser is opened with url: ''

11-02-2024T11:33:31 - [MESSAGE][INFO] - Starting 'Chrome' driver

11-02-2024T11:33:31 - [MESSAGE][INFO] - Action delay is set to 0 milliseconds

11-02-2024T11:33:32 - [MESSAGE][PASSED] - Browser is opened with url: ''

11-02-2024T11:33:32 - [TEST_STEP][PASSED] - navigateToUrl("https://advantageonlineshopping.com/"): Navigate to 'https://advantageonlineshopping.com/' successfully

11-02-2024T11:33:35 - [MESSAGE][PASSED] - Navigate to 'https://advantageonlineshopping.com/' successfully

11-02-2024T11:33:35 - [TEST_STEP][PASSED] - click(findTestObject("Object Repository/fitur gagal search/svg_CHECKOUT  (0.00)_menuUser")): Object: 'Object Repository/fitur gagal search/svg_CHECKOUT  (0.00)_menuUser' is clicked on

11-02-2024T11:33:38 - [MESSAGE][PASSED] - Object: 'Object Repository/fitur gagal search/svg_CHECKOUT  (0.00)_menuUser' is clicked on

11-02-2024T11:33:38 - [TEST_STEP][PASSED] - setText(findTestObject("Object Repository/fitur gagal search/input_OR_username"), "yudhatesting"): Text 'yudhatesting' is set on object 'Object Repository/fitur gagal search/input_OR_username'

11-02-2024T11:33:39 - [MESSAGE][PASSED] - Text 'yudhatesting' is set on object 'Object Repository/fitur gagal search/input_OR_username'

11-02-2024T11:33:39 - [TEST_STEP][PASSED] - setEncryptedText(findTestObject("Object Repository/fitur gagal search/input_Username_password"), "VjyC/is+sZNhzZxZ8kSNJw=="): Text ****** has been set on object 'Object Repository/fitur gagal search/input_Username_password'

11-02-2024T11:33:41 - [MESSAGE][PASSED] - Text ****** has been set on object 'Object Repository/fitur gagal search/input_Username_password'

11-02-2024T11:33:41 - [TEST_STEP][PASSED] - click(findTestObject("Object Repository/fitur gagal search/button_SIGN IN")): Object: 'Object Repository/fitur gagal search/button_SIGN IN' is clicked on

11-02-2024T11:33:41 - [MESSAGE][PASSED] - Object: 'Object Repository/fitur gagal search/button_SIGN IN' is clicked on

11-02-2024T11:33:41 - [TEST_STEP][PASSED] - setText(findTestObject("Object Repository/fitur gagal search/input_DEMO_mobile_search"), keyword): Text 'bleach' is set on object 'Object Repository/fitur gagal search/input_DEMO_mobile_search'

11-02-2024T11:33:43 - [MESSAGE][PASSED] - Text 'bleach' is set on object 'Object Repository/fitur gagal search/input_DEMO_mobile_search'

11-02-2024T11:33:43 - [TEST_STEP][PASSED] - sendKeys(findTestObject("Object Repository/fitur gagal search/input_DEMO_mobile_search"), Keys.chord(ENTER)): Keys 'ENTER + ' sent to object: 'Object Repository/fitur gagal search/input_DEMO_mobile_search'

11-02-2024T11:33:54 - [MESSAGE][PASSED] - Keys 'ENTER + ' sent to object: 'Object Repository/fitur gagal search/input_DEMO_mobile_search'

11-02-2024T11:33:54 - [TEST_STEP][PASSED] - delay(5): Delayed 5 second(s)

11-02-2024T11:33:59 - [MESSAGE][PASSED] - Delayed 5 second(s)

11-02-2024T11:33:59 - [TEST_STEP][PASSED] - closeBrowser(): Browser is closed

11-02-2024T11:34:00 - [MESSAGE][PASSED] - Browser is closed]]></system-out>
         <system-err><![CDATA[]]></system-err>
      </testcase>
      <testcase name="Test Cases/2 negative test case/18 Gagal mengisi form contact us (data driven)" time="18.356" classname="Test Cases/2 negative test case/18 Gagal mengisi form contact us (data driven)" status="PASSED">
         <system-out><![CDATA[11-02-2024T11:34:00 - [TEST_CASE][PASSED] - Test Cases/2 negative test case/18 Gagal mengisi form contact us (data driven): Test Cases/2 negative test case/18 Gagal mengisi form contact us (data driven)

11-02-2024T11:34:00 - [TEST_STEP][PASSED] - openBrowser(""): Browser is opened with url: ''

11-02-2024T11:34:00 - [MESSAGE][INFO] - Starting 'Chrome' driver

11-02-2024T11:34:00 - [MESSAGE][INFO] - Action delay is set to 0 milliseconds

11-02-2024T11:34:00 - [MESSAGE][PASSED] - Browser is opened with url: ''

11-02-2024T11:34:00 - [TEST_STEP][PASSED] - navigateToUrl("https://advantageonlineshopping.com/"): Navigate to 'https://advantageonlineshopping.com/' successfully

11-02-2024T11:34:03 - [MESSAGE][PASSED] - Navigate to 'https://advantageonlineshopping.com/' successfully

11-02-2024T11:34:03 - [TEST_STEP][PASSED] - selectOptionByValue(findTestObject("Object Repository/fitur contact us/select_Select CategoryLaptopsHeadphonesTabl_1ef56f"), "object:60", true): All options with value 'object:60' are selected in object 'Object Repository/fitur contact us/select_Select CategoryLaptopsHeadphonesTabl_1ef56f'  using regular expression

11-02-2024T11:34:08 - [MESSAGE][PASSED] - All options with value 'object:60' are selected in object 'Object Repository/fitur contact us/select_Select CategoryLaptopsHeadphonesTabl_1ef56f'  using regular expression

11-02-2024T11:34:08 - [TEST_STEP][PASSED] - selectOptionByValue(findTestObject("Object Repository/fitur contact us/select_Select ProductHP Chromebook 14 G1(EN_361ba3"), "object:123", true): All options with value 'object:123' are selected in object 'Object Repository/fitur contact us/select_Select ProductHP Chromebook 14 G1(EN_361ba3'  using regular expression

11-02-2024T11:34:10 - [MESSAGE][PASSED] - All options with value 'object:123' are selected in object 'Object Repository/fitur contact us/select_Select ProductHP Chromebook 14 G1(EN_361ba3'  using regular expression

11-02-2024T11:34:10 - [TEST_STEP][PASSED] - setText(findTestObject("Object Repository/fitur contact us/input__emailContactUs"), email): Text 'yudhatesting@gmail.com' is set on object 'Object Repository/fitur contact us/input__emailContactUs'

11-02-2024T11:34:11 - [MESSAGE][PASSED] - Text 'yudhatesting@gmail.com' is set on object 'Object Repository/fitur contact us/input__emailContactUs'

11-02-2024T11:34:11 - [TEST_STEP][PASSED] - setText(findTestObject("Object Repository/fitur contact us/textarea__subjectTextareaContactUs"), subject): Text 'this product so cool!' is set on object 'Object Repository/fitur contact us/textarea__subjectTextareaContactUs'

11-02-2024T11:34:12 - [MESSAGE][PASSED] - Text 'this product so cool!' is set on object 'Object Repository/fitur contact us/textarea__subjectTextareaContactUs'

11-02-2024T11:34:12 - [TEST_STEP][PASSED] - click(findTestObject("Object Repository/fitur contact us/button_SEND")): Object: 'Object Repository/fitur contact us/button_SEND' is clicked on

11-02-2024T11:34:13 - [MESSAGE][PASSED] - Object: 'Object Repository/fitur contact us/button_SEND' is clicked on

11-02-2024T11:34:13 - [TEST_STEP][PASSED] - delay(5): Delayed 5 second(s)

11-02-2024T11:34:18 - [MESSAGE][PASSED] - Delayed 5 second(s)

11-02-2024T11:34:18 - [TEST_STEP][PASSED] - closeBrowser(): Browser is closed

11-02-2024T11:34:18 - [MESSAGE][PASSED] - Browser is closed]]></system-out>
         <system-err><![CDATA[]]></system-err>
      </testcase>
      <testcase name="Test Cases/2 negative test case/18 Gagal mengisi form contact us (data driven)" time="18.179" classname="Test Cases/2 negative test case/18 Gagal mengisi form contact us (data driven)" status="PASSED">
         <system-out><![CDATA[11-02-2024T11:34:18 - [TEST_CASE][PASSED] - Test Cases/2 negative test case/18 Gagal mengisi form contact us (data driven): Test Cases/2 negative test case/18 Gagal mengisi form contact us (data driven)

11-02-2024T11:34:18 - [TEST_STEP][PASSED] - openBrowser(""): Browser is opened with url: ''

11-02-2024T11:34:18 - [MESSAGE][INFO] - Starting 'Chrome' driver

11-02-2024T11:34:18 - [MESSAGE][INFO] - Action delay is set to 0 milliseconds

11-02-2024T11:34:19 - [MESSAGE][PASSED] - Browser is opened with url: ''

11-02-2024T11:34:19 - [TEST_STEP][PASSED] - navigateToUrl("https://advantageonlineshopping.com/"): Navigate to 'https://advantageonlineshopping.com/' successfully

11-02-2024T11:34:21 - [MESSAGE][PASSED] - Navigate to 'https://advantageonlineshopping.com/' successfully

11-02-2024T11:34:21 - [TEST_STEP][PASSED] - selectOptionByValue(findTestObject("Object Repository/fitur contact us/select_Select CategoryLaptopsHeadphonesTabl_1ef56f"), "object:60", true): All options with value 'object:60' are selected in object 'Object Repository/fitur contact us/select_Select CategoryLaptopsHeadphonesTabl_1ef56f'  using regular expression

11-02-2024T11:34:26 - [MESSAGE][PASSED] - All options with value 'object:60' are selected in object 'Object Repository/fitur contact us/select_Select CategoryLaptopsHeadphonesTabl_1ef56f'  using regular expression

11-02-2024T11:34:26 - [TEST_STEP][PASSED] - selectOptionByValue(findTestObject("Object Repository/fitur contact us/select_Select ProductHP Chromebook 14 G1(EN_361ba3"), "object:123", true): All options with value 'object:123' are selected in object 'Object Repository/fitur contact us/select_Select ProductHP Chromebook 14 G1(EN_361ba3'  using regular expression

11-02-2024T11:34:28 - [MESSAGE][PASSED] - All options with value 'object:123' are selected in object 'Object Repository/fitur contact us/select_Select ProductHP Chromebook 14 G1(EN_361ba3'  using regular expression

11-02-2024T11:34:28 - [TEST_STEP][PASSED] - setText(findTestObject("Object Repository/fitur contact us/input__emailContactUs"), email): Text 'yudhatesting2@gmail.com' is set on object 'Object Repository/fitur contact us/input__emailContactUs'

11-02-2024T11:34:29 - [MESSAGE][PASSED] - Text 'yudhatesting2@gmail.com' is set on object 'Object Repository/fitur contact us/input__emailContactUs'

11-02-2024T11:34:29 - [TEST_STEP][PASSED] - setText(findTestObject("Object Repository/fitur contact us/textarea__subjectTextareaContactUs"), subject): Text 'I want to buy this product' is set on object 'Object Repository/fitur contact us/textarea__subjectTextareaContactUs'

11-02-2024T11:34:30 - [MESSAGE][PASSED] - Text 'I want to buy this product' is set on object 'Object Repository/fitur contact us/textarea__subjectTextareaContactUs'

11-02-2024T11:34:30 - [TEST_STEP][PASSED] - click(findTestObject("Object Repository/fitur contact us/button_SEND")): Object: 'Object Repository/fitur contact us/button_SEND' is clicked on

11-02-2024T11:34:31 - [MESSAGE][PASSED] - Object: 'Object Repository/fitur contact us/button_SEND' is clicked on

11-02-2024T11:34:31 - [TEST_STEP][PASSED] - delay(5): Delayed 5 second(s)

11-02-2024T11:34:36 - [MESSAGE][PASSED] - Delayed 5 second(s)

11-02-2024T11:34:36 - [TEST_STEP][PASSED] - closeBrowser(): Browser is closed

11-02-2024T11:34:36 - [MESSAGE][PASSED] - Browser is closed]]></system-out>
         <system-err><![CDATA[]]></system-err>
      </testcase>
      <system-out><![CDATA[11-02-2024T11:31:36 - [TEST_SUITE][PASSED] - 5 negatif test - search, filter and add to chart: Test Cases/2 negative test case/18 Gagal mengisi form contact us (data driven)]]></system-out>
      <system-err><![CDATA[]]></system-err>
   </testsuite>
</testsuites>
