<?xml version="1.0" encoding="UTF-8"?>
<testsuites name="2 search, filter and add to chart item" time="83.659" tests="4" failures="0" errors="0">
   <testsuite name="2 search, filter and add to chart item" tests="4" failures="0" errors="0" time="83.659" skipped="0" timestamp="10-02-2024T10:35:25" hostname="ACER - LAPTOP-DI70DTOM" id="Test Suites/1 Test Suites/2 search, filter and add to chart item">
      <properties>
         <property name="deviceName" value=""/>
         <property name="devicePlatform" value=""/>
         <property name="logFolder" value="C:\\Users\\ACER\\git\\Final-Project-QA-WEB\\Reports\\20240210_103519\\1 Test Suites\\2 search, filter and add to chart item\\20240210_103519"/>
         <property name="logFiles" value="C:\\Users\\ACER\\git\\Final-Project-QA-WEB\\Reports\\20240210_103519\\1 Test Suites\\2 search, filter and add to chart item\\20240210_103519\\execution0.log"/>
         <property name="attachments" value=""/>
         <property name="hostName" value="ACER - LAPTOP-DI70DTOM"/>
         <property name="os" value="Windows 11 64bit"/>
         <property name="katalonVersion" value="9.3.0.212"/>
         <property name="browser" value="Chrome 121.0.0.0"/>
         <property name="hostAddress" value="192.168.0.151"/>
         <property name="sessionId" value="589182302f1267c272a1204bbc88e45a"/>
         <property name="seleniumVersion" value="3.141.59"/>
         <property name="proxyInformation" value="ProxyInformation { proxyOption=NO_PROXY, proxyServerType=HTTP, username=, password=********, proxyServerAddress=, proxyServerPort=0, executionList=&quot;&quot;, isApplyToDesiredCapabilities=true }"/>
         <property name="platform" value="Windows 11"/>
      </properties>
      <testcase name="Test Cases/1. Positive test case/5 Filter item (switch-case and data driven)" time="17.874" classname="Test Cases/1. Positive test case/5 Filter item (switch-case and data driven)" status="PASSED">
         <system-out><![CDATA[10-02-2024T10:35:25 - [TEST_CASE][PASSED] - Test Cases/1. Positive test case/5 Filter item (switch-case and data driven): Test Cases/1. Positive test case/5 Filter item (switch-case and data driven)

10-02-2024T10:35:26 - [TEST_STEP][PASSED] - openBrowser(""): Browser is opened with url: ''

10-02-2024T10:35:26 - [MESSAGE][INFO] - Starting 'Chrome' driver

10-02-2024T10:35:26 - [MESSAGE][INFO] - Action delay is set to 0 milliseconds

10-02-2024T10:35:27 - [MESSAGE][PASSED] - Browser is opened with url: ''

10-02-2024T10:35:27 - [TEST_STEP][PASSED] - navigateToUrl("https://advantageonlineshopping.com/"): Navigate to 'https://advantageonlineshopping.com/' successfully

10-02-2024T10:35:30 - [MESSAGE][PASSED] - Navigate to 'https://advantageonlineshopping.com/' successfully

10-02-2024T10:35:30 - [TEST_STEP][PASSED] - click(findTestObject("Object Repository/Fitur Filter 2/div_SPEAKERS                        Shop Now")): Object: 'Object Repository/Fitur Filter 2/div_SPEAKERS                        Shop Now' is clicked on

10-02-2024T10:35:35 - [MESSAGE][PASSED] - Object: 'Object Repository/Fitur Filter 2/div_SPEAKERS                        Shop Now' is clicked on

10-02-2024T10:35:35 - [TEST_STEP][PASSED] - filterType = filtername: null

10-02-2024T10:35:35 - [TEST_STEP][PASSED] - switch (filterType): null

10-02-2024T10:35:35 - [TEST_STEP][PASSED] - case "WIRELESS TECHNOLOGY":: null

10-02-2024T10:35:35 - [TEST_STEP][PASSED] - click(findTestObject("Object Repository/Fitur Filter 2/h4_WIRELESS TECHNOLOGY")): Object: 'Object Repository/Fitur Filter 2/h4_WIRELESS TECHNOLOGY' is clicked on

10-02-2024T10:35:37 - [MESSAGE][PASSED] - Object: 'Object Repository/Fitur Filter 2/h4_WIRELESS TECHNOLOGY' is clicked on

10-02-2024T10:35:37 - [TEST_STEP][PASSED] - click(findTestObject("Object Repository/Fitur Filter 2/input_WIRELESS TECHNOLOGY_wireless_technology_0")): Object: 'Object Repository/Fitur Filter 2/input_WIRELESS TECHNOLOGY_wireless_technology_0' is clicked on

10-02-2024T10:35:38 - [MESSAGE][PASSED] - Object: 'Object Repository/Fitur Filter 2/input_WIRELESS TECHNOLOGY_wireless_technology_0' is clicked on

10-02-2024T10:35:38 - [TEST_STEP][PASSED] - break: null

10-02-2024T10:35:38 - [TEST_STEP][PASSED] - delay(5): Delayed 5 second(s)

10-02-2024T10:35:43 - [MESSAGE][PASSED] - Delayed 5 second(s)

10-02-2024T10:35:43 - [TEST_STEP][PASSED] - closeBrowser(): Browser is closed

10-02-2024T10:35:43 - [MESSAGE][PASSED] - Browser is closed]]></system-out>
         <system-err><![CDATA[]]></system-err>
      </testcase>
      <testcase name="Test Cases/1. Positive test case/5 Filter item (switch-case and data driven)" time="15.89" classname="Test Cases/1. Positive test case/5 Filter item (switch-case and data driven)" status="PASSED">
         <system-out><![CDATA[10-02-2024T10:35:43 - [TEST_CASE][PASSED] - Test Cases/1. Positive test case/5 Filter item (switch-case and data driven): Test Cases/1. Positive test case/5 Filter item (switch-case and data driven)

10-02-2024T10:35:43 - [TEST_STEP][PASSED] - openBrowser(""): Browser is opened with url: ''

10-02-2024T10:35:43 - [MESSAGE][INFO] - Starting 'Chrome' driver

10-02-2024T10:35:43 - [MESSAGE][INFO] - Action delay is set to 0 milliseconds

10-02-2024T10:35:44 - [MESSAGE][PASSED] - Browser is opened with url: ''

10-02-2024T10:35:44 - [TEST_STEP][PASSED] - navigateToUrl("https://advantageonlineshopping.com/"): Navigate to 'https://advantageonlineshopping.com/' successfully

10-02-2024T10:35:47 - [MESSAGE][PASSED] - Navigate to 'https://advantageonlineshopping.com/' successfully

10-02-2024T10:35:47 - [TEST_STEP][PASSED] - click(findTestObject("Object Repository/Fitur Filter 2/div_SPEAKERS                        Shop Now")): Object: 'Object Repository/Fitur Filter 2/div_SPEAKERS                        Shop Now' is clicked on

10-02-2024T10:35:51 - [MESSAGE][PASSED] - Object: 'Object Repository/Fitur Filter 2/div_SPEAKERS                        Shop Now' is clicked on

10-02-2024T10:35:51 - [TEST_STEP][PASSED] - filterType = filtername: null

10-02-2024T10:35:51 - [TEST_STEP][PASSED] - switch (filterType): null

10-02-2024T10:35:51 - [TEST_STEP][PASSED] - case "COLOR":: null

10-02-2024T10:35:51 - [TEST_STEP][PASSED] - click(findTestObject("Object Repository/Fitur Filter 2/h4_COLOR")): Object: 'Object Repository/Fitur Filter 2/h4_COLOR' is clicked on

10-02-2024T10:35:53 - [MESSAGE][PASSED] - Object: 'Object Repository/Fitur Filter 2/h4_COLOR' is clicked on

10-02-2024T10:35:53 - [TEST_STEP][PASSED] - click(findTestObject("Object Repository/Fitur Filter 2/a_COLOR_productsColors414141")): Object: 'Object Repository/Fitur Filter 2/a_COLOR_productsColors414141' is clicked on

10-02-2024T10:35:54 - [MESSAGE][PASSED] - Object: 'Object Repository/Fitur Filter 2/a_COLOR_productsColors414141' is clicked on

10-02-2024T10:35:54 - [TEST_STEP][PASSED] - break: null

10-02-2024T10:35:54 - [TEST_STEP][PASSED] - delay(5): Delayed 5 second(s)

10-02-2024T10:35:59 - [MESSAGE][PASSED] - Delayed 5 second(s)

10-02-2024T10:35:59 - [TEST_STEP][PASSED] - closeBrowser(): Browser is closed

10-02-2024T10:35:59 - [MESSAGE][PASSED] - Browser is closed]]></system-out>
         <system-err><![CDATA[]]></system-err>
      </testcase>
      <testcase name="Test Cases/1. Positive test case/5 Filter item (switch-case and data driven)" time="33.265" classname="Test Cases/1. Positive test case/5 Filter item (switch-case and data driven)" status="PASSED">
         <system-out><![CDATA[10-02-2024T10:35:59 - [TEST_CASE][PASSED] - Test Cases/1. Positive test case/5 Filter item (switch-case and data driven): Test Cases/1. Positive test case/5 Filter item (switch-case and data driven)

10-02-2024T10:35:59 - [TEST_STEP][PASSED] - openBrowser(""): Browser is opened with url: ''

10-02-2024T10:35:59 - [MESSAGE][INFO] - Starting 'Chrome' driver

10-02-2024T10:35:59 - [MESSAGE][INFO] - Action delay is set to 0 milliseconds

10-02-2024T10:36:00 - [MESSAGE][PASSED] - Browser is opened with url: ''

10-02-2024T10:36:00 - [TEST_STEP][PASSED] - navigateToUrl("https://advantageonlineshopping.com/"): Navigate to 'https://advantageonlineshopping.com/' successfully

10-02-2024T10:36:06 - [MESSAGE][PASSED] - Navigate to 'https://advantageonlineshopping.com/' successfully

10-02-2024T10:36:06 - [TEST_STEP][PASSED] - click(findTestObject("Object Repository/Fitur Filter 2/div_SPEAKERS                        Shop Now")): Object: 'Object Repository/Fitur Filter 2/div_SPEAKERS                        Shop Now' is clicked on

10-02-2024T10:36:11 - [MESSAGE][PASSED] - Object: 'Object Repository/Fitur Filter 2/div_SPEAKERS                        Shop Now' is clicked on

10-02-2024T10:36:11 - [TEST_STEP][PASSED] - filterType = filtername: null

10-02-2024T10:36:11 - [TEST_STEP][PASSED] - switch (filterType): null

10-02-2024T10:36:11 - [TEST_STEP][PASSED] - case "MANUFACTURER":: null

10-02-2024T10:36:11 - [TEST_STEP][PASSED] - click(findTestObject("Object Repository/Fitur Filter 2/h4_MANUFACTURER")): Object: 'Object Repository/Fitur Filter 2/h4_MANUFACTURER' is clicked on

10-02-2024T10:36:27 - [MESSAGE][PASSED] - Object: 'Object Repository/Fitur Filter 2/h4_MANUFACTURER' is clicked on

10-02-2024T10:36:27 - [TEST_STEP][PASSED] - click(findTestObject("Object Repository/Fitur Filter 2/input_MANUFACTURER_manufacturer_0")): Object: 'Object Repository/Fitur Filter 2/input_MANUFACTURER_manufacturer_0' is clicked on

10-02-2024T10:36:27 - [MESSAGE][PASSED] - Object: 'Object Repository/Fitur Filter 2/input_MANUFACTURER_manufacturer_0' is clicked on

10-02-2024T10:36:27 - [TEST_STEP][PASSED] - break: null

10-02-2024T10:36:27 - [TEST_STEP][PASSED] - delay(5): Delayed 5 second(s)

10-02-2024T10:36:32 - [MESSAGE][PASSED] - Delayed 5 second(s)

10-02-2024T10:36:32 - [TEST_STEP][PASSED] - closeBrowser(): Browser is closed

10-02-2024T10:36:32 - [MESSAGE][PASSED] - Browser is closed]]></system-out>
         <system-err><![CDATA[]]></system-err>
      </testcase>
      <testcase name="Test Cases/1. Positive test case/5 Filter item (switch-case and data driven)" time="16.381" classname="Test Cases/1. Positive test case/5 Filter item (switch-case and data driven)" status="PASSED">
         <system-out><![CDATA[10-02-2024T10:36:32 - [TEST_CASE][PASSED] - Test Cases/1. Positive test case/5 Filter item (switch-case and data driven): Test Cases/1. Positive test case/5 Filter item (switch-case and data driven)

10-02-2024T10:36:32 - [TEST_STEP][PASSED] - openBrowser(""): Browser is opened with url: ''

10-02-2024T10:36:32 - [MESSAGE][INFO] - Starting 'Chrome' driver

10-02-2024T10:36:32 - [MESSAGE][INFO] - Action delay is set to 0 milliseconds

10-02-2024T10:36:33 - [MESSAGE][PASSED] - Browser is opened with url: ''

10-02-2024T10:36:33 - [TEST_STEP][PASSED] - navigateToUrl("https://advantageonlineshopping.com/"): Navigate to 'https://advantageonlineshopping.com/' successfully

10-02-2024T10:36:36 - [MESSAGE][PASSED] - Navigate to 'https://advantageonlineshopping.com/' successfully

10-02-2024T10:36:36 - [TEST_STEP][PASSED] - click(findTestObject("Object Repository/Fitur Filter 2/div_SPEAKERS                        Shop Now")): Object: 'Object Repository/Fitur Filter 2/div_SPEAKERS                        Shop Now' is clicked on

10-02-2024T10:36:40 - [MESSAGE][PASSED] - Object: 'Object Repository/Fitur Filter 2/div_SPEAKERS                        Shop Now' is clicked on

10-02-2024T10:36:40 - [TEST_STEP][PASSED] - filterType = filtername: null

10-02-2024T10:36:40 - [TEST_STEP][PASSED] - switch (filterType): null

10-02-2024T10:36:40 - [TEST_STEP][PASSED] - case "COMPATIBILITY":: null

10-02-2024T10:36:40 - [TEST_STEP][PASSED] - click(findTestObject("Object Repository/Fitur Filter 2/h4_COMPATIBILITY")): Object: 'Object Repository/Fitur Filter 2/h4_COMPATIBILITY' is clicked on

10-02-2024T10:36:42 - [MESSAGE][PASSED] - Object: 'Object Repository/Fitur Filter 2/h4_COMPATIBILITY' is clicked on

10-02-2024T10:36:42 - [TEST_STEP][PASSED] - click(findTestObject("Object Repository/Fitur Filter 2/label_Any device that has bluetooth enabled")): Object: 'Object Repository/Fitur Filter 2/label_Any device that has bluetooth enabled' is clicked on

10-02-2024T10:36:43 - [MESSAGE][PASSED] - Object: 'Object Repository/Fitur Filter 2/label_Any device that has bluetooth enabled' is clicked on

10-02-2024T10:36:43 - [TEST_STEP][PASSED] - click(findTestObject("Object Repository/Fitur Filter 2/input_COMPATIBILITY_compatibility_0")): Object: 'Object Repository/Fitur Filter 2/input_COMPATIBILITY_compatibility_0' is clicked on

10-02-2024T10:36:44 - [MESSAGE][PASSED] - Object: 'Object Repository/Fitur Filter 2/input_COMPATIBILITY_compatibility_0' is clicked on

10-02-2024T10:36:44 - [TEST_STEP][PASSED] - break: null

10-02-2024T10:36:44 - [TEST_STEP][PASSED] - delay(5): Delayed 5 second(s)

10-02-2024T10:36:49 - [MESSAGE][PASSED] - Delayed 5 second(s)

10-02-2024T10:36:49 - [TEST_STEP][PASSED] - closeBrowser(): Browser is closed

10-02-2024T10:36:49 - [MESSAGE][PASSED] - Browser is closed]]></system-out>
         <system-err><![CDATA[]]></system-err>
      </testcase>
      <system-out><![CDATA[10-02-2024T10:35:25 - [TEST_SUITE][PASSED] - 2 search, filter and add to chart item: Test Cases/1. Positive test case/5 Filter item (switch-case and data driven)]]></system-out>
      <system-err><![CDATA[]]></system-err>
   </testsuite>
</testsuites>
