<?xml version="1.0" encoding="UTF-8"?>
<testsuites name="2 search, filter and add to chart item" time="240.481" tests="10" failures="0" errors="0">
   <testsuite name="2 search, filter and add to chart item" tests="10" failures="0" errors="0" time="240.481" skipped="0" timestamp="10-02-2024T20:29:31" hostname="ACER - LAPTOP-DI70DTOM" id="Test Suites/1 Test Suites/2 search, filter and add to chart item">
      <properties>
         <property name="deviceName" value=""/>
         <property name="devicePlatform" value=""/>
         <property name="logFolder" value="C:\\Users\\ACER\\git\\Final-Project-QA-WEB\\Reports\\20240210_202722\\1 Test Suites\\2 search, filter and add to chart item\\20240210_202725"/>
         <property name="logFiles" value="C:\\Users\\ACER\\git\\Final-Project-QA-WEB\\Reports\\20240210_202722\\1 Test Suites\\2 search, filter and add to chart item\\20240210_202725\\execution0.log"/>
         <property name="attachments" value=""/>
         <property name="hostName" value="ACER - LAPTOP-DI70DTOM"/>
         <property name="os" value="Windows 11 64bit"/>
         <property name="katalonVersion" value="9.3.0.212"/>
         <property name="browser" value="Chrome 121.0.0.0"/>
         <property name="hostAddress" value="192.168.0.151"/>
         <property name="sessionId" value="a605aba3ed287caf15bd6b3db0c85113"/>
         <property name="seleniumVersion" value="3.141.59"/>
         <property name="proxyInformation" value="ProxyInformation { proxyOption=NO_PROXY, proxyServerType=HTTP, username=, password=********, proxyServerAddress=, proxyServerPort=0, executionList=&quot;&quot;, isApplyToDesiredCapabilities=true }"/>
         <property name="platform" value="Windows 11"/>
      </properties>
      <testcase name="Test Cases/1 Positive test case/4 Search Item (if-else)" time="28.795" classname="Test Cases/1 Positive test case/4 Search Item (if-else)" status="PASSED">
         <system-out><![CDATA[10-02-2024T20:29:31 - [TEST_CASE][PASSED] - Test Cases/1 Positive test case/4 Search Item (if-else): Test Cases/1 Positive test case/4 Search Item (if-else)

10-02-2024T20:29:32 - [TEST_STEP][PASSED] - openBrowser(""): Browser is opened with url: ''

10-02-2024T20:29:32 - [MESSAGE][INFO] - Starting 'Chrome' driver

10-02-2024T20:29:32 - [MESSAGE][INFO] - Action delay is set to 0 milliseconds

10-02-2024T20:29:33 - [MESSAGE][PASSED] - Browser is opened with url: ''

10-02-2024T20:29:33 - [TEST_STEP][PASSED] - navigateToUrl("https://advantageonlineshopping.com/"): Navigate to 'https://advantageonlineshopping.com/' successfully

10-02-2024T20:29:35 - [MESSAGE][PASSED] - Navigate to 'https://advantageonlineshopping.com/' successfully

10-02-2024T20:29:35 - [TEST_STEP][PASSED] - click(findTestObject("Object Repository/Fitur Search 2/svg_CHECKOUT  (0.00)_menuUser")): Object: 'Object Repository/Fitur Search 2/svg_CHECKOUT  (0.00)_menuUser' is clicked on

10-02-2024T20:29:39 - [MESSAGE][PASSED] - Object: 'Object Repository/Fitur Search 2/svg_CHECKOUT  (0.00)_menuUser' is clicked on

10-02-2024T20:29:39 - [TEST_STEP][PASSED] - setText(findTestObject("Object Repository/Fitur Search 2/input_OR_username"), "yudhatesting"): Text 'yudhatesting' is set on object 'Object Repository/Fitur Search 2/input_OR_username'

10-02-2024T20:29:40 - [MESSAGE][PASSED] - Text 'yudhatesting' is set on object 'Object Repository/Fitur Search 2/input_OR_username'

10-02-2024T20:29:40 - [TEST_STEP][PASSED] - setEncryptedText(findTestObject("Object Repository/Fitur Search 2/input_Username_password"), "VjyC/is+sZNhzZxZ8kSNJw=="): Text ****** has been set on object 'Object Repository/Fitur Search 2/input_Username_password'

10-02-2024T20:29:41 - [MESSAGE][PASSED] - Text ****** has been set on object 'Object Repository/Fitur Search 2/input_Username_password'

10-02-2024T20:29:41 - [TEST_STEP][PASSED] - click(findTestObject("Object Repository/Fitur Search 2/button_SIGN IN")): Object: 'Object Repository/Fitur Search 2/button_SIGN IN' is clicked on

10-02-2024T20:29:42 - [MESSAGE][PASSED] - Object: 'Object Repository/Fitur Search 2/button_SIGN IN' is clicked on

10-02-2024T20:29:42 - [TEST_STEP][PASSED] - keyword = "tablet": null

10-02-2024T20:29:42 - [TEST_STEP][PASSED] - setText(findTestObject("Object Repository/Fitur Search 2/input_DEMO_mobile_search"), keyword): Text 'tablet' is set on object 'Object Repository/Fitur Search 2/input_DEMO_mobile_search'

10-02-2024T20:29:43 - [MESSAGE][PASSED] - Text 'tablet' is set on object 'Object Repository/Fitur Search 2/input_DEMO_mobile_search'

10-02-2024T20:29:43 - [TEST_STEP][PASSED] - sendKeys(findTestObject("Object Repository/Fitur Search 2/input_DEMO_mobile_search"), Keys.chord(ENTER)): Keys 'ENTER + ' sent to object: 'Object Repository/Fitur Search 2/input_DEMO_mobile_search'

10-02-2024T20:29:55 - [MESSAGE][PASSED] - Keys 'ENTER + ' sent to object: 'Object Repository/Fitur Search 2/input_DEMO_mobile_search'

10-02-2024T20:29:55 - [TEST_STEP][PASSED] - if (!(keyword.equalsIgnoreCase("tablet"))): null

10-02-2024T20:29:55 - [TEST_STEP][PASSED] - else: Browser is closed

10-02-2024T20:29:55 - [TEST_STEP][PASSED] - click(findTestObject("Object Repository/Fitur Search 2/img_SHOP NOW_16")): Object: 'Object Repository/Fitur Search 2/img_SHOP NOW_16' is clicked on

10-02-2024T20:29:58 - [MESSAGE][PASSED] - Object: 'Object Repository/Fitur Search 2/img_SHOP NOW_16' is clicked on

10-02-2024T20:29:58 - [TEST_STEP][PASSED] - click(findTestObject("Object Repository/Fitur Search 2/img")): Object: 'Object Repository/Fitur Search 2/img' is clicked on

10-02-2024T20:29:59 - [MESSAGE][PASSED] - Object: 'Object Repository/Fitur Search 2/img' is clicked on

10-02-2024T20:29:59 - [TEST_STEP][PASSED] - click(findTestObject("Object Repository/Fitur Search 2/img_1")): Object: 'Object Repository/Fitur Search 2/img_1' is clicked on

10-02-2024T20:30:00 - [MESSAGE][PASSED] - Object: 'Object Repository/Fitur Search 2/img_1' is clicked on

10-02-2024T20:30:00 - [TEST_STEP][PASSED] - click(findTestObject("Object Repository/Fitur Search 2/img_1_2")): Object: 'Object Repository/Fitur Search 2/img_1_2' is clicked on

10-02-2024T20:30:00 - [MESSAGE][PASSED] - Object: 'Object Repository/Fitur Search 2/img_1_2' is clicked on

10-02-2024T20:30:00 - [TEST_STEP][PASSED] - closeBrowser(): Browser is closed

10-02-2024T20:30:00 - [MESSAGE][PASSED] - Browser is closed]]></system-out>
         <system-err><![CDATA[]]></system-err>
      </testcase>
      <testcase name="Test Cases/1 Positive test case/5 Filter item (switch-case and data driven)" time="16.802" classname="Test Cases/1 Positive test case/5 Filter item (switch-case and data driven)" status="PASSED">
         <system-out><![CDATA[10-02-2024T20:30:00 - [TEST_CASE][PASSED] - Test Cases/1 Positive test case/5 Filter item (switch-case and data driven): Test Cases/1 Positive test case/5 Filter item (switch-case and data driven)

10-02-2024T20:30:00 - [TEST_STEP][PASSED] - openBrowser(""): Browser is opened with url: ''

10-02-2024T20:30:00 - [MESSAGE][INFO] - Starting 'Chrome' driver

10-02-2024T20:30:00 - [MESSAGE][INFO] - Action delay is set to 0 milliseconds

10-02-2024T20:30:01 - [MESSAGE][PASSED] - Browser is opened with url: ''

10-02-2024T20:30:01 - [TEST_STEP][PASSED] - navigateToUrl("https://advantageonlineshopping.com/"): Navigate to 'https://advantageonlineshopping.com/' successfully

10-02-2024T20:30:04 - [MESSAGE][PASSED] - Navigate to 'https://advantageonlineshopping.com/' successfully

10-02-2024T20:30:04 - [TEST_STEP][PASSED] - click(findTestObject("Object Repository/Fitur Filter 2/div_SPEAKERS                        Shop Now")): Object: 'Object Repository/Fitur Filter 2/div_SPEAKERS                        Shop Now' is clicked on

10-02-2024T20:30:08 - [MESSAGE][PASSED] - Object: 'Object Repository/Fitur Filter 2/div_SPEAKERS                        Shop Now' is clicked on

10-02-2024T20:30:08 - [TEST_STEP][PASSED] - filterType = filtername: null

10-02-2024T20:30:08 - [TEST_STEP][PASSED] - switch (filterType): null

10-02-2024T20:30:08 - [TEST_STEP][PASSED] - case "WIRELESS TECHNOLOGY":: null

10-02-2024T20:30:08 - [TEST_STEP][PASSED] - click(findTestObject("Object Repository/Fitur Filter 2/h4_WIRELESS TECHNOLOGY")): Object: 'Object Repository/Fitur Filter 2/h4_WIRELESS TECHNOLOGY' is clicked on

10-02-2024T20:30:11 - [MESSAGE][PASSED] - Object: 'Object Repository/Fitur Filter 2/h4_WIRELESS TECHNOLOGY' is clicked on

10-02-2024T20:30:11 - [TEST_STEP][PASSED] - click(findTestObject("Object Repository/Fitur Filter 2/input_WIRELESS TECHNOLOGY_wireless_technology_0")): Object: 'Object Repository/Fitur Filter 2/input_WIRELESS TECHNOLOGY_wireless_technology_0' is clicked on

10-02-2024T20:30:12 - [MESSAGE][PASSED] - Object: 'Object Repository/Fitur Filter 2/input_WIRELESS TECHNOLOGY_wireless_technology_0' is clicked on

10-02-2024T20:30:12 - [TEST_STEP][PASSED] - break: null

10-02-2024T20:30:12 - [TEST_STEP][PASSED] - delay(5): Delayed 5 second(s)

10-02-2024T20:30:17 - [MESSAGE][PASSED] - Delayed 5 second(s)

10-02-2024T20:30:17 - [TEST_STEP][PASSED] - closeBrowser(): Browser is closed

10-02-2024T20:30:17 - [MESSAGE][PASSED] - Browser is closed]]></system-out>
         <system-err><![CDATA[]]></system-err>
      </testcase>
      <testcase name="Test Cases/1 Positive test case/5 Filter item (switch-case and data driven)" time="19.763" classname="Test Cases/1 Positive test case/5 Filter item (switch-case and data driven)" status="PASSED">
         <system-out><![CDATA[10-02-2024T20:30:17 - [TEST_CASE][PASSED] - Test Cases/1 Positive test case/5 Filter item (switch-case and data driven): Test Cases/1 Positive test case/5 Filter item (switch-case and data driven)

10-02-2024T20:30:17 - [TEST_STEP][PASSED] - openBrowser(""): Browser is opened with url: ''

10-02-2024T20:30:17 - [MESSAGE][INFO] - Starting 'Chrome' driver

10-02-2024T20:30:17 - [MESSAGE][INFO] - Action delay is set to 0 milliseconds

10-02-2024T20:30:18 - [MESSAGE][PASSED] - Browser is opened with url: ''

10-02-2024T20:30:18 - [TEST_STEP][PASSED] - navigateToUrl("https://advantageonlineshopping.com/"): Navigate to 'https://advantageonlineshopping.com/' successfully

10-02-2024T20:30:21 - [MESSAGE][PASSED] - Navigate to 'https://advantageonlineshopping.com/' successfully

10-02-2024T20:30:21 - [TEST_STEP][PASSED] - click(findTestObject("Object Repository/Fitur Filter 2/div_SPEAKERS                        Shop Now")): Object: 'Object Repository/Fitur Filter 2/div_SPEAKERS                        Shop Now' is clicked on

10-02-2024T20:30:25 - [MESSAGE][PASSED] - Object: 'Object Repository/Fitur Filter 2/div_SPEAKERS                        Shop Now' is clicked on

10-02-2024T20:30:25 - [TEST_STEP][PASSED] - filterType = filtername: null

10-02-2024T20:30:25 - [TEST_STEP][PASSED] - switch (filterType): null

10-02-2024T20:30:25 - [TEST_STEP][PASSED] - case "COLOR":: null

10-02-2024T20:30:25 - [TEST_STEP][PASSED] - click(findTestObject("Object Repository/Fitur Filter 2/h4_COLOR")): Object: 'Object Repository/Fitur Filter 2/h4_COLOR' is clicked on

10-02-2024T20:30:31 - [MESSAGE][PASSED] - Object: 'Object Repository/Fitur Filter 2/h4_COLOR' is clicked on

10-02-2024T20:30:31 - [TEST_STEP][PASSED] - click(findTestObject("Object Repository/Fitur Filter 2/a_COLOR_productsColors414141")): Object: 'Object Repository/Fitur Filter 2/a_COLOR_productsColors414141' is clicked on

10-02-2024T20:30:31 - [MESSAGE][PASSED] - Object: 'Object Repository/Fitur Filter 2/a_COLOR_productsColors414141' is clicked on

10-02-2024T20:30:31 - [TEST_STEP][PASSED] - break: null

10-02-2024T20:30:31 - [TEST_STEP][PASSED] - delay(5): Delayed 5 second(s)

10-02-2024T20:30:36 - [MESSAGE][PASSED] - Delayed 5 second(s)

10-02-2024T20:30:36 - [TEST_STEP][PASSED] - closeBrowser(): Browser is closed

10-02-2024T20:30:37 - [MESSAGE][PASSED] - Browser is closed]]></system-out>
         <system-err><![CDATA[]]></system-err>
      </testcase>
      <testcase name="Test Cases/1 Positive test case/5 Filter item (switch-case and data driven)" time="15.668" classname="Test Cases/1 Positive test case/5 Filter item (switch-case and data driven)" status="PASSED">
         <system-out><![CDATA[10-02-2024T20:30:37 - [TEST_CASE][PASSED] - Test Cases/1 Positive test case/5 Filter item (switch-case and data driven): Test Cases/1 Positive test case/5 Filter item (switch-case and data driven)

10-02-2024T20:30:37 - [TEST_STEP][PASSED] - openBrowser(""): Browser is opened with url: ''

10-02-2024T20:30:37 - [MESSAGE][INFO] - Starting 'Chrome' driver

10-02-2024T20:30:37 - [MESSAGE][INFO] - Action delay is set to 0 milliseconds

10-02-2024T20:30:37 - [MESSAGE][PASSED] - Browser is opened with url: ''

10-02-2024T20:30:37 - [TEST_STEP][PASSED] - navigateToUrl("https://advantageonlineshopping.com/"): Navigate to 'https://advantageonlineshopping.com/' successfully

10-02-2024T20:30:40 - [MESSAGE][PASSED] - Navigate to 'https://advantageonlineshopping.com/' successfully

10-02-2024T20:30:40 - [TEST_STEP][PASSED] - click(findTestObject("Object Repository/Fitur Filter 2/div_SPEAKERS                        Shop Now")): Object: 'Object Repository/Fitur Filter 2/div_SPEAKERS                        Shop Now' is clicked on

10-02-2024T20:30:44 - [MESSAGE][PASSED] - Object: 'Object Repository/Fitur Filter 2/div_SPEAKERS                        Shop Now' is clicked on

10-02-2024T20:30:44 - [TEST_STEP][PASSED] - filterType = filtername: null

10-02-2024T20:30:44 - [TEST_STEP][PASSED] - switch (filterType): null

10-02-2024T20:30:44 - [TEST_STEP][PASSED] - case "MANUFACTURER":: null

10-02-2024T20:30:44 - [TEST_STEP][PASSED] - click(findTestObject("Object Repository/Fitur Filter 2/h4_MANUFACTURER")): Object: 'Object Repository/Fitur Filter 2/h4_MANUFACTURER' is clicked on

10-02-2024T20:30:47 - [MESSAGE][PASSED] - Object: 'Object Repository/Fitur Filter 2/h4_MANUFACTURER' is clicked on

10-02-2024T20:30:47 - [TEST_STEP][PASSED] - click(findTestObject("Object Repository/Fitur Filter 2/input_MANUFACTURER_manufacturer_0")): Object: 'Object Repository/Fitur Filter 2/input_MANUFACTURER_manufacturer_0' is clicked on

10-02-2024T20:30:47 - [MESSAGE][PASSED] - Object: 'Object Repository/Fitur Filter 2/input_MANUFACTURER_manufacturer_0' is clicked on

10-02-2024T20:30:47 - [TEST_STEP][PASSED] - break: null

10-02-2024T20:30:47 - [TEST_STEP][PASSED] - delay(5): Delayed 5 second(s)

10-02-2024T20:30:52 - [MESSAGE][PASSED] - Delayed 5 second(s)

10-02-2024T20:30:52 - [TEST_STEP][PASSED] - closeBrowser(): Browser is closed

10-02-2024T20:30:52 - [MESSAGE][PASSED] - Browser is closed]]></system-out>
         <system-err><![CDATA[]]></system-err>
      </testcase>
      <testcase name="Test Cases/1 Positive test case/5 Filter item (switch-case and data driven)" time="16.072" classname="Test Cases/1 Positive test case/5 Filter item (switch-case and data driven)" status="PASSED">
         <system-out><![CDATA[10-02-2024T20:30:52 - [TEST_CASE][PASSED] - Test Cases/1 Positive test case/5 Filter item (switch-case and data driven): Test Cases/1 Positive test case/5 Filter item (switch-case and data driven)

10-02-2024T20:30:52 - [TEST_STEP][PASSED] - openBrowser(""): Browser is opened with url: ''

10-02-2024T20:30:52 - [MESSAGE][INFO] - Starting 'Chrome' driver

10-02-2024T20:30:52 - [MESSAGE][INFO] - Action delay is set to 0 milliseconds

10-02-2024T20:30:53 - [MESSAGE][PASSED] - Browser is opened with url: ''

10-02-2024T20:30:53 - [TEST_STEP][PASSED] - navigateToUrl("https://advantageonlineshopping.com/"): Navigate to 'https://advantageonlineshopping.com/' successfully

10-02-2024T20:30:56 - [MESSAGE][PASSED] - Navigate to 'https://advantageonlineshopping.com/' successfully

10-02-2024T20:30:56 - [TEST_STEP][PASSED] - click(findTestObject("Object Repository/Fitur Filter 2/div_SPEAKERS                        Shop Now")): Object: 'Object Repository/Fitur Filter 2/div_SPEAKERS                        Shop Now' is clicked on

10-02-2024T20:31:00 - [MESSAGE][PASSED] - Object: 'Object Repository/Fitur Filter 2/div_SPEAKERS                        Shop Now' is clicked on

10-02-2024T20:31:00 - [TEST_STEP][PASSED] - filterType = filtername: null

10-02-2024T20:31:00 - [TEST_STEP][PASSED] - switch (filterType): null

10-02-2024T20:31:00 - [TEST_STEP][PASSED] - case "COMPATIBILITY":: null

10-02-2024T20:31:00 - [TEST_STEP][PASSED] - click(findTestObject("Object Repository/Fitur Filter 2/h4_COMPATIBILITY")): Object: 'Object Repository/Fitur Filter 2/h4_COMPATIBILITY' is clicked on

10-02-2024T20:31:02 - [MESSAGE][PASSED] - Object: 'Object Repository/Fitur Filter 2/h4_COMPATIBILITY' is clicked on

10-02-2024T20:31:02 - [TEST_STEP][PASSED] - click(findTestObject("Object Repository/Fitur Filter 2/label_Any device that has bluetooth enabled")): Object: 'Object Repository/Fitur Filter 2/label_Any device that has bluetooth enabled' is clicked on

10-02-2024T20:31:03 - [MESSAGE][PASSED] - Object: 'Object Repository/Fitur Filter 2/label_Any device that has bluetooth enabled' is clicked on

10-02-2024T20:31:03 - [TEST_STEP][PASSED] - click(findTestObject("Object Repository/Fitur Filter 2/input_COMPATIBILITY_compatibility_0")): Object: 'Object Repository/Fitur Filter 2/input_COMPATIBILITY_compatibility_0' is clicked on

10-02-2024T20:31:03 - [MESSAGE][PASSED] - Object: 'Object Repository/Fitur Filter 2/input_COMPATIBILITY_compatibility_0' is clicked on

10-02-2024T20:31:03 - [TEST_STEP][PASSED] - break: null

10-02-2024T20:31:03 - [TEST_STEP][PASSED] - delay(5): Delayed 5 second(s)

10-02-2024T20:31:08 - [MESSAGE][PASSED] - Delayed 5 second(s)

10-02-2024T20:31:08 - [TEST_STEP][PASSED] - closeBrowser(): Browser is closed

10-02-2024T20:31:08 - [MESSAGE][PASSED] - Browser is closed]]></system-out>
         <system-err><![CDATA[]]></system-err>
      </testcase>
      <testcase name="Test Cases/1 Positive test case/6 Add to Chart (switch-case and data driven)" time="33.751" classname="Test Cases/1 Positive test case/6 Add to Chart (switch-case and data driven)" status="PASSED">
         <system-out><![CDATA[10-02-2024T20:31:08 - [TEST_CASE][PASSED] - Test Cases/1 Positive test case/6 Add to Chart (switch-case and data driven): Test Cases/1 Positive test case/6 Add to Chart (switch-case and data driven)

10-02-2024T20:31:09 - [TEST_STEP][PASSED] - openBrowser(""): Browser is opened with url: ''

10-02-2024T20:31:09 - [MESSAGE][INFO] - Starting 'Chrome' driver

10-02-2024T20:31:09 - [MESSAGE][INFO] - Action delay is set to 0 milliseconds

10-02-2024T20:31:09 - [MESSAGE][PASSED] - Browser is opened with url: ''

10-02-2024T20:31:09 - [TEST_STEP][PASSED] - navigateToUrl("https://advantageonlineshopping.com/"): Navigate to 'https://advantageonlineshopping.com/' successfully

10-02-2024T20:31:12 - [MESSAGE][PASSED] - Navigate to 'https://advantageonlineshopping.com/' successfully

10-02-2024T20:31:12 - [TEST_STEP][PASSED] - click(findTestObject("Object Repository/fitur add to chart/a_My account                        My orde_124641")): Object: 'Object Repository/fitur add to chart/a_My account                        My orde_124641' is clicked on

10-02-2024T20:31:16 - [MESSAGE][PASSED] - Object: 'Object Repository/fitur add to chart/a_My account                        My orde_124641' is clicked on

10-02-2024T20:31:16 - [TEST_STEP][PASSED] - setText(findTestObject("Object Repository/fitur add to chart/input_OR_username"), "yudhatesting"): Text 'yudhatesting' is set on object 'Object Repository/fitur add to chart/input_OR_username'

10-02-2024T20:31:17 - [MESSAGE][PASSED] - Text 'yudhatesting' is set on object 'Object Repository/fitur add to chart/input_OR_username'

10-02-2024T20:31:17 - [TEST_STEP][PASSED] - setEncryptedText(findTestObject("Object Repository/fitur add to chart/input_Username_password"), "VjyC/is+sZNhzZxZ8kSNJw=="): Text ****** has been set on object 'Object Repository/fitur add to chart/input_Username_password'

10-02-2024T20:31:18 - [MESSAGE][PASSED] - Text ****** has been set on object 'Object Repository/fitur add to chart/input_Username_password'

10-02-2024T20:31:18 - [TEST_STEP][PASSED] - click(findTestObject("Object Repository/fitur add to chart/button_SIGN IN")): Object: 'Object Repository/fitur add to chart/button_SIGN IN' is clicked on

10-02-2024T20:31:18 - [MESSAGE][PASSED] - Object: 'Object Repository/fitur add to chart/button_SIGN IN' is clicked on

10-02-2024T20:31:18 - [TEST_STEP][PASSED] - click(findTestObject("Object Repository/fitur add to chart/div_LAPTOPS                        Shop Now")): Object: 'Object Repository/fitur add to chart/div_LAPTOPS                        Shop Now' is clicked on

10-02-2024T20:31:19 - [MESSAGE][PASSED] - Object: 'Object Repository/fitur add to chart/div_LAPTOPS                        Shop Now' is clicked on

10-02-2024T20:31:19 - [TEST_STEP][PASSED] - laptopType = datalaptop: null

10-02-2024T20:31:19 - [TEST_STEP][PASSED] - switch (laptopType): null

10-02-2024T20:31:19 - [TEST_STEP][PASSED] - case "LAPTOP A":: null

10-02-2024T20:31:19 - [TEST_STEP][PASSED] - click(findTestObject("Object Repository/fitur add to chart/img_SHOP NOW_9")): Object: 'Object Repository/fitur add to chart/img_SHOP NOW_9' is clicked on

10-02-2024T20:31:22 - [MESSAGE][PASSED] - Object: 'Object Repository/fitur add to chart/img_SHOP NOW_9' is clicked on

10-02-2024T20:31:22 - [TEST_STEP][PASSED] - click(findTestObject("Object Repository/fitur add to chart/button_ADD TO CART")): Object: 'Object Repository/fitur add to chart/button_ADD TO CART' is clicked on

10-02-2024T20:31:35 - [MESSAGE][PASSED] - Object: 'Object Repository/fitur add to chart/button_ADD TO CART' is clicked on

10-02-2024T20:31:35 - [TEST_STEP][PASSED] - click(findTestObject("Object Repository/fitur add to chart/a_LAPTOPS")): Object: 'Object Repository/fitur add to chart/a_LAPTOPS' is clicked on

10-02-2024T20:31:36 - [MESSAGE][PASSED] - Object: 'Object Repository/fitur add to chart/a_LAPTOPS' is clicked on

10-02-2024T20:31:36 - [TEST_STEP][PASSED] - break: null

10-02-2024T20:31:36 - [TEST_STEP][PASSED] - click(findTestObject("Object Repository/fitur add to chart/a_3")): Object: 'Object Repository/fitur add to chart/a_3' is clicked on

10-02-2024T20:31:37 - [MESSAGE][PASSED] - Object: 'Object Repository/fitur add to chart/a_3' is clicked on

10-02-2024T20:31:37 - [TEST_STEP][PASSED] - delay(5): Delayed 5 second(s)

10-02-2024T20:31:42 - [MESSAGE][PASSED] - Delayed 5 second(s)

10-02-2024T20:31:42 - [TEST_STEP][PASSED] - closeBrowser(): Browser is closed

10-02-2024T20:31:42 - [MESSAGE][PASSED] - Browser is closed]]></system-out>
         <system-err><![CDATA[]]></system-err>
      </testcase>
      <testcase name="Test Cases/1 Positive test case/6 Add to Chart (switch-case and data driven)" time="37.87" classname="Test Cases/1 Positive test case/6 Add to Chart (switch-case and data driven)" status="PASSED">
         <system-out><![CDATA[10-02-2024T20:31:42 - [TEST_CASE][PASSED] - Test Cases/1 Positive test case/6 Add to Chart (switch-case and data driven): Test Cases/1 Positive test case/6 Add to Chart (switch-case and data driven)

10-02-2024T20:31:42 - [TEST_STEP][PASSED] - openBrowser(""): Browser is opened with url: ''

10-02-2024T20:31:42 - [MESSAGE][INFO] - Starting 'Chrome' driver

10-02-2024T20:31:42 - [MESSAGE][INFO] - Action delay is set to 0 milliseconds

10-02-2024T20:31:43 - [MESSAGE][PASSED] - Browser is opened with url: ''

10-02-2024T20:31:43 - [TEST_STEP][PASSED] - navigateToUrl("https://advantageonlineshopping.com/"): Navigate to 'https://advantageonlineshopping.com/' successfully

10-02-2024T20:31:45 - [MESSAGE][PASSED] - Navigate to 'https://advantageonlineshopping.com/' successfully

10-02-2024T20:31:45 - [TEST_STEP][PASSED] - click(findTestObject("Object Repository/fitur add to chart/a_My account                        My orde_124641")): Object: 'Object Repository/fitur add to chart/a_My account                        My orde_124641' is clicked on

10-02-2024T20:31:49 - [MESSAGE][PASSED] - Object: 'Object Repository/fitur add to chart/a_My account                        My orde_124641' is clicked on

10-02-2024T20:31:49 - [TEST_STEP][PASSED] - setText(findTestObject("Object Repository/fitur add to chart/input_OR_username"), "yudhatesting"): Text 'yudhatesting' is set on object 'Object Repository/fitur add to chart/input_OR_username'

10-02-2024T20:31:50 - [MESSAGE][PASSED] - Text 'yudhatesting' is set on object 'Object Repository/fitur add to chart/input_OR_username'

10-02-2024T20:31:50 - [TEST_STEP][PASSED] - setEncryptedText(findTestObject("Object Repository/fitur add to chart/input_Username_password"), "VjyC/is+sZNhzZxZ8kSNJw=="): Text ****** has been set on object 'Object Repository/fitur add to chart/input_Username_password'

10-02-2024T20:31:51 - [MESSAGE][PASSED] - Text ****** has been set on object 'Object Repository/fitur add to chart/input_Username_password'

10-02-2024T20:31:51 - [TEST_STEP][PASSED] - click(findTestObject("Object Repository/fitur add to chart/button_SIGN IN")): Object: 'Object Repository/fitur add to chart/button_SIGN IN' is clicked on

10-02-2024T20:31:52 - [MESSAGE][PASSED] - Object: 'Object Repository/fitur add to chart/button_SIGN IN' is clicked on

10-02-2024T20:31:52 - [TEST_STEP][PASSED] - click(findTestObject("Object Repository/fitur add to chart/div_LAPTOPS                        Shop Now")): Object: 'Object Repository/fitur add to chart/div_LAPTOPS                        Shop Now' is clicked on

10-02-2024T20:31:54 - [MESSAGE][PASSED] - Object: 'Object Repository/fitur add to chart/div_LAPTOPS                        Shop Now' is clicked on

10-02-2024T20:31:54 - [TEST_STEP][PASSED] - laptopType = datalaptop: null

10-02-2024T20:31:54 - [TEST_STEP][PASSED] - switch (laptopType): null

10-02-2024T20:31:54 - [TEST_STEP][PASSED] - case "LAPTOP B":: null

10-02-2024T20:31:54 - [TEST_STEP][PASSED] - click(findTestObject("Object Repository/fitur add to chart/img_SHOP NOW_10")): Object: 'Object Repository/fitur add to chart/img_SHOP NOW_10' is clicked on

10-02-2024T20:31:57 - [MESSAGE][PASSED] - Object: 'Object Repository/fitur add to chart/img_SHOP NOW_10' is clicked on

10-02-2024T20:31:57 - [TEST_STEP][PASSED] - click(findTestObject("Object Repository/fitur add to chart/button_ADD TO CART")): Object: 'Object Repository/fitur add to chart/button_ADD TO CART' is clicked on

10-02-2024T20:32:12 - [MESSAGE][PASSED] - Object: 'Object Repository/fitur add to chart/button_ADD TO CART' is clicked on

10-02-2024T20:32:12 - [TEST_STEP][PASSED] - click(findTestObject("Object Repository/fitur add to chart/a_LAPTOPS")): Object: 'Object Repository/fitur add to chart/a_LAPTOPS' is clicked on

10-02-2024T20:32:14 - [MESSAGE][PASSED] - Object: 'Object Repository/fitur add to chart/a_LAPTOPS' is clicked on

10-02-2024T20:32:14 - [TEST_STEP][PASSED] - break: null

10-02-2024T20:32:14 - [TEST_STEP][PASSED] - click(findTestObject("Object Repository/fitur add to chart/a_3")): Object: 'Object Repository/fitur add to chart/a_3' is clicked on

10-02-2024T20:32:15 - [MESSAGE][PASSED] - Object: 'Object Repository/fitur add to chart/a_3' is clicked on

10-02-2024T20:32:15 - [TEST_STEP][PASSED] - delay(5): Delayed 5 second(s)

10-02-2024T20:32:20 - [MESSAGE][PASSED] - Delayed 5 second(s)

10-02-2024T20:32:20 - [TEST_STEP][PASSED] - closeBrowser(): Browser is closed

10-02-2024T20:32:20 - [MESSAGE][PASSED] - Browser is closed]]></system-out>
         <system-err><![CDATA[]]></system-err>
      </testcase>
      <testcase name="Test Cases/1 Positive test case/10. Contact Us" time="18.247" classname="Test Cases/1 Positive test case/10. Contact Us" status="PASSED">
         <system-out><![CDATA[10-02-2024T20:32:20 - [TEST_CASE][PASSED] - Test Cases/1 Positive test case/10. Contact Us: Test Cases/1 Positive test case/10. Contact Us

10-02-2024T20:32:20 - [TEST_STEP][PASSED] - openBrowser(""): Browser is opened with url: ''

10-02-2024T20:32:20 - [MESSAGE][INFO] - Starting 'Chrome' driver

10-02-2024T20:32:20 - [MESSAGE][INFO] - Action delay is set to 0 milliseconds

10-02-2024T20:32:21 - [MESSAGE][PASSED] - Browser is opened with url: ''

10-02-2024T20:32:21 - [TEST_STEP][PASSED] - navigateToUrl("https://advantageonlineshopping.com/"): Navigate to 'https://advantageonlineshopping.com/' successfully

10-02-2024T20:32:23 - [MESSAGE][PASSED] - Navigate to 'https://advantageonlineshopping.com/' successfully

10-02-2024T20:32:23 - [TEST_STEP][PASSED] - selectOptionByValue(findTestObject("Object Repository/fitur contact us/select_Select CategoryLaptopsHeadphonesTabl_1ef56f"), "object:60", true): All options with value 'object:60' are selected in object 'Object Repository/fitur contact us/select_Select CategoryLaptopsHeadphonesTabl_1ef56f'  using regular expression

10-02-2024T20:32:28 - [MESSAGE][PASSED] - All options with value 'object:60' are selected in object 'Object Repository/fitur contact us/select_Select CategoryLaptopsHeadphonesTabl_1ef56f'  using regular expression

10-02-2024T20:32:28 - [TEST_STEP][PASSED] - selectOptionByValue(findTestObject("Object Repository/fitur contact us/select_Select ProductHP Chromebook 14 G1(EN_361ba3"), "object:123", true): All options with value 'object:123' are selected in object 'Object Repository/fitur contact us/select_Select ProductHP Chromebook 14 G1(EN_361ba3'  using regular expression

10-02-2024T20:32:30 - [MESSAGE][PASSED] - All options with value 'object:123' are selected in object 'Object Repository/fitur contact us/select_Select ProductHP Chromebook 14 G1(EN_361ba3'  using regular expression

10-02-2024T20:32:30 - [TEST_STEP][PASSED] - setText(findTestObject("Object Repository/fitur contact us/input__emailContactUs"), email): Text 'yudhatesting@gmail.com' is set on object 'Object Repository/fitur contact us/input__emailContactUs'

10-02-2024T20:32:31 - [MESSAGE][PASSED] - Text 'yudhatesting@gmail.com' is set on object 'Object Repository/fitur contact us/input__emailContactUs'

10-02-2024T20:32:31 - [TEST_STEP][PASSED] - setText(findTestObject("Object Repository/fitur contact us/textarea__subjectTextareaContactUs"), subject): Text 'this product so cool!' is set on object 'Object Repository/fitur contact us/textarea__subjectTextareaContactUs'

10-02-2024T20:32:33 - [MESSAGE][PASSED] - Text 'this product so cool!' is set on object 'Object Repository/fitur contact us/textarea__subjectTextareaContactUs'

10-02-2024T20:32:33 - [TEST_STEP][PASSED] - click(findTestObject("Object Repository/fitur contact us/button_SEND")): Object: 'Object Repository/fitur contact us/button_SEND' is clicked on

10-02-2024T20:32:33 - [MESSAGE][PASSED] - Object: 'Object Repository/fitur contact us/button_SEND' is clicked on

10-02-2024T20:32:33 - [TEST_STEP][PASSED] - delay(5): Delayed 5 second(s)

10-02-2024T20:32:38 - [MESSAGE][PASSED] - Delayed 5 second(s)

10-02-2024T20:32:38 - [TEST_STEP][PASSED] - closeBrowser(): Browser is closed

10-02-2024T20:32:38 - [MESSAGE][PASSED] - Browser is closed]]></system-out>
         <system-err><![CDATA[]]></system-err>
      </testcase>
      <testcase name="Test Cases/1 Positive test case/10. Contact Us" time="32.98" classname="Test Cases/1 Positive test case/10. Contact Us" status="PASSED">
         <system-out><![CDATA[10-02-2024T20:32:38 - [TEST_CASE][PASSED] - Test Cases/1 Positive test case/10. Contact Us: Test Cases/1 Positive test case/10. Contact Us

10-02-2024T20:32:38 - [TEST_STEP][PASSED] - openBrowser(""): Browser is opened with url: ''

10-02-2024T20:32:38 - [MESSAGE][INFO] - Starting 'Chrome' driver

10-02-2024T20:32:38 - [MESSAGE][INFO] - Action delay is set to 0 milliseconds

10-02-2024T20:32:39 - [MESSAGE][PASSED] - Browser is opened with url: ''

10-02-2024T20:32:39 - [TEST_STEP][PASSED] - navigateToUrl("https://advantageonlineshopping.com/"): Navigate to 'https://advantageonlineshopping.com/' successfully

10-02-2024T20:32:41 - [MESSAGE][PASSED] - Navigate to 'https://advantageonlineshopping.com/' successfully

10-02-2024T20:32:41 - [TEST_STEP][PASSED] - selectOptionByValue(findTestObject("Object Repository/fitur contact us/select_Select CategoryLaptopsHeadphonesTabl_1ef56f"), "object:60", true): All options with value 'object:60' are selected in object 'Object Repository/fitur contact us/select_Select CategoryLaptopsHeadphonesTabl_1ef56f'  using regular expression

10-02-2024T20:32:47 - [MESSAGE][PASSED] - All options with value 'object:60' are selected in object 'Object Repository/fitur contact us/select_Select CategoryLaptopsHeadphonesTabl_1ef56f'  using regular expression

10-02-2024T20:32:47 - [TEST_STEP][PASSED] - selectOptionByValue(findTestObject("Object Repository/fitur contact us/select_Select ProductHP Chromebook 14 G1(EN_361ba3"), "object:123", true): All options with value 'object:123' are selected in object 'Object Repository/fitur contact us/select_Select ProductHP Chromebook 14 G1(EN_361ba3'  using regular expression

10-02-2024T20:33:03 - [MESSAGE][PASSED] - All options with value 'object:123' are selected in object 'Object Repository/fitur contact us/select_Select ProductHP Chromebook 14 G1(EN_361ba3'  using regular expression

10-02-2024T20:33:03 - [TEST_STEP][PASSED] - setText(findTestObject("Object Repository/fitur contact us/input__emailContactUs"), email): Text 'yudhatesting2@gmail.com' is set on object 'Object Repository/fitur contact us/input__emailContactUs'

10-02-2024T20:33:04 - [MESSAGE][PASSED] - Text 'yudhatesting2@gmail.com' is set on object 'Object Repository/fitur contact us/input__emailContactUs'

10-02-2024T20:33:04 - [TEST_STEP][PASSED] - setText(findTestObject("Object Repository/fitur contact us/textarea__subjectTextareaContactUs"), subject): Text 'I want to buy this product' is set on object 'Object Repository/fitur contact us/textarea__subjectTextareaContactUs'

10-02-2024T20:33:06 - [MESSAGE][PASSED] - Text 'I want to buy this product' is set on object 'Object Repository/fitur contact us/textarea__subjectTextareaContactUs'

10-02-2024T20:33:06 - [TEST_STEP][PASSED] - click(findTestObject("Object Repository/fitur contact us/button_SEND")): Object: 'Object Repository/fitur contact us/button_SEND' is clicked on

10-02-2024T20:33:06 - [MESSAGE][PASSED] - Object: 'Object Repository/fitur contact us/button_SEND' is clicked on

10-02-2024T20:33:06 - [TEST_STEP][PASSED] - delay(5): Delayed 5 second(s)

10-02-2024T20:33:11 - [MESSAGE][PASSED] - Delayed 5 second(s)

10-02-2024T20:33:11 - [TEST_STEP][PASSED] - closeBrowser(): Browser is closed

10-02-2024T20:33:11 - [MESSAGE][PASSED] - Browser is closed]]></system-out>
         <system-err><![CDATA[]]></system-err>
      </testcase>
      <testcase name="Test Cases/1 Positive test case/11 Checking Link Sosial Media - customkeyword dan assert" time="20.264" classname="Test Cases/1 Positive test case/11 Checking Link Sosial Media - customkeyword dan assert" status="PASSED">
         <system-out><![CDATA[10-02-2024T20:33:11 - [TEST_CASE][PASSED] - Test Cases/1 Positive test case/11 Checking Link Sosial Media - customkeyword dan assert: Test Cases/1 Positive test case/11 Checking Link Sosial Media - customkeyword dan assert

10-02-2024T20:33:11 - [TEST_STEP][PASSED] - qawebtugas.keywordlogin.login(): qawebtugas.keywordlogin.login is PASSED

10-02-2024T20:33:11 - [MESSAGE][INFO] - Starting 'Chrome' driver

10-02-2024T20:33:11 - [MESSAGE][INFO] - Action delay is set to 0 milliseconds

10-02-2024T20:33:12 - [MESSAGE][PASSED] - Browser is opened with url: ''

10-02-2024T20:33:15 - [MESSAGE][PASSED] - Navigate to 'https://advantageonlineshopping.com/' successfully

10-02-2024T20:33:19 - [MESSAGE][PASSED] - Object: 'Object Repository/Fitur Search 2/svg_CHECKOUT  (0.00)_menuUser' is clicked on

10-02-2024T20:33:20 - [MESSAGE][PASSED] - Text 'yudhatesting' is set on object 'Object Repository/Fitur Search 2/input_OR_username'

10-02-2024T20:33:21 - [MESSAGE][PASSED] - Text ****** has been set on object 'Object Repository/Fitur Search 2/input_Username_password'

10-02-2024T20:33:21 - [MESSAGE][PASSED] - Object: 'Object Repository/Fitur Search 2/button_SIGN IN' is clicked on

10-02-2024T20:33:21 - [MESSAGE][PASSED] - qawebtugas.keywordlogin.login is PASSED

10-02-2024T20:33:21 - [TEST_STEP][PASSED] - assert verifyElementPresent(findTestObject("Object Repository/fitur sosmed/img_FOLLOW US_follow_facebook"), 10, CONTINUE_ON_FAILURE): Object 'Object Repository/fitur sosmed/img_FOLLOW US_follow_facebook' is present

10-02-2024T20:33:24 - [MESSAGE][PASSED] - Object 'Object Repository/fitur sosmed/img_FOLLOW US_follow_facebook' is present

10-02-2024T20:33:24 - [TEST_STEP][PASSED] - assert verifyElementPresent(findTestObject("Object Repository/fitur sosmed/img_FOLLOW US_follow_twitter"), 10, CONTINUE_ON_FAILURE): Object 'Object Repository/fitur sosmed/img_FOLLOW US_follow_twitter' is present

10-02-2024T20:33:25 - [MESSAGE][PASSED] - Object 'Object Repository/fitur sosmed/img_FOLLOW US_follow_twitter' is present

10-02-2024T20:33:25 - [TEST_STEP][PASSED] - assert verifyElementPresent(findTestObject("Object Repository/fitur sosmed/img_FOLLOW US_follow_linkedin"), 10, CONTINUE_ON_FAILURE): Object 'Object Repository/fitur sosmed/img_FOLLOW US_follow_linkedin' is present

10-02-2024T20:33:25 - [MESSAGE][PASSED] - Object 'Object Repository/fitur sosmed/img_FOLLOW US_follow_linkedin' is present

10-02-2024T20:33:25 - [TEST_STEP][PASSED] - assert verifyElementPresent(findTestObject("Object Repository/fitur sosmed/img_DEMO_go_up_btn"), 10, CONTINUE_ON_FAILURE): Object 'Object Repository/fitur sosmed/img_DEMO_go_up_btn' is present

10-02-2024T20:33:25 - [MESSAGE][PASSED] - Object 'Object Repository/fitur sosmed/img_DEMO_go_up_btn' is present

10-02-2024T20:33:25 - [TEST_STEP][PASSED] - click(findTestObject("Object Repository/fitur sosmed/img_FOLLOW US_follow_facebook")): Object: 'Object Repository/fitur sosmed/img_FOLLOW US_follow_facebook' is clicked on

10-02-2024T20:33:25 - [MESSAGE][PASSED] - Object: 'Object Repository/fitur sosmed/img_FOLLOW US_follow_facebook' is clicked on

10-02-2024T20:33:25 - [TEST_STEP][PASSED] - click(findTestObject("Object Repository/fitur sosmed/img_FOLLOW US_follow_twitter")): Object: 'Object Repository/fitur sosmed/img_FOLLOW US_follow_twitter' is clicked on

10-02-2024T20:33:27 - [MESSAGE][PASSED] - Object: 'Object Repository/fitur sosmed/img_FOLLOW US_follow_twitter' is clicked on

10-02-2024T20:33:27 - [TEST_STEP][PASSED] - click(findTestObject("Object Repository/fitur sosmed/img_FOLLOW US_follow_linkedin")): Object: 'Object Repository/fitur sosmed/img_FOLLOW US_follow_linkedin' is clicked on

10-02-2024T20:33:29 - [MESSAGE][PASSED] - Object: 'Object Repository/fitur sosmed/img_FOLLOW US_follow_linkedin' is clicked on

10-02-2024T20:33:29 - [TEST_STEP][PASSED] - click(findTestObject("Object Repository/fitur sosmed/img_DEMO_go_up_btn")): Object: 'Object Repository/fitur sosmed/img_DEMO_go_up_btn' is clicked on

10-02-2024T20:33:31 - [MESSAGE][PASSED] - Object: 'Object Repository/fitur sosmed/img_DEMO_go_up_btn' is clicked on

10-02-2024T20:33:31 - [TEST_STEP][PASSED] - closeBrowser(): Browser is closed

10-02-2024T20:33:32 - [MESSAGE][PASSED] - Browser is closed]]></system-out>
         <system-err><![CDATA[]]></system-err>
      </testcase>
      <system-out><![CDATA[10-02-2024T20:29:31 - [TEST_SUITE][PASSED] - 2 search, filter and add to chart item: Test Cases/1 Positive test case/11 Checking Link Sosial Media - customkeyword dan assert]]></system-out>
      <system-err><![CDATA[]]></system-err>
   </testsuite>
</testsuites>
