<?xml version="1.0" encoding="UTF-8"?>
<testsuites name="2 Negative case - Test Collection Testing" time="416.677" tests="14" failures="0" errors="0">
   <testsuite name="4 negatif test - login and register" tests="4" failures="0" errors="0" time="84.058" skipped="0" timestamp="11-02-2024T14:33:55" hostname="ACER - LAPTOP-DI70DTOM" id="Test Suites/1 Test Suites/4 negatif test - login and register">
      <properties>
         <property name="deviceName" value=""/>
         <property name="devicePlatform" value=""/>
         <property name="logFolder" value="C:\\Users\\ACER\\git\\Final-Project-QA-WEB\\Reports\\20240211_143343\\1 Test Suites\\4 negatif test - login and register\\20240211_143344"/>
         <property name="logFiles" value="C:\\Users\\ACER\\git\\Final-Project-QA-WEB\\Reports\\20240211_143343\\1 Test Suites\\4 negatif test - login and register\\20240211_143344\\execution0.log"/>
         <property name="attachments" value=""/>
         <property name="hostName" value="ACER - LAPTOP-DI70DTOM"/>
         <property name="os" value="Windows 11 64bit"/>
         <property name="katalonVersion" value="9.3.0.212"/>
         <property name="browser" value="Chrome 121.0.0.0"/>
         <property name="hostAddress" value="192.168.0.151"/>
         <property name="sessionId" value="5bda0e83cf3d1df41d892a240a01672e"/>
         <property name="seleniumVersion" value="3.141.59"/>
         <property name="proxyInformation" value="ProxyInformation { proxyOption=NO_PROXY, proxyServerType=HTTP, username=, password=********, proxyServerAddress=, proxyServerPort=0, executionList=&quot;&quot;, isApplyToDesiredCapabilities=true }"/>
         <property name="platform" value="Windows 11"/>
      </properties>
      <testcase name="Test Cases/2 negative test case/13 create account dengan username sama" time="37.984" classname="Test Cases/2 negative test case/13 create account dengan username sama" status="PASSED">
         <system-out><![CDATA[11-02-2024T14:33:55 - [TEST_CASE][PASSED] - Test Cases/2 negative test case/13 create account dengan username sama: Test Cases/2 negative test case/13 create account dengan username sama

11-02-2024T14:33:55 - [TEST_STEP][PASSED] - openBrowser(""): Browser is opened with url: ''

11-02-2024T14:33:56 - [MESSAGE][INFO] - Starting 'Chrome' driver

11-02-2024T14:33:56 - [MESSAGE][INFO] - Action delay is set to 0 milliseconds

11-02-2024T14:33:57 - [MESSAGE][PASSED] - Browser is opened with url: ''

11-02-2024T14:33:57 - [TEST_STEP][PASSED] - navigateToUrl("https://advantageonlineshopping.com/"): Navigate to 'https://advantageonlineshopping.com/' successfully

11-02-2024T14:34:00 - [MESSAGE][PASSED] - Navigate to 'https://advantageonlineshopping.com/' successfully

11-02-2024T14:34:00 - [TEST_STEP][PASSED] - click(findTestObject("Object Repository/Fitur Register/svg_CHECKOUT  (0.00)_menuUser")): Object: 'Object Repository/Fitur Register/svg_CHECKOUT  (0.00)_menuUser' is clicked on

11-02-2024T14:34:06 - [MESSAGE][PASSED] - Object: 'Object Repository/Fitur Register/svg_CHECKOUT  (0.00)_menuUser' is clicked on

11-02-2024T14:34:06 - [TEST_STEP][PASSED] - click(findTestObject("Object Repository/Fitur Register/a_CREATE NEW ACCOUNT")): Object: 'Object Repository/Fitur Register/a_CREATE NEW ACCOUNT' is clicked on

11-02-2024T14:34:06 - [MESSAGE][PASSED] - Object: 'Object Repository/Fitur Register/a_CREATE NEW ACCOUNT' is clicked on

11-02-2024T14:34:06 - [TEST_STEP][PASSED] - setText(findTestObject("Object Repository/Fitur Register/input__usernameRegisterPage"), "yudhatesting"): Text 'yudhatesting' is set on object 'Object Repository/Fitur Register/input__usernameRegisterPage'

11-02-2024T14:34:08 - [MESSAGE][PASSED] - Text 'yudhatesting' is set on object 'Object Repository/Fitur Register/input__usernameRegisterPage'

11-02-2024T14:34:08 - [TEST_STEP][PASSED] - click(findTestObject("Object Repository/Fitur Register/label_Email")): Object: 'Object Repository/Fitur Register/label_Email' is clicked on

11-02-2024T14:34:08 - [MESSAGE][PASSED] - Object: 'Object Repository/Fitur Register/label_Email' is clicked on

11-02-2024T14:34:08 - [TEST_STEP][PASSED] - setText(findTestObject("Object Repository/Fitur Register/input__emailRegisterPage"), "yudhatesting@gmail.com"): Text 'yudhatesting@gmail.com' is set on object 'Object Repository/Fitur Register/input__emailRegisterPage'

11-02-2024T14:34:10 - [MESSAGE][PASSED] - Text 'yudhatesting@gmail.com' is set on object 'Object Repository/Fitur Register/input__emailRegisterPage'

11-02-2024T14:34:10 - [TEST_STEP][PASSED] - setText(findTestObject("Object Repository/Fitur Register/input__passwordRegisterPage"), "Dharmayudha1"): Text 'Dharmayudha1' is set on object 'Object Repository/Fitur Register/input__passwordRegisterPage'

11-02-2024T14:34:11 - [MESSAGE][PASSED] - Text 'Dharmayudha1' is set on object 'Object Repository/Fitur Register/input__passwordRegisterPage'

11-02-2024T14:34:11 - [TEST_STEP][PASSED] - click(findTestObject("Object Repository/Fitur Register/label_Confirm password")): Object: 'Object Repository/Fitur Register/label_Confirm password' is clicked on

11-02-2024T14:34:11 - [MESSAGE][PASSED] - Object: 'Object Repository/Fitur Register/label_Confirm password' is clicked on

11-02-2024T14:34:11 - [TEST_STEP][PASSED] - setText(findTestObject("Object Repository/Fitur Register/input__confirm_passwordRegisterPage"), "Dharmayudha1"): Text 'Dharmayudha1' is set on object 'Object Repository/Fitur Register/input__confirm_passwordRegisterPage'

11-02-2024T14:34:13 - [MESSAGE][PASSED] - Text 'Dharmayudha1' is set on object 'Object Repository/Fitur Register/input__confirm_passwordRegisterPage'

11-02-2024T14:34:13 - [TEST_STEP][PASSED] - setText(findTestObject("Object Repository/Fitur Register/input_PERSONAL DETAILS_first_nameRegisterPage"), "Dharma"): Text 'Dharma' is set on object 'Object Repository/Fitur Register/input_PERSONAL DETAILS_first_nameRegisterPage'

11-02-2024T14:34:14 - [MESSAGE][PASSED] - Text 'Dharma' is set on object 'Object Repository/Fitur Register/input_PERSONAL DETAILS_first_nameRegisterPage'

11-02-2024T14:34:14 - [TEST_STEP][PASSED] - click(findTestObject("Object Repository/Fitur Register/label_Last Name")): Object: 'Object Repository/Fitur Register/label_Last Name' is clicked on

11-02-2024T14:34:14 - [MESSAGE][PASSED] - Object: 'Object Repository/Fitur Register/label_Last Name' is clicked on

11-02-2024T14:34:14 - [TEST_STEP][PASSED] - setText(findTestObject("Object Repository/Fitur Register/input_- Use maximum 30 character_last_nameR_6ef033"), "Yudha"): Text 'Yudha' is set on object 'Object Repository/Fitur Register/input_- Use maximum 30 character_last_nameR_6ef033'

11-02-2024T14:34:15 - [MESSAGE][PASSED] - Text 'Yudha' is set on object 'Object Repository/Fitur Register/input_- Use maximum 30 character_last_nameR_6ef033'

11-02-2024T14:34:15 - [TEST_STEP][PASSED] - setText(findTestObject("Object Repository/Fitur Register/input_- Use maximum 30 character_phone_numb_7c938a"), "081353081122"): Text '081353081122' is set on object 'Object Repository/Fitur Register/input_- Use maximum 30 character_phone_numb_7c938a'

11-02-2024T14:34:16 - [MESSAGE][PASSED] - Text '081353081122' is set on object 'Object Repository/Fitur Register/input_- Use maximum 30 character_phone_numb_7c938a'

11-02-2024T14:34:16 - [TEST_STEP][PASSED] - selectOptionByValue(findTestObject("Object Repository/Fitur Register/select_AfganistanAlbaniaAlgeriaAmerican Sam_3cef8a"), "object:153", true): All options with value 'object:153' are selected in object 'Object Repository/Fitur Register/select_AfganistanAlbaniaAlgeriaAmerican Sam_3cef8a'  using regular expression

11-02-2024T14:34:20 - [MESSAGE][PASSED] - All options with value 'object:153' are selected in object 'Object Repository/Fitur Register/select_AfganistanAlbaniaAlgeriaAmerican Sam_3cef8a'  using regular expression

11-02-2024T14:34:20 - [TEST_STEP][PASSED] - setText(findTestObject("Object Repository/Fitur Register/input_Country_cityRegisterPage"), "Jakarta"): Text 'Jakarta' is set on object 'Object Repository/Fitur Register/input_Country_cityRegisterPage'

11-02-2024T14:34:21 - [MESSAGE][PASSED] - Text 'Jakarta' is set on object 'Object Repository/Fitur Register/input_Country_cityRegisterPage'

11-02-2024T14:34:21 - [TEST_STEP][PASSED] - setText(findTestObject("Object Repository/Fitur Register/input_- Use maximum 25 character_addressReg_9e23b3"), "Jalan Medan Merdeka No 5 Jakarta"): Text 'Jalan Medan Merdeka No 5 Jakarta' is set on object 'Object Repository/Fitur Register/input_- Use maximum 25 character_addressReg_9e23b3'

11-02-2024T14:34:22 - [MESSAGE][PASSED] - Text 'Jalan Medan Merdeka No 5 Jakarta' is set on object 'Object Repository/Fitur Register/input_- Use maximum 25 character_addressReg_9e23b3'

11-02-2024T14:34:22 - [TEST_STEP][PASSED] - click(findTestObject("Object Repository/Fitur Register/label_State  Province  Region")): Object: 'Object Repository/Fitur Register/label_State  Province  Region' is clicked on

11-02-2024T14:34:22 - [MESSAGE][PASSED] - Object: 'Object Repository/Fitur Register/label_State  Province  Region' is clicked on

11-02-2024T14:34:22 - [TEST_STEP][PASSED] - setText(findTestObject("Object Repository/Fitur Register/input_- Use maximum 50 character_state__pro_272a54"), "Jakarta"): Text 'Jakarta' is set on object 'Object Repository/Fitur Register/input_- Use maximum 50 character_state__pro_272a54'

11-02-2024T14:34:23 - [MESSAGE][PASSED] - Text 'Jakarta' is set on object 'Object Repository/Fitur Register/input_- Use maximum 50 character_state__pro_272a54'

11-02-2024T14:34:23 - [TEST_STEP][PASSED] - setText(findTestObject("Object Repository/Fitur Register/input_- Use maximum 10 character_postal_cod_639c2f"), "80582"): Text '80582' is set on object 'Object Repository/Fitur Register/input_- Use maximum 10 character_postal_cod_639c2f'

11-02-2024T14:34:25 - [MESSAGE][PASSED] - Text '80582' is set on object 'Object Repository/Fitur Register/input_- Use maximum 10 character_postal_cod_639c2f'

11-02-2024T14:34:25 - [TEST_STEP][PASSED] - click(findTestObject("Object Repository/Fitur Register/input_Receive exclusive offers and promotio_5c7450")): Object: 'Object Repository/Fitur Register/input_Receive exclusive offers and promotio_5c7450' is clicked on

11-02-2024T14:34:25 - [MESSAGE][PASSED] - Object: 'Object Repository/Fitur Register/input_Receive exclusive offers and promotio_5c7450' is clicked on

11-02-2024T14:34:25 - [TEST_STEP][PASSED] - click(findTestObject("Object Repository/Fitur Register/button_REGISTER")): Object: 'Object Repository/Fitur Register/button_REGISTER' is clicked on

11-02-2024T14:34:26 - [MESSAGE][PASSED] - Object: 'Object Repository/Fitur Register/button_REGISTER' is clicked on

11-02-2024T14:34:26 - [TEST_STEP][PASSED] - delay(5): Delayed 5 second(s)

11-02-2024T14:34:31 - [MESSAGE][PASSED] - Delayed 5 second(s)

11-02-2024T14:34:31 - [TEST_STEP][PASSED] - closeBrowser(): Browser is closed

11-02-2024T14:34:31 - [MESSAGE][PASSED] - Browser is closed

11-02-2024T14:34:33 - [TEST_STEP][PASSED] - Video: Video recording for test case 'Test Cases/2 negative test case/13 create account dengan username sama' .

11-02-2024T14:34:33 - [MESSAGE][INFO] - Video recording for test case 'Test Cases/2 negative test case/13 create account dengan username sama' .]]></system-out>
         <system-err><![CDATA[]]></system-err>
      </testcase>
      <testcase name="Test Cases/2 negative test case/14 Gagal login (data driven)" time="17.471" classname="Test Cases/2 negative test case/14 Gagal login (data driven)" status="PASSED">
         <system-out><![CDATA[11-02-2024T14:34:33 - [TEST_CASE][PASSED] - Test Cases/2 negative test case/14 Gagal login (data driven): Test Cases/2 negative test case/14 Gagal login (data driven)

11-02-2024T14:34:33 - [TEST_STEP][PASSED] - openBrowser(""): Browser is opened with url: ''

11-02-2024T14:34:33 - [MESSAGE][INFO] - Starting 'Chrome' driver

11-02-2024T14:34:33 - [MESSAGE][INFO] - Action delay is set to 0 milliseconds

11-02-2024T14:34:34 - [MESSAGE][PASSED] - Browser is opened with url: ''

11-02-2024T14:34:34 - [TEST_STEP][PASSED] - navigateToUrl("https://advantageonlineshopping.com/"): Navigate to 'https://advantageonlineshopping.com/' successfully

11-02-2024T14:34:36 - [MESSAGE][PASSED] - Navigate to 'https://advantageonlineshopping.com/' successfully

11-02-2024T14:34:36 - [TEST_STEP][PASSED] - click(findTestObject("Object Repository/Fitur Login User/svg_CHECKOUT  (0.00)_menuUser")): Object: 'Object Repository/Fitur Login User/svg_CHECKOUT  (0.00)_menuUser' is clicked on

11-02-2024T14:34:40 - [MESSAGE][PASSED] - Object: 'Object Repository/Fitur Login User/svg_CHECKOUT  (0.00)_menuUser' is clicked on

11-02-2024T14:34:40 - [TEST_STEP][PASSED] - setText(findTestObject("Object Repository/Fitur Login User/input_OR_username"), username): Text 'yudhatesting' is set on object 'Object Repository/Fitur Login User/input_OR_username'

11-02-2024T14:34:41 - [MESSAGE][PASSED] - Text 'yudhatesting' is set on object 'Object Repository/Fitur Login User/input_OR_username'

11-02-2024T14:34:41 - [TEST_STEP][PASSED] - setText(findTestObject("Object Repository/Fitur Login User/input_Username_password"), password): Text '12345678' is set on object 'Object Repository/Fitur Login User/input_Username_password'

11-02-2024T14:34:43 - [MESSAGE][PASSED] - Text '12345678' is set on object 'Object Repository/Fitur Login User/input_Username_password'

11-02-2024T14:34:43 - [TEST_STEP][PASSED] - click(findTestObject("Object Repository/Fitur Login User/button_SIGN IN")): Object: 'Object Repository/Fitur Login User/button_SIGN IN' is clicked on

11-02-2024T14:34:43 - [MESSAGE][PASSED] - Object: 'Object Repository/Fitur Login User/button_SIGN IN' is clicked on

11-02-2024T14:34:43 - [TEST_STEP][PASSED] - delay(5): Delayed 5 second(s)

11-02-2024T14:34:48 - [MESSAGE][PASSED] - Delayed 5 second(s)

11-02-2024T14:34:48 - [TEST_STEP][PASSED] - closeBrowser(): Browser is closed

11-02-2024T14:34:48 - [MESSAGE][PASSED] - Browser is closed

11-02-2024T14:34:50 - [TEST_STEP][PASSED] - Video: Video recording for test case 'Test Cases/2 negative test case/14 Gagal login (data driven)' .

11-02-2024T14:34:50 - [MESSAGE][INFO] - Video recording for test case 'Test Cases/2 negative test case/14 Gagal login (data driven)' .]]></system-out>
         <system-err><![CDATA[]]></system-err>
      </testcase>
      <testcase name="Test Cases/2 negative test case/14 Gagal login (data driven)" time="17.303" classname="Test Cases/2 negative test case/14 Gagal login (data driven)" status="PASSED">
         <system-out><![CDATA[11-02-2024T14:34:50 - [TEST_CASE][PASSED] - Test Cases/2 negative test case/14 Gagal login (data driven): Test Cases/2 negative test case/14 Gagal login (data driven)

11-02-2024T14:34:50 - [TEST_STEP][PASSED] - openBrowser(""): Browser is opened with url: ''

11-02-2024T14:34:50 - [MESSAGE][INFO] - Starting 'Chrome' driver

11-02-2024T14:34:50 - [MESSAGE][INFO] - Action delay is set to 0 milliseconds

11-02-2024T14:34:51 - [MESSAGE][PASSED] - Browser is opened with url: ''

11-02-2024T14:34:51 - [TEST_STEP][PASSED] - navigateToUrl("https://advantageonlineshopping.com/"): Navigate to 'https://advantageonlineshopping.com/' successfully

11-02-2024T14:34:54 - [MESSAGE][PASSED] - Navigate to 'https://advantageonlineshopping.com/' successfully

11-02-2024T14:34:54 - [TEST_STEP][PASSED] - click(findTestObject("Object Repository/Fitur Login User/svg_CHECKOUT  (0.00)_menuUser")): Object: 'Object Repository/Fitur Login User/svg_CHECKOUT  (0.00)_menuUser' is clicked on

11-02-2024T14:34:58 - [MESSAGE][PASSED] - Object: 'Object Repository/Fitur Login User/svg_CHECKOUT  (0.00)_menuUser' is clicked on

11-02-2024T14:34:58 - [TEST_STEP][PASSED] - setText(findTestObject("Object Repository/Fitur Login User/input_OR_username"), username): Text 'yudhatesting2' is set on object 'Object Repository/Fitur Login User/input_OR_username'

11-02-2024T14:34:59 - [MESSAGE][PASSED] - Text 'yudhatesting2' is set on object 'Object Repository/Fitur Login User/input_OR_username'

11-02-2024T14:34:59 - [TEST_STEP][PASSED] - setText(findTestObject("Object Repository/Fitur Login User/input_Username_password"), password): Text '12345678' is set on object 'Object Repository/Fitur Login User/input_Username_password'

11-02-2024T14:35:00 - [MESSAGE][PASSED] - Text '12345678' is set on object 'Object Repository/Fitur Login User/input_Username_password'

11-02-2024T14:35:00 - [TEST_STEP][PASSED] - click(findTestObject("Object Repository/Fitur Login User/button_SIGN IN")): Object: 'Object Repository/Fitur Login User/button_SIGN IN' is clicked on

11-02-2024T14:35:01 - [MESSAGE][PASSED] - Object: 'Object Repository/Fitur Login User/button_SIGN IN' is clicked on

11-02-2024T14:35:01 - [TEST_STEP][PASSED] - delay(5): Delayed 5 second(s)

11-02-2024T14:35:06 - [MESSAGE][PASSED] - Delayed 5 second(s)

11-02-2024T14:35:06 - [TEST_STEP][PASSED] - closeBrowser(): Browser is closed

11-02-2024T14:35:06 - [MESSAGE][PASSED] - Browser is closed

11-02-2024T14:35:08 - [TEST_STEP][PASSED] - Video: Video recording for test case 'Test Cases/2 negative test case/14 Gagal login (data driven)' .

11-02-2024T14:35:08 - [MESSAGE][INFO] - Video recording for test case 'Test Cases/2 negative test case/14 Gagal login (data driven)' .]]></system-out>
         <system-err><![CDATA[]]></system-err>
      </testcase>
      <testcase name="Test Cases/2 negative test case/22 Login or Register Facebook" time="11.096" classname="Test Cases/2 negative test case/22 Login or Register Facebook" status="PASSED">
         <system-out><![CDATA[11-02-2024T14:35:08 - [TEST_CASE][PASSED] - Test Cases/2 negative test case/22 Login or Register Facebook: Test Cases/2 negative test case/22 Login or Register Facebook

11-02-2024T14:35:08 - [TEST_STEP][PASSED] - openBrowser(""): Browser is opened with url: ''

11-02-2024T14:35:08 - [MESSAGE][INFO] - Starting 'Chrome' driver

11-02-2024T14:35:08 - [MESSAGE][INFO] - Action delay is set to 0 milliseconds

11-02-2024T14:35:09 - [MESSAGE][PASSED] - Browser is opened with url: ''

11-02-2024T14:35:09 - [TEST_STEP][PASSED] - navigateToUrl("https://advantageonlineshopping.com/"): Navigate to 'https://advantageonlineshopping.com/' successfully

11-02-2024T14:35:11 - [MESSAGE][PASSED] - Navigate to 'https://advantageonlineshopping.com/' successfully

11-02-2024T14:35:11 - [TEST_STEP][PASSED] - click(findTestObject("Object Repository/Fitur register or login facebook/a_CHECKOUT  (0.00)_hrefUserIcon")): Object: 'Object Repository/Fitur register or login facebook/a_CHECKOUT  (0.00)_hrefUserIcon' is clicked on

11-02-2024T14:35:17 - [MESSAGE][PASSED] - Object: 'Object Repository/Fitur register or login facebook/a_CHECKOUT  (0.00)_hrefUserIcon' is clicked on

11-02-2024T14:35:17 - [TEST_STEP][PASSED] - closeBrowser(): Browser is closed

11-02-2024T14:35:17 - [MESSAGE][PASSED] - Browser is closed

11-02-2024T14:35:19 - [TEST_STEP][PASSED] - Video: Video recording for test case 'Test Cases/2 negative test case/22 Login or Register Facebook' .

11-02-2024T14:35:19 - [MESSAGE][INFO] - Video recording for test case 'Test Cases/2 negative test case/22 Login or Register Facebook' .]]></system-out>
         <system-err><![CDATA[]]></system-err>
      </testcase>
      <system-out><![CDATA[11-02-2024T14:33:55 - [TEST_SUITE][PASSED] - 4 negatif test - login and register: Test Cases/2 negative test case/22 Login or Register Facebook]]></system-out>
      <system-err><![CDATA[]]></system-err>
   </testsuite>
   <testsuite name="5 negatif test - search, filter and add to chart" tests="7" failures="0" errors="0" time="206.086" skipped="0" timestamp="11-02-2024T14:35:31" hostname="ACER - LAPTOP-DI70DTOM" id="Test Suites/1 Test Suites/5 negatif test - search, filter and add to chart">
      <properties>
         <property name="deviceName" value=""/>
         <property name="devicePlatform" value=""/>
         <property name="logFolder" value="C:\\Users\\ACER\\git\\Final-Project-QA-WEB\\Reports\\20240211_143343\\1 Test Suites\\5 negatif test - search, filter and add to chart\\20240211_143346"/>
         <property name="logFiles" value="C:\\Users\\ACER\\git\\Final-Project-QA-WEB\\Reports\\20240211_143343\\1 Test Suites\\5 negatif test - search, filter and add to chart\\20240211_143346\\execution0.log"/>
         <property name="attachments" value=""/>
         <property name="hostName" value="ACER - LAPTOP-DI70DTOM"/>
         <property name="os" value="Windows 11 64bit"/>
         <property name="katalonVersion" value="9.3.0.212"/>
         <property name="browser" value="Chrome 121.0.0.0"/>
         <property name="hostAddress" value="192.168.0.151"/>
         <property name="sessionId" value="28b50153a2028444e0f33c46955d591e"/>
         <property name="seleniumVersion" value="3.141.59"/>
         <property name="proxyInformation" value="ProxyInformation { proxyOption=NO_PROXY, proxyServerType=HTTP, username=, password=********, proxyServerAddress=, proxyServerPort=0, executionList=&quot;&quot;, isApplyToDesiredCapabilities=true }"/>
         <property name="platform" value="Windows 11"/>
      </properties>
      <testcase name="Test Cases/2 negative test case/16 invalid filter item" time="33.15" classname="Test Cases/2 negative test case/16 invalid filter item" status="PASSED">
         <system-out><![CDATA[11-02-2024T14:35:31 - [TEST_CASE][PASSED] - Test Cases/2 negative test case/16 invalid filter item: Test Cases/2 negative test case/16 invalid filter item

11-02-2024T14:35:32 - [TEST_STEP][PASSED] - openBrowser(""): Browser is opened with url: ''

11-02-2024T14:35:32 - [MESSAGE][INFO] - Starting 'Chrome' driver

11-02-2024T14:35:32 - [MESSAGE][INFO] - Action delay is set to 0 milliseconds

11-02-2024T14:35:33 - [MESSAGE][PASSED] - Browser is opened with url: ''

11-02-2024T14:35:33 - [TEST_STEP][PASSED] - navigateToUrl("https://advantageonlineshopping.com/"): Navigate to 'https://advantageonlineshopping.com/' successfully

11-02-2024T14:35:36 - [MESSAGE][PASSED] - Navigate to 'https://advantageonlineshopping.com/' successfully

11-02-2024T14:35:36 - [TEST_STEP][PASSED] - click(findTestObject("Object Repository/Invalid filter/svg_CHECKOUT  (0.00)_menuUser")): Object: 'Object Repository/Invalid filter/svg_CHECKOUT  (0.00)_menuUser' is clicked on

11-02-2024T14:35:40 - [MESSAGE][PASSED] - Object: 'Object Repository/Invalid filter/svg_CHECKOUT  (0.00)_menuUser' is clicked on

11-02-2024T14:35:40 - [TEST_STEP][PASSED] - setText(findTestObject("Object Repository/Invalid filter/input_OR_username"), "yudhatesting"): Text 'yudhatesting' is set on object 'Object Repository/Invalid filter/input_OR_username'

11-02-2024T14:35:41 - [MESSAGE][PASSED] - Text 'yudhatesting' is set on object 'Object Repository/Invalid filter/input_OR_username'

11-02-2024T14:35:41 - [TEST_STEP][PASSED] - setEncryptedText(findTestObject("Object Repository/Invalid filter/input_Username_password"), "VjyC/is+sZNhzZxZ8kSNJw=="): Text ****** has been set on object 'Object Repository/Invalid filter/input_Username_password'

11-02-2024T14:35:42 - [MESSAGE][PASSED] - Text ****** has been set on object 'Object Repository/Invalid filter/input_Username_password'

11-02-2024T14:35:42 - [TEST_STEP][PASSED] - click(findTestObject("Object Repository/Invalid filter/button_SIGN IN")): Object: 'Object Repository/Invalid filter/button_SIGN IN' is clicked on

11-02-2024T14:35:42 - [MESSAGE][PASSED] - Object: 'Object Repository/Invalid filter/button_SIGN IN' is clicked on

11-02-2024T14:35:42 - [TEST_STEP][PASSED] - click(findTestObject("Object Repository/Invalid filter/div_SPEAKERS                        Shop Now")): Object: 'Object Repository/Invalid filter/div_SPEAKERS                        Shop Now' is clicked on

11-02-2024T14:35:47 - [MESSAGE][PASSED] - Object: 'Object Repository/Invalid filter/div_SPEAKERS                        Shop Now' is clicked on

11-02-2024T14:35:47 - [TEST_STEP][PASSED] - click(findTestObject("Object Repository/Invalid filter/h4_COLOR")): Object: 'Object Repository/Invalid filter/h4_COLOR' is clicked on

11-02-2024T14:35:50 - [MESSAGE][PASSED] - Object: 'Object Repository/Invalid filter/h4_COLOR' is clicked on

11-02-2024T14:35:50 - [TEST_STEP][PASSED] - click(findTestObject("Object Repository/Invalid filter/a_COLOR_productsColors55CDD5")): Object: 'Object Repository/Invalid filter/a_COLOR_productsColors55CDD5' is clicked on

11-02-2024T14:35:50 - [MESSAGE][PASSED] - Object: 'Object Repository/Invalid filter/a_COLOR_productsColors55CDD5' is clicked on

11-02-2024T14:35:50 - [TEST_STEP][PASSED] - delay(3): Delayed 3 second(s)

11-02-2024T14:35:53 - [MESSAGE][PASSED] - Delayed 3 second(s)

11-02-2024T14:35:53 - [TEST_STEP][PASSED] - click(findTestObject("Object Repository/Invalid filter/h4_WEIGHT")): Object: 'Object Repository/Invalid filter/h4_WEIGHT' is clicked on

11-02-2024T14:35:54 - [MESSAGE][PASSED] - Object: 'Object Repository/Invalid filter/h4_WEIGHT' is clicked on

11-02-2024T14:35:54 - [TEST_STEP][PASSED] - delay(3): Delayed 3 second(s)

11-02-2024T14:35:57 - [MESSAGE][PASSED] - Delayed 3 second(s)

11-02-2024T14:35:57 - [TEST_STEP][PASSED] - click(findTestObject("Object Repository/Invalid filter/input_WEIGHT_weight_1")): Object: 'Object Repository/Invalid filter/input_WEIGHT_weight_1' is clicked on

11-02-2024T14:35:57 - [MESSAGE][PASSED] - Object: 'Object Repository/Invalid filter/input_WEIGHT_weight_1' is clicked on

11-02-2024T14:35:57 - [TEST_STEP][PASSED] - delay(5): Delayed 5 second(s)

11-02-2024T14:36:02 - [MESSAGE][PASSED] - Delayed 5 second(s)

11-02-2024T14:36:02 - [TEST_STEP][PASSED] - closeBrowser(): Browser is closed

11-02-2024T14:36:02 - [MESSAGE][PASSED] - Browser is closed

11-02-2024T14:36:04 - [TEST_STEP][PASSED] - Video: Video recording for test case 'Test Cases/2 negative test case/16 invalid filter item' .

11-02-2024T14:36:04 - [MESSAGE][INFO] - Video recording for test case 'Test Cases/2 negative test case/16 invalid filter item' .]]></system-out>
         <system-err><![CDATA[]]></system-err>
      </testcase>
      <testcase name="Test Cases/2 negative test case/15 delete all item di chart" time="27.273" classname="Test Cases/2 negative test case/15 delete all item di chart" status="PASSED">
         <system-out><![CDATA[11-02-2024T14:36:04 - [TEST_CASE][PASSED] - Test Cases/2 negative test case/15 delete all item di chart: Test Cases/2 negative test case/15 delete all item di chart

11-02-2024T14:36:04 - [TEST_STEP][PASSED] - openBrowser(""): Browser is opened with url: ''

11-02-2024T14:36:04 - [MESSAGE][INFO] - Starting 'Chrome' driver

11-02-2024T14:36:04 - [MESSAGE][INFO] - Action delay is set to 0 milliseconds

11-02-2024T14:36:05 - [MESSAGE][PASSED] - Browser is opened with url: ''

11-02-2024T14:36:05 - [TEST_STEP][PASSED] - navigateToUrl("https://advantageonlineshopping.com/"): Navigate to 'https://advantageonlineshopping.com/' successfully

11-02-2024T14:36:08 - [MESSAGE][PASSED] - Navigate to 'https://advantageonlineshopping.com/' successfully

11-02-2024T14:36:08 - [TEST_STEP][PASSED] - click(findTestObject("Object Repository/fitur delete all chart/div_LAPTOPS                        Shop Now")): Object: 'Object Repository/fitur delete all chart/div_LAPTOPS                        Shop Now' is clicked on

11-02-2024T14:36:12 - [MESSAGE][PASSED] - Object: 'Object Repository/fitur delete all chart/div_LAPTOPS                        Shop Now' is clicked on

11-02-2024T14:36:12 - [TEST_STEP][PASSED] - click(findTestObject("Object Repository/fitur delete all chart/img_SHOP NOW_9")): Object: 'Object Repository/fitur delete all chart/img_SHOP NOW_9' is clicked on

11-02-2024T14:36:14 - [MESSAGE][PASSED] - Object: 'Object Repository/fitur delete all chart/img_SHOP NOW_9' is clicked on

11-02-2024T14:36:14 - [TEST_STEP][PASSED] - click(findTestObject("Object Repository/fitur delete all chart/button_ADD TO CART")): Object: 'Object Repository/fitur delete all chart/button_ADD TO CART' is clicked on

11-02-2024T14:36:17 - [MESSAGE][PASSED] - Object: 'Object Repository/fitur delete all chart/button_ADD TO CART' is clicked on

11-02-2024T14:36:17 - [TEST_STEP][PASSED] - click(findTestObject("Object Repository/fitur delete all chart/a_LAPTOPS")): Object: 'Object Repository/fitur delete all chart/a_LAPTOPS' is clicked on

11-02-2024T14:36:18 - [MESSAGE][PASSED] - Object: 'Object Repository/fitur delete all chart/a_LAPTOPS' is clicked on

11-02-2024T14:36:18 - [TEST_STEP][PASSED] - click(findTestObject("Object Repository/fitur delete all chart/img_SHOP NOW_10")): Object: 'Object Repository/fitur delete all chart/img_SHOP NOW_10' is clicked on

11-02-2024T14:36:19 - [MESSAGE][PASSED] - Object: 'Object Repository/fitur delete all chart/img_SHOP NOW_10' is clicked on

11-02-2024T14:36:19 - [TEST_STEP][PASSED] - click(findTestObject("Object Repository/fitur delete all chart/button_ADD TO CART")): Object: 'Object Repository/fitur delete all chart/button_ADD TO CART' is clicked on

11-02-2024T14:36:19 - [MESSAGE][PASSED] - Object: 'Object Repository/fitur delete all chart/button_ADD TO CART' is clicked on

11-02-2024T14:36:19 - [TEST_STEP][PASSED] - click(findTestObject("Object Repository/fitur delete all chart/a_LAPTOPS")): Object: 'Object Repository/fitur delete all chart/a_LAPTOPS' is clicked on

11-02-2024T14:36:20 - [MESSAGE][PASSED] - Object: 'Object Repository/fitur delete all chart/a_LAPTOPS' is clicked on

11-02-2024T14:36:20 - [TEST_STEP][PASSED] - click(findTestObject("Object Repository/fitur delete all chart/a_2")): Object: 'Object Repository/fitur delete all chart/a_2' is clicked on

11-02-2024T14:36:20 - [MESSAGE][PASSED] - Object: 'Object Repository/fitur delete all chart/a_2' is clicked on

11-02-2024T14:36:20 - [TEST_STEP][PASSED] - click(findTestObject("Object Repository/fitur delete all chart/a_REMOVE")): Object: 'Object Repository/fitur delete all chart/a_REMOVE' is clicked on

11-02-2024T14:36:22 - [MESSAGE][PASSED] - Object: 'Object Repository/fitur delete all chart/a_REMOVE' is clicked on

11-02-2024T14:36:22 - [TEST_STEP][PASSED] - delay(2): Delayed 2 second(s)

11-02-2024T14:36:24 - [MESSAGE][PASSED] - Delayed 2 second(s)

11-02-2024T14:36:24 - [TEST_STEP][PASSED] - click(findTestObject("Object Repository/fitur delete all chart/a_REMOVE")): Object: 'Object Repository/fitur delete all chart/a_REMOVE' is clicked on

11-02-2024T14:36:24 - [MESSAGE][PASSED] - Object: 'Object Repository/fitur delete all chart/a_REMOVE' is clicked on

11-02-2024T14:36:24 - [TEST_STEP][PASSED] - delay(5): Delayed 5 second(s)

11-02-2024T14:36:29 - [MESSAGE][PASSED] - Delayed 5 second(s)

11-02-2024T14:36:29 - [TEST_STEP][PASSED] - closeBrowser(): Browser is closed

11-02-2024T14:36:29 - [MESSAGE][PASSED] - Browser is closed

11-02-2024T14:36:32 - [TEST_STEP][PASSED] - Video: Video recording for test case 'Test Cases/2 negative test case/15 delete all item di chart' .

11-02-2024T14:36:32 - [MESSAGE][INFO] - Video recording for test case 'Test Cases/2 negative test case/15 delete all item di chart' .]]></system-out>
         <system-err><![CDATA[]]></system-err>
      </testcase>
      <testcase name="Test Cases/2 negative test case/19 Search item tidak ada di katalog (data driven)" time="35.36" classname="Test Cases/2 negative test case/19 Search item tidak ada di katalog (data driven)" status="PASSED">
         <system-out><![CDATA[11-02-2024T14:36:32 - [TEST_CASE][PASSED] - Test Cases/2 negative test case/19 Search item tidak ada di katalog (data driven): Test Cases/2 negative test case/19 Search item tidak ada di katalog (data driven)

11-02-2024T14:36:32 - [TEST_STEP][PASSED] - openBrowser(""): Browser is opened with url: ''

11-02-2024T14:36:32 - [MESSAGE][INFO] - Starting 'Chrome' driver

11-02-2024T14:36:32 - [MESSAGE][INFO] - Action delay is set to 0 milliseconds

11-02-2024T14:36:32 - [MESSAGE][PASSED] - Browser is opened with url: ''

11-02-2024T14:36:32 - [TEST_STEP][PASSED] - navigateToUrl("https://advantageonlineshopping.com/"): Navigate to 'https://advantageonlineshopping.com/' successfully

11-02-2024T14:36:35 - [MESSAGE][PASSED] - Navigate to 'https://advantageonlineshopping.com/' successfully

11-02-2024T14:36:35 - [TEST_STEP][PASSED] - click(findTestObject("Object Repository/fitur gagal search/svg_CHECKOUT  (0.00)_menuUser")): Object: 'Object Repository/fitur gagal search/svg_CHECKOUT  (0.00)_menuUser' is clicked on

11-02-2024T14:36:39 - [MESSAGE][PASSED] - Object: 'Object Repository/fitur gagal search/svg_CHECKOUT  (0.00)_menuUser' is clicked on

11-02-2024T14:36:39 - [TEST_STEP][PASSED] - setText(findTestObject("Object Repository/fitur gagal search/input_OR_username"), "yudhatesting"): Text 'yudhatesting' is set on object 'Object Repository/fitur gagal search/input_OR_username'

11-02-2024T14:36:40 - [MESSAGE][PASSED] - Text 'yudhatesting' is set on object 'Object Repository/fitur gagal search/input_OR_username'

11-02-2024T14:36:40 - [TEST_STEP][PASSED] - setEncryptedText(findTestObject("Object Repository/fitur gagal search/input_Username_password"), "VjyC/is+sZNhzZxZ8kSNJw=="): Text ****** has been set on object 'Object Repository/fitur gagal search/input_Username_password'

11-02-2024T14:36:41 - [MESSAGE][PASSED] - Text ****** has been set on object 'Object Repository/fitur gagal search/input_Username_password'

11-02-2024T14:36:41 - [TEST_STEP][PASSED] - click(findTestObject("Object Repository/fitur gagal search/button_SIGN IN")): Object: 'Object Repository/fitur gagal search/button_SIGN IN' is clicked on

11-02-2024T14:36:41 - [MESSAGE][PASSED] - Object: 'Object Repository/fitur gagal search/button_SIGN IN' is clicked on

11-02-2024T14:36:41 - [TEST_STEP][PASSED] - setText(findTestObject("Object Repository/fitur gagal search/input_DEMO_mobile_search"), keyword): Text 'naruto' is set on object 'Object Repository/fitur gagal search/input_DEMO_mobile_search'

11-02-2024T14:36:52 - [MESSAGE][PASSED] - Text 'naruto' is set on object 'Object Repository/fitur gagal search/input_DEMO_mobile_search'

11-02-2024T14:36:52 - [TEST_STEP][PASSED] - sendKeys(findTestObject("Object Repository/fitur gagal search/input_DEMO_mobile_search"), Keys.chord(ENTER)): Keys 'ENTER + ' sent to object: 'Object Repository/fitur gagal search/input_DEMO_mobile_search'

11-02-2024T14:37:00 - [MESSAGE][PASSED] - Keys 'ENTER + ' sent to object: 'Object Repository/fitur gagal search/input_DEMO_mobile_search'

11-02-2024T14:37:00 - [TEST_STEP][PASSED] - delay(5): Delayed 5 second(s)

11-02-2024T14:37:05 - [MESSAGE][PASSED] - Delayed 5 second(s)

11-02-2024T14:37:05 - [TEST_STEP][PASSED] - closeBrowser(): Browser is closed

11-02-2024T14:37:05 - [MESSAGE][PASSED] - Browser is closed

11-02-2024T14:37:07 - [TEST_STEP][PASSED] - Video: Video recording for test case 'Test Cases/2 negative test case/19 Search item tidak ada di katalog (data driven)' .

11-02-2024T14:37:07 - [MESSAGE][INFO] - Video recording for test case 'Test Cases/2 negative test case/19 Search item tidak ada di katalog (data driven)' .]]></system-out>
         <system-err><![CDATA[]]></system-err>
      </testcase>
      <testcase name="Test Cases/2 negative test case/19 Search item tidak ada di katalog (data driven)" time="37.303" classname="Test Cases/2 negative test case/19 Search item tidak ada di katalog (data driven)" status="PASSED">
         <system-out><![CDATA[11-02-2024T14:37:07 - [TEST_CASE][PASSED] - Test Cases/2 negative test case/19 Search item tidak ada di katalog (data driven): Test Cases/2 negative test case/19 Search item tidak ada di katalog (data driven)

11-02-2024T14:37:07 - [TEST_STEP][PASSED] - openBrowser(""): Browser is opened with url: ''

11-02-2024T14:37:07 - [MESSAGE][INFO] - Starting 'Chrome' driver

11-02-2024T14:37:07 - [MESSAGE][INFO] - Action delay is set to 0 milliseconds

11-02-2024T14:37:08 - [MESSAGE][PASSED] - Browser is opened with url: ''

11-02-2024T14:37:08 - [TEST_STEP][PASSED] - navigateToUrl("https://advantageonlineshopping.com/"): Navigate to 'https://advantageonlineshopping.com/' successfully

11-02-2024T14:37:10 - [MESSAGE][PASSED] - Navigate to 'https://advantageonlineshopping.com/' successfully

11-02-2024T14:37:10 - [TEST_STEP][PASSED] - click(findTestObject("Object Repository/fitur gagal search/svg_CHECKOUT  (0.00)_menuUser")): Object: 'Object Repository/fitur gagal search/svg_CHECKOUT  (0.00)_menuUser' is clicked on

11-02-2024T14:37:14 - [MESSAGE][PASSED] - Object: 'Object Repository/fitur gagal search/svg_CHECKOUT  (0.00)_menuUser' is clicked on

11-02-2024T14:37:14 - [TEST_STEP][PASSED] - setText(findTestObject("Object Repository/fitur gagal search/input_OR_username"), "yudhatesting"): Text 'yudhatesting' is set on object 'Object Repository/fitur gagal search/input_OR_username'

11-02-2024T14:37:15 - [MESSAGE][PASSED] - Text 'yudhatesting' is set on object 'Object Repository/fitur gagal search/input_OR_username'

11-02-2024T14:37:15 - [TEST_STEP][PASSED] - setEncryptedText(findTestObject("Object Repository/fitur gagal search/input_Username_password"), "VjyC/is+sZNhzZxZ8kSNJw=="): Text ****** has been set on object 'Object Repository/fitur gagal search/input_Username_password'

11-02-2024T14:37:16 - [MESSAGE][PASSED] - Text ****** has been set on object 'Object Repository/fitur gagal search/input_Username_password'

11-02-2024T14:37:16 - [TEST_STEP][PASSED] - click(findTestObject("Object Repository/fitur gagal search/button_SIGN IN")): Object: 'Object Repository/fitur gagal search/button_SIGN IN' is clicked on

11-02-2024T14:37:17 - [MESSAGE][PASSED] - Object: 'Object Repository/fitur gagal search/button_SIGN IN' is clicked on

11-02-2024T14:37:17 - [TEST_STEP][PASSED] - setText(findTestObject("Object Repository/fitur gagal search/input_DEMO_mobile_search"), keyword): Text 'one piece' is set on object 'Object Repository/fitur gagal search/input_DEMO_mobile_search'

11-02-2024T14:37:27 - [MESSAGE][PASSED] - Text 'one piece' is set on object 'Object Repository/fitur gagal search/input_DEMO_mobile_search'

11-02-2024T14:37:27 - [TEST_STEP][PASSED] - sendKeys(findTestObject("Object Repository/fitur gagal search/input_DEMO_mobile_search"), Keys.chord(ENTER)): Keys 'ENTER + ' sent to object: 'Object Repository/fitur gagal search/input_DEMO_mobile_search'

11-02-2024T14:37:37 - [MESSAGE][PASSED] - Keys 'ENTER + ' sent to object: 'Object Repository/fitur gagal search/input_DEMO_mobile_search'

11-02-2024T14:37:37 - [TEST_STEP][PASSED] - delay(5): Delayed 5 second(s)

11-02-2024T14:37:42 - [MESSAGE][PASSED] - Delayed 5 second(s)

11-02-2024T14:37:42 - [TEST_STEP][PASSED] - closeBrowser(): Browser is closed

11-02-2024T14:37:42 - [MESSAGE][PASSED] - Browser is closed

11-02-2024T14:37:44 - [TEST_STEP][PASSED] - Video: Video recording for test case 'Test Cases/2 negative test case/19 Search item tidak ada di katalog (data driven)' .

11-02-2024T14:37:44 - [MESSAGE][INFO] - Video recording for test case 'Test Cases/2 negative test case/19 Search item tidak ada di katalog (data driven)' .]]></system-out>
         <system-err><![CDATA[]]></system-err>
      </testcase>
      <testcase name="Test Cases/2 negative test case/19 Search item tidak ada di katalog (data driven)" time="32.179" classname="Test Cases/2 negative test case/19 Search item tidak ada di katalog (data driven)" status="PASSED">
         <system-out><![CDATA[11-02-2024T14:37:44 - [TEST_CASE][PASSED] - Test Cases/2 negative test case/19 Search item tidak ada di katalog (data driven): Test Cases/2 negative test case/19 Search item tidak ada di katalog (data driven)

11-02-2024T14:37:44 - [TEST_STEP][PASSED] - openBrowser(""): Browser is opened with url: ''

11-02-2024T14:37:44 - [MESSAGE][INFO] - Starting 'Chrome' driver

11-02-2024T14:37:44 - [MESSAGE][INFO] - Action delay is set to 0 milliseconds

11-02-2024T14:37:45 - [MESSAGE][PASSED] - Browser is opened with url: ''

11-02-2024T14:37:45 - [TEST_STEP][PASSED] - navigateToUrl("https://advantageonlineshopping.com/"): Navigate to 'https://advantageonlineshopping.com/' successfully

11-02-2024T14:37:48 - [MESSAGE][PASSED] - Navigate to 'https://advantageonlineshopping.com/' successfully

11-02-2024T14:37:48 - [TEST_STEP][PASSED] - click(findTestObject("Object Repository/fitur gagal search/svg_CHECKOUT  (0.00)_menuUser")): Object: 'Object Repository/fitur gagal search/svg_CHECKOUT  (0.00)_menuUser' is clicked on

11-02-2024T14:37:51 - [MESSAGE][PASSED] - Object: 'Object Repository/fitur gagal search/svg_CHECKOUT  (0.00)_menuUser' is clicked on

11-02-2024T14:37:51 - [TEST_STEP][PASSED] - setText(findTestObject("Object Repository/fitur gagal search/input_OR_username"), "yudhatesting"): Text 'yudhatesting' is set on object 'Object Repository/fitur gagal search/input_OR_username'

11-02-2024T14:37:52 - [MESSAGE][PASSED] - Text 'yudhatesting' is set on object 'Object Repository/fitur gagal search/input_OR_username'

11-02-2024T14:37:52 - [TEST_STEP][PASSED] - setEncryptedText(findTestObject("Object Repository/fitur gagal search/input_Username_password"), "VjyC/is+sZNhzZxZ8kSNJw=="): Text ****** has been set on object 'Object Repository/fitur gagal search/input_Username_password'

11-02-2024T14:37:54 - [MESSAGE][PASSED] - Text ****** has been set on object 'Object Repository/fitur gagal search/input_Username_password'

11-02-2024T14:37:54 - [TEST_STEP][PASSED] - click(findTestObject("Object Repository/fitur gagal search/button_SIGN IN")): Object: 'Object Repository/fitur gagal search/button_SIGN IN' is clicked on

11-02-2024T14:37:54 - [MESSAGE][PASSED] - Object: 'Object Repository/fitur gagal search/button_SIGN IN' is clicked on

11-02-2024T14:37:54 - [TEST_STEP][PASSED] - setText(findTestObject("Object Repository/fitur gagal search/input_DEMO_mobile_search"), keyword): Text 'bleach' is set on object 'Object Repository/fitur gagal search/input_DEMO_mobile_search'

11-02-2024T14:38:02 - [MESSAGE][PASSED] - Text 'bleach' is set on object 'Object Repository/fitur gagal search/input_DEMO_mobile_search'

11-02-2024T14:38:02 - [TEST_STEP][PASSED] - sendKeys(findTestObject("Object Repository/fitur gagal search/input_DEMO_mobile_search"), Keys.chord(ENTER)): Keys 'ENTER + ' sent to object: 'Object Repository/fitur gagal search/input_DEMO_mobile_search'

11-02-2024T14:38:09 - [MESSAGE][PASSED] - Keys 'ENTER + ' sent to object: 'Object Repository/fitur gagal search/input_DEMO_mobile_search'

11-02-2024T14:38:09 - [TEST_STEP][PASSED] - delay(5): Delayed 5 second(s)

11-02-2024T14:38:14 - [MESSAGE][PASSED] - Delayed 5 second(s)

11-02-2024T14:38:14 - [TEST_STEP][PASSED] - closeBrowser(): Browser is closed

11-02-2024T14:38:14 - [MESSAGE][PASSED] - Browser is closed

11-02-2024T14:38:16 - [TEST_STEP][PASSED] - Video: Video recording for test case 'Test Cases/2 negative test case/19 Search item tidak ada di katalog (data driven)' .

11-02-2024T14:38:16 - [MESSAGE][INFO] - Video recording for test case 'Test Cases/2 negative test case/19 Search item tidak ada di katalog (data driven)' .]]></system-out>
         <system-err><![CDATA[]]></system-err>
      </testcase>
      <testcase name="Test Cases/2 negative test case/18 Gagal mengisi form contact us (data driven)" time="20.196" classname="Test Cases/2 negative test case/18 Gagal mengisi form contact us (data driven)" status="PASSED">
         <system-out><![CDATA[11-02-2024T14:38:16 - [TEST_CASE][PASSED] - Test Cases/2 negative test case/18 Gagal mengisi form contact us (data driven): Test Cases/2 negative test case/18 Gagal mengisi form contact us (data driven)

11-02-2024T14:38:17 - [TEST_STEP][PASSED] - openBrowser(""): Browser is opened with url: ''

11-02-2024T14:38:17 - [MESSAGE][INFO] - Starting 'Chrome' driver

11-02-2024T14:38:17 - [MESSAGE][INFO] - Action delay is set to 0 milliseconds

11-02-2024T14:38:17 - [MESSAGE][PASSED] - Browser is opened with url: ''

11-02-2024T14:38:17 - [TEST_STEP][PASSED] - navigateToUrl("https://advantageonlineshopping.com/"): Navigate to 'https://advantageonlineshopping.com/' successfully

11-02-2024T14:38:20 - [MESSAGE][PASSED] - Navigate to 'https://advantageonlineshopping.com/' successfully

11-02-2024T14:38:20 - [TEST_STEP][PASSED] - selectOptionByValue(findTestObject("Object Repository/fitur contact us/select_Select CategoryLaptopsHeadphonesTabl_1ef56f"), "object:60", true): All options with value 'object:60' are selected in object 'Object Repository/fitur contact us/select_Select CategoryLaptopsHeadphonesTabl_1ef56f'  using regular expression

11-02-2024T14:38:24 - [MESSAGE][PASSED] - All options with value 'object:60' are selected in object 'Object Repository/fitur contact us/select_Select CategoryLaptopsHeadphonesTabl_1ef56f'  using regular expression

11-02-2024T14:38:24 - [TEST_STEP][PASSED] - selectOptionByValue(findTestObject("Object Repository/fitur contact us/select_Select ProductHP Chromebook 14 G1(EN_361ba3"), "object:123", true): All options with value 'object:123' are selected in object 'Object Repository/fitur contact us/select_Select ProductHP Chromebook 14 G1(EN_361ba3'  using regular expression

11-02-2024T14:38:26 - [MESSAGE][PASSED] - All options with value 'object:123' are selected in object 'Object Repository/fitur contact us/select_Select ProductHP Chromebook 14 G1(EN_361ba3'  using regular expression

11-02-2024T14:38:26 - [TEST_STEP][PASSED] - setText(findTestObject("Object Repository/fitur contact us/input__emailContactUs"), email): Text 'yudhatesting' is set on object 'Object Repository/fitur contact us/input__emailContactUs'

11-02-2024T14:38:27 - [MESSAGE][PASSED] - Text 'yudhatesting' is set on object 'Object Repository/fitur contact us/input__emailContactUs'

11-02-2024T14:38:27 - [TEST_STEP][PASSED] - setText(findTestObject("Object Repository/fitur contact us/textarea__subjectTextareaContactUs"), subject): Text 'this product so cool!' is set on object 'Object Repository/fitur contact us/textarea__subjectTextareaContactUs'

11-02-2024T14:38:29 - [MESSAGE][PASSED] - Text 'this product so cool!' is set on object 'Object Repository/fitur contact us/textarea__subjectTextareaContactUs'

11-02-2024T14:38:29 - [TEST_STEP][PASSED] - click(findTestObject("Object Repository/fitur contact us/button_SEND")): Object: 'Object Repository/fitur contact us/button_SEND' is clicked on

11-02-2024T14:38:29 - [MESSAGE][PASSED] - Object: 'Object Repository/fitur contact us/button_SEND' is clicked on

11-02-2024T14:38:29 - [TEST_STEP][PASSED] - delay(5): Delayed 5 second(s)

11-02-2024T14:38:34 - [MESSAGE][PASSED] - Delayed 5 second(s)

11-02-2024T14:38:34 - [TEST_STEP][PASSED] - closeBrowser(): Browser is closed

11-02-2024T14:38:35 - [MESSAGE][PASSED] - Browser is closed

11-02-2024T14:38:37 - [TEST_STEP][PASSED] - Video: Video recording for test case 'Test Cases/2 negative test case/18 Gagal mengisi form contact us (data driven)' .

11-02-2024T14:38:37 - [MESSAGE][INFO] - Video recording for test case 'Test Cases/2 negative test case/18 Gagal mengisi form contact us (data driven)' .]]></system-out>
         <system-err><![CDATA[]]></system-err>
      </testcase>
      <testcase name="Test Cases/2 negative test case/18 Gagal mengisi form contact us (data driven)" time="20.345" classname="Test Cases/2 negative test case/18 Gagal mengisi form contact us (data driven)" status="PASSED">
         <system-out><![CDATA[11-02-2024T14:38:37 - [TEST_CASE][PASSED] - Test Cases/2 negative test case/18 Gagal mengisi form contact us (data driven): Test Cases/2 negative test case/18 Gagal mengisi form contact us (data driven)

11-02-2024T14:38:37 - [TEST_STEP][PASSED] - openBrowser(""): Browser is opened with url: ''

11-02-2024T14:38:37 - [MESSAGE][INFO] - Starting 'Chrome' driver

11-02-2024T14:38:37 - [MESSAGE][INFO] - Action delay is set to 0 milliseconds

11-02-2024T14:38:37 - [MESSAGE][PASSED] - Browser is opened with url: ''

11-02-2024T14:38:37 - [TEST_STEP][PASSED] - navigateToUrl("https://advantageonlineshopping.com/"): Navigate to 'https://advantageonlineshopping.com/' successfully

11-02-2024T14:38:40 - [MESSAGE][PASSED] - Navigate to 'https://advantageonlineshopping.com/' successfully

11-02-2024T14:38:40 - [TEST_STEP][PASSED] - selectOptionByValue(findTestObject("Object Repository/fitur contact us/select_Select CategoryLaptopsHeadphonesTabl_1ef56f"), "object:60", true): All options with value 'object:60' are selected in object 'Object Repository/fitur contact us/select_Select CategoryLaptopsHeadphonesTabl_1ef56f'  using regular expression

11-02-2024T14:38:45 - [MESSAGE][PASSED] - All options with value 'object:60' are selected in object 'Object Repository/fitur contact us/select_Select CategoryLaptopsHeadphonesTabl_1ef56f'  using regular expression

11-02-2024T14:38:45 - [TEST_STEP][PASSED] - selectOptionByValue(findTestObject("Object Repository/fitur contact us/select_Select ProductHP Chromebook 14 G1(EN_361ba3"), "object:123", true): All options with value 'object:123' are selected in object 'Object Repository/fitur contact us/select_Select ProductHP Chromebook 14 G1(EN_361ba3'  using regular expression

11-02-2024T14:38:46 - [MESSAGE][PASSED] - All options with value 'object:123' are selected in object 'Object Repository/fitur contact us/select_Select ProductHP Chromebook 14 G1(EN_361ba3'  using regular expression

11-02-2024T14:38:46 - [TEST_STEP][PASSED] - setText(findTestObject("Object Repository/fitur contact us/input__emailContactUs"), email): Text 'yudhatesting2' is set on object 'Object Repository/fitur contact us/input__emailContactUs'

11-02-2024T14:38:48 - [MESSAGE][PASSED] - Text 'yudhatesting2' is set on object 'Object Repository/fitur contact us/input__emailContactUs'

11-02-2024T14:38:48 - [TEST_STEP][PASSED] - setText(findTestObject("Object Repository/fitur contact us/textarea__subjectTextareaContactUs"), subject): Text 'I want to buy this product' is set on object 'Object Repository/fitur contact us/textarea__subjectTextareaContactUs'

11-02-2024T14:38:49 - [MESSAGE][PASSED] - Text 'I want to buy this product' is set on object 'Object Repository/fitur contact us/textarea__subjectTextareaContactUs'

11-02-2024T14:38:49 - [TEST_STEP][PASSED] - click(findTestObject("Object Repository/fitur contact us/button_SEND")): Object: 'Object Repository/fitur contact us/button_SEND' is clicked on

11-02-2024T14:38:50 - [MESSAGE][PASSED] - Object: 'Object Repository/fitur contact us/button_SEND' is clicked on

11-02-2024T14:38:50 - [TEST_STEP][PASSED] - delay(5): Delayed 5 second(s)

11-02-2024T14:38:55 - [MESSAGE][PASSED] - Delayed 5 second(s)

11-02-2024T14:38:55 - [TEST_STEP][PASSED] - closeBrowser(): Browser is closed

11-02-2024T14:38:55 - [MESSAGE][PASSED] - Browser is closed

11-02-2024T14:38:57 - [TEST_STEP][PASSED] - Video: Video recording for test case 'Test Cases/2 negative test case/18 Gagal mengisi form contact us (data driven)' .

11-02-2024T14:38:57 - [MESSAGE][INFO] - Video recording for test case 'Test Cases/2 negative test case/18 Gagal mengisi form contact us (data driven)' .]]></system-out>
         <system-err><![CDATA[]]></system-err>
      </testcase>
      <system-out><![CDATA[11-02-2024T14:35:31 - [TEST_SUITE][PASSED] - 5 negatif test - search, filter and add to chart: Test Cases/2 negative test case/18 Gagal mengisi form contact us (data driven)]]></system-out>
      <system-err><![CDATA[]]></system-err>
   </testsuite>
   <testsuite name="6 negatif test - checkout" tests="3" failures="0" errors="0" time="96.69" skipped="0" timestamp="11-02-2024T14:39:08" hostname="ACER - LAPTOP-DI70DTOM" id="Test Suites/1 Test Suites/6 negatif test - checkout">
      <properties>
         <property name="deviceName" value=""/>
         <property name="devicePlatform" value=""/>
         <property name="logFolder" value="C:\\Users\\ACER\\git\\Final-Project-QA-WEB\\Reports\\20240211_143343\\1 Test Suites\\6 negatif test - checkout\\20240211_143348"/>
         <property name="logFiles" value="C:\\Users\\ACER\\git\\Final-Project-QA-WEB\\Reports\\20240211_143343\\1 Test Suites\\6 negatif test - checkout\\20240211_143348\\execution0.log"/>
         <property name="attachments" value=""/>
         <property name="hostName" value="ACER - LAPTOP-DI70DTOM"/>
         <property name="os" value="Windows 11 64bit"/>
         <property name="katalonVersion" value="9.3.0.212"/>
         <property name="browser" value="Chrome 121.0.0.0"/>
         <property name="hostAddress" value="192.168.0.151"/>
         <property name="sessionId" value="d44a4a7f26e5a7d688de3dbaa06a7748"/>
         <property name="seleniumVersion" value="3.141.59"/>
         <property name="proxyInformation" value="ProxyInformation { proxyOption=NO_PROXY, proxyServerType=HTTP, username=, password=********, proxyServerAddress=, proxyServerPort=0, executionList=&quot;&quot;, isApplyToDesiredCapabilities=true }"/>
         <property name="platform" value="Windows 11"/>
      </properties>
      <testcase name="Test Cases/2 negative test case/17 gagal checkout (data driven)" time="28.511" classname="Test Cases/2 negative test case/17 gagal checkout (data driven)" status="PASSED">
         <system-out><![CDATA[11-02-2024T14:39:08 - [TEST_CASE][PASSED] - Test Cases/2 negative test case/17 gagal checkout (data driven): Test Cases/2 negative test case/17 gagal checkout (data driven)

11-02-2024T14:39:08 - [TEST_STEP][PASSED] - openBrowser(""): Browser is opened with url: ''

11-02-2024T14:39:09 - [MESSAGE][INFO] - Starting 'Chrome' driver

11-02-2024T14:39:09 - [MESSAGE][INFO] - Action delay is set to 0 milliseconds

11-02-2024T14:39:10 - [MESSAGE][PASSED] - Browser is opened with url: ''

11-02-2024T14:39:10 - [TEST_STEP][PASSED] - navigateToUrl("https://advantageonlineshopping.com/"): Navigate to 'https://advantageonlineshopping.com/' successfully

11-02-2024T14:39:13 - [MESSAGE][PASSED] - Navigate to 'https://advantageonlineshopping.com/' successfully

11-02-2024T14:39:13 - [TEST_STEP][PASSED] - click(findTestObject("Object Repository/Fitur gagal checkout/div_MICE                        Shop Now")): Object: 'Object Repository/Fitur gagal checkout/div_MICE                        Shop Now' is clicked on

11-02-2024T14:39:17 - [MESSAGE][PASSED] - Object: 'Object Repository/Fitur gagal checkout/div_MICE                        Shop Now' is clicked on

11-02-2024T14:39:17 - [TEST_STEP][PASSED] - click(findTestObject("Object Repository/Fitur gagal checkout/img_SHOP NOW_29")): Object: 'Object Repository/Fitur gagal checkout/img_SHOP NOW_29' is clicked on

11-02-2024T14:39:19 - [MESSAGE][PASSED] - Object: 'Object Repository/Fitur gagal checkout/img_SHOP NOW_29' is clicked on

11-02-2024T14:39:20 - [TEST_STEP][PASSED] - click(findTestObject("Object Repository/Fitur gagal checkout/div_Quantity_plus")): Object: 'Object Repository/Fitur gagal checkout/div_Quantity_plus' is clicked on

11-02-2024T14:39:23 - [MESSAGE][PASSED] - Object: 'Object Repository/Fitur gagal checkout/div_Quantity_plus' is clicked on

11-02-2024T14:39:23 - [TEST_STEP][PASSED] - click(findTestObject("Object Repository/Fitur gagal checkout/div_Quantity_plus")): Object: 'Object Repository/Fitur gagal checkout/div_Quantity_plus' is clicked on

11-02-2024T14:39:23 - [MESSAGE][PASSED] - Object: 'Object Repository/Fitur gagal checkout/div_Quantity_plus' is clicked on

11-02-2024T14:39:23 - [TEST_STEP][PASSED] - click(findTestObject("Object Repository/Fitur gagal checkout/button_ADD TO CART")): Object: 'Object Repository/Fitur gagal checkout/button_ADD TO CART' is clicked on

11-02-2024T14:39:24 - [MESSAGE][PASSED] - Object: 'Object Repository/Fitur gagal checkout/button_ADD TO CART' is clicked on

11-02-2024T14:39:24 - [TEST_STEP][PASSED] - click(findTestObject("Object Repository/Fitur gagal checkout/a_3")): Object: 'Object Repository/Fitur gagal checkout/a_3' is clicked on

11-02-2024T14:39:25 - [MESSAGE][PASSED] - Object: 'Object Repository/Fitur gagal checkout/a_3' is clicked on

11-02-2024T14:39:25 - [TEST_STEP][PASSED] - click(findTestObject("Object Repository/Fitur gagal checkout/button_CHECKOUT (29.97)")): Object: 'Object Repository/Fitur gagal checkout/button_CHECKOUT (29.97)' is clicked on

11-02-2024T14:39:25 - [MESSAGE][PASSED] - Object: 'Object Repository/Fitur gagal checkout/button_CHECKOUT (29.97)' is clicked on

11-02-2024T14:39:25 - [TEST_STEP][PASSED] - setText(findTestObject("Object Repository/Fitur gagal checkout/input_Already have an account_usernameInOrd_818284"), username): Text 'yudhatesting' is set on object 'Object Repository/Fitur gagal checkout/input_Already have an account_usernameInOrd_818284'

11-02-2024T14:39:27 - [MESSAGE][PASSED] - Text 'yudhatesting' is set on object 'Object Repository/Fitur gagal checkout/input_Already have an account_usernameInOrd_818284'

11-02-2024T14:39:27 - [TEST_STEP][PASSED] - setText(findTestObject("Object Repository/Fitur gagal checkout/input_Username_passwordInOrderPayment"), password): Text '12345678' is set on object 'Object Repository/Fitur gagal checkout/input_Username_passwordInOrderPayment'

11-02-2024T14:39:28 - [MESSAGE][PASSED] - Text '12345678' is set on object 'Object Repository/Fitur gagal checkout/input_Username_passwordInOrderPayment'

11-02-2024T14:39:28 - [TEST_STEP][PASSED] - click(findTestObject("Object Repository/Fitur gagal checkout/button_LOGIN")): Object: 'Object Repository/Fitur gagal checkout/button_LOGIN' is clicked on

11-02-2024T14:39:29 - [MESSAGE][PASSED] - Object: 'Object Repository/Fitur gagal checkout/button_LOGIN' is clicked on

11-02-2024T14:39:29 - [TEST_STEP][PASSED] - delay(5): Delayed 5 second(s)

11-02-2024T14:39:34 - [MESSAGE][PASSED] - Delayed 5 second(s)

11-02-2024T14:39:34 - [TEST_STEP][PASSED] - closeBrowser(): Browser is closed

11-02-2024T14:39:34 - [MESSAGE][PASSED] - Browser is closed

11-02-2024T14:39:36 - [TEST_STEP][PASSED] - Video: Video recording for test case 'Test Cases/2 negative test case/17 gagal checkout (data driven)' .

11-02-2024T14:39:36 - [MESSAGE][INFO] - Video recording for test case 'Test Cases/2 negative test case/17 gagal checkout (data driven)' .]]></system-out>
         <system-err><![CDATA[]]></system-err>
      </testcase>
      <testcase name="Test Cases/2 negative test case/17 gagal checkout (data driven)" time="25.385" classname="Test Cases/2 negative test case/17 gagal checkout (data driven)" status="PASSED">
         <system-out><![CDATA[11-02-2024T14:39:36 - [TEST_CASE][PASSED] - Test Cases/2 negative test case/17 gagal checkout (data driven): Test Cases/2 negative test case/17 gagal checkout (data driven)

11-02-2024T14:39:36 - [TEST_STEP][PASSED] - openBrowser(""): Browser is opened with url: ''

11-02-2024T14:39:36 - [MESSAGE][INFO] - Starting 'Chrome' driver

11-02-2024T14:39:36 - [MESSAGE][INFO] - Action delay is set to 0 milliseconds

11-02-2024T14:39:37 - [MESSAGE][PASSED] - Browser is opened with url: ''

11-02-2024T14:39:37 - [TEST_STEP][PASSED] - navigateToUrl("https://advantageonlineshopping.com/"): Navigate to 'https://advantageonlineshopping.com/' successfully

11-02-2024T14:39:40 - [MESSAGE][PASSED] - Navigate to 'https://advantageonlineshopping.com/' successfully

11-02-2024T14:39:40 - [TEST_STEP][PASSED] - click(findTestObject("Object Repository/Fitur gagal checkout/div_MICE                        Shop Now")): Object: 'Object Repository/Fitur gagal checkout/div_MICE                        Shop Now' is clicked on

11-02-2024T14:39:44 - [MESSAGE][PASSED] - Object: 'Object Repository/Fitur gagal checkout/div_MICE                        Shop Now' is clicked on

11-02-2024T14:39:44 - [TEST_STEP][PASSED] - click(findTestObject("Object Repository/Fitur gagal checkout/img_SHOP NOW_29")): Object: 'Object Repository/Fitur gagal checkout/img_SHOP NOW_29' is clicked on

11-02-2024T14:39:46 - [MESSAGE][PASSED] - Object: 'Object Repository/Fitur gagal checkout/img_SHOP NOW_29' is clicked on

11-02-2024T14:39:46 - [TEST_STEP][PASSED] - click(findTestObject("Object Repository/Fitur gagal checkout/div_Quantity_plus")): Object: 'Object Repository/Fitur gagal checkout/div_Quantity_plus' is clicked on

11-02-2024T14:39:49 - [MESSAGE][PASSED] - Object: 'Object Repository/Fitur gagal checkout/div_Quantity_plus' is clicked on

11-02-2024T14:39:49 - [TEST_STEP][PASSED] - click(findTestObject("Object Repository/Fitur gagal checkout/div_Quantity_plus")): Object: 'Object Repository/Fitur gagal checkout/div_Quantity_plus' is clicked on

11-02-2024T14:39:49 - [MESSAGE][PASSED] - Object: 'Object Repository/Fitur gagal checkout/div_Quantity_plus' is clicked on

11-02-2024T14:39:49 - [TEST_STEP][PASSED] - click(findTestObject("Object Repository/Fitur gagal checkout/button_ADD TO CART")): Object: 'Object Repository/Fitur gagal checkout/button_ADD TO CART' is clicked on

11-02-2024T14:39:50 - [MESSAGE][PASSED] - Object: 'Object Repository/Fitur gagal checkout/button_ADD TO CART' is clicked on

11-02-2024T14:39:50 - [TEST_STEP][PASSED] - click(findTestObject("Object Repository/Fitur gagal checkout/a_3")): Object: 'Object Repository/Fitur gagal checkout/a_3' is clicked on

11-02-2024T14:39:50 - [MESSAGE][PASSED] - Object: 'Object Repository/Fitur gagal checkout/a_3' is clicked on

11-02-2024T14:39:50 - [TEST_STEP][PASSED] - click(findTestObject("Object Repository/Fitur gagal checkout/button_CHECKOUT (29.97)")): Object: 'Object Repository/Fitur gagal checkout/button_CHECKOUT (29.97)' is clicked on

11-02-2024T14:39:51 - [MESSAGE][PASSED] - Object: 'Object Repository/Fitur gagal checkout/button_CHECKOUT (29.97)' is clicked on

11-02-2024T14:39:51 - [TEST_STEP][PASSED] - setText(findTestObject("Object Repository/Fitur gagal checkout/input_Already have an account_usernameInOrd_818284"), username): Text 'yudhatesting2' is set on object 'Object Repository/Fitur gagal checkout/input_Already have an account_usernameInOrd_818284'

11-02-2024T14:39:52 - [MESSAGE][PASSED] - Text 'yudhatesting2' is set on object 'Object Repository/Fitur gagal checkout/input_Already have an account_usernameInOrd_818284'

11-02-2024T14:39:52 - [TEST_STEP][PASSED] - setText(findTestObject("Object Repository/Fitur gagal checkout/input_Username_passwordInOrderPayment"), password): Text '12345678' is set on object 'Object Repository/Fitur gagal checkout/input_Username_passwordInOrderPayment'

11-02-2024T14:39:54 - [MESSAGE][PASSED] - Text '12345678' is set on object 'Object Repository/Fitur gagal checkout/input_Username_passwordInOrderPayment'

11-02-2024T14:39:54 - [TEST_STEP][PASSED] - click(findTestObject("Object Repository/Fitur gagal checkout/button_LOGIN")): Object: 'Object Repository/Fitur gagal checkout/button_LOGIN' is clicked on

11-02-2024T14:39:54 - [MESSAGE][PASSED] - Object: 'Object Repository/Fitur gagal checkout/button_LOGIN' is clicked on

11-02-2024T14:39:54 - [TEST_STEP][PASSED] - delay(5): Delayed 5 second(s)

11-02-2024T14:39:59 - [MESSAGE][PASSED] - Delayed 5 second(s)

11-02-2024T14:39:59 - [TEST_STEP][PASSED] - closeBrowser(): Browser is closed

11-02-2024T14:40:00 - [MESSAGE][PASSED] - Browser is closed

11-02-2024T14:40:02 - [TEST_STEP][PASSED] - Video: Video recording for test case 'Test Cases/2 negative test case/17 gagal checkout (data driven)' .

11-02-2024T14:40:02 - [MESSAGE][INFO] - Video recording for test case 'Test Cases/2 negative test case/17 gagal checkout (data driven)' .]]></system-out>
         <system-err><![CDATA[]]></system-err>
      </testcase>
      <testcase name="Test Cases/2 negative test case/21 invalid safepay payment method" time="42.544" classname="Test Cases/2 negative test case/21 invalid safepay payment method" status="PASSED">
         <system-out><![CDATA[11-02-2024T14:40:02 - [TEST_CASE][PASSED] - Test Cases/2 negative test case/21 invalid safepay payment method: Test Cases/2 negative test case/21 invalid safepay payment method

11-02-2024T14:40:02 - [TEST_STEP][PASSED] - openBrowser(""): Browser is opened with url: ''

11-02-2024T14:40:02 - [MESSAGE][INFO] - Starting 'Chrome' driver

11-02-2024T14:40:02 - [MESSAGE][INFO] - Action delay is set to 0 milliseconds

11-02-2024T14:40:03 - [MESSAGE][PASSED] - Browser is opened with url: ''

11-02-2024T14:40:03 - [TEST_STEP][PASSED] - navigateToUrl("https://advantageonlineshopping.com/"): Navigate to 'https://advantageonlineshopping.com/' successfully

11-02-2024T14:40:05 - [MESSAGE][PASSED] - Navigate to 'https://advantageonlineshopping.com/' successfully

11-02-2024T14:40:05 - [TEST_STEP][PASSED] - click(findTestObject("Object Repository/fitur gagal safepay payment/svg_CHECKOUT  (0.00)_menuUser")): Object: 'Object Repository/fitur gagal safepay payment/svg_CHECKOUT  (0.00)_menuUser' is clicked on

11-02-2024T14:40:09 - [MESSAGE][PASSED] - Object: 'Object Repository/fitur gagal safepay payment/svg_CHECKOUT  (0.00)_menuUser' is clicked on

11-02-2024T14:40:09 - [TEST_STEP][PASSED] - setText(findTestObject("Object Repository/fitur gagal safepay payment/input_OR_username"), "yudhatesting"): Text 'yudhatesting' is set on object 'Object Repository/fitur gagal safepay payment/input_OR_username'

11-02-2024T14:40:10 - [MESSAGE][PASSED] - Text 'yudhatesting' is set on object 'Object Repository/fitur gagal safepay payment/input_OR_username'

11-02-2024T14:40:10 - [TEST_STEP][PASSED] - setEncryptedText(findTestObject("Object Repository/fitur gagal safepay payment/input_Username_password"), "VjyC/is+sZNhzZxZ8kSNJw=="): Text ****** has been set on object 'Object Repository/fitur gagal safepay payment/input_Username_password'

11-02-2024T14:40:11 - [MESSAGE][PASSED] - Text ****** has been set on object 'Object Repository/fitur gagal safepay payment/input_Username_password'

11-02-2024T14:40:11 - [TEST_STEP][PASSED] - click(findTestObject("Object Repository/fitur gagal safepay payment/button_SIGN IN")): Object: 'Object Repository/fitur gagal safepay payment/button_SIGN IN' is clicked on

11-02-2024T14:40:11 - [MESSAGE][PASSED] - Object: 'Object Repository/fitur gagal safepay payment/button_SIGN IN' is clicked on

11-02-2024T14:40:11 - [TEST_STEP][PASSED] - click(findTestObject("Object Repository/fitur gagal safepay payment/div_TABLETS                        Shop Now")): Object: 'Object Repository/fitur gagal safepay payment/div_TABLETS                        Shop Now' is clicked on

11-02-2024T14:40:16 - [MESSAGE][PASSED] - Object: 'Object Repository/fitur gagal safepay payment/div_TABLETS                        Shop Now' is clicked on

11-02-2024T14:40:16 - [TEST_STEP][PASSED] - click(findTestObject("Object Repository/fitur gagal safepay payment/img_SHOP NOW_16")): Object: 'Object Repository/fitur gagal safepay payment/img_SHOP NOW_16' is clicked on

11-02-2024T14:40:19 - [MESSAGE][PASSED] - Object: 'Object Repository/fitur gagal safepay payment/img_SHOP NOW_16' is clicked on

11-02-2024T14:40:19 - [TEST_STEP][PASSED] - click(findTestObject("Object Repository/fitur gagal safepay payment/button_ADD TO CART")): Object: 'Object Repository/fitur gagal safepay payment/button_ADD TO CART' is clicked on

11-02-2024T14:40:26 - [MESSAGE][PASSED] - Object: 'Object Repository/fitur gagal safepay payment/button_ADD TO CART' is clicked on

11-02-2024T14:40:26 - [TEST_STEP][PASSED] - click(findTestObject("Object Repository/fitur gagal safepay payment/a_4")): Object: 'Object Repository/fitur gagal safepay payment/a_4' is clicked on

11-02-2024T14:40:30 - [MESSAGE][PASSED] - Object: 'Object Repository/fitur gagal safepay payment/a_4' is clicked on

11-02-2024T14:40:30 - [TEST_STEP][PASSED] - click(findTestObject("Object Repository/fitur gagal safepay payment/button_CHECKOUT (3,296.99)")): Object: 'Object Repository/fitur gagal safepay payment/button_CHECKOUT (3,296.99)' is clicked on

11-02-2024T14:40:32 - [MESSAGE][PASSED] - Object: 'Object Repository/fitur gagal safepay payment/button_CHECKOUT (3,296.99)' is clicked on

11-02-2024T14:40:32 - [TEST_STEP][PASSED] - click(findTestObject("Object Repository/fitur gagal safepay payment/button_NEXT")): Object: 'Object Repository/fitur gagal safepay payment/button_NEXT' is clicked on

11-02-2024T14:40:35 - [MESSAGE][PASSED] - Object: 'Object Repository/fitur gagal safepay payment/button_NEXT' is clicked on

11-02-2024T14:40:35 - [TEST_STEP][PASSED] - setEncryptedText(findTestObject("Object Repository/fitur gagal safepay payment/input__safepay_password"), "aj9YhGxH1gRaOs7gChVLIg=="): Text ****** has been set on object 'Object Repository/fitur gagal safepay payment/input__safepay_password'

11-02-2024T14:40:36 - [MESSAGE][PASSED] - Text ****** has been set on object 'Object Repository/fitur gagal safepay payment/input__safepay_password'

11-02-2024T14:40:36 - [TEST_STEP][PASSED] - click(findTestObject("Object Repository/fitur gagal safepay payment/sec-form_SafePay usernameSafePay username- _b44954")): Object: 'Object Repository/fitur gagal safepay payment/sec-form_SafePay usernameSafePay username- _b44954' is clicked on

11-02-2024T14:40:37 - [MESSAGE][PASSED] - Object: 'Object Repository/fitur gagal safepay payment/sec-form_SafePay usernameSafePay username- _b44954' is clicked on

11-02-2024T14:40:37 - [TEST_STEP][PASSED] - delay(5): Delayed 5 second(s)

11-02-2024T14:40:42 - [MESSAGE][PASSED] - Delayed 5 second(s)

11-02-2024T14:40:42 - [TEST_STEP][PASSED] - closeBrowser(): Browser is closed

11-02-2024T14:40:42 - [MESSAGE][PASSED] - Browser is closed

11-02-2024T14:40:44 - [TEST_STEP][PASSED] - Video: Video recording for test case 'Test Cases/2 negative test case/21 invalid safepay payment method' .

11-02-2024T14:40:44 - [MESSAGE][INFO] - Video recording for test case 'Test Cases/2 negative test case/21 invalid safepay payment method' .]]></system-out>
         <system-err><![CDATA[]]></system-err>
      </testcase>
      <system-out><![CDATA[11-02-2024T14:39:08 - [TEST_SUITE][PASSED] - 6 negatif test - checkout: Test Cases/2 negative test case/21 invalid safepay payment method]]></system-out>
      <system-err><![CDATA[]]></system-err>
   </testsuite>
</testsuites>
