<?xml version="1.0" encoding="UTF-8"?>
<testsuites name="1 Positive case - Test Collection Testing" time="752.023" tests="22" failures="0" errors="0">
   <testsuite name="1 login and register" tests="4" failures="0" errors="0" time="120.653" skipped="0" timestamp="11-02-2024T13:22:39" hostname="ACER - LAPTOP-DI70DTOM" id="Test Suites/1 Test Suites/1 login and register">
      <properties>
         <property name="deviceName" value=""/>
         <property name="devicePlatform" value=""/>
         <property name="logFolder" value="C:\\Users\\ACER\\git\\Final-Project-QA-WEB\\Reports\\20240211_132226\\1 Test Suites\\1 login and register\\20240211_132227"/>
         <property name="logFiles" value="C:\\Users\\ACER\\git\\Final-Project-QA-WEB\\Reports\\20240211_132226\\1 Test Suites\\1 login and register\\20240211_132227\\execution0.log"/>
         <property name="attachments" value=""/>
         <property name="hostName" value="ACER - LAPTOP-DI70DTOM"/>
         <property name="os" value="Windows 11 64bit"/>
         <property name="katalonVersion" value="9.3.0.212"/>
         <property name="browser" value="Chrome 121.0.0.0"/>
         <property name="hostAddress" value="192.168.0.151"/>
         <property name="sessionId" value="f4c39c824ae472ba2200d97f760be0ad"/>
         <property name="seleniumVersion" value="3.141.59"/>
         <property name="proxyInformation" value="ProxyInformation { proxyOption=NO_PROXY, proxyServerType=HTTP, username=, password=********, proxyServerAddress=, proxyServerPort=0, executionList=&quot;&quot;, isApplyToDesiredCapabilities=true }"/>
         <property name="platform" value="Windows 11"/>
      </properties>
      <testcase name="Test Cases/1 Positive test case/1 Create Account (data driven)" time="33.65" classname="Test Cases/1 Positive test case/1 Create Account (data driven)" status="PASSED">
         <system-out><![CDATA[11-02-2024T13:22:39 - [TEST_CASE][PASSED] - Test Cases/1 Positive test case/1 Create Account (data driven): Test Cases/1 Positive test case/1 Create Account (data driven)

11-02-2024T13:22:40 - [TEST_STEP][PASSED] - openBrowser(""): Browser is opened with url: ''

11-02-2024T13:22:40 - [MESSAGE][INFO] - Starting 'Chrome' driver

11-02-2024T13:22:41 - [MESSAGE][INFO] - Action delay is set to 0 milliseconds

11-02-2024T13:22:42 - [MESSAGE][PASSED] - Browser is opened with url: ''

11-02-2024T13:22:42 - [TEST_STEP][PASSED] - navigateToUrl("https://advantageonlineshopping.com/"): Navigate to 'https://advantageonlineshopping.com/' successfully

11-02-2024T13:22:45 - [MESSAGE][PASSED] - Navigate to 'https://advantageonlineshopping.com/' successfully

11-02-2024T13:22:45 - [TEST_STEP][PASSED] - click(findTestObject("Object Repository/Fitur Register/svg_CHECKOUT  (0.00)_menuUser")): Object: 'Object Repository/Fitur Register/svg_CHECKOUT  (0.00)_menuUser' is clicked on

11-02-2024T13:22:51 - [MESSAGE][PASSED] - Object: 'Object Repository/Fitur Register/svg_CHECKOUT  (0.00)_menuUser' is clicked on

11-02-2024T13:22:51 - [TEST_STEP][PASSED] - click(findTestObject("Object Repository/Fitur Register/a_CREATE NEW ACCOUNT")): Object: 'Object Repository/Fitur Register/a_CREATE NEW ACCOUNT' is clicked on

11-02-2024T13:22:51 - [MESSAGE][PASSED] - Object: 'Object Repository/Fitur Register/a_CREATE NEW ACCOUNT' is clicked on

11-02-2024T13:22:51 - [TEST_STEP][PASSED] - setText(findTestObject("Object Repository/Fitur Register/input__usernameRegisterPage"), username): Text 'yudhatesting2' is set on object 'Object Repository/Fitur Register/input__usernameRegisterPage'

11-02-2024T13:22:53 - [MESSAGE][PASSED] - Text 'yudhatesting2' is set on object 'Object Repository/Fitur Register/input__usernameRegisterPage'

11-02-2024T13:22:53 - [TEST_STEP][PASSED] - click(findTestObject("Object Repository/Fitur Register/label_Email")): Object: 'Object Repository/Fitur Register/label_Email' is clicked on

11-02-2024T13:22:53 - [MESSAGE][PASSED] - Object: 'Object Repository/Fitur Register/label_Email' is clicked on

11-02-2024T13:22:54 - [TEST_STEP][PASSED] - setText(findTestObject("Object Repository/Fitur Register/input__emailRegisterPage"), email): Text 'yudhatesting2@gmail.com' is set on object 'Object Repository/Fitur Register/input__emailRegisterPage'

11-02-2024T13:22:55 - [MESSAGE][PASSED] - Text 'yudhatesting2@gmail.com' is set on object 'Object Repository/Fitur Register/input__emailRegisterPage'

11-02-2024T13:22:55 - [TEST_STEP][PASSED] - setText(findTestObject("Object Repository/Fitur Register/input__passwordRegisterPage"), password): Text 'Dharmayudha2' is set on object 'Object Repository/Fitur Register/input__passwordRegisterPage'

11-02-2024T13:22:56 - [MESSAGE][PASSED] - Text 'Dharmayudha2' is set on object 'Object Repository/Fitur Register/input__passwordRegisterPage'

11-02-2024T13:22:56 - [TEST_STEP][PASSED] - click(findTestObject("Object Repository/Fitur Register/label_Confirm password")): Object: 'Object Repository/Fitur Register/label_Confirm password' is clicked on

11-02-2024T13:22:56 - [MESSAGE][PASSED] - Object: 'Object Repository/Fitur Register/label_Confirm password' is clicked on

11-02-2024T13:22:56 - [TEST_STEP][PASSED] - setText(findTestObject("Object Repository/Fitur Register/input__confirm_passwordRegisterPage"), confirmpassword): Text 'Dharmayudha2' is set on object 'Object Repository/Fitur Register/input__confirm_passwordRegisterPage'

11-02-2024T13:22:58 - [MESSAGE][PASSED] - Text 'Dharmayudha2' is set on object 'Object Repository/Fitur Register/input__confirm_passwordRegisterPage'

11-02-2024T13:22:58 - [TEST_STEP][PASSED] - setText(findTestObject("Object Repository/Fitur Register/input_PERSONAL DETAILS_first_nameRegisterPage"), firstname): Text 'Dharma' is set on object 'Object Repository/Fitur Register/input_PERSONAL DETAILS_first_nameRegisterPage'

11-02-2024T13:22:59 - [MESSAGE][PASSED] - Text 'Dharma' is set on object 'Object Repository/Fitur Register/input_PERSONAL DETAILS_first_nameRegisterPage'

11-02-2024T13:22:59 - [TEST_STEP][PASSED] - click(findTestObject("Object Repository/Fitur Register/label_Last Name")): Object: 'Object Repository/Fitur Register/label_Last Name' is clicked on

11-02-2024T13:22:59 - [MESSAGE][PASSED] - Object: 'Object Repository/Fitur Register/label_Last Name' is clicked on

11-02-2024T13:22:59 - [TEST_STEP][PASSED] - setText(findTestObject("Object Repository/Fitur Register/input_- Use maximum 30 character_last_nameR_6ef033"), lastname): Text 'Yudha' is set on object 'Object Repository/Fitur Register/input_- Use maximum 30 character_last_nameR_6ef033'

11-02-2024T13:23:00 - [MESSAGE][PASSED] - Text 'Yudha' is set on object 'Object Repository/Fitur Register/input_- Use maximum 30 character_last_nameR_6ef033'

11-02-2024T13:23:00 - [TEST_STEP][PASSED] - setText(findTestObject("Object Repository/Fitur Register/input_- Use maximum 30 character_phone_numb_7c938a"), phone): Text '81353081122' is set on object 'Object Repository/Fitur Register/input_- Use maximum 30 character_phone_numb_7c938a'

11-02-2024T13:23:02 - [MESSAGE][PASSED] - Text '81353081122' is set on object 'Object Repository/Fitur Register/input_- Use maximum 30 character_phone_numb_7c938a'

11-02-2024T13:23:02 - [TEST_STEP][PASSED] - selectOptionByValue(findTestObject("Object Repository/Fitur Register/select_AfganistanAlbaniaAlgeriaAmerican Sam_3cef8a"), "object:153", true): All options with value 'object:153' are selected in object 'Object Repository/Fitur Register/select_AfganistanAlbaniaAlgeriaAmerican Sam_3cef8a'  using regular expression

11-02-2024T13:23:05 - [MESSAGE][PASSED] - All options with value 'object:153' are selected in object 'Object Repository/Fitur Register/select_AfganistanAlbaniaAlgeriaAmerican Sam_3cef8a'  using regular expression

11-02-2024T13:23:05 - [TEST_STEP][PASSED] - setText(findTestObject("Object Repository/Fitur Register/input_Country_cityRegisterPage"), city): Text 'Jakarta' is set on object 'Object Repository/Fitur Register/input_Country_cityRegisterPage'

11-02-2024T13:23:06 - [MESSAGE][PASSED] - Text 'Jakarta' is set on object 'Object Repository/Fitur Register/input_Country_cityRegisterPage'

11-02-2024T13:23:06 - [TEST_STEP][PASSED] - setText(findTestObject("Object Repository/Fitur Register/input_- Use maximum 25 character_addressReg_9e23b3"), address): Text 'Jalan Medan Merdeka 02 Jakarta' is set on object 'Object Repository/Fitur Register/input_- Use maximum 25 character_addressReg_9e23b3'

11-02-2024T13:23:07 - [MESSAGE][PASSED] - Text 'Jalan Medan Merdeka 02 Jakarta' is set on object 'Object Repository/Fitur Register/input_- Use maximum 25 character_addressReg_9e23b3'

11-02-2024T13:23:07 - [TEST_STEP][PASSED] - click(findTestObject("Object Repository/Fitur Register/label_State  Province  Region")): Object: 'Object Repository/Fitur Register/label_State  Province  Region' is clicked on

11-02-2024T13:23:08 - [MESSAGE][PASSED] - Object: 'Object Repository/Fitur Register/label_State  Province  Region' is clicked on

11-02-2024T13:23:08 - [TEST_STEP][PASSED] - setText(findTestObject("Object Repository/Fitur Register/input_- Use maximum 50 character_state__pro_272a54"), state): Text 'Jakarta' is set on object 'Object Repository/Fitur Register/input_- Use maximum 50 character_state__pro_272a54'

11-02-2024T13:23:09 - [MESSAGE][PASSED] - Text 'Jakarta' is set on object 'Object Repository/Fitur Register/input_- Use maximum 50 character_state__pro_272a54'

11-02-2024T13:23:09 - [TEST_STEP][PASSED] - setText(findTestObject("Object Repository/Fitur Register/input_- Use maximum 10 character_postal_cod_639c2f"), postalcode): Text '80582' is set on object 'Object Repository/Fitur Register/input_- Use maximum 10 character_postal_cod_639c2f'

11-02-2024T13:23:10 - [MESSAGE][PASSED] - Text '80582' is set on object 'Object Repository/Fitur Register/input_- Use maximum 10 character_postal_cod_639c2f'

11-02-2024T13:23:10 - [TEST_STEP][PASSED] - click(findTestObject("Object Repository/Fitur Register/input_Receive exclusive offers and promotio_5c7450")): Object: 'Object Repository/Fitur Register/input_Receive exclusive offers and promotio_5c7450' is clicked on

11-02-2024T13:23:10 - [MESSAGE][PASSED] - Object: 'Object Repository/Fitur Register/input_Receive exclusive offers and promotio_5c7450' is clicked on

11-02-2024T13:23:10 - [TEST_STEP][PASSED] - click(findTestObject("Object Repository/Fitur Register/button_REGISTER")): Object: 'Object Repository/Fitur Register/button_REGISTER' is clicked on

11-02-2024T13:23:11 - [MESSAGE][PASSED] - Object: 'Object Repository/Fitur Register/button_REGISTER' is clicked on

11-02-2024T13:23:13 - [TEST_STEP][PASSED] - Video: Video recording for test case 'Test Cases/1 Positive test case/1 Create Account (data driven)' .

11-02-2024T13:23:13 - [MESSAGE][INFO] - Video recording for test case 'Test Cases/1 Positive test case/1 Create Account (data driven)' .]]></system-out>
         <system-err><![CDATA[]]></system-err>
      </testcase>
      <testcase name="Test Cases/1 Positive test case/1 Create Account (data driven)" time="31.208" classname="Test Cases/1 Positive test case/1 Create Account (data driven)" status="PASSED">
         <system-out><![CDATA[11-02-2024T13:23:13 - [TEST_CASE][PASSED] - Test Cases/1 Positive test case/1 Create Account (data driven): Test Cases/1 Positive test case/1 Create Account (data driven)

11-02-2024T13:23:13 - [TEST_STEP][PASSED] - openBrowser(""): Browser is opened with url: ''

11-02-2024T13:23:13 - [MESSAGE][WARNING] - A browser is already opened. Closing browser and opening a new one

11-02-2024T13:23:13 - [MESSAGE][INFO] - Starting 'Chrome' driver

11-02-2024T13:23:13 - [MESSAGE][INFO] - Action delay is set to 0 milliseconds

11-02-2024T13:23:14 - [MESSAGE][PASSED] - Browser is opened with url: ''

11-02-2024T13:23:14 - [TEST_STEP][PASSED] - navigateToUrl("https://advantageonlineshopping.com/"): Navigate to 'https://advantageonlineshopping.com/' successfully

11-02-2024T13:23:17 - [MESSAGE][PASSED] - Navigate to 'https://advantageonlineshopping.com/' successfully

11-02-2024T13:23:17 - [TEST_STEP][PASSED] - click(findTestObject("Object Repository/Fitur Register/svg_CHECKOUT  (0.00)_menuUser")): Object: 'Object Repository/Fitur Register/svg_CHECKOUT  (0.00)_menuUser' is clicked on

11-02-2024T13:23:21 - [MESSAGE][PASSED] - Object: 'Object Repository/Fitur Register/svg_CHECKOUT  (0.00)_menuUser' is clicked on

11-02-2024T13:23:21 - [TEST_STEP][PASSED] - click(findTestObject("Object Repository/Fitur Register/a_CREATE NEW ACCOUNT")): Object: 'Object Repository/Fitur Register/a_CREATE NEW ACCOUNT' is clicked on

11-02-2024T13:23:23 - [MESSAGE][PASSED] - Object: 'Object Repository/Fitur Register/a_CREATE NEW ACCOUNT' is clicked on

11-02-2024T13:23:23 - [TEST_STEP][PASSED] - setText(findTestObject("Object Repository/Fitur Register/input__usernameRegisterPage"), username): Text 'yudhatesting3' is set on object 'Object Repository/Fitur Register/input__usernameRegisterPage'

11-02-2024T13:23:25 - [MESSAGE][PASSED] - Text 'yudhatesting3' is set on object 'Object Repository/Fitur Register/input__usernameRegisterPage'

11-02-2024T13:23:25 - [TEST_STEP][PASSED] - click(findTestObject("Object Repository/Fitur Register/label_Email")): Object: 'Object Repository/Fitur Register/label_Email' is clicked on

11-02-2024T13:23:25 - [MESSAGE][PASSED] - Object: 'Object Repository/Fitur Register/label_Email' is clicked on

11-02-2024T13:23:25 - [TEST_STEP][PASSED] - setText(findTestObject("Object Repository/Fitur Register/input__emailRegisterPage"), email): Text 'yudhatesting3@gmail.com' is set on object 'Object Repository/Fitur Register/input__emailRegisterPage'

11-02-2024T13:23:26 - [MESSAGE][PASSED] - Text 'yudhatesting3@gmail.com' is set on object 'Object Repository/Fitur Register/input__emailRegisterPage'

11-02-2024T13:23:26 - [TEST_STEP][PASSED] - setText(findTestObject("Object Repository/Fitur Register/input__passwordRegisterPage"), password): Text 'Dharmayudha3' is set on object 'Object Repository/Fitur Register/input__passwordRegisterPage'

11-02-2024T13:23:28 - [MESSAGE][PASSED] - Text 'Dharmayudha3' is set on object 'Object Repository/Fitur Register/input__passwordRegisterPage'

11-02-2024T13:23:28 - [TEST_STEP][PASSED] - click(findTestObject("Object Repository/Fitur Register/label_Confirm password")): Object: 'Object Repository/Fitur Register/label_Confirm password' is clicked on

11-02-2024T13:23:28 - [MESSAGE][PASSED] - Object: 'Object Repository/Fitur Register/label_Confirm password' is clicked on

11-02-2024T13:23:28 - [TEST_STEP][PASSED] - setText(findTestObject("Object Repository/Fitur Register/input__confirm_passwordRegisterPage"), confirmpassword): Text 'Dharmayudha3' is set on object 'Object Repository/Fitur Register/input__confirm_passwordRegisterPage'

11-02-2024T13:23:29 - [MESSAGE][PASSED] - Text 'Dharmayudha3' is set on object 'Object Repository/Fitur Register/input__confirm_passwordRegisterPage'

11-02-2024T13:23:29 - [TEST_STEP][PASSED] - setText(findTestObject("Object Repository/Fitur Register/input_PERSONAL DETAILS_first_nameRegisterPage"), firstname): Text 'Dharma' is set on object 'Object Repository/Fitur Register/input_PERSONAL DETAILS_first_nameRegisterPage'

11-02-2024T13:23:30 - [MESSAGE][PASSED] - Text 'Dharma' is set on object 'Object Repository/Fitur Register/input_PERSONAL DETAILS_first_nameRegisterPage'

11-02-2024T13:23:30 - [TEST_STEP][PASSED] - click(findTestObject("Object Repository/Fitur Register/label_Last Name")): Object: 'Object Repository/Fitur Register/label_Last Name' is clicked on

11-02-2024T13:23:31 - [MESSAGE][PASSED] - Object: 'Object Repository/Fitur Register/label_Last Name' is clicked on

11-02-2024T13:23:31 - [TEST_STEP][PASSED] - setText(findTestObject("Object Repository/Fitur Register/input_- Use maximum 30 character_last_nameR_6ef033"), lastname): Text 'Yudha' is set on object 'Object Repository/Fitur Register/input_- Use maximum 30 character_last_nameR_6ef033'

11-02-2024T13:23:32 - [MESSAGE][PASSED] - Text 'Yudha' is set on object 'Object Repository/Fitur Register/input_- Use maximum 30 character_last_nameR_6ef033'

11-02-2024T13:23:32 - [TEST_STEP][PASSED] - setText(findTestObject("Object Repository/Fitur Register/input_- Use maximum 30 character_phone_numb_7c938a"), phone): Text '81353081122' is set on object 'Object Repository/Fitur Register/input_- Use maximum 30 character_phone_numb_7c938a'

11-02-2024T13:23:33 - [MESSAGE][PASSED] - Text '81353081122' is set on object 'Object Repository/Fitur Register/input_- Use maximum 30 character_phone_numb_7c938a'

11-02-2024T13:23:33 - [TEST_STEP][PASSED] - selectOptionByValue(findTestObject("Object Repository/Fitur Register/select_AfganistanAlbaniaAlgeriaAmerican Sam_3cef8a"), "object:153", true): All options with value 'object:153' are selected in object 'Object Repository/Fitur Register/select_AfganistanAlbaniaAlgeriaAmerican Sam_3cef8a'  using regular expression

11-02-2024T13:23:36 - [MESSAGE][PASSED] - All options with value 'object:153' are selected in object 'Object Repository/Fitur Register/select_AfganistanAlbaniaAlgeriaAmerican Sam_3cef8a'  using regular expression

11-02-2024T13:23:36 - [TEST_STEP][PASSED] - setText(findTestObject("Object Repository/Fitur Register/input_Country_cityRegisterPage"), city): Text 'Jakarta' is set on object 'Object Repository/Fitur Register/input_Country_cityRegisterPage'

11-02-2024T13:23:37 - [MESSAGE][PASSED] - Text 'Jakarta' is set on object 'Object Repository/Fitur Register/input_Country_cityRegisterPage'

11-02-2024T13:23:37 - [TEST_STEP][PASSED] - setText(findTestObject("Object Repository/Fitur Register/input_- Use maximum 25 character_addressReg_9e23b3"), address): Text 'Jalan Medan Merdeka 03 Jakarta' is set on object 'Object Repository/Fitur Register/input_- Use maximum 25 character_addressReg_9e23b3'

11-02-2024T13:23:38 - [MESSAGE][PASSED] - Text 'Jalan Medan Merdeka 03 Jakarta' is set on object 'Object Repository/Fitur Register/input_- Use maximum 25 character_addressReg_9e23b3'

11-02-2024T13:23:38 - [TEST_STEP][PASSED] - click(findTestObject("Object Repository/Fitur Register/label_State  Province  Region")): Object: 'Object Repository/Fitur Register/label_State  Province  Region' is clicked on

11-02-2024T13:23:39 - [MESSAGE][PASSED] - Object: 'Object Repository/Fitur Register/label_State  Province  Region' is clicked on

11-02-2024T13:23:39 - [TEST_STEP][PASSED] - setText(findTestObject("Object Repository/Fitur Register/input_- Use maximum 50 character_state__pro_272a54"), state): Text 'Jakarta' is set on object 'Object Repository/Fitur Register/input_- Use maximum 50 character_state__pro_272a54'

11-02-2024T13:23:40 - [MESSAGE][PASSED] - Text 'Jakarta' is set on object 'Object Repository/Fitur Register/input_- Use maximum 50 character_state__pro_272a54'

11-02-2024T13:23:40 - [TEST_STEP][PASSED] - setText(findTestObject("Object Repository/Fitur Register/input_- Use maximum 10 character_postal_cod_639c2f"), postalcode): Text '80582' is set on object 'Object Repository/Fitur Register/input_- Use maximum 10 character_postal_cod_639c2f'

11-02-2024T13:23:41 - [MESSAGE][PASSED] - Text '80582' is set on object 'Object Repository/Fitur Register/input_- Use maximum 10 character_postal_cod_639c2f'

11-02-2024T13:23:41 - [TEST_STEP][PASSED] - click(findTestObject("Object Repository/Fitur Register/input_Receive exclusive offers and promotio_5c7450")): Object: 'Object Repository/Fitur Register/input_Receive exclusive offers and promotio_5c7450' is clicked on

11-02-2024T13:23:42 - [MESSAGE][PASSED] - Object: 'Object Repository/Fitur Register/input_Receive exclusive offers and promotio_5c7450' is clicked on

11-02-2024T13:23:42 - [TEST_STEP][PASSED] - click(findTestObject("Object Repository/Fitur Register/button_REGISTER")): Object: 'Object Repository/Fitur Register/button_REGISTER' is clicked on

11-02-2024T13:23:42 - [MESSAGE][PASSED] - Object: 'Object Repository/Fitur Register/button_REGISTER' is clicked on

11-02-2024T13:23:44 - [TEST_STEP][PASSED] - Video: Video recording for test case 'Test Cases/1 Positive test case/1 Create Account (data driven)' .

11-02-2024T13:23:44 - [MESSAGE][INFO] - Video recording for test case 'Test Cases/1 Positive test case/1 Create Account (data driven)' .]]></system-out>
         <system-err><![CDATA[]]></system-err>
      </testcase>
      <testcase name="Test Cases/1 Positive test case/2 login user (data driven)" time="19.317" classname="Test Cases/1 Positive test case/2 login user (data driven)" status="PASSED">
         <system-out><![CDATA[11-02-2024T13:23:44 - [TEST_CASE][PASSED] - Test Cases/1 Positive test case/2 login user (data driven): Test Cases/1 Positive test case/2 login user (data driven)

11-02-2024T13:23:44 - [TEST_STEP][PASSED] - openBrowser(""): Browser is opened with url: ''

11-02-2024T13:23:44 - [MESSAGE][WARNING] - A browser is already opened. Closing browser and opening a new one

11-02-2024T13:23:45 - [MESSAGE][INFO] - Starting 'Chrome' driver

11-02-2024T13:23:45 - [MESSAGE][INFO] - Action delay is set to 0 milliseconds

11-02-2024T13:23:46 - [MESSAGE][PASSED] - Browser is opened with url: ''

11-02-2024T13:23:46 - [TEST_STEP][PASSED] - navigateToUrl("https://advantageonlineshopping.com/"): Navigate to 'https://advantageonlineshopping.com/' successfully

11-02-2024T13:23:48 - [MESSAGE][PASSED] - Navigate to 'https://advantageonlineshopping.com/' successfully

11-02-2024T13:23:48 - [TEST_STEP][PASSED] - click(findTestObject("Object Repository/Fitur Login User/svg_CHECKOUT  (0.00)_menuUser")): Object: 'Object Repository/Fitur Login User/svg_CHECKOUT  (0.00)_menuUser' is clicked on

11-02-2024T13:23:52 - [MESSAGE][PASSED] - Object: 'Object Repository/Fitur Login User/svg_CHECKOUT  (0.00)_menuUser' is clicked on

11-02-2024T13:23:52 - [TEST_STEP][PASSED] - setText(findTestObject("Object Repository/Fitur Login User/input_OR_username"), "yudhatesting"): Text 'yudhatesting' is set on object 'Object Repository/Fitur Login User/input_OR_username'

11-02-2024T13:23:53 - [MESSAGE][PASSED] - Text 'yudhatesting' is set on object 'Object Repository/Fitur Login User/input_OR_username'

11-02-2024T13:23:53 - [TEST_STEP][PASSED] - setText(findTestObject("Object Repository/Fitur Login User/input_Username_password"), "Dharmayudha1"): Text 'Dharmayudha1' is set on object 'Object Repository/Fitur Login User/input_Username_password'

11-02-2024T13:23:54 - [MESSAGE][PASSED] - Text 'Dharmayudha1' is set on object 'Object Repository/Fitur Login User/input_Username_password'

11-02-2024T13:23:54 - [TEST_STEP][PASSED] - click(findTestObject("Object Repository/Fitur Login User/button_SIGN IN")): Object: 'Object Repository/Fitur Login User/button_SIGN IN' is clicked on

11-02-2024T13:23:55 - [MESSAGE][PASSED] - Object: 'Object Repository/Fitur Login User/button_SIGN IN' is clicked on

11-02-2024T13:23:55 - [TEST_STEP][PASSED] - click(findTestObject("Object Repository/Fitur Login User/button_SEE OFFER")): Object: 'Object Repository/Fitur Login User/button_SEE OFFER' is clicked on

11-02-2024T13:23:56 - [MESSAGE][PASSED] - Object: 'Object Repository/Fitur Login User/button_SEE OFFER' is clicked on

11-02-2024T13:23:56 - [TEST_STEP][PASSED] - delay(5): Delayed 5 second(s)

11-02-2024T13:24:01 - [MESSAGE][PASSED] - Delayed 5 second(s)

11-02-2024T13:24:01 - [TEST_STEP][PASSED] - closeBrowser(): Browser is closed

11-02-2024T13:24:02 - [MESSAGE][PASSED] - Browser is closed

11-02-2024T13:24:04 - [TEST_STEP][PASSED] - Video: Video recording for test case 'Test Cases/1 Positive test case/2 login user (data driven)' .

11-02-2024T13:24:04 - [MESSAGE][INFO] - Video recording for test case 'Test Cases/1 Positive test case/2 login user (data driven)' .]]></system-out>
         <system-err><![CDATA[]]></system-err>
      </testcase>
      <testcase name="Test Cases/1 Positive test case/2 login user (data driven)" time="35.898" classname="Test Cases/1 Positive test case/2 login user (data driven)" status="PASSED">
         <system-out><![CDATA[11-02-2024T13:24:04 - [TEST_CASE][PASSED] - Test Cases/1 Positive test case/2 login user (data driven): Test Cases/1 Positive test case/2 login user (data driven)

11-02-2024T13:24:04 - [TEST_STEP][PASSED] - openBrowser(""): Browser is opened with url: ''

11-02-2024T13:24:04 - [MESSAGE][INFO] - Starting 'Chrome' driver

11-02-2024T13:24:04 - [MESSAGE][INFO] - Action delay is set to 0 milliseconds

11-02-2024T13:24:04 - [MESSAGE][PASSED] - Browser is opened with url: ''

11-02-2024T13:24:04 - [TEST_STEP][PASSED] - navigateToUrl("https://advantageonlineshopping.com/"): Navigate to 'https://advantageonlineshopping.com/' successfully

11-02-2024T13:24:07 - [MESSAGE][PASSED] - Navigate to 'https://advantageonlineshopping.com/' successfully

11-02-2024T13:24:07 - [TEST_STEP][PASSED] - click(findTestObject("Object Repository/Fitur Login User/svg_CHECKOUT  (0.00)_menuUser")): Object: 'Object Repository/Fitur Login User/svg_CHECKOUT  (0.00)_menuUser' is clicked on

11-02-2024T13:24:13 - [MESSAGE][PASSED] - Object: 'Object Repository/Fitur Login User/svg_CHECKOUT  (0.00)_menuUser' is clicked on

11-02-2024T13:24:13 - [TEST_STEP][PASSED] - setText(findTestObject("Object Repository/Fitur Login User/input_OR_username"), "yudhatesting"): Text 'yudhatesting' is set on object 'Object Repository/Fitur Login User/input_OR_username'

11-02-2024T13:24:13 - [MESSAGE][PASSED] - Text 'yudhatesting' is set on object 'Object Repository/Fitur Login User/input_OR_username'

11-02-2024T13:24:13 - [TEST_STEP][PASSED] - setText(findTestObject("Object Repository/Fitur Login User/input_Username_password"), "Dharmayudha1"): Text 'Dharmayudha1' is set on object 'Object Repository/Fitur Login User/input_Username_password'

11-02-2024T13:24:15 - [MESSAGE][PASSED] - Text 'Dharmayudha1' is set on object 'Object Repository/Fitur Login User/input_Username_password'

11-02-2024T13:24:15 - [TEST_STEP][PASSED] - click(findTestObject("Object Repository/Fitur Login User/button_SIGN IN")): Object: 'Object Repository/Fitur Login User/button_SIGN IN' is clicked on

11-02-2024T13:24:15 - [MESSAGE][PASSED] - Object: 'Object Repository/Fitur Login User/button_SIGN IN' is clicked on

11-02-2024T13:24:15 - [TEST_STEP][PASSED] - click(findTestObject("Object Repository/Fitur Login User/button_SEE OFFER")): Object: 'Object Repository/Fitur Login User/button_SEE OFFER' is clicked on

11-02-2024T13:24:32 - [MESSAGE][PASSED] - Object: 'Object Repository/Fitur Login User/button_SEE OFFER' is clicked on

11-02-2024T13:24:32 - [TEST_STEP][PASSED] - delay(5): Delayed 5 second(s)

11-02-2024T13:24:37 - [MESSAGE][PASSED] - Delayed 5 second(s)

11-02-2024T13:24:37 - [TEST_STEP][PASSED] - closeBrowser(): Browser is closed

11-02-2024T13:24:37 - [MESSAGE][PASSED] - Browser is closed

11-02-2024T13:24:40 - [TEST_STEP][PASSED] - Video: Video recording for test case 'Test Cases/1 Positive test case/2 login user (data driven)' .

11-02-2024T13:24:40 - [MESSAGE][INFO] - Video recording for test case 'Test Cases/1 Positive test case/2 login user (data driven)' .]]></system-out>
         <system-err><![CDATA[]]></system-err>
      </testcase>
      <system-out><![CDATA[11-02-2024T13:22:39 - [TEST_SUITE][PASSED] - 1 login and register: Test Cases/1 Positive test case/2 login user (data driven)]]></system-out>
      <system-err><![CDATA[]]></system-err>
   </testsuite>
   <testsuite name="2 search, filter and add to chart item" tests="10" failures="0" errors="0" time="253.498" skipped="0" timestamp="11-02-2024T13:24:57" hostname="ACER - LAPTOP-DI70DTOM" id="Test Suites/1 Test Suites/2 search, filter and add to chart item">
      <properties>
         <property name="deviceName" value=""/>
         <property name="devicePlatform" value=""/>
         <property name="logFolder" value="C:\\Users\\ACER\\git\\Final-Project-QA-WEB\\Reports\\20240211_132226\\1 Test Suites\\2 search, filter and add to chart item\\20240211_132229"/>
         <property name="logFiles" value="C:\\Users\\ACER\\git\\Final-Project-QA-WEB\\Reports\\20240211_132226\\1 Test Suites\\2 search, filter and add to chart item\\20240211_132229\\execution0.log"/>
         <property name="attachments" value=""/>
         <property name="hostName" value="ACER - LAPTOP-DI70DTOM"/>
         <property name="os" value="Windows 11 64bit"/>
         <property name="katalonVersion" value="9.3.0.212"/>
         <property name="browser" value="Chrome 121.0.0.0"/>
         <property name="hostAddress" value="192.168.0.151"/>
         <property name="sessionId" value="2b3c435052c5c7a9b972195fc9907258"/>
         <property name="seleniumVersion" value="3.141.59"/>
         <property name="proxyInformation" value="ProxyInformation { proxyOption=NO_PROXY, proxyServerType=HTTP, username=, password=********, proxyServerAddress=, proxyServerPort=0, executionList=&quot;&quot;, isApplyToDesiredCapabilities=true }"/>
         <property name="platform" value="Windows 11"/>
      </properties>
      <testcase name="Test Cases/1 Positive test case/3 Search Item (if-else)" time="33.714" classname="Test Cases/1 Positive test case/3 Search Item (if-else)" status="PASSED">
         <system-out><![CDATA[11-02-2024T13:24:57 - [TEST_CASE][PASSED] - Test Cases/1 Positive test case/3 Search Item (if-else): Test Cases/1 Positive test case/3 Search Item (if-else)

11-02-2024T13:24:58 - [TEST_STEP][PASSED] - openBrowser(""): Browser is opened with url: ''

11-02-2024T13:24:58 - [MESSAGE][INFO] - Starting 'Chrome' driver

11-02-2024T13:24:58 - [MESSAGE][INFO] - Action delay is set to 0 milliseconds

11-02-2024T13:25:00 - [MESSAGE][PASSED] - Browser is opened with url: ''

11-02-2024T13:25:00 - [TEST_STEP][PASSED] - navigateToUrl("https://advantageonlineshopping.com/"): Navigate to 'https://advantageonlineshopping.com/' successfully

11-02-2024T13:25:02 - [MESSAGE][PASSED] - Navigate to 'https://advantageonlineshopping.com/' successfully

11-02-2024T13:25:02 - [TEST_STEP][PASSED] - click(findTestObject("Object Repository/Fitur Search 2/svg_CHECKOUT  (0.00)_menuUser")): Object: 'Object Repository/Fitur Search 2/svg_CHECKOUT  (0.00)_menuUser' is clicked on

11-02-2024T13:25:08 - [MESSAGE][PASSED] - Object: 'Object Repository/Fitur Search 2/svg_CHECKOUT  (0.00)_menuUser' is clicked on

11-02-2024T13:25:08 - [TEST_STEP][PASSED] - setText(findTestObject("Object Repository/Fitur Search 2/input_OR_username"), "yudhatesting"): Text 'yudhatesting' is set on object 'Object Repository/Fitur Search 2/input_OR_username'

11-02-2024T13:25:09 - [MESSAGE][PASSED] - Text 'yudhatesting' is set on object 'Object Repository/Fitur Search 2/input_OR_username'

11-02-2024T13:25:09 - [TEST_STEP][PASSED] - setEncryptedText(findTestObject("Object Repository/Fitur Search 2/input_Username_password"), "VjyC/is+sZNhzZxZ8kSNJw=="): Text ****** has been set on object 'Object Repository/Fitur Search 2/input_Username_password'

11-02-2024T13:25:10 - [MESSAGE][PASSED] - Text ****** has been set on object 'Object Repository/Fitur Search 2/input_Username_password'

11-02-2024T13:25:10 - [TEST_STEP][PASSED] - click(findTestObject("Object Repository/Fitur Search 2/button_SIGN IN")): Object: 'Object Repository/Fitur Search 2/button_SIGN IN' is clicked on

11-02-2024T13:25:11 - [MESSAGE][PASSED] - Object: 'Object Repository/Fitur Search 2/button_SIGN IN' is clicked on

11-02-2024T13:25:11 - [TEST_STEP][PASSED] - keyword = "tablet": null

11-02-2024T13:25:11 - [TEST_STEP][PASSED] - setText(findTestObject("Object Repository/Fitur Search 2/input_DEMO_mobile_search"), keyword): Text 'tablet' is set on object 'Object Repository/Fitur Search 2/input_DEMO_mobile_search'

11-02-2024T13:25:16 - [MESSAGE][PASSED] - Text 'tablet' is set on object 'Object Repository/Fitur Search 2/input_DEMO_mobile_search'

11-02-2024T13:25:16 - [TEST_STEP][PASSED] - sendKeys(findTestObject("Object Repository/Fitur Search 2/input_DEMO_mobile_search"), Keys.chord(ENTER)): Keys 'ENTER + ' sent to object: 'Object Repository/Fitur Search 2/input_DEMO_mobile_search'

11-02-2024T13:25:24 - [MESSAGE][PASSED] - Keys 'ENTER + ' sent to object: 'Object Repository/Fitur Search 2/input_DEMO_mobile_search'

11-02-2024T13:25:24 - [TEST_STEP][PASSED] - if (!(keyword.equalsIgnoreCase("tablet"))): null

11-02-2024T13:25:24 - [TEST_STEP][PASSED] - else: Browser is closed

11-02-2024T13:25:24 - [TEST_STEP][PASSED] - click(findTestObject("Object Repository/Fitur Search 2/img_SHOP NOW_16")): Object: 'Object Repository/Fitur Search 2/img_SHOP NOW_16' is clicked on

11-02-2024T13:25:27 - [MESSAGE][PASSED] - Object: 'Object Repository/Fitur Search 2/img_SHOP NOW_16' is clicked on

11-02-2024T13:25:27 - [TEST_STEP][PASSED] - click(findTestObject("Object Repository/Fitur Search 2/img")): Object: 'Object Repository/Fitur Search 2/img' is clicked on

11-02-2024T13:25:28 - [MESSAGE][PASSED] - Object: 'Object Repository/Fitur Search 2/img' is clicked on

11-02-2024T13:25:28 - [TEST_STEP][PASSED] - click(findTestObject("Object Repository/Fitur Search 2/img_1")): Object: 'Object Repository/Fitur Search 2/img_1' is clicked on

11-02-2024T13:25:28 - [MESSAGE][PASSED] - Object: 'Object Repository/Fitur Search 2/img_1' is clicked on

11-02-2024T13:25:28 - [TEST_STEP][PASSED] - click(findTestObject("Object Repository/Fitur Search 2/img_1_2")): Object: 'Object Repository/Fitur Search 2/img_1_2' is clicked on

11-02-2024T13:25:29 - [MESSAGE][PASSED] - Object: 'Object Repository/Fitur Search 2/img_1_2' is clicked on

11-02-2024T13:25:29 - [TEST_STEP][PASSED] - closeBrowser(): Browser is closed

11-02-2024T13:25:29 - [MESSAGE][PASSED] - Browser is closed

11-02-2024T13:25:31 - [TEST_STEP][PASSED] - Video: Video recording for test case 'Test Cases/1 Positive test case/3 Search Item (if-else)' .

11-02-2024T13:25:31 - [MESSAGE][INFO] - Video recording for test case 'Test Cases/1 Positive test case/3 Search Item (if-else)' .]]></system-out>
         <system-err><![CDATA[]]></system-err>
      </testcase>
      <testcase name="Test Cases/1 Positive test case/4 Filter item (switch-case and data driven)" time="18.034" classname="Test Cases/1 Positive test case/4 Filter item (switch-case and data driven)" status="PASSED">
         <system-out><![CDATA[11-02-2024T13:25:31 - [TEST_CASE][PASSED] - Test Cases/1 Positive test case/4 Filter item (switch-case and data driven): Test Cases/1 Positive test case/4 Filter item (switch-case and data driven)

11-02-2024T13:25:31 - [TEST_STEP][PASSED] - openBrowser(""): Browser is opened with url: ''

11-02-2024T13:25:31 - [MESSAGE][INFO] - Starting 'Chrome' driver

11-02-2024T13:25:31 - [MESSAGE][INFO] - Action delay is set to 0 milliseconds

11-02-2024T13:25:32 - [MESSAGE][PASSED] - Browser is opened with url: ''

11-02-2024T13:25:32 - [TEST_STEP][PASSED] - navigateToUrl("https://advantageonlineshopping.com/"): Navigate to 'https://advantageonlineshopping.com/' successfully

11-02-2024T13:25:34 - [MESSAGE][PASSED] - Navigate to 'https://advantageonlineshopping.com/' successfully

11-02-2024T13:25:34 - [TEST_STEP][PASSED] - click(findTestObject("Object Repository/Fitur Filter 2/div_SPEAKERS                        Shop Now")): Object: 'Object Repository/Fitur Filter 2/div_SPEAKERS                        Shop Now' is clicked on

11-02-2024T13:25:39 - [MESSAGE][PASSED] - Object: 'Object Repository/Fitur Filter 2/div_SPEAKERS                        Shop Now' is clicked on

11-02-2024T13:25:39 - [TEST_STEP][PASSED] - filterType = filtername: null

11-02-2024T13:25:39 - [TEST_STEP][PASSED] - switch (filterType): null

11-02-2024T13:25:39 - [TEST_STEP][PASSED] - case "WIRELESS TECHNOLOGY":: null

11-02-2024T13:25:39 - [TEST_STEP][PASSED] - click(findTestObject("Object Repository/Fitur Filter 2/h4_WIRELESS TECHNOLOGY")): Object: 'Object Repository/Fitur Filter 2/h4_WIRELESS TECHNOLOGY' is clicked on

11-02-2024T13:25:41 - [MESSAGE][PASSED] - Object: 'Object Repository/Fitur Filter 2/h4_WIRELESS TECHNOLOGY' is clicked on

11-02-2024T13:25:41 - [TEST_STEP][PASSED] - click(findTestObject("Object Repository/Fitur Filter 2/input_WIRELESS TECHNOLOGY_wireless_technology_0")): Object: 'Object Repository/Fitur Filter 2/input_WIRELESS TECHNOLOGY_wireless_technology_0' is clicked on

11-02-2024T13:25:42 - [MESSAGE][PASSED] - Object: 'Object Repository/Fitur Filter 2/input_WIRELESS TECHNOLOGY_wireless_technology_0' is clicked on

11-02-2024T13:25:42 - [TEST_STEP][PASSED] - break: null

11-02-2024T13:25:42 - [TEST_STEP][PASSED] - delay(5): Delayed 5 second(s)

11-02-2024T13:25:47 - [MESSAGE][PASSED] - Delayed 5 second(s)

11-02-2024T13:25:47 - [TEST_STEP][PASSED] - closeBrowser(): Browser is closed

11-02-2024T13:25:47 - [MESSAGE][PASSED] - Browser is closed

11-02-2024T13:25:49 - [TEST_STEP][PASSED] - Video: Video recording for test case 'Test Cases/1 Positive test case/4 Filter item (switch-case and data driven)' .

11-02-2024T13:25:49 - [MESSAGE][INFO] - Video recording for test case 'Test Cases/1 Positive test case/4 Filter item (switch-case and data driven)' .]]></system-out>
         <system-err><![CDATA[]]></system-err>
      </testcase>
      <testcase name="Test Cases/1 Positive test case/4 Filter item (switch-case and data driven)" time="18.571" classname="Test Cases/1 Positive test case/4 Filter item (switch-case and data driven)" status="PASSED">
         <system-out><![CDATA[11-02-2024T13:25:49 - [TEST_CASE][PASSED] - Test Cases/1 Positive test case/4 Filter item (switch-case and data driven): Test Cases/1 Positive test case/4 Filter item (switch-case and data driven)

11-02-2024T13:25:49 - [TEST_STEP][PASSED] - openBrowser(""): Browser is opened with url: ''

11-02-2024T13:25:49 - [MESSAGE][INFO] - Starting 'Chrome' driver

11-02-2024T13:25:49 - [MESSAGE][INFO] - Action delay is set to 0 milliseconds

11-02-2024T13:25:50 - [MESSAGE][PASSED] - Browser is opened with url: ''

11-02-2024T13:25:50 - [TEST_STEP][PASSED] - navigateToUrl("https://advantageonlineshopping.com/"): Navigate to 'https://advantageonlineshopping.com/' successfully

11-02-2024T13:25:52 - [MESSAGE][PASSED] - Navigate to 'https://advantageonlineshopping.com/' successfully

11-02-2024T13:25:52 - [TEST_STEP][PASSED] - click(findTestObject("Object Repository/Fitur Filter 2/div_SPEAKERS                        Shop Now")): Object: 'Object Repository/Fitur Filter 2/div_SPEAKERS                        Shop Now' is clicked on

11-02-2024T13:25:57 - [MESSAGE][PASSED] - Object: 'Object Repository/Fitur Filter 2/div_SPEAKERS                        Shop Now' is clicked on

11-02-2024T13:25:57 - [TEST_STEP][PASSED] - filterType = filtername: null

11-02-2024T13:25:57 - [TEST_STEP][PASSED] - switch (filterType): null

11-02-2024T13:25:57 - [TEST_STEP][PASSED] - case "COLOR":: null

11-02-2024T13:25:57 - [TEST_STEP][PASSED] - click(findTestObject("Object Repository/Fitur Filter 2/h4_COLOR")): Object: 'Object Repository/Fitur Filter 2/h4_COLOR' is clicked on

11-02-2024T13:26:00 - [MESSAGE][PASSED] - Object: 'Object Repository/Fitur Filter 2/h4_COLOR' is clicked on

11-02-2024T13:26:00 - [TEST_STEP][PASSED] - click(findTestObject("Object Repository/Fitur Filter 2/a_COLOR_productsColors414141")): Object: 'Object Repository/Fitur Filter 2/a_COLOR_productsColors414141' is clicked on

11-02-2024T13:26:00 - [MESSAGE][PASSED] - Object: 'Object Repository/Fitur Filter 2/a_COLOR_productsColors414141' is clicked on

11-02-2024T13:26:00 - [TEST_STEP][PASSED] - break: null

11-02-2024T13:26:00 - [TEST_STEP][PASSED] - delay(5): Delayed 5 second(s)

11-02-2024T13:26:05 - [MESSAGE][PASSED] - Delayed 5 second(s)

11-02-2024T13:26:05 - [TEST_STEP][PASSED] - closeBrowser(): Browser is closed

11-02-2024T13:26:05 - [MESSAGE][PASSED] - Browser is closed

11-02-2024T13:26:08 - [TEST_STEP][PASSED] - Video: Video recording for test case 'Test Cases/1 Positive test case/4 Filter item (switch-case and data driven)' .

11-02-2024T13:26:08 - [MESSAGE][INFO] - Video recording for test case 'Test Cases/1 Positive test case/4 Filter item (switch-case and data driven)' .]]></system-out>
         <system-err><![CDATA[]]></system-err>
      </testcase>
      <testcase name="Test Cases/1 Positive test case/4 Filter item (switch-case and data driven)" time="18.58" classname="Test Cases/1 Positive test case/4 Filter item (switch-case and data driven)" status="PASSED">
         <system-out><![CDATA[11-02-2024T13:26:08 - [TEST_CASE][PASSED] - Test Cases/1 Positive test case/4 Filter item (switch-case and data driven): Test Cases/1 Positive test case/4 Filter item (switch-case and data driven)

11-02-2024T13:26:08 - [TEST_STEP][PASSED] - openBrowser(""): Browser is opened with url: ''

11-02-2024T13:26:08 - [MESSAGE][INFO] - Starting 'Chrome' driver

11-02-2024T13:26:08 - [MESSAGE][INFO] - Action delay is set to 0 milliseconds

11-02-2024T13:26:08 - [MESSAGE][PASSED] - Browser is opened with url: ''

11-02-2024T13:26:08 - [TEST_STEP][PASSED] - navigateToUrl("https://advantageonlineshopping.com/"): Navigate to 'https://advantageonlineshopping.com/' successfully

11-02-2024T13:26:11 - [MESSAGE][PASSED] - Navigate to 'https://advantageonlineshopping.com/' successfully

11-02-2024T13:26:11 - [TEST_STEP][PASSED] - click(findTestObject("Object Repository/Fitur Filter 2/div_SPEAKERS                        Shop Now")): Object: 'Object Repository/Fitur Filter 2/div_SPEAKERS                        Shop Now' is clicked on

11-02-2024T13:26:16 - [MESSAGE][PASSED] - Object: 'Object Repository/Fitur Filter 2/div_SPEAKERS                        Shop Now' is clicked on

11-02-2024T13:26:16 - [TEST_STEP][PASSED] - filterType = filtername: null

11-02-2024T13:26:16 - [TEST_STEP][PASSED] - switch (filterType): null

11-02-2024T13:26:16 - [TEST_STEP][PASSED] - case "MANUFACTURER":: null

11-02-2024T13:26:16 - [TEST_STEP][PASSED] - click(findTestObject("Object Repository/Fitur Filter 2/h4_MANUFACTURER")): Object: 'Object Repository/Fitur Filter 2/h4_MANUFACTURER' is clicked on

11-02-2024T13:26:18 - [MESSAGE][PASSED] - Object: 'Object Repository/Fitur Filter 2/h4_MANUFACTURER' is clicked on

11-02-2024T13:26:18 - [TEST_STEP][PASSED] - click(findTestObject("Object Repository/Fitur Filter 2/input_MANUFACTURER_manufacturer_0")): Object: 'Object Repository/Fitur Filter 2/input_MANUFACTURER_manufacturer_0' is clicked on

11-02-2024T13:26:19 - [MESSAGE][PASSED] - Object: 'Object Repository/Fitur Filter 2/input_MANUFACTURER_manufacturer_0' is clicked on

11-02-2024T13:26:19 - [TEST_STEP][PASSED] - break: null

11-02-2024T13:26:19 - [TEST_STEP][PASSED] - delay(5): Delayed 5 second(s)

11-02-2024T13:26:24 - [MESSAGE][PASSED] - Delayed 5 second(s)

11-02-2024T13:26:24 - [TEST_STEP][PASSED] - closeBrowser(): Browser is closed

11-02-2024T13:26:24 - [MESSAGE][PASSED] - Browser is closed

11-02-2024T13:26:26 - [TEST_STEP][PASSED] - Video: Video recording for test case 'Test Cases/1 Positive test case/4 Filter item (switch-case and data driven)' .

11-02-2024T13:26:26 - [MESSAGE][INFO] - Video recording for test case 'Test Cases/1 Positive test case/4 Filter item (switch-case and data driven)' .]]></system-out>
         <system-err><![CDATA[]]></system-err>
      </testcase>
      <testcase name="Test Cases/1 Positive test case/4 Filter item (switch-case and data driven)" time="18.174" classname="Test Cases/1 Positive test case/4 Filter item (switch-case and data driven)" status="PASSED">
         <system-out><![CDATA[11-02-2024T13:26:26 - [TEST_CASE][PASSED] - Test Cases/1 Positive test case/4 Filter item (switch-case and data driven): Test Cases/1 Positive test case/4 Filter item (switch-case and data driven)

11-02-2024T13:26:26 - [TEST_STEP][PASSED] - openBrowser(""): Browser is opened with url: ''

11-02-2024T13:26:26 - [MESSAGE][INFO] - Starting 'Chrome' driver

11-02-2024T13:26:26 - [MESSAGE][INFO] - Action delay is set to 0 milliseconds

11-02-2024T13:26:27 - [MESSAGE][PASSED] - Browser is opened with url: ''

11-02-2024T13:26:27 - [TEST_STEP][PASSED] - navigateToUrl("https://advantageonlineshopping.com/"): Navigate to 'https://advantageonlineshopping.com/' successfully

11-02-2024T13:26:29 - [MESSAGE][PASSED] - Navigate to 'https://advantageonlineshopping.com/' successfully

11-02-2024T13:26:29 - [TEST_STEP][PASSED] - click(findTestObject("Object Repository/Fitur Filter 2/div_SPEAKERS                        Shop Now")): Object: 'Object Repository/Fitur Filter 2/div_SPEAKERS                        Shop Now' is clicked on

11-02-2024T13:26:34 - [MESSAGE][PASSED] - Object: 'Object Repository/Fitur Filter 2/div_SPEAKERS                        Shop Now' is clicked on

11-02-2024T13:26:34 - [TEST_STEP][PASSED] - filterType = filtername: null

11-02-2024T13:26:34 - [TEST_STEP][PASSED] - switch (filterType): null

11-02-2024T13:26:34 - [TEST_STEP][PASSED] - case "COMPATIBILITY":: null

11-02-2024T13:26:34 - [TEST_STEP][PASSED] - click(findTestObject("Object Repository/Fitur Filter 2/h4_COMPATIBILITY")): Object: 'Object Repository/Fitur Filter 2/h4_COMPATIBILITY' is clicked on

11-02-2024T13:26:36 - [MESSAGE][PASSED] - Object: 'Object Repository/Fitur Filter 2/h4_COMPATIBILITY' is clicked on

11-02-2024T13:26:36 - [TEST_STEP][PASSED] - click(findTestObject("Object Repository/Fitur Filter 2/label_Any device that has bluetooth enabled")): Object: 'Object Repository/Fitur Filter 2/label_Any device that has bluetooth enabled' is clicked on

11-02-2024T13:26:36 - [MESSAGE][PASSED] - Object: 'Object Repository/Fitur Filter 2/label_Any device that has bluetooth enabled' is clicked on

11-02-2024T13:26:36 - [TEST_STEP][PASSED] - click(findTestObject("Object Repository/Fitur Filter 2/input_COMPATIBILITY_compatibility_0")): Object: 'Object Repository/Fitur Filter 2/input_COMPATIBILITY_compatibility_0' is clicked on

11-02-2024T13:26:37 - [MESSAGE][PASSED] - Object: 'Object Repository/Fitur Filter 2/input_COMPATIBILITY_compatibility_0' is clicked on

11-02-2024T13:26:37 - [TEST_STEP][PASSED] - break: null

11-02-2024T13:26:37 - [TEST_STEP][PASSED] - delay(5): Delayed 5 second(s)

11-02-2024T13:26:42 - [MESSAGE][PASSED] - Delayed 5 second(s)

11-02-2024T13:26:42 - [TEST_STEP][PASSED] - closeBrowser(): Browser is closed

11-02-2024T13:26:42 - [MESSAGE][PASSED] - Browser is closed

11-02-2024T13:26:44 - [TEST_STEP][PASSED] - Video: Video recording for test case 'Test Cases/1 Positive test case/4 Filter item (switch-case and data driven)' .

11-02-2024T13:26:44 - [MESSAGE][INFO] - Video recording for test case 'Test Cases/1 Positive test case/4 Filter item (switch-case and data driven)' .]]></system-out>
         <system-err><![CDATA[]]></system-err>
      </testcase>
      <testcase name="Test Cases/1 Positive test case/5 Add to Chart (switch-case and data driven)" time="39.388" classname="Test Cases/1 Positive test case/5 Add to Chart (switch-case and data driven)" status="PASSED">
         <system-out><![CDATA[11-02-2024T13:26:44 - [TEST_CASE][PASSED] - Test Cases/1 Positive test case/5 Add to Chart (switch-case and data driven): Test Cases/1 Positive test case/5 Add to Chart (switch-case and data driven)

11-02-2024T13:26:44 - [TEST_STEP][PASSED] - openBrowser(""): Browser is opened with url: ''

11-02-2024T13:26:44 - [MESSAGE][INFO] - Starting 'Chrome' driver

11-02-2024T13:26:44 - [MESSAGE][INFO] - Action delay is set to 0 milliseconds

11-02-2024T13:26:45 - [MESSAGE][PASSED] - Browser is opened with url: ''

11-02-2024T13:26:45 - [TEST_STEP][PASSED] - navigateToUrl("https://advantageonlineshopping.com/"): Navigate to 'https://advantageonlineshopping.com/' successfully

11-02-2024T13:26:48 - [MESSAGE][PASSED] - Navigate to 'https://advantageonlineshopping.com/' successfully

11-02-2024T13:26:48 - [TEST_STEP][PASSED] - click(findTestObject("Object Repository/fitur add to chart/a_My account                        My orde_124641")): Object: 'Object Repository/fitur add to chart/a_My account                        My orde_124641' is clicked on

11-02-2024T13:26:49 - [MESSAGE][PASSED] - Object: 'Object Repository/fitur add to chart/a_My account                        My orde_124641' is clicked on

11-02-2024T13:26:49 - [TEST_STEP][PASSED] - setText(findTestObject("Object Repository/fitur add to chart/input_OR_username"), "yudhatesting"): Text 'yudhatesting' is set on object 'Object Repository/fitur add to chart/input_OR_username'

11-02-2024T13:26:50 - [MESSAGE][PASSED] - Text 'yudhatesting' is set on object 'Object Repository/fitur add to chart/input_OR_username'

11-02-2024T13:26:50 - [TEST_STEP][PASSED] - setEncryptedText(findTestObject("Object Repository/fitur add to chart/input_Username_password"), "VjyC/is+sZNhzZxZ8kSNJw=="): Text ****** has been set on object 'Object Repository/fitur add to chart/input_Username_password'

11-02-2024T13:26:51 - [MESSAGE][PASSED] - Text ****** has been set on object 'Object Repository/fitur add to chart/input_Username_password'

11-02-2024T13:26:51 - [TEST_STEP][PASSED] - click(findTestObject("Object Repository/fitur add to chart/button_SIGN IN")): Object: 'Object Repository/fitur add to chart/button_SIGN IN' is clicked on

11-02-2024T13:26:52 - [MESSAGE][PASSED] - Object: 'Object Repository/fitur add to chart/button_SIGN IN' is clicked on

11-02-2024T13:26:52 - [TEST_STEP][PASSED] - click(findTestObject("Object Repository/fitur add to chart/div_LAPTOPS                        Shop Now")): Object: 'Object Repository/fitur add to chart/div_LAPTOPS                        Shop Now' is clicked on

11-02-2024T13:26:55 - [MESSAGE][PASSED] - Object: 'Object Repository/fitur add to chart/div_LAPTOPS                        Shop Now' is clicked on

11-02-2024T13:26:55 - [TEST_STEP][PASSED] - laptopType = datalaptop: null

11-02-2024T13:26:55 - [TEST_STEP][PASSED] - switch (laptopType): null

11-02-2024T13:26:55 - [TEST_STEP][PASSED] - case "LAPTOP A":: null

11-02-2024T13:26:55 - [TEST_STEP][PASSED] - click(findTestObject("Object Repository/fitur add to chart/img_SHOP NOW_9")): Object: 'Object Repository/fitur add to chart/img_SHOP NOW_9' is clicked on

11-02-2024T13:26:57 - [MESSAGE][PASSED] - Object: 'Object Repository/fitur add to chart/img_SHOP NOW_9' is clicked on

11-02-2024T13:26:57 - [TEST_STEP][PASSED] - click(findTestObject("Object Repository/fitur add to chart/button_ADD TO CART")): Object: 'Object Repository/fitur add to chart/button_ADD TO CART' is clicked on

11-02-2024T13:27:13 - [MESSAGE][PASSED] - Object: 'Object Repository/fitur add to chart/button_ADD TO CART' is clicked on

11-02-2024T13:27:13 - [TEST_STEP][PASSED] - click(findTestObject("Object Repository/fitur add to chart/a_LAPTOPS")): Object: 'Object Repository/fitur add to chart/a_LAPTOPS' is clicked on

11-02-2024T13:27:16 - [MESSAGE][PASSED] - Object: 'Object Repository/fitur add to chart/a_LAPTOPS' is clicked on

11-02-2024T13:27:16 - [TEST_STEP][PASSED] - break: null

11-02-2024T13:27:16 - [TEST_STEP][PASSED] - click(findTestObject("Object Repository/fitur add to chart/a_3")): Object: 'Object Repository/fitur add to chart/a_3' is clicked on

11-02-2024T13:27:16 - [MESSAGE][PASSED] - Object: 'Object Repository/fitur add to chart/a_3' is clicked on

11-02-2024T13:27:16 - [TEST_STEP][PASSED] - delay(5): Delayed 5 second(s)

11-02-2024T13:27:21 - [MESSAGE][PASSED] - Delayed 5 second(s)

11-02-2024T13:27:21 - [TEST_STEP][PASSED] - closeBrowser(): Browser is closed

11-02-2024T13:27:22 - [MESSAGE][PASSED] - Browser is closed

11-02-2024T13:27:24 - [TEST_STEP][PASSED] - Video: Video recording for test case 'Test Cases/1 Positive test case/5 Add to Chart (switch-case and data driven)' .

11-02-2024T13:27:24 - [MESSAGE][INFO] - Video recording for test case 'Test Cases/1 Positive test case/5 Add to Chart (switch-case and data driven)' .]]></system-out>
         <system-err><![CDATA[]]></system-err>
      </testcase>
      <testcase name="Test Cases/1 Positive test case/5 Add to Chart (switch-case and data driven)" time="37.775" classname="Test Cases/1 Positive test case/5 Add to Chart (switch-case and data driven)" status="PASSED">
         <system-out><![CDATA[11-02-2024T13:27:24 - [TEST_CASE][PASSED] - Test Cases/1 Positive test case/5 Add to Chart (switch-case and data driven): Test Cases/1 Positive test case/5 Add to Chart (switch-case and data driven)

11-02-2024T13:27:24 - [TEST_STEP][PASSED] - openBrowser(""): Browser is opened with url: ''

11-02-2024T13:27:24 - [MESSAGE][INFO] - Starting 'Chrome' driver

11-02-2024T13:27:24 - [MESSAGE][INFO] - Action delay is set to 0 milliseconds

11-02-2024T13:27:24 - [MESSAGE][PASSED] - Browser is opened with url: ''

11-02-2024T13:27:24 - [TEST_STEP][PASSED] - navigateToUrl("https://advantageonlineshopping.com/"): Navigate to 'https://advantageonlineshopping.com/' successfully

11-02-2024T13:27:27 - [MESSAGE][PASSED] - Navigate to 'https://advantageonlineshopping.com/' successfully

11-02-2024T13:27:27 - [TEST_STEP][PASSED] - click(findTestObject("Object Repository/fitur add to chart/a_My account                        My orde_124641")): Object: 'Object Repository/fitur add to chart/a_My account                        My orde_124641' is clicked on

11-02-2024T13:27:31 - [MESSAGE][PASSED] - Object: 'Object Repository/fitur add to chart/a_My account                        My orde_124641' is clicked on

11-02-2024T13:27:31 - [TEST_STEP][PASSED] - setText(findTestObject("Object Repository/fitur add to chart/input_OR_username"), "yudhatesting"): Text 'yudhatesting' is set on object 'Object Repository/fitur add to chart/input_OR_username'

11-02-2024T13:27:32 - [MESSAGE][PASSED] - Text 'yudhatesting' is set on object 'Object Repository/fitur add to chart/input_OR_username'

11-02-2024T13:27:32 - [TEST_STEP][PASSED] - setEncryptedText(findTestObject("Object Repository/fitur add to chart/input_Username_password"), "VjyC/is+sZNhzZxZ8kSNJw=="): Text ****** has been set on object 'Object Repository/fitur add to chart/input_Username_password'

11-02-2024T13:27:33 - [MESSAGE][PASSED] - Text ****** has been set on object 'Object Repository/fitur add to chart/input_Username_password'

11-02-2024T13:27:33 - [TEST_STEP][PASSED] - click(findTestObject("Object Repository/fitur add to chart/button_SIGN IN")): Object: 'Object Repository/fitur add to chart/button_SIGN IN' is clicked on

11-02-2024T13:27:33 - [MESSAGE][PASSED] - Object: 'Object Repository/fitur add to chart/button_SIGN IN' is clicked on

11-02-2024T13:27:33 - [TEST_STEP][PASSED] - click(findTestObject("Object Repository/fitur add to chart/div_LAPTOPS                        Shop Now")): Object: 'Object Repository/fitur add to chart/div_LAPTOPS                        Shop Now' is clicked on

11-02-2024T13:27:35 - [MESSAGE][PASSED] - Object: 'Object Repository/fitur add to chart/div_LAPTOPS                        Shop Now' is clicked on

11-02-2024T13:27:35 - [TEST_STEP][PASSED] - laptopType = datalaptop: null

11-02-2024T13:27:35 - [TEST_STEP][PASSED] - switch (laptopType): null

11-02-2024T13:27:35 - [TEST_STEP][PASSED] - case "LAPTOP B":: null

11-02-2024T13:27:35 - [TEST_STEP][PASSED] - click(findTestObject("Object Repository/fitur add to chart/img_SHOP NOW_10")): Object: 'Object Repository/fitur add to chart/img_SHOP NOW_10' is clicked on

11-02-2024T13:27:38 - [MESSAGE][PASSED] - Object: 'Object Repository/fitur add to chart/img_SHOP NOW_10' is clicked on

11-02-2024T13:27:38 - [TEST_STEP][PASSED] - click(findTestObject("Object Repository/fitur add to chart/button_ADD TO CART")): Object: 'Object Repository/fitur add to chart/button_ADD TO CART' is clicked on

11-02-2024T13:27:51 - [MESSAGE][PASSED] - Object: 'Object Repository/fitur add to chart/button_ADD TO CART' is clicked on

11-02-2024T13:27:51 - [TEST_STEP][PASSED] - click(findTestObject("Object Repository/fitur add to chart/a_LAPTOPS")): Object: 'Object Repository/fitur add to chart/a_LAPTOPS' is clicked on

11-02-2024T13:27:54 - [MESSAGE][PASSED] - Object: 'Object Repository/fitur add to chart/a_LAPTOPS' is clicked on

11-02-2024T13:27:54 - [TEST_STEP][PASSED] - break: null

11-02-2024T13:27:54 - [TEST_STEP][PASSED] - click(findTestObject("Object Repository/fitur add to chart/a_3")): Object: 'Object Repository/fitur add to chart/a_3' is clicked on

11-02-2024T13:27:54 - [MESSAGE][PASSED] - Object: 'Object Repository/fitur add to chart/a_3' is clicked on

11-02-2024T13:27:54 - [TEST_STEP][PASSED] - delay(5): Delayed 5 second(s)

11-02-2024T13:27:59 - [MESSAGE][PASSED] - Delayed 5 second(s)

11-02-2024T13:27:59 - [TEST_STEP][PASSED] - closeBrowser(): Browser is closed

11-02-2024T13:27:59 - [MESSAGE][PASSED] - Browser is closed

11-02-2024T13:28:01 - [TEST_STEP][PASSED] - Video: Video recording for test case 'Test Cases/1 Positive test case/5 Add to Chart (switch-case and data driven)' .

11-02-2024T13:28:01 - [MESSAGE][INFO] - Video recording for test case 'Test Cases/1 Positive test case/5 Add to Chart (switch-case and data driven)' .]]></system-out>
         <system-err><![CDATA[]]></system-err>
      </testcase>
      <testcase name="Test Cases/1 Positive test case/9 Contact Us" time="20.732" classname="Test Cases/1 Positive test case/9 Contact Us" status="PASSED">
         <system-out><![CDATA[11-02-2024T13:28:02 - [TEST_CASE][PASSED] - Test Cases/1 Positive test case/9 Contact Us: Test Cases/1 Positive test case/9 Contact Us

11-02-2024T13:28:02 - [TEST_STEP][PASSED] - openBrowser(""): Browser is opened with url: ''

11-02-2024T13:28:02 - [MESSAGE][INFO] - Starting 'Chrome' driver

11-02-2024T13:28:02 - [MESSAGE][INFO] - Action delay is set to 0 milliseconds

11-02-2024T13:28:02 - [MESSAGE][PASSED] - Browser is opened with url: ''

11-02-2024T13:28:02 - [TEST_STEP][PASSED] - navigateToUrl("https://advantageonlineshopping.com/"): Navigate to 'https://advantageonlineshopping.com/' successfully

11-02-2024T13:28:05 - [MESSAGE][PASSED] - Navigate to 'https://advantageonlineshopping.com/' successfully

11-02-2024T13:28:05 - [TEST_STEP][PASSED] - selectOptionByValue(findTestObject("Object Repository/fitur contact us/select_Select CategoryLaptopsHeadphonesTabl_1ef56f"), "object:60", true): All options with value 'object:60' are selected in object 'Object Repository/fitur contact us/select_Select CategoryLaptopsHeadphonesTabl_1ef56f'  using regular expression

11-02-2024T13:28:10 - [MESSAGE][PASSED] - All options with value 'object:60' are selected in object 'Object Repository/fitur contact us/select_Select CategoryLaptopsHeadphonesTabl_1ef56f'  using regular expression

11-02-2024T13:28:10 - [TEST_STEP][PASSED] - selectOptionByValue(findTestObject("Object Repository/fitur contact us/select_Select ProductHP Chromebook 14 G1(EN_361ba3"), "object:123", true): All options with value 'object:123' are selected in object 'Object Repository/fitur contact us/select_Select ProductHP Chromebook 14 G1(EN_361ba3'  using regular expression

11-02-2024T13:28:12 - [MESSAGE][PASSED] - All options with value 'object:123' are selected in object 'Object Repository/fitur contact us/select_Select ProductHP Chromebook 14 G1(EN_361ba3'  using regular expression

11-02-2024T13:28:12 - [TEST_STEP][PASSED] - setText(findTestObject("Object Repository/fitur contact us/input__emailContactUs"), email): Text 'yudhatesting@gmail.com' is set on object 'Object Repository/fitur contact us/input__emailContactUs'

11-02-2024T13:28:13 - [MESSAGE][PASSED] - Text 'yudhatesting@gmail.com' is set on object 'Object Repository/fitur contact us/input__emailContactUs'

11-02-2024T13:28:13 - [TEST_STEP][PASSED] - setText(findTestObject("Object Repository/fitur contact us/textarea__subjectTextareaContactUs"), subject): Text 'this product so cool!' is set on object 'Object Repository/fitur contact us/textarea__subjectTextareaContactUs'

11-02-2024T13:28:14 - [MESSAGE][PASSED] - Text 'this product so cool!' is set on object 'Object Repository/fitur contact us/textarea__subjectTextareaContactUs'

11-02-2024T13:28:14 - [TEST_STEP][PASSED] - click(findTestObject("Object Repository/fitur contact us/button_SEND")): Object: 'Object Repository/fitur contact us/button_SEND' is clicked on

11-02-2024T13:28:15 - [MESSAGE][PASSED] - Object: 'Object Repository/fitur contact us/button_SEND' is clicked on

11-02-2024T13:28:15 - [TEST_STEP][PASSED] - delay(5): Delayed 5 second(s)

11-02-2024T13:28:20 - [MESSAGE][PASSED] - Delayed 5 second(s)

11-02-2024T13:28:20 - [TEST_STEP][PASSED] - closeBrowser(): Browser is closed

11-02-2024T13:28:20 - [MESSAGE][PASSED] - Browser is closed

11-02-2024T13:28:22 - [TEST_STEP][PASSED] - Video: Video recording for test case 'Test Cases/1 Positive test case/9 Contact Us' .

11-02-2024T13:28:22 - [MESSAGE][INFO] - Video recording for test case 'Test Cases/1 Positive test case/9 Contact Us' .]]></system-out>
         <system-err><![CDATA[]]></system-err>
      </testcase>
      <testcase name="Test Cases/1 Positive test case/9 Contact Us" time="20.283" classname="Test Cases/1 Positive test case/9 Contact Us" status="PASSED">
         <system-out><![CDATA[11-02-2024T13:28:22 - [TEST_CASE][PASSED] - Test Cases/1 Positive test case/9 Contact Us: Test Cases/1 Positive test case/9 Contact Us

11-02-2024T13:28:22 - [TEST_STEP][PASSED] - openBrowser(""): Browser is opened with url: ''

11-02-2024T13:28:22 - [MESSAGE][INFO] - Starting 'Chrome' driver

11-02-2024T13:28:22 - [MESSAGE][INFO] - Action delay is set to 0 milliseconds

11-02-2024T13:28:23 - [MESSAGE][PASSED] - Browser is opened with url: ''

11-02-2024T13:28:23 - [TEST_STEP][PASSED] - navigateToUrl("https://advantageonlineshopping.com/"): Navigate to 'https://advantageonlineshopping.com/' successfully

11-02-2024T13:28:26 - [MESSAGE][PASSED] - Navigate to 'https://advantageonlineshopping.com/' successfully

11-02-2024T13:28:26 - [TEST_STEP][PASSED] - selectOptionByValue(findTestObject("Object Repository/fitur contact us/select_Select CategoryLaptopsHeadphonesTabl_1ef56f"), "object:60", true): All options with value 'object:60' are selected in object 'Object Repository/fitur contact us/select_Select CategoryLaptopsHeadphonesTabl_1ef56f'  using regular expression

11-02-2024T13:28:30 - [MESSAGE][PASSED] - All options with value 'object:60' are selected in object 'Object Repository/fitur contact us/select_Select CategoryLaptopsHeadphonesTabl_1ef56f'  using regular expression

11-02-2024T13:28:30 - [TEST_STEP][PASSED] - selectOptionByValue(findTestObject("Object Repository/fitur contact us/select_Select ProductHP Chromebook 14 G1(EN_361ba3"), "object:123", true): All options with value 'object:123' are selected in object 'Object Repository/fitur contact us/select_Select ProductHP Chromebook 14 G1(EN_361ba3'  using regular expression

11-02-2024T13:28:32 - [MESSAGE][PASSED] - All options with value 'object:123' are selected in object 'Object Repository/fitur contact us/select_Select ProductHP Chromebook 14 G1(EN_361ba3'  using regular expression

11-02-2024T13:28:32 - [TEST_STEP][PASSED] - setText(findTestObject("Object Repository/fitur contact us/input__emailContactUs"), email): Text 'yudhatesting2@gmail.com' is set on object 'Object Repository/fitur contact us/input__emailContactUs'

11-02-2024T13:28:33 - [MESSAGE][PASSED] - Text 'yudhatesting2@gmail.com' is set on object 'Object Repository/fitur contact us/input__emailContactUs'

11-02-2024T13:28:33 - [TEST_STEP][PASSED] - setText(findTestObject("Object Repository/fitur contact us/textarea__subjectTextareaContactUs"), subject): Text 'I want to buy this product' is set on object 'Object Repository/fitur contact us/textarea__subjectTextareaContactUs'

11-02-2024T13:28:35 - [MESSAGE][PASSED] - Text 'I want to buy this product' is set on object 'Object Repository/fitur contact us/textarea__subjectTextareaContactUs'

11-02-2024T13:28:35 - [TEST_STEP][PASSED] - click(findTestObject("Object Repository/fitur contact us/button_SEND")): Object: 'Object Repository/fitur contact us/button_SEND' is clicked on

11-02-2024T13:28:35 - [MESSAGE][PASSED] - Object: 'Object Repository/fitur contact us/button_SEND' is clicked on

11-02-2024T13:28:35 - [TEST_STEP][PASSED] - delay(5): Delayed 5 second(s)

11-02-2024T13:28:40 - [MESSAGE][PASSED] - Delayed 5 second(s)

11-02-2024T13:28:40 - [TEST_STEP][PASSED] - closeBrowser(): Browser is closed

11-02-2024T13:28:40 - [MESSAGE][PASSED] - Browser is closed

11-02-2024T13:28:43 - [TEST_STEP][PASSED] - Video: Video recording for test case 'Test Cases/1 Positive test case/9 Contact Us' .

11-02-2024T13:28:43 - [MESSAGE][INFO] - Video recording for test case 'Test Cases/1 Positive test case/9 Contact Us' .]]></system-out>
         <system-err><![CDATA[]]></system-err>
      </testcase>
      <testcase name="Test Cases/1 Positive test case/10 Checking Link Sosial Media - customkeyword dan assert" time="27.918" classname="Test Cases/1 Positive test case/10 Checking Link Sosial Media - customkeyword dan assert" status="PASSED">
         <system-out><![CDATA[11-02-2024T13:28:43 - [TEST_CASE][PASSED] - Test Cases/1 Positive test case/10 Checking Link Sosial Media - customkeyword dan assert: Test Cases/1 Positive test case/10 Checking Link Sosial Media - customkeyword dan assert

11-02-2024T13:28:43 - [TEST_STEP][PASSED] - qawebtugas.keywordlogin.login(): qawebtugas.keywordlogin.login is PASSED

11-02-2024T13:28:43 - [MESSAGE][INFO] - Starting 'Chrome' driver

11-02-2024T13:28:43 - [MESSAGE][INFO] - Action delay is set to 0 milliseconds

11-02-2024T13:28:43 - [MESSAGE][PASSED] - Browser is opened with url: ''

11-02-2024T13:28:46 - [MESSAGE][PASSED] - Navigate to 'https://advantageonlineshopping.com/' successfully

11-02-2024T13:28:50 - [MESSAGE][PASSED] - Object: 'Object Repository/Fitur Search 2/svg_CHECKOUT  (0.00)_menuUser' is clicked on

11-02-2024T13:28:51 - [MESSAGE][PASSED] - Text 'yudhatesting' is set on object 'Object Repository/Fitur Search 2/input_OR_username'

11-02-2024T13:28:52 - [MESSAGE][PASSED] - Text ****** has been set on object 'Object Repository/Fitur Search 2/input_Username_password'

11-02-2024T13:28:52 - [MESSAGE][PASSED] - Object: 'Object Repository/Fitur Search 2/button_SIGN IN' is clicked on

11-02-2024T13:28:52 - [MESSAGE][PASSED] - qawebtugas.keywordlogin.login is PASSED

11-02-2024T13:28:52 - [TEST_STEP][PASSED] - assert verifyElementPresent(findTestObject("Object Repository/fitur sosmed/img_FOLLOW US_follow_facebook"), 10, CONTINUE_ON_FAILURE): Object 'Object Repository/fitur sosmed/img_FOLLOW US_follow_facebook' is present

11-02-2024T13:29:01 - [MESSAGE][PASSED] - Object 'Object Repository/fitur sosmed/img_FOLLOW US_follow_facebook' is present

11-02-2024T13:29:01 - [TEST_STEP][PASSED] - assert verifyElementPresent(findTestObject("Object Repository/fitur sosmed/img_FOLLOW US_follow_twitter"), 10, CONTINUE_ON_FAILURE): Object 'Object Repository/fitur sosmed/img_FOLLOW US_follow_twitter' is present

11-02-2024T13:29:01 - [MESSAGE][PASSED] - Object 'Object Repository/fitur sosmed/img_FOLLOW US_follow_twitter' is present

11-02-2024T13:29:01 - [TEST_STEP][PASSED] - assert verifyElementPresent(findTestObject("Object Repository/fitur sosmed/img_FOLLOW US_follow_linkedin"), 10, CONTINUE_ON_FAILURE): Object 'Object Repository/fitur sosmed/img_FOLLOW US_follow_linkedin' is present

11-02-2024T13:29:02 - [MESSAGE][PASSED] - Object 'Object Repository/fitur sosmed/img_FOLLOW US_follow_linkedin' is present

11-02-2024T13:29:02 - [TEST_STEP][PASSED] - assert verifyElementPresent(findTestObject("Object Repository/fitur sosmed/img_DEMO_go_up_btn"), 10, CONTINUE_ON_FAILURE): Object 'Object Repository/fitur sosmed/img_DEMO_go_up_btn' is present

11-02-2024T13:29:02 - [MESSAGE][PASSED] - Object 'Object Repository/fitur sosmed/img_DEMO_go_up_btn' is present

11-02-2024T13:29:02 - [TEST_STEP][PASSED] - click(findTestObject("Object Repository/fitur sosmed/img_FOLLOW US_follow_facebook")): Object: 'Object Repository/fitur sosmed/img_FOLLOW US_follow_facebook' is clicked on

11-02-2024T13:29:02 - [MESSAGE][PASSED] - Object: 'Object Repository/fitur sosmed/img_FOLLOW US_follow_facebook' is clicked on

11-02-2024T13:29:02 - [TEST_STEP][PASSED] - click(findTestObject("Object Repository/fitur sosmed/img_FOLLOW US_follow_twitter")): Object: 'Object Repository/fitur sosmed/img_FOLLOW US_follow_twitter' is clicked on

11-02-2024T13:29:04 - [MESSAGE][PASSED] - Object: 'Object Repository/fitur sosmed/img_FOLLOW US_follow_twitter' is clicked on

11-02-2024T13:29:04 - [TEST_STEP][PASSED] - click(findTestObject("Object Repository/fitur sosmed/img_FOLLOW US_follow_linkedin")): Object: 'Object Repository/fitur sosmed/img_FOLLOW US_follow_linkedin' is clicked on

11-02-2024T13:29:06 - [MESSAGE][PASSED] - Object: 'Object Repository/fitur sosmed/img_FOLLOW US_follow_linkedin' is clicked on

11-02-2024T13:29:06 - [TEST_STEP][PASSED] - click(findTestObject("Object Repository/fitur sosmed/img_DEMO_go_up_btn")): Object: 'Object Repository/fitur sosmed/img_DEMO_go_up_btn' is clicked on

11-02-2024T13:29:08 - [MESSAGE][PASSED] - Object: 'Object Repository/fitur sosmed/img_DEMO_go_up_btn' is clicked on

11-02-2024T13:29:08 - [TEST_STEP][PASSED] - closeBrowser(): Browser is closed

11-02-2024T13:29:08 - [MESSAGE][PASSED] - Browser is closed

11-02-2024T13:29:10 - [TEST_STEP][PASSED] - Video: Video recording for test case 'Test Cases/1 Positive test case/10 Checking Link Sosial Media - customkeyword dan assert' .

11-02-2024T13:29:10 - [MESSAGE][INFO] - Video recording for test case 'Test Cases/1 Positive test case/10 Checking Link Sosial Media - customkeyword dan assert' .]]></system-out>
         <system-err><![CDATA[]]></system-err>
      </testcase>
      <system-out><![CDATA[11-02-2024T13:24:57 - [TEST_SUITE][PASSED] - 2 search, filter and add to chart item: Test Cases/1 Positive test case/10 Checking Link Sosial Media - customkeyword dan assert]]></system-out>
      <system-err><![CDATA[]]></system-err>
   </testsuite>
   <testsuite name="3 all checkout" tests="8" failures="0" errors="0" time="340.774" skipped="0" timestamp="11-02-2024T13:29:21" hostname="ACER - LAPTOP-DI70DTOM" id="Test Suites/1 Test Suites/3 all checkout">
      <properties>
         <property name="deviceName" value=""/>
         <property name="devicePlatform" value=""/>
         <property name="logFolder" value="C:\\Users\\ACER\\git\\Final-Project-QA-WEB\\Reports\\20240211_132226\\1 Test Suites\\3 all checkout\\20240211_132231"/>
         <property name="logFiles" value="C:\\Users\\ACER\\git\\Final-Project-QA-WEB\\Reports\\20240211_132226\\1 Test Suites\\3 all checkout\\20240211_132231\\execution0.log"/>
         <property name="attachments" value=""/>
         <property name="hostName" value="ACER - LAPTOP-DI70DTOM"/>
         <property name="os" value="Windows 11 64bit"/>
         <property name="katalonVersion" value="9.3.0.212"/>
         <property name="browser" value="Chrome 121.0.0.0"/>
         <property name="hostAddress" value="192.168.0.151"/>
         <property name="sessionId" value="b36a91824e37a8294987be908a7f4d69"/>
         <property name="seleniumVersion" value="3.141.59"/>
         <property name="proxyInformation" value="ProxyInformation { proxyOption=NO_PROXY, proxyServerType=HTTP, username=, password=********, proxyServerAddress=, proxyServerPort=0, executionList=&quot;&quot;, isApplyToDesiredCapabilities=true }"/>
         <property name="platform" value="Windows 11"/>
      </properties>
      <testcase name="Test Cases/1 Positive test case/6 Checkout Basic Item - Safepay Payment (data driven)" time="59.369" classname="Test Cases/1 Positive test case/6 Checkout Basic Item - Safepay Payment (data driven)" status="PASSED">
         <system-out><![CDATA[11-02-2024T13:29:22 - [TEST_CASE][PASSED] - Test Cases/1 Positive test case/6 Checkout Basic Item - Safepay Payment (data driven): Test Cases/1 Positive test case/6 Checkout Basic Item - Safepay Payment (data driven)

11-02-2024T13:29:22 - [TEST_STEP][PASSED] - openBrowser(""): Browser is opened with url: ''

11-02-2024T13:29:23 - [MESSAGE][INFO] - Starting 'Chrome' driver

11-02-2024T13:29:23 - [MESSAGE][INFO] - Action delay is set to 0 milliseconds

11-02-2024T13:29:24 - [MESSAGE][PASSED] - Browser is opened with url: ''

11-02-2024T13:29:24 - [TEST_STEP][PASSED] - navigateToUrl("https://advantageonlineshopping.com/"): Navigate to 'https://advantageonlineshopping.com/' successfully

11-02-2024T13:29:27 - [MESSAGE][PASSED] - Navigate to 'https://advantageonlineshopping.com/' successfully

11-02-2024T13:29:27 - [TEST_STEP][PASSED] - click(findTestObject("Object Repository/fitur checkout 1/a_My account                        My orde_124641")): Object: 'Object Repository/fitur checkout 1/a_My account                        My orde_124641' is clicked on

11-02-2024T13:29:31 - [MESSAGE][PASSED] - Object: 'Object Repository/fitur checkout 1/a_My account                        My orde_124641' is clicked on

11-02-2024T13:29:31 - [TEST_STEP][PASSED] - setText(findTestObject("Object Repository/fitur checkout 1/input_OR_username"), "yudhatesting"): Text 'yudhatesting' is set on object 'Object Repository/fitur checkout 1/input_OR_username'

11-02-2024T13:29:32 - [MESSAGE][PASSED] - Text 'yudhatesting' is set on object 'Object Repository/fitur checkout 1/input_OR_username'

11-02-2024T13:29:32 - [TEST_STEP][PASSED] - click(findTestObject("Object Repository/fitur checkout 1/label_Password")): Object: 'Object Repository/fitur checkout 1/label_Password' is clicked on

11-02-2024T13:29:33 - [MESSAGE][PASSED] - Object: 'Object Repository/fitur checkout 1/label_Password' is clicked on

11-02-2024T13:29:33 - [TEST_STEP][PASSED] - setEncryptedText(findTestObject("Object Repository/fitur checkout 1/input_Username_password"), "VjyC/is+sZNhzZxZ8kSNJw=="): Text ****** has been set on object 'Object Repository/fitur checkout 1/input_Username_password'

11-02-2024T13:29:33 - [MESSAGE][PASSED] - Text ****** has been set on object 'Object Repository/fitur checkout 1/input_Username_password'

11-02-2024T13:29:33 - [TEST_STEP][PASSED] - click(findTestObject("Object Repository/fitur checkout 1/button_SIGN IN")): Object: 'Object Repository/fitur checkout 1/button_SIGN IN' is clicked on

11-02-2024T13:29:34 - [MESSAGE][PASSED] - Object: 'Object Repository/fitur checkout 1/button_SIGN IN' is clicked on

11-02-2024T13:29:34 - [TEST_STEP][PASSED] - click(findTestObject("Object Repository/fitur checkout 1/div_SPEAKERS                        Shop Now")): Object: 'Object Repository/fitur checkout 1/div_SPEAKERS                        Shop Now' is clicked on

11-02-2024T13:29:35 - [MESSAGE][PASSED] - Object: 'Object Repository/fitur checkout 1/div_SPEAKERS                        Shop Now' is clicked on

11-02-2024T13:29:35 - [TEST_STEP][PASSED] - click(findTestObject("Object Repository/fitur checkout 1/img_SHOP NOW_20")): Object: 'Object Repository/fitur checkout 1/img_SHOP NOW_20' is clicked on

11-02-2024T13:29:42 - [MESSAGE][PASSED] - Object: 'Object Repository/fitur checkout 1/img_SHOP NOW_20' is clicked on

11-02-2024T13:29:42 - [TEST_STEP][PASSED] - click(findTestObject("Object Repository/fitur checkout 1/button_ADD TO CART")): Object: 'Object Repository/fitur checkout 1/button_ADD TO CART' is clicked on

11-02-2024T13:29:49 - [MESSAGE][PASSED] - Object: 'Object Repository/fitur checkout 1/button_ADD TO CART' is clicked on

11-02-2024T13:29:49 - [TEST_STEP][PASSED] - click(findTestObject("Object Repository/fitur checkout 1/a_SPEAKERS")): Object: 'Object Repository/fitur checkout 1/a_SPEAKERS' is clicked on

11-02-2024T13:29:52 - [MESSAGE][PASSED] - Object: 'Object Repository/fitur checkout 1/a_SPEAKERS' is clicked on

11-02-2024T13:29:52 - [TEST_STEP][PASSED] - click(findTestObject("Object Repository/fitur checkout 1/img_SHOP NOW_25")): Object: 'Object Repository/fitur checkout 1/img_SHOP NOW_25' is clicked on

11-02-2024T13:29:53 - [MESSAGE][PASSED] - Object: 'Object Repository/fitur checkout 1/img_SHOP NOW_25' is clicked on

11-02-2024T13:29:53 - [TEST_STEP][PASSED] - click(findTestObject("Object Repository/fitur checkout 1/button_ADD TO CART")): Object: 'Object Repository/fitur checkout 1/button_ADD TO CART' is clicked on

11-02-2024T13:29:53 - [MESSAGE][PASSED] - Object: 'Object Repository/fitur checkout 1/button_ADD TO CART' is clicked on

11-02-2024T13:29:53 - [TEST_STEP][PASSED] - click(findTestObject("Object Repository/fitur checkout 1/a_SPEAKERS")): Object: 'Object Repository/fitur checkout 1/a_SPEAKERS' is clicked on

11-02-2024T13:29:57 - [MESSAGE][PASSED] - Object: 'Object Repository/fitur checkout 1/a_SPEAKERS' is clicked on

11-02-2024T13:29:57 - [TEST_STEP][PASSED] - click(findTestObject("Object Repository/fitur checkout 1/a_11")): Object: 'Object Repository/fitur checkout 1/a_11' is clicked on

11-02-2024T13:29:57 - [MESSAGE][PASSED] - Object: 'Object Repository/fitur checkout 1/a_11' is clicked on

11-02-2024T13:29:57 - [TEST_STEP][PASSED] - click(findTestObject("Object Repository/fitur checkout 1/button_CHECKOUT (7,634.90)")): Object: 'Object Repository/fitur checkout 1/button_CHECKOUT (7,634.90)' is clicked on

11-02-2024T13:30:00 - [MESSAGE][PASSED] - Object: 'Object Repository/fitur checkout 1/button_CHECKOUT (7,634.90)' is clicked on

11-02-2024T13:30:00 - [TEST_STEP][PASSED] - click(findTestObject("Object Repository/fitur checkout 1/button_NEXT")): Object: 'Object Repository/fitur checkout 1/button_NEXT' is clicked on

11-02-2024T13:30:05 - [MESSAGE][PASSED] - Object: 'Object Repository/fitur checkout 1/button_NEXT' is clicked on

11-02-2024T13:30:05 - [TEST_STEP][PASSED] - setText(findTestObject("Object Repository/fitur checkout 1/input__safepay_username"), username): Text 'yudhatesting' is set on object 'Object Repository/fitur checkout 1/input__safepay_username'

11-02-2024T13:30:06 - [MESSAGE][PASSED] - Text 'yudhatesting' is set on object 'Object Repository/fitur checkout 1/input__safepay_username'

11-02-2024T13:30:06 - [TEST_STEP][PASSED] - delay(3): Delayed 3 second(s)

11-02-2024T13:30:09 - [MESSAGE][PASSED] - Delayed 3 second(s)

11-02-2024T13:30:09 - [TEST_STEP][PASSED] - setText(findTestObject("Object Repository/fitur checkout 1/input__safepay_password"), password): Text 'Dharmayudha1' is set on object 'Object Repository/fitur checkout 1/input__safepay_password'

11-02-2024T13:30:10 - [MESSAGE][PASSED] - Text 'Dharmayudha1' is set on object 'Object Repository/fitur checkout 1/input__safepay_password'

11-02-2024T13:30:10 - [TEST_STEP][PASSED] - delay(3): Delayed 3 second(s)

11-02-2024T13:30:13 - [MESSAGE][PASSED] - Delayed 3 second(s)

11-02-2024T13:30:13 - [TEST_STEP][PASSED] - click(findTestObject("Object Repository/fitur checkout 1/button_PAY NOW")): Object: 'Object Repository/fitur checkout 1/button_PAY NOW' is clicked on

11-02-2024T13:30:14 - [MESSAGE][PASSED] - Object: 'Object Repository/fitur checkout 1/button_PAY NOW' is clicked on

11-02-2024T13:30:14 - [TEST_STEP][PASSED] - delay(5): Delayed 5 second(s)

11-02-2024T13:30:19 - [MESSAGE][PASSED] - Delayed 5 second(s)

11-02-2024T13:30:19 - [TEST_STEP][PASSED] - closeBrowser(): Browser is closed

11-02-2024T13:30:19 - [MESSAGE][PASSED] - Browser is closed

11-02-2024T13:30:21 - [TEST_STEP][PASSED] - Video: Video recording for test case 'Test Cases/1 Positive test case/6 Checkout Basic Item - Safepay Payment (data driven)' .

11-02-2024T13:30:21 - [MESSAGE][INFO] - Video recording for test case 'Test Cases/1 Positive test case/6 Checkout Basic Item - Safepay Payment (data driven)' .]]></system-out>
         <system-err><![CDATA[]]></system-err>
      </testcase>
      <testcase name="Test Cases/1 Positive test case/6 Checkout Basic Item - Safepay Payment (data driven)" time="52.884" classname="Test Cases/1 Positive test case/6 Checkout Basic Item - Safepay Payment (data driven)" status="PASSED">
         <system-out><![CDATA[11-02-2024T13:30:21 - [TEST_CASE][PASSED] - Test Cases/1 Positive test case/6 Checkout Basic Item - Safepay Payment (data driven): Test Cases/1 Positive test case/6 Checkout Basic Item - Safepay Payment (data driven)

11-02-2024T13:30:21 - [TEST_STEP][PASSED] - openBrowser(""): Browser is opened with url: ''

11-02-2024T13:30:21 - [MESSAGE][INFO] - Starting 'Chrome' driver

11-02-2024T13:30:21 - [MESSAGE][INFO] - Action delay is set to 0 milliseconds

11-02-2024T13:30:22 - [MESSAGE][PASSED] - Browser is opened with url: ''

11-02-2024T13:30:22 - [TEST_STEP][PASSED] - navigateToUrl("https://advantageonlineshopping.com/"): Navigate to 'https://advantageonlineshopping.com/' successfully

11-02-2024T13:30:24 - [MESSAGE][PASSED] - Navigate to 'https://advantageonlineshopping.com/' successfully

11-02-2024T13:30:24 - [TEST_STEP][PASSED] - click(findTestObject("Object Repository/fitur checkout 1/a_My account                        My orde_124641")): Object: 'Object Repository/fitur checkout 1/a_My account                        My orde_124641' is clicked on

11-02-2024T13:30:28 - [MESSAGE][PASSED] - Object: 'Object Repository/fitur checkout 1/a_My account                        My orde_124641' is clicked on

11-02-2024T13:30:28 - [TEST_STEP][PASSED] - setText(findTestObject("Object Repository/fitur checkout 1/input_OR_username"), "yudhatesting"): Text 'yudhatesting' is set on object 'Object Repository/fitur checkout 1/input_OR_username'

11-02-2024T13:30:29 - [MESSAGE][PASSED] - Text 'yudhatesting' is set on object 'Object Repository/fitur checkout 1/input_OR_username'

11-02-2024T13:30:29 - [TEST_STEP][PASSED] - click(findTestObject("Object Repository/fitur checkout 1/label_Password")): Object: 'Object Repository/fitur checkout 1/label_Password' is clicked on

11-02-2024T13:30:30 - [MESSAGE][PASSED] - Object: 'Object Repository/fitur checkout 1/label_Password' is clicked on

11-02-2024T13:30:30 - [TEST_STEP][PASSED] - setEncryptedText(findTestObject("Object Repository/fitur checkout 1/input_Username_password"), "VjyC/is+sZNhzZxZ8kSNJw=="): Text ****** has been set on object 'Object Repository/fitur checkout 1/input_Username_password'

11-02-2024T13:30:31 - [MESSAGE][PASSED] - Text ****** has been set on object 'Object Repository/fitur checkout 1/input_Username_password'

11-02-2024T13:30:31 - [TEST_STEP][PASSED] - click(findTestObject("Object Repository/fitur checkout 1/button_SIGN IN")): Object: 'Object Repository/fitur checkout 1/button_SIGN IN' is clicked on

11-02-2024T13:30:31 - [MESSAGE][PASSED] - Object: 'Object Repository/fitur checkout 1/button_SIGN IN' is clicked on

11-02-2024T13:30:31 - [TEST_STEP][PASSED] - click(findTestObject("Object Repository/fitur checkout 1/div_SPEAKERS                        Shop Now")): Object: 'Object Repository/fitur checkout 1/div_SPEAKERS                        Shop Now' is clicked on

11-02-2024T13:30:33 - [MESSAGE][PASSED] - Object: 'Object Repository/fitur checkout 1/div_SPEAKERS                        Shop Now' is clicked on

11-02-2024T13:30:33 - [TEST_STEP][PASSED] - click(findTestObject("Object Repository/fitur checkout 1/img_SHOP NOW_20")): Object: 'Object Repository/fitur checkout 1/img_SHOP NOW_20' is clicked on

11-02-2024T13:30:36 - [MESSAGE][PASSED] - Object: 'Object Repository/fitur checkout 1/img_SHOP NOW_20' is clicked on

11-02-2024T13:30:36 - [TEST_STEP][PASSED] - click(findTestObject("Object Repository/fitur checkout 1/button_ADD TO CART")): Object: 'Object Repository/fitur checkout 1/button_ADD TO CART' is clicked on

11-02-2024T13:30:47 - [MESSAGE][PASSED] - Object: 'Object Repository/fitur checkout 1/button_ADD TO CART' is clicked on

11-02-2024T13:30:47 - [TEST_STEP][PASSED] - click(findTestObject("Object Repository/fitur checkout 1/a_SPEAKERS")): Object: 'Object Repository/fitur checkout 1/a_SPEAKERS' is clicked on

11-02-2024T13:30:49 - [MESSAGE][PASSED] - Object: 'Object Repository/fitur checkout 1/a_SPEAKERS' is clicked on

11-02-2024T13:30:49 - [TEST_STEP][PASSED] - click(findTestObject("Object Repository/fitur checkout 1/img_SHOP NOW_25")): Object: 'Object Repository/fitur checkout 1/img_SHOP NOW_25' is clicked on

11-02-2024T13:30:50 - [MESSAGE][PASSED] - Object: 'Object Repository/fitur checkout 1/img_SHOP NOW_25' is clicked on

11-02-2024T13:30:50 - [TEST_STEP][PASSED] - click(findTestObject("Object Repository/fitur checkout 1/button_ADD TO CART")): Object: 'Object Repository/fitur checkout 1/button_ADD TO CART' is clicked on

11-02-2024T13:30:50 - [MESSAGE][PASSED] - Object: 'Object Repository/fitur checkout 1/button_ADD TO CART' is clicked on

11-02-2024T13:30:50 - [TEST_STEP][PASSED] - click(findTestObject("Object Repository/fitur checkout 1/a_SPEAKERS")): Object: 'Object Repository/fitur checkout 1/a_SPEAKERS' is clicked on

11-02-2024T13:30:52 - [MESSAGE][PASSED] - Object: 'Object Repository/fitur checkout 1/a_SPEAKERS' is clicked on

11-02-2024T13:30:52 - [TEST_STEP][PASSED] - click(findTestObject("Object Repository/fitur checkout 1/a_11")): Object: 'Object Repository/fitur checkout 1/a_11' is clicked on

11-02-2024T13:30:53 - [MESSAGE][PASSED] - Object: 'Object Repository/fitur checkout 1/a_11' is clicked on

11-02-2024T13:30:53 - [TEST_STEP][PASSED] - click(findTestObject("Object Repository/fitur checkout 1/button_CHECKOUT (7,634.90)")): Object: 'Object Repository/fitur checkout 1/button_CHECKOUT (7,634.90)' is clicked on

11-02-2024T13:30:55 - [MESSAGE][PASSED] - Object: 'Object Repository/fitur checkout 1/button_CHECKOUT (7,634.90)' is clicked on

11-02-2024T13:30:55 - [TEST_STEP][PASSED] - click(findTestObject("Object Repository/fitur checkout 1/button_NEXT")): Object: 'Object Repository/fitur checkout 1/button_NEXT' is clicked on

11-02-2024T13:30:58 - [MESSAGE][PASSED] - Object: 'Object Repository/fitur checkout 1/button_NEXT' is clicked on

11-02-2024T13:30:58 - [TEST_STEP][PASSED] - setText(findTestObject("Object Repository/fitur checkout 1/input__safepay_username"), username): Text 'yudhatesting2' is set on object 'Object Repository/fitur checkout 1/input__safepay_username'

11-02-2024T13:30:59 - [MESSAGE][PASSED] - Text 'yudhatesting2' is set on object 'Object Repository/fitur checkout 1/input__safepay_username'

11-02-2024T13:30:59 - [TEST_STEP][PASSED] - delay(3): Delayed 3 second(s)

11-02-2024T13:31:02 - [MESSAGE][PASSED] - Delayed 3 second(s)

11-02-2024T13:31:02 - [TEST_STEP][PASSED] - setText(findTestObject("Object Repository/fitur checkout 1/input__safepay_password"), password): Text 'Dharmayudha2' is set on object 'Object Repository/fitur checkout 1/input__safepay_password'

11-02-2024T13:31:03 - [MESSAGE][PASSED] - Text 'Dharmayudha2' is set on object 'Object Repository/fitur checkout 1/input__safepay_password'

11-02-2024T13:31:03 - [TEST_STEP][PASSED] - delay(3): Delayed 3 second(s)

11-02-2024T13:31:06 - [MESSAGE][PASSED] - Delayed 3 second(s)

11-02-2024T13:31:06 - [TEST_STEP][PASSED] - click(findTestObject("Object Repository/fitur checkout 1/button_PAY NOW")): Object: 'Object Repository/fitur checkout 1/button_PAY NOW' is clicked on

11-02-2024T13:31:07 - [MESSAGE][PASSED] - Object: 'Object Repository/fitur checkout 1/button_PAY NOW' is clicked on

11-02-2024T13:31:07 - [TEST_STEP][PASSED] - delay(5): Delayed 5 second(s)

11-02-2024T13:31:12 - [MESSAGE][PASSED] - Delayed 5 second(s)

11-02-2024T13:31:12 - [TEST_STEP][PASSED] - closeBrowser(): Browser is closed

11-02-2024T13:31:12 - [MESSAGE][PASSED] - Browser is closed

11-02-2024T13:31:14 - [TEST_STEP][PASSED] - Video: Video recording for test case 'Test Cases/1 Positive test case/6 Checkout Basic Item - Safepay Payment (data driven)' .

11-02-2024T13:31:14 - [MESSAGE][INFO] - Video recording for test case 'Test Cases/1 Positive test case/6 Checkout Basic Item - Safepay Payment (data driven)' .]]></system-out>
         <system-err><![CDATA[]]></system-err>
      </testcase>
      <testcase name="Test Cases/1 Positive test case/7 Checkout Popular item - CC Payment" time="35.395" classname="Test Cases/1 Positive test case/7 Checkout Popular item - CC Payment" status="PASSED">
         <system-out><![CDATA[11-02-2024T13:31:14 - [TEST_CASE][PASSED] - Test Cases/1 Positive test case/7 Checkout Popular item - CC Payment: Test Cases/1 Positive test case/7 Checkout Popular item - CC Payment

11-02-2024T13:31:14 - [TEST_STEP][PASSED] - openBrowser(""): Browser is opened with url: ''

11-02-2024T13:31:14 - [MESSAGE][INFO] - Starting 'Chrome' driver

11-02-2024T13:31:14 - [MESSAGE][INFO] - Action delay is set to 0 milliseconds

11-02-2024T13:31:15 - [MESSAGE][PASSED] - Browser is opened with url: ''

11-02-2024T13:31:15 - [TEST_STEP][PASSED] - navigateToUrl("https://advantageonlineshopping.com/"): Navigate to 'https://advantageonlineshopping.com/' successfully

11-02-2024T13:31:17 - [MESSAGE][PASSED] - Navigate to 'https://advantageonlineshopping.com/' successfully

11-02-2024T13:31:17 - [TEST_STEP][PASSED] - click(findTestObject("Object Repository/fitur checkout 2/a_My account                        My orde_124641")): Object: 'Object Repository/fitur checkout 2/a_My account                        My orde_124641' is clicked on

11-02-2024T13:31:21 - [MESSAGE][PASSED] - Object: 'Object Repository/fitur checkout 2/a_My account                        My orde_124641' is clicked on

11-02-2024T13:31:21 - [TEST_STEP][PASSED] - setText(findTestObject("Object Repository/fitur checkout 2/input_OR_username"), "yudhatesting"): Text 'yudhatesting' is set on object 'Object Repository/fitur checkout 2/input_OR_username'

11-02-2024T13:31:22 - [MESSAGE][PASSED] - Text 'yudhatesting' is set on object 'Object Repository/fitur checkout 2/input_OR_username'

11-02-2024T13:31:22 - [TEST_STEP][PASSED] - setEncryptedText(findTestObject("Object Repository/fitur checkout 2/input_Username_password"), "VjyC/is+sZNhzZxZ8kSNJw=="): Text ****** has been set on object 'Object Repository/fitur checkout 2/input_Username_password'

11-02-2024T13:31:23 - [MESSAGE][PASSED] - Text ****** has been set on object 'Object Repository/fitur checkout 2/input_Username_password'

11-02-2024T13:31:23 - [TEST_STEP][PASSED] - click(findTestObject("Object Repository/fitur checkout 2/button_SIGN IN")): Object: 'Object Repository/fitur checkout 2/button_SIGN IN' is clicked on

11-02-2024T13:31:24 - [MESSAGE][PASSED] - Object: 'Object Repository/fitur checkout 2/button_SIGN IN' is clicked on

11-02-2024T13:31:24 - [TEST_STEP][PASSED] - verifyElementPresent(findTestObject("Object Repository/fitur checkout 2/label_View Details"), 10): Object 'Object Repository/fitur checkout 2/label_View Details' is present

11-02-2024T13:31:25 - [MESSAGE][PASSED] - Object 'Object Repository/fitur checkout 2/label_View Details' is present

11-02-2024T13:31:25 - [TEST_STEP][PASSED] - if (verifyElementPresent(findTestObject("Object Repository/fitur checkout 2/label_View Details"), 10)): Browser is closed

11-02-2024T13:31:25 - [MESSAGE][PASSED] - Object 'Object Repository/fitur checkout 2/label_View Details' is present

11-02-2024T13:31:25 - [TEST_STEP][PASSED] - click(findTestObject("Object Repository/fitur checkout 2/label_View Details")): Object: 'Object Repository/fitur checkout 2/label_View Details' is clicked on

11-02-2024T13:31:26 - [MESSAGE][PASSED] - Object: 'Object Repository/fitur checkout 2/label_View Details' is clicked on

11-02-2024T13:31:26 - [TEST_STEP][PASSED] - click(findTestObject("Object Repository/fitur checkout 2/button_ADD TO CART")): Object: 'Object Repository/fitur checkout 2/button_ADD TO CART' is clicked on

11-02-2024T13:31:28 - [MESSAGE][PASSED] - Object: 'Object Repository/fitur checkout 2/button_ADD TO CART' is clicked on

11-02-2024T13:31:28 - [TEST_STEP][PASSED] - click(findTestObject("Object Repository/fitur checkout 2/a_LAPTOPS")): Object: 'Object Repository/fitur checkout 2/a_LAPTOPS' is clicked on

11-02-2024T13:31:30 - [MESSAGE][PASSED] - Object: 'Object Repository/fitur checkout 2/a_LAPTOPS' is clicked on

11-02-2024T13:31:30 - [TEST_STEP][PASSED] - click(findTestObject("Object Repository/fitur checkout 2/a_3")): Object: 'Object Repository/fitur checkout 2/a_3' is clicked on

11-02-2024T13:31:31 - [MESSAGE][PASSED] - Object: 'Object Repository/fitur checkout 2/a_3' is clicked on

11-02-2024T13:31:31 - [TEST_STEP][PASSED] - click(findTestObject("Object Repository/fitur checkout 2/button_CHECKOUT (3,785.97)")): Object: 'Object Repository/fitur checkout 2/button_CHECKOUT (3,785.97)' is clicked on

11-02-2024T13:31:38 - [MESSAGE][PASSED] - Object: 'Object Repository/fitur checkout 2/button_CHECKOUT (3,785.97)' is clicked on

11-02-2024T13:31:38 - [TEST_STEP][PASSED] - click(findTestObject("Object Repository/fitur checkout 2/button_NEXT")): Object: 'Object Repository/fitur checkout 2/button_NEXT' is clicked on

11-02-2024T13:31:41 - [MESSAGE][PASSED] - Object: 'Object Repository/fitur checkout 2/button_NEXT' is clicked on

11-02-2024T13:31:41 - [TEST_STEP][PASSED] - click(findTestObject("Object Repository/fitur checkout 2/img")): Object: 'Object Repository/fitur checkout 2/img' is clicked on

11-02-2024T13:31:41 - [MESSAGE][PASSED] - Object: 'Object Repository/fitur checkout 2/img' is clicked on

11-02-2024T13:31:41 - [TEST_STEP][PASSED] - click(findTestObject("Object Repository/fitur checkout 2/button_PAY NOW")): Object: 'Object Repository/fitur checkout 2/button_PAY NOW' is clicked on

11-02-2024T13:31:42 - [MESSAGE][PASSED] - Object: 'Object Repository/fitur checkout 2/button_PAY NOW' is clicked on

11-02-2024T13:31:42 - [TEST_STEP][PASSED] - delay(5): Delayed 5 second(s)

11-02-2024T13:31:47 - [MESSAGE][PASSED] - Delayed 5 second(s)

11-02-2024T13:31:47 - [TEST_STEP][PASSED] - closeBrowser(): Browser is closed

11-02-2024T13:31:47 - [MESSAGE][PASSED] - Browser is closed

11-02-2024T13:31:49 - [TEST_STEP][PASSED] - Video: Video recording for test case 'Test Cases/1 Positive test case/7 Checkout Popular item - CC Payment' .

11-02-2024T13:31:49 - [MESSAGE][INFO] - Video recording for test case 'Test Cases/1 Positive test case/7 Checkout Popular item - CC Payment' .]]></system-out>
         <system-err><![CDATA[]]></system-err>
      </testcase>
      <testcase name="Test Cases/1 Positive test case/8 Chekout tanpa login (data driven)" time="40.268" classname="Test Cases/1 Positive test case/8 Chekout tanpa login (data driven)" status="PASSED">
         <system-out><![CDATA[11-02-2024T13:31:49 - [TEST_CASE][PASSED] - Test Cases/1 Positive test case/8 Chekout tanpa login (data driven): Test Cases/1 Positive test case/8 Chekout tanpa login (data driven)

11-02-2024T13:31:49 - [TEST_STEP][PASSED] - openBrowser(""): Browser is opened with url: ''

11-02-2024T13:31:49 - [MESSAGE][INFO] - Starting 'Chrome' driver

11-02-2024T13:31:49 - [MESSAGE][INFO] - Action delay is set to 0 milliseconds

11-02-2024T13:31:50 - [MESSAGE][PASSED] - Browser is opened with url: ''

11-02-2024T13:31:50 - [TEST_STEP][PASSED] - navigateToUrl("https://advantageonlineshopping.com/"): Navigate to 'https://advantageonlineshopping.com/' successfully

11-02-2024T13:31:52 - [MESSAGE][PASSED] - Navigate to 'https://advantageonlineshopping.com/' successfully

11-02-2024T13:31:52 - [TEST_STEP][PASSED] - click(findTestObject("Object Repository/fitur checkout login/div_MICE                        Shop Now")): Object: 'Object Repository/fitur checkout login/div_MICE                        Shop Now' is clicked on

11-02-2024T13:31:58 - [MESSAGE][PASSED] - Object: 'Object Repository/fitur checkout login/div_MICE                        Shop Now' is clicked on

11-02-2024T13:31:58 - [TEST_STEP][PASSED] - click(findTestObject("Object Repository/fitur checkout login/img_SHOP NOW_29")): Object: 'Object Repository/fitur checkout login/img_SHOP NOW_29' is clicked on

11-02-2024T13:32:04 - [MESSAGE][PASSED] - Object: 'Object Repository/fitur checkout login/img_SHOP NOW_29' is clicked on

11-02-2024T13:32:04 - [TEST_STEP][PASSED] - click(findTestObject("Object Repository/fitur checkout login/button_ADD TO CART")): Object: 'Object Repository/fitur checkout login/button_ADD TO CART' is clicked on

11-02-2024T13:32:13 - [MESSAGE][PASSED] - Object: 'Object Repository/fitur checkout login/button_ADD TO CART' is clicked on

11-02-2024T13:32:13 - [TEST_STEP][PASSED] - click(findTestObject("Object Repository/fitur checkout login/a_MICE")): Object: 'Object Repository/fitur checkout login/a_MICE' is clicked on

11-02-2024T13:32:14 - [MESSAGE][PASSED] - Object: 'Object Repository/fitur checkout login/a_MICE' is clicked on

11-02-2024T13:32:14 - [TEST_STEP][PASSED] - click(findTestObject("Object Repository/fitur checkout login/a_1")): Object: 'Object Repository/fitur checkout login/a_1' is clicked on

11-02-2024T13:32:14 - [MESSAGE][PASSED] - Object: 'Object Repository/fitur checkout login/a_1' is clicked on

11-02-2024T13:32:14 - [TEST_STEP][PASSED] - click(findTestObject("Object Repository/fitur checkout login/button_CHECKOUT (9.99)")): Object: 'Object Repository/fitur checkout login/button_CHECKOUT (9.99)' is clicked on

11-02-2024T13:32:15 - [MESSAGE][PASSED] - Object: 'Object Repository/fitur checkout login/button_CHECKOUT (9.99)' is clicked on

11-02-2024T13:32:15 - [TEST_STEP][PASSED] - setText(findTestObject("Object Repository/fitur checkout login/input_Already have an account_usernameInOrd_818284"), username): Text 'yudhatesting' is set on object 'Object Repository/fitur checkout login/input_Already have an account_usernameInOrd_818284'

11-02-2024T13:32:16 - [MESSAGE][PASSED] - Text 'yudhatesting' is set on object 'Object Repository/fitur checkout login/input_Already have an account_usernameInOrd_818284'

11-02-2024T13:32:16 - [TEST_STEP][PASSED] - setText(findTestObject("Object Repository/fitur checkout login/input_Username_passwordInOrderPayment"), password): Text 'Dharmayudha1' is set on object 'Object Repository/fitur checkout login/input_Username_passwordInOrderPayment'

11-02-2024T13:32:18 - [MESSAGE][PASSED] - Text 'Dharmayudha1' is set on object 'Object Repository/fitur checkout login/input_Username_passwordInOrderPayment'

11-02-2024T13:32:18 - [TEST_STEP][PASSED] - click(findTestObject("Object Repository/fitur checkout login/button_LOGIN")): Object: 'Object Repository/fitur checkout login/button_LOGIN' is clicked on

11-02-2024T13:32:18 - [MESSAGE][PASSED] - Object: 'Object Repository/fitur checkout login/button_LOGIN' is clicked on

11-02-2024T13:32:18 - [TEST_STEP][PASSED] - click(findTestObject("Object Repository/fitur checkout login/button_NEXT")): Object: 'Object Repository/fitur checkout login/button_NEXT' is clicked on

11-02-2024T13:32:22 - [MESSAGE][PASSED] - Object: 'Object Repository/fitur checkout login/button_NEXT' is clicked on

11-02-2024T13:32:22 - [TEST_STEP][PASSED] - click(findTestObject("Object Repository/fitur checkout login/button_PAY NOW")): Object: 'Object Repository/fitur checkout login/button_PAY NOW' is clicked on

11-02-2024T13:32:22 - [MESSAGE][PASSED] - Object: 'Object Repository/fitur checkout login/button_PAY NOW' is clicked on

11-02-2024T13:32:22 - [TEST_STEP][PASSED] - delay(5): Delayed 5 second(s)

11-02-2024T13:32:27 - [MESSAGE][PASSED] - Delayed 5 second(s)

11-02-2024T13:32:27 - [TEST_STEP][PASSED] - closeBrowser(): Browser is closed

11-02-2024T13:32:28 - [MESSAGE][PASSED] - Browser is closed

11-02-2024T13:32:30 - [TEST_STEP][PASSED] - Video: Video recording for test case 'Test Cases/1 Positive test case/8 Chekout tanpa login (data driven)' .

11-02-2024T13:32:30 - [MESSAGE][INFO] - Video recording for test case 'Test Cases/1 Positive test case/8 Chekout tanpa login (data driven)' .]]></system-out>
         <system-err><![CDATA[]]></system-err>
      </testcase>
      <testcase name="Test Cases/1 Positive test case/8 Chekout tanpa login (data driven)" time="32.952" classname="Test Cases/1 Positive test case/8 Chekout tanpa login (data driven)" status="PASSED">
         <system-out><![CDATA[11-02-2024T13:32:30 - [TEST_CASE][PASSED] - Test Cases/1 Positive test case/8 Chekout tanpa login (data driven): Test Cases/1 Positive test case/8 Chekout tanpa login (data driven)

11-02-2024T13:32:30 - [TEST_STEP][PASSED] - openBrowser(""): Browser is opened with url: ''

11-02-2024T13:32:30 - [MESSAGE][INFO] - Starting 'Chrome' driver

11-02-2024T13:32:30 - [MESSAGE][INFO] - Action delay is set to 0 milliseconds

11-02-2024T13:32:30 - [MESSAGE][PASSED] - Browser is opened with url: ''

11-02-2024T13:32:30 - [TEST_STEP][PASSED] - navigateToUrl("https://advantageonlineshopping.com/"): Navigate to 'https://advantageonlineshopping.com/' successfully

11-02-2024T13:32:33 - [MESSAGE][PASSED] - Navigate to 'https://advantageonlineshopping.com/' successfully

11-02-2024T13:32:33 - [TEST_STEP][PASSED] - click(findTestObject("Object Repository/fitur checkout login/div_MICE                        Shop Now")): Object: 'Object Repository/fitur checkout login/div_MICE                        Shop Now' is clicked on

11-02-2024T13:32:38 - [MESSAGE][PASSED] - Object: 'Object Repository/fitur checkout login/div_MICE                        Shop Now' is clicked on

11-02-2024T13:32:38 - [TEST_STEP][PASSED] - click(findTestObject("Object Repository/fitur checkout login/img_SHOP NOW_29")): Object: 'Object Repository/fitur checkout login/img_SHOP NOW_29' is clicked on

11-02-2024T13:32:40 - [MESSAGE][PASSED] - Object: 'Object Repository/fitur checkout login/img_SHOP NOW_29' is clicked on

11-02-2024T13:32:40 - [TEST_STEP][PASSED] - click(findTestObject("Object Repository/fitur checkout login/button_ADD TO CART")): Object: 'Object Repository/fitur checkout login/button_ADD TO CART' is clicked on

11-02-2024T13:32:43 - [MESSAGE][PASSED] - Object: 'Object Repository/fitur checkout login/button_ADD TO CART' is clicked on

11-02-2024T13:32:43 - [TEST_STEP][PASSED] - click(findTestObject("Object Repository/fitur checkout login/a_MICE")): Object: 'Object Repository/fitur checkout login/a_MICE' is clicked on

11-02-2024T13:32:44 - [MESSAGE][PASSED] - Object: 'Object Repository/fitur checkout login/a_MICE' is clicked on

11-02-2024T13:32:44 - [TEST_STEP][PASSED] - click(findTestObject("Object Repository/fitur checkout login/a_1")): Object: 'Object Repository/fitur checkout login/a_1' is clicked on

11-02-2024T13:32:45 - [MESSAGE][PASSED] - Object: 'Object Repository/fitur checkout login/a_1' is clicked on

11-02-2024T13:32:45 - [TEST_STEP][PASSED] - click(findTestObject("Object Repository/fitur checkout login/button_CHECKOUT (9.99)")): Object: 'Object Repository/fitur checkout login/button_CHECKOUT (9.99)' is clicked on

11-02-2024T13:32:46 - [MESSAGE][PASSED] - Object: 'Object Repository/fitur checkout login/button_CHECKOUT (9.99)' is clicked on

11-02-2024T13:32:46 - [TEST_STEP][PASSED] - setText(findTestObject("Object Repository/fitur checkout login/input_Already have an account_usernameInOrd_818284"), username): Text 'yudhatesting' is set on object 'Object Repository/fitur checkout login/input_Already have an account_usernameInOrd_818284'

11-02-2024T13:32:48 - [MESSAGE][PASSED] - Text 'yudhatesting' is set on object 'Object Repository/fitur checkout login/input_Already have an account_usernameInOrd_818284'

11-02-2024T13:32:48 - [TEST_STEP][PASSED] - setText(findTestObject("Object Repository/fitur checkout login/input_Username_passwordInOrderPayment"), password): Text 'Dharmayudha1' is set on object 'Object Repository/fitur checkout login/input_Username_passwordInOrderPayment'

11-02-2024T13:32:49 - [MESSAGE][PASSED] - Text 'Dharmayudha1' is set on object 'Object Repository/fitur checkout login/input_Username_passwordInOrderPayment'

11-02-2024T13:32:49 - [TEST_STEP][PASSED] - click(findTestObject("Object Repository/fitur checkout login/button_LOGIN")): Object: 'Object Repository/fitur checkout login/button_LOGIN' is clicked on

11-02-2024T13:32:50 - [MESSAGE][PASSED] - Object: 'Object Repository/fitur checkout login/button_LOGIN' is clicked on

11-02-2024T13:32:50 - [TEST_STEP][PASSED] - click(findTestObject("Object Repository/fitur checkout login/button_NEXT")): Object: 'Object Repository/fitur checkout login/button_NEXT' is clicked on

11-02-2024T13:32:55 - [MESSAGE][PASSED] - Object: 'Object Repository/fitur checkout login/button_NEXT' is clicked on

11-02-2024T13:32:55 - [TEST_STEP][PASSED] - click(findTestObject("Object Repository/fitur checkout login/button_PAY NOW")): Object: 'Object Repository/fitur checkout login/button_PAY NOW' is clicked on

11-02-2024T13:32:55 - [MESSAGE][PASSED] - Object: 'Object Repository/fitur checkout login/button_PAY NOW' is clicked on

11-02-2024T13:32:55 - [TEST_STEP][PASSED] - delay(5): Delayed 5 second(s)

11-02-2024T13:33:00 - [MESSAGE][PASSED] - Delayed 5 second(s)

11-02-2024T13:33:00 - [TEST_STEP][PASSED] - closeBrowser(): Browser is closed

11-02-2024T13:33:01 - [MESSAGE][PASSED] - Browser is closed

11-02-2024T13:33:03 - [TEST_STEP][PASSED] - Video: Video recording for test case 'Test Cases/1 Positive test case/8 Chekout tanpa login (data driven)' .

11-02-2024T13:33:03 - [MESSAGE][INFO] - Video recording for test case 'Test Cases/1 Positive test case/8 Chekout tanpa login (data driven)' .]]></system-out>
         <system-err><![CDATA[]]></system-err>
      </testcase>
      <testcase name="Test Cases/1 Positive test case/12 Edit Data Quantity Checkout" time="53.465" classname="Test Cases/1 Positive test case/12 Edit Data Quantity Checkout" status="PASSED">
         <system-out><![CDATA[11-02-2024T13:33:03 - [TEST_CASE][PASSED] - Test Cases/1 Positive test case/12 Edit Data Quantity Checkout: Test Cases/1 Positive test case/12 Edit Data Quantity Checkout

11-02-2024T13:33:03 - [TEST_STEP][PASSED] - openBrowser(""): Browser is opened with url: ''

11-02-2024T13:33:03 - [MESSAGE][INFO] - Starting 'Chrome' driver

11-02-2024T13:33:03 - [MESSAGE][INFO] - Action delay is set to 0 milliseconds

11-02-2024T13:33:03 - [MESSAGE][PASSED] - Browser is opened with url: ''

11-02-2024T13:33:03 - [TEST_STEP][PASSED] - navigateToUrl("https://advantageonlineshopping.com/"): Navigate to 'https://advantageonlineshopping.com/' successfully

11-02-2024T13:33:06 - [MESSAGE][PASSED] - Navigate to 'https://advantageonlineshopping.com/' successfully

11-02-2024T13:33:06 - [TEST_STEP][PASSED] - click(findTestObject("Object Repository/fiutr edit checkout/a_My account                        My orde_124641")): Object: 'Object Repository/fiutr edit checkout/a_My account                        My orde_124641' is clicked on

11-02-2024T13:33:10 - [MESSAGE][PASSED] - Object: 'Object Repository/fiutr edit checkout/a_My account                        My orde_124641' is clicked on

11-02-2024T13:33:10 - [TEST_STEP][PASSED] - setText(findTestObject("Object Repository/fiutr edit checkout/input_OR_username"), "yudhatesting"): Text 'yudhatesting' is set on object 'Object Repository/fiutr edit checkout/input_OR_username'

11-02-2024T13:33:11 - [MESSAGE][PASSED] - Text 'yudhatesting' is set on object 'Object Repository/fiutr edit checkout/input_OR_username'

11-02-2024T13:33:11 - [TEST_STEP][PASSED] - setEncryptedText(findTestObject("Object Repository/fiutr edit checkout/input_Username_password"), "VjyC/is+sZNhzZxZ8kSNJw=="): Text ****** has been set on object 'Object Repository/fiutr edit checkout/input_Username_password'

11-02-2024T13:33:12 - [MESSAGE][PASSED] - Text ****** has been set on object 'Object Repository/fiutr edit checkout/input_Username_password'

11-02-2024T13:33:12 - [TEST_STEP][PASSED] - click(findTestObject("Object Repository/fiutr edit checkout/button_SIGN IN")): Object: 'Object Repository/fiutr edit checkout/button_SIGN IN' is clicked on

11-02-2024T13:33:13 - [MESSAGE][PASSED] - Object: 'Object Repository/fiutr edit checkout/button_SIGN IN' is clicked on

11-02-2024T13:33:13 - [TEST_STEP][PASSED] - click(findTestObject("Object Repository/fiutr edit checkout/div_LAPTOPS                        Shop Now")): Object: 'Object Repository/fiutr edit checkout/div_LAPTOPS                        Shop Now' is clicked on

11-02-2024T13:33:14 - [MESSAGE][PASSED] - Object: 'Object Repository/fiutr edit checkout/div_LAPTOPS                        Shop Now' is clicked on

11-02-2024T13:33:14 - [TEST_STEP][PASSED] - click(findTestObject("Object Repository/fiutr edit checkout/img_SHOP NOW_9")): Object: 'Object Repository/fiutr edit checkout/img_SHOP NOW_9' is clicked on

11-02-2024T13:33:16 - [MESSAGE][PASSED] - Object: 'Object Repository/fiutr edit checkout/img_SHOP NOW_9' is clicked on

11-02-2024T13:33:16 - [TEST_STEP][PASSED] - click(findTestObject("Object Repository/fiutr edit checkout/button_ADD TO CART")): Object: 'Object Repository/fiutr edit checkout/button_ADD TO CART' is clicked on

11-02-2024T13:33:28 - [MESSAGE][PASSED] - Object: 'Object Repository/fiutr edit checkout/button_ADD TO CART' is clicked on

11-02-2024T13:33:28 - [TEST_STEP][PASSED] - click(findTestObject("Object Repository/fiutr edit checkout/a_LAPTOPS")): Object: 'Object Repository/fiutr edit checkout/a_LAPTOPS' is clicked on

11-02-2024T13:33:30 - [MESSAGE][PASSED] - Object: 'Object Repository/fiutr edit checkout/a_LAPTOPS' is clicked on

11-02-2024T13:33:30 - [TEST_STEP][PASSED] - click(findTestObject("Object Repository/fiutr edit checkout/img_SHOP NOW_10")): Object: 'Object Repository/fiutr edit checkout/img_SHOP NOW_10' is clicked on

11-02-2024T13:33:31 - [MESSAGE][PASSED] - Object: 'Object Repository/fiutr edit checkout/img_SHOP NOW_10' is clicked on

11-02-2024T13:33:31 - [TEST_STEP][PASSED] - click(findTestObject("Object Repository/fiutr edit checkout/button_ADD TO CART")): Object: 'Object Repository/fiutr edit checkout/button_ADD TO CART' is clicked on

11-02-2024T13:33:31 - [MESSAGE][PASSED] - Object: 'Object Repository/fiutr edit checkout/button_ADD TO CART' is clicked on

11-02-2024T13:33:31 - [TEST_STEP][PASSED] - click(findTestObject("Object Repository/fiutr edit checkout/a_LAPTOPS")): Object: 'Object Repository/fiutr edit checkout/a_LAPTOPS' is clicked on

11-02-2024T13:33:34 - [MESSAGE][PASSED] - Object: 'Object Repository/fiutr edit checkout/a_LAPTOPS' is clicked on

11-02-2024T13:33:34 - [TEST_STEP][PASSED] - click(findTestObject("Object Repository/fiutr edit checkout/a_2")): Object: 'Object Repository/fiutr edit checkout/a_2' is clicked on

11-02-2024T13:33:34 - [MESSAGE][PASSED] - Object: 'Object Repository/fiutr edit checkout/a_2' is clicked on

11-02-2024T13:33:34 - [TEST_STEP][PASSED] - click(findTestObject("Object Repository/fiutr edit checkout/a_EDIT")): Object: 'Object Repository/fiutr edit checkout/a_EDIT' is clicked on

11-02-2024T13:33:36 - [MESSAGE][PASSED] - Object: 'Object Repository/fiutr edit checkout/a_EDIT' is clicked on

11-02-2024T13:33:36 - [TEST_STEP][PASSED] - click(findTestObject("Object Repository/fiutr edit checkout/div_Quantity_plus")): Object: 'Object Repository/fiutr edit checkout/div_Quantity_plus' is clicked on

11-02-2024T13:33:37 - [MESSAGE][PASSED] - Object: 'Object Repository/fiutr edit checkout/div_Quantity_plus' is clicked on

11-02-2024T13:33:37 - [TEST_STEP][PASSED] - click(findTestObject("Object Repository/fiutr edit checkout/button_ADD TO CART")): Object: 'Object Repository/fiutr edit checkout/button_ADD TO CART' is clicked on

11-02-2024T13:33:37 - [MESSAGE][PASSED] - Object: 'Object Repository/fiutr edit checkout/button_ADD TO CART' is clicked on

11-02-2024T13:33:37 - [TEST_STEP][PASSED] - click(findTestObject("Object Repository/fiutr edit checkout/a_EDIT_1")): Object: 'Object Repository/fiutr edit checkout/a_EDIT_1' is clicked on

11-02-2024T13:33:40 - [MESSAGE][PASSED] - Object: 'Object Repository/fiutr edit checkout/a_EDIT_1' is clicked on

11-02-2024T13:33:40 - [TEST_STEP][PASSED] - click(findTestObject("Object Repository/fiutr edit checkout/div_Quantity_plus")): Object: 'Object Repository/fiutr edit checkout/div_Quantity_plus' is clicked on

11-02-2024T13:33:40 - [MESSAGE][PASSED] - Object: 'Object Repository/fiutr edit checkout/div_Quantity_plus' is clicked on

11-02-2024T13:33:40 - [TEST_STEP][PASSED] - click(findTestObject("Object Repository/fiutr edit checkout/button_ADD TO CART")): Object: 'Object Repository/fiutr edit checkout/button_ADD TO CART' is clicked on

11-02-2024T13:33:41 - [MESSAGE][PASSED] - Object: 'Object Repository/fiutr edit checkout/button_ADD TO CART' is clicked on

11-02-2024T13:33:41 - [TEST_STEP][PASSED] - click(findTestObject("Object Repository/fiutr edit checkout/button_CHECKOUT (3,123.96)")): Object: 'Object Repository/fiutr edit checkout/button_CHECKOUT (3,123.96)' is clicked on

11-02-2024T13:33:44 - [MESSAGE][PASSED] - Object: 'Object Repository/fiutr edit checkout/button_CHECKOUT (3,123.96)' is clicked on

11-02-2024T13:33:44 - [TEST_STEP][PASSED] - click(findTestObject("Object Repository/fiutr edit checkout/button_NEXT")): Object: 'Object Repository/fiutr edit checkout/button_NEXT' is clicked on

11-02-2024T13:33:48 - [MESSAGE][PASSED] - Object: 'Object Repository/fiutr edit checkout/button_NEXT' is clicked on

11-02-2024T13:33:48 - [TEST_STEP][PASSED] - click(findTestObject("Object Repository/fiutr edit checkout/button_PAY NOW")): Object: 'Object Repository/fiutr edit checkout/button_PAY NOW' is clicked on

11-02-2024T13:33:49 - [MESSAGE][PASSED] - Object: 'Object Repository/fiutr edit checkout/button_PAY NOW' is clicked on

11-02-2024T13:33:49 - [TEST_STEP][PASSED] - delay(5): Delayed 5 second(s)

11-02-2024T13:33:54 - [MESSAGE][PASSED] - Delayed 5 second(s)

11-02-2024T13:33:54 - [TEST_STEP][PASSED] - closeBrowser(): Browser is closed

11-02-2024T13:33:54 - [MESSAGE][PASSED] - Browser is closed

11-02-2024T13:33:56 - [TEST_STEP][PASSED] - Video: Video recording for test case 'Test Cases/1 Positive test case/12 Edit Data Quantity Checkout' .

11-02-2024T13:33:56 - [MESSAGE][INFO] - Video recording for test case 'Test Cases/1 Positive test case/12 Edit Data Quantity Checkout' .]]></system-out>
         <system-err><![CDATA[]]></system-err>
      </testcase>
      <testcase name="Test Cases/1 Positive test case/11 Edit Data Personal Checkout (data driven)" time="33.509" classname="Test Cases/1 Positive test case/11 Edit Data Personal Checkout (data driven)" status="PASSED">
         <system-out><![CDATA[11-02-2024T13:33:56 - [TEST_CASE][PASSED] - Test Cases/1 Positive test case/11 Edit Data Personal Checkout (data driven): Test Cases/1 Positive test case/11 Edit Data Personal Checkout (data driven)

11-02-2024T13:33:56 - [TEST_STEP][PASSED] - openBrowser(""): Browser is opened with url: ''

11-02-2024T13:33:56 - [MESSAGE][INFO] - Starting 'Chrome' driver

11-02-2024T13:33:56 - [MESSAGE][INFO] - Action delay is set to 0 milliseconds

11-02-2024T13:33:57 - [MESSAGE][PASSED] - Browser is opened with url: ''

11-02-2024T13:33:57 - [TEST_STEP][PASSED] - navigateToUrl("https://advantageonlineshopping.com/"): Navigate to 'https://advantageonlineshopping.com/' successfully

11-02-2024T13:34:00 - [MESSAGE][PASSED] - Navigate to 'https://advantageonlineshopping.com/' successfully

11-02-2024T13:34:00 - [TEST_STEP][PASSED] - click(findTestObject("Object Repository/fitur edit data address/a_My account                        My orde_124641")): Object: 'Object Repository/fitur edit data address/a_My account                        My orde_124641' is clicked on

11-02-2024T13:34:05 - [MESSAGE][PASSED] - Object: 'Object Repository/fitur edit data address/a_My account                        My orde_124641' is clicked on

11-02-2024T13:34:05 - [TEST_STEP][PASSED] - setText(findTestObject("Object Repository/fitur edit data address/input_OR_username"), "yudhatesting"): Text 'yudhatesting' is set on object 'Object Repository/fitur edit data address/input_OR_username'

11-02-2024T13:34:06 - [MESSAGE][PASSED] - Text 'yudhatesting' is set on object 'Object Repository/fitur edit data address/input_OR_username'

11-02-2024T13:34:06 - [TEST_STEP][PASSED] - setEncryptedText(findTestObject("Object Repository/fitur edit data address/input_Username_password"), "VjyC/is+sZNhzZxZ8kSNJw=="): Text ****** has been set on object 'Object Repository/fitur edit data address/input_Username_password'

11-02-2024T13:34:07 - [MESSAGE][PASSED] - Text ****** has been set on object 'Object Repository/fitur edit data address/input_Username_password'

11-02-2024T13:34:07 - [TEST_STEP][PASSED] - click(findTestObject("Object Repository/fitur edit data address/button_SIGN IN")): Object: 'Object Repository/fitur edit data address/button_SIGN IN' is clicked on

11-02-2024T13:34:07 - [MESSAGE][PASSED] - Object: 'Object Repository/fitur edit data address/button_SIGN IN' is clicked on

11-02-2024T13:34:07 - [TEST_STEP][PASSED] - click(findTestObject("Object Repository/fitur edit data address/button_SEE OFFER")): Object: 'Object Repository/fitur edit data address/button_SEE OFFER' is clicked on

11-02-2024T13:34:08 - [MESSAGE][PASSED] - Object: 'Object Repository/fitur edit data address/button_SEE OFFER' is clicked on

11-02-2024T13:34:08 - [TEST_STEP][PASSED] - click(findTestObject("Object Repository/fitur edit data address/button_ADD TO CART")): Object: 'Object Repository/fitur edit data address/button_ADD TO CART' is clicked on

11-02-2024T13:34:12 - [MESSAGE][PASSED] - Object: 'Object Repository/fitur edit data address/button_ADD TO CART' is clicked on

11-02-2024T13:34:12 - [TEST_STEP][PASSED] - click(findTestObject("Object Repository/fitur edit data address/a_6")): Object: 'Object Repository/fitur edit data address/a_6' is clicked on

11-02-2024T13:34:14 - [MESSAGE][PASSED] - Object: 'Object Repository/fitur edit data address/a_6' is clicked on

11-02-2024T13:34:14 - [TEST_STEP][PASSED] - click(findTestObject("Object Repository/fitur edit data address/button_CHECKOUT (5,494.99)")): Object: 'Object Repository/fitur edit data address/button_CHECKOUT (5,494.99)' is clicked on

11-02-2024T13:34:16 - [MESSAGE][PASSED] - Object: 'Object Repository/fitur edit data address/button_CHECKOUT (5,494.99)' is clicked on

11-02-2024T13:34:16 - [TEST_STEP][PASSED] - click(findTestObject("Object Repository/fitur edit data address/a_Edit shipping details")): Object: 'Object Repository/fitur edit data address/a_Edit shipping details' is clicked on

11-02-2024T13:34:19 - [MESSAGE][PASSED] - Object: 'Object Repository/fitur edit data address/a_Edit shipping details' is clicked on

11-02-2024T13:34:19 - [TEST_STEP][PASSED] - setText(findTestObject("Object Repository/fitur edit data address/input_- Use maximum 25 character_address"), address): Text 'Jalan Medan Merdeka No 5 Jakarta' is set on object 'Object Repository/fitur edit data address/input_- Use maximum 25 character_address'

11-02-2024T13:34:20 - [MESSAGE][PASSED] - Text 'Jalan Medan Merdeka No 5 Jakarta' is set on object 'Object Repository/fitur edit data address/input_- Use maximum 25 character_address'

11-02-2024T13:34:20 - [TEST_STEP][PASSED] - click(findTestObject("Object Repository/fitur edit data address/label_State  Province  Region")): Object: 'Object Repository/fitur edit data address/label_State  Province  Region' is clicked on

11-02-2024T13:34:20 - [MESSAGE][PASSED] - Object: 'Object Repository/fitur edit data address/label_State  Province  Region' is clicked on

11-02-2024T13:34:20 - [TEST_STEP][PASSED] - setText(findTestObject("Object Repository/fitur edit data address/input_- Use maximum 10 character_state__pro_f620c3"), region): Text 'Jakarta' is set on object 'Object Repository/fitur edit data address/input_- Use maximum 10 character_state__pro_f620c3'

11-02-2024T13:34:22 - [MESSAGE][PASSED] - Text 'Jakarta' is set on object 'Object Repository/fitur edit data address/input_- Use maximum 10 character_state__pro_f620c3'

11-02-2024T13:34:22 - [TEST_STEP][PASSED] - delay(3): Delayed 3 second(s)

11-02-2024T13:34:25 - [MESSAGE][PASSED] - Delayed 3 second(s)

11-02-2024T13:34:25 - [TEST_STEP][PASSED] - click(findTestObject("Object Repository/fitur edit data address/button_NEXT")): Object: 'Object Repository/fitur edit data address/button_NEXT' is clicked on

11-02-2024T13:34:25 - [MESSAGE][PASSED] - Object: 'Object Repository/fitur edit data address/button_NEXT' is clicked on

11-02-2024T13:34:25 - [TEST_STEP][PASSED] - click(findTestObject("Object Repository/fitur edit data address/button_PAY NOW")): Object: 'Object Repository/fitur edit data address/button_PAY NOW' is clicked on

11-02-2024T13:34:27 - [MESSAGE][PASSED] - Object: 'Object Repository/fitur edit data address/button_PAY NOW' is clicked on

11-02-2024T13:34:27 - [TEST_STEP][PASSED] - closeBrowser(): Browser is closed

11-02-2024T13:34:28 - [MESSAGE][PASSED] - Browser is closed

11-02-2024T13:34:30 - [TEST_STEP][PASSED] - Video: Video recording for test case 'Test Cases/1 Positive test case/11 Edit Data Personal Checkout (data driven)' .

11-02-2024T13:34:30 - [MESSAGE][INFO] - Video recording for test case 'Test Cases/1 Positive test case/11 Edit Data Personal Checkout (data driven)' .]]></system-out>
         <system-err><![CDATA[]]></system-err>
      </testcase>
      <testcase name="Test Cases/1 Positive test case/11 Edit Data Personal Checkout (data driven)" time="32.591" classname="Test Cases/1 Positive test case/11 Edit Data Personal Checkout (data driven)" status="PASSED">
         <system-out><![CDATA[11-02-2024T13:34:30 - [TEST_CASE][PASSED] - Test Cases/1 Positive test case/11 Edit Data Personal Checkout (data driven): Test Cases/1 Positive test case/11 Edit Data Personal Checkout (data driven)

11-02-2024T13:34:30 - [TEST_STEP][PASSED] - openBrowser(""): Browser is opened with url: ''

11-02-2024T13:34:30 - [MESSAGE][INFO] - Starting 'Chrome' driver

11-02-2024T13:34:30 - [MESSAGE][INFO] - Action delay is set to 0 milliseconds

11-02-2024T13:34:30 - [MESSAGE][PASSED] - Browser is opened with url: ''

11-02-2024T13:34:30 - [TEST_STEP][PASSED] - navigateToUrl("https://advantageonlineshopping.com/"): Navigate to 'https://advantageonlineshopping.com/' successfully

11-02-2024T13:34:33 - [MESSAGE][PASSED] - Navigate to 'https://advantageonlineshopping.com/' successfully

11-02-2024T13:34:33 - [TEST_STEP][PASSED] - click(findTestObject("Object Repository/fitur edit data address/a_My account                        My orde_124641")): Object: 'Object Repository/fitur edit data address/a_My account                        My orde_124641' is clicked on

11-02-2024T13:34:37 - [MESSAGE][PASSED] - Object: 'Object Repository/fitur edit data address/a_My account                        My orde_124641' is clicked on

11-02-2024T13:34:37 - [TEST_STEP][PASSED] - setText(findTestObject("Object Repository/fitur edit data address/input_OR_username"), "yudhatesting"): Text 'yudhatesting' is set on object 'Object Repository/fitur edit data address/input_OR_username'

11-02-2024T13:34:38 - [MESSAGE][PASSED] - Text 'yudhatesting' is set on object 'Object Repository/fitur edit data address/input_OR_username'

11-02-2024T13:34:38 - [TEST_STEP][PASSED] - setEncryptedText(findTestObject("Object Repository/fitur edit data address/input_Username_password"), "VjyC/is+sZNhzZxZ8kSNJw=="): Text ****** has been set on object 'Object Repository/fitur edit data address/input_Username_password'

11-02-2024T13:34:39 - [MESSAGE][PASSED] - Text ****** has been set on object 'Object Repository/fitur edit data address/input_Username_password'

11-02-2024T13:34:39 - [TEST_STEP][PASSED] - click(findTestObject("Object Repository/fitur edit data address/button_SIGN IN")): Object: 'Object Repository/fitur edit data address/button_SIGN IN' is clicked on

11-02-2024T13:34:39 - [MESSAGE][PASSED] - Object: 'Object Repository/fitur edit data address/button_SIGN IN' is clicked on

11-02-2024T13:34:39 - [TEST_STEP][PASSED] - click(findTestObject("Object Repository/fitur edit data address/button_SEE OFFER")): Object: 'Object Repository/fitur edit data address/button_SEE OFFER' is clicked on

11-02-2024T13:34:42 - [MESSAGE][PASSED] - Object: 'Object Repository/fitur edit data address/button_SEE OFFER' is clicked on

11-02-2024T13:34:42 - [TEST_STEP][PASSED] - click(findTestObject("Object Repository/fitur edit data address/button_ADD TO CART")): Object: 'Object Repository/fitur edit data address/button_ADD TO CART' is clicked on

11-02-2024T13:34:44 - [MESSAGE][PASSED] - Object: 'Object Repository/fitur edit data address/button_ADD TO CART' is clicked on

11-02-2024T13:34:44 - [TEST_STEP][PASSED] - click(findTestObject("Object Repository/fitur edit data address/a_6")): Object: 'Object Repository/fitur edit data address/a_6' is clicked on

11-02-2024T13:34:46 - [MESSAGE][PASSED] - Object: 'Object Repository/fitur edit data address/a_6' is clicked on

11-02-2024T13:34:46 - [TEST_STEP][PASSED] - click(findTestObject("Object Repository/fitur edit data address/button_CHECKOUT (5,494.99)")): Object: 'Object Repository/fitur edit data address/button_CHECKOUT (5,494.99)' is clicked on

11-02-2024T13:34:48 - [MESSAGE][PASSED] - Object: 'Object Repository/fitur edit data address/button_CHECKOUT (5,494.99)' is clicked on

11-02-2024T13:34:48 - [TEST_STEP][PASSED] - click(findTestObject("Object Repository/fitur edit data address/a_Edit shipping details")): Object: 'Object Repository/fitur edit data address/a_Edit shipping details' is clicked on

11-02-2024T13:34:52 - [MESSAGE][PASSED] - Object: 'Object Repository/fitur edit data address/a_Edit shipping details' is clicked on

11-02-2024T13:34:52 - [TEST_STEP][PASSED] - setText(findTestObject("Object Repository/fitur edit data address/input_- Use maximum 25 character_address"), address): Text 'Oma Regency Mampang Jakarta' is set on object 'Object Repository/fitur edit data address/input_- Use maximum 25 character_address'

11-02-2024T13:34:53 - [MESSAGE][PASSED] - Text 'Oma Regency Mampang Jakarta' is set on object 'Object Repository/fitur edit data address/input_- Use maximum 25 character_address'

11-02-2024T13:34:53 - [TEST_STEP][PASSED] - click(findTestObject("Object Repository/fitur edit data address/label_State  Province  Region")): Object: 'Object Repository/fitur edit data address/label_State  Province  Region' is clicked on

11-02-2024T13:34:54 - [MESSAGE][PASSED] - Object: 'Object Repository/fitur edit data address/label_State  Province  Region' is clicked on

11-02-2024T13:34:54 - [TEST_STEP][PASSED] - setText(findTestObject("Object Repository/fitur edit data address/input_- Use maximum 10 character_state__pro_f620c3"), region): Text 'Jakarta' is set on object 'Object Repository/fitur edit data address/input_- Use maximum 10 character_state__pro_f620c3'

11-02-2024T13:34:55 - [MESSAGE][PASSED] - Text 'Jakarta' is set on object 'Object Repository/fitur edit data address/input_- Use maximum 10 character_state__pro_f620c3'

11-02-2024T13:34:55 - [TEST_STEP][PASSED] - delay(3): Delayed 3 second(s)

11-02-2024T13:34:58 - [MESSAGE][PASSED] - Delayed 3 second(s)

11-02-2024T13:34:58 - [TEST_STEP][PASSED] - click(findTestObject("Object Repository/fitur edit data address/button_NEXT")): Object: 'Object Repository/fitur edit data address/button_NEXT' is clicked on

11-02-2024T13:34:58 - [MESSAGE][PASSED] - Object: 'Object Repository/fitur edit data address/button_NEXT' is clicked on

11-02-2024T13:34:58 - [TEST_STEP][PASSED] - click(findTestObject("Object Repository/fitur edit data address/button_PAY NOW")): Object: 'Object Repository/fitur edit data address/button_PAY NOW' is clicked on

11-02-2024T13:35:00 - [MESSAGE][PASSED] - Object: 'Object Repository/fitur edit data address/button_PAY NOW' is clicked on

11-02-2024T13:35:00 - [TEST_STEP][PASSED] - closeBrowser(): Browser is closed

11-02-2024T13:35:00 - [MESSAGE][PASSED] - Browser is closed

11-02-2024T13:35:02 - [TEST_STEP][PASSED] - Video: Video recording for test case 'Test Cases/1 Positive test case/11 Edit Data Personal Checkout (data driven)' .

11-02-2024T13:35:02 - [MESSAGE][INFO] - Video recording for test case 'Test Cases/1 Positive test case/11 Edit Data Personal Checkout (data driven)' .]]></system-out>
         <system-err><![CDATA[]]></system-err>
      </testcase>
      <system-out><![CDATA[11-02-2024T13:29:21 - [TEST_SUITE][PASSED] - 3 all checkout: Test Cases/1 Positive test case/11 Edit Data Personal Checkout (data driven)]]></system-out>
      <system-err><![CDATA[]]></system-err>
   </testsuite>
</testsuites>
