<?xml version="1.0" encoding="UTF-8"?>
<testsuites name="testing 2" time="92.178" tests="3" failures="0" errors="0">
   <testsuite name="testing 2" tests="3" failures="0" errors="0" time="92.178" skipped="0" timestamp="10-02-2024T23:42:28" hostname="ACER - LAPTOP-DI70DTOM" id="Test Suites/testing 2">
      <properties>
         <property name="deviceName" value=""/>
         <property name="devicePlatform" value=""/>
         <property name="logFolder" value="C:\\Users\\ACER\\git\\Final-Project-QA-WEB\\Reports\\20240210_234222\\testing 2\\20240210_234222"/>
         <property name="logFiles" value="C:\\Users\\ACER\\git\\Final-Project-QA-WEB\\Reports\\20240210_234222\\testing 2\\20240210_234222\\execution0.log"/>
         <property name="attachments" value=""/>
         <property name="hostName" value="ACER - LAPTOP-DI70DTOM"/>
         <property name="os" value="Windows 11 64bit"/>
         <property name="katalonVersion" value="9.3.0.212"/>
         <property name="browser" value="Chrome 121.0.0.0"/>
         <property name="hostAddress" value="192.168.0.151"/>
         <property name="sessionId" value="932caff63e2168eec75c8bf01f4724a9"/>
         <property name="seleniumVersion" value="3.141.59"/>
         <property name="proxyInformation" value="ProxyInformation { proxyOption=NO_PROXY, proxyServerType=HTTP, username=, password=********, proxyServerAddress=, proxyServerPort=0, executionList=&quot;&quot;, isApplyToDesiredCapabilities=true }"/>
         <property name="platform" value="Windows 11"/>
      </properties>
      <testcase name="Test Cases/2 negative test case/19 Search item tidak ada di katalog (data driven)" time="29.25" classname="Test Cases/2 negative test case/19 Search item tidak ada di katalog (data driven)" status="PASSED">
         <system-out><![CDATA[10-02-2024T23:42:29 - [TEST_CASE][PASSED] - Test Cases/2 negative test case/19 Search item tidak ada di katalog (data driven): Test Cases/2 negative test case/19 Search item tidak ada di katalog (data driven)

10-02-2024T23:42:29 - [TEST_STEP][PASSED] - openBrowser(""): Browser is opened with url: ''

10-02-2024T23:42:29 - [MESSAGE][INFO] - Starting 'Chrome' driver

10-02-2024T23:42:29 - [MESSAGE][INFO] - Action delay is set to 0 milliseconds

10-02-2024T23:42:30 - [MESSAGE][PASSED] - Browser is opened with url: ''

10-02-2024T23:42:30 - [TEST_STEP][PASSED] - navigateToUrl("https://advantageonlineshopping.com/"): Navigate to 'https://advantageonlineshopping.com/' successfully

10-02-2024T23:42:33 - [MESSAGE][PASSED] - Navigate to 'https://advantageonlineshopping.com/' successfully

10-02-2024T23:42:33 - [TEST_STEP][PASSED] - click(findTestObject("Object Repository/fitur gagal search/svg_CHECKOUT  (0.00)_menuUser")): Object: 'Object Repository/fitur gagal search/svg_CHECKOUT  (0.00)_menuUser' is clicked on

10-02-2024T23:42:40 - [MESSAGE][PASSED] - Object: 'Object Repository/fitur gagal search/svg_CHECKOUT  (0.00)_menuUser' is clicked on

10-02-2024T23:42:40 - [TEST_STEP][PASSED] - setText(findTestObject("Object Repository/fitur gagal search/input_OR_username"), "yudhatesting"): Text 'yudhatesting' is set on object 'Object Repository/fitur gagal search/input_OR_username'

10-02-2024T23:42:41 - [MESSAGE][PASSED] - Text 'yudhatesting' is set on object 'Object Repository/fitur gagal search/input_OR_username'

10-02-2024T23:42:41 - [TEST_STEP][PASSED] - setEncryptedText(findTestObject("Object Repository/fitur gagal search/input_Username_password"), "VjyC/is+sZNhzZxZ8kSNJw=="): Text ****** has been set on object 'Object Repository/fitur gagal search/input_Username_password'

10-02-2024T23:42:42 - [MESSAGE][PASSED] - Text ****** has been set on object 'Object Repository/fitur gagal search/input_Username_password'

10-02-2024T23:42:42 - [TEST_STEP][PASSED] - click(findTestObject("Object Repository/fitur gagal search/button_SIGN IN")): Object: 'Object Repository/fitur gagal search/button_SIGN IN' is clicked on

10-02-2024T23:42:42 - [MESSAGE][PASSED] - Object: 'Object Repository/fitur gagal search/button_SIGN IN' is clicked on

10-02-2024T23:42:42 - [TEST_STEP][PASSED] - setText(findTestObject("Object Repository/fitur gagal search/input_DEMO_mobile_search"), keyword): Text 'naruto' is set on object 'Object Repository/fitur gagal search/input_DEMO_mobile_search'

10-02-2024T23:42:45 - [MESSAGE][PASSED] - Text 'naruto' is set on object 'Object Repository/fitur gagal search/input_DEMO_mobile_search'

10-02-2024T23:42:45 - [TEST_STEP][PASSED] - sendKeys(findTestObject("Object Repository/fitur gagal search/input_DEMO_mobile_search"), Keys.chord(ENTER)): Keys 'ENTER + ' sent to object: 'Object Repository/fitur gagal search/input_DEMO_mobile_search'

10-02-2024T23:42:52 - [MESSAGE][PASSED] - Keys 'ENTER + ' sent to object: 'Object Repository/fitur gagal search/input_DEMO_mobile_search'

10-02-2024T23:42:52 - [TEST_STEP][PASSED] - delay(5): Delayed 5 second(s)

10-02-2024T23:42:57 - [MESSAGE][PASSED] - Delayed 5 second(s)

10-02-2024T23:42:57 - [TEST_STEP][PASSED] - closeBrowser(): Browser is closed

10-02-2024T23:42:58 - [MESSAGE][PASSED] - Browser is closed]]></system-out>
         <system-err><![CDATA[]]></system-err>
      </testcase>
      <testcase name="Test Cases/2 negative test case/19 Search item tidak ada di katalog (data driven)" time="34.31" classname="Test Cases/2 negative test case/19 Search item tidak ada di katalog (data driven)" status="PASSED">
         <system-out><![CDATA[10-02-2024T23:42:58 - [TEST_CASE][PASSED] - Test Cases/2 negative test case/19 Search item tidak ada di katalog (data driven): Test Cases/2 negative test case/19 Search item tidak ada di katalog (data driven)

10-02-2024T23:42:58 - [TEST_STEP][PASSED] - openBrowser(""): Browser is opened with url: ''

10-02-2024T23:42:58 - [MESSAGE][INFO] - Starting 'Chrome' driver

10-02-2024T23:42:58 - [MESSAGE][INFO] - Action delay is set to 0 milliseconds

10-02-2024T23:42:59 - [MESSAGE][PASSED] - Browser is opened with url: ''

10-02-2024T23:42:59 - [TEST_STEP][PASSED] - navigateToUrl("https://advantageonlineshopping.com/"): Navigate to 'https://advantageonlineshopping.com/' successfully

10-02-2024T23:43:02 - [MESSAGE][PASSED] - Navigate to 'https://advantageonlineshopping.com/' successfully

10-02-2024T23:43:02 - [TEST_STEP][PASSED] - click(findTestObject("Object Repository/fitur gagal search/svg_CHECKOUT  (0.00)_menuUser")): Object: 'Object Repository/fitur gagal search/svg_CHECKOUT  (0.00)_menuUser' is clicked on

10-02-2024T23:43:07 - [MESSAGE][PASSED] - Object: 'Object Repository/fitur gagal search/svg_CHECKOUT  (0.00)_menuUser' is clicked on

10-02-2024T23:43:07 - [TEST_STEP][PASSED] - setText(findTestObject("Object Repository/fitur gagal search/input_OR_username"), "yudhatesting"): Text 'yudhatesting' is set on object 'Object Repository/fitur gagal search/input_OR_username'

10-02-2024T23:43:08 - [MESSAGE][PASSED] - Text 'yudhatesting' is set on object 'Object Repository/fitur gagal search/input_OR_username'

10-02-2024T23:43:08 - [TEST_STEP][PASSED] - setEncryptedText(findTestObject("Object Repository/fitur gagal search/input_Username_password"), "VjyC/is+sZNhzZxZ8kSNJw=="): Text ****** has been set on object 'Object Repository/fitur gagal search/input_Username_password'

10-02-2024T23:43:09 - [MESSAGE][PASSED] - Text ****** has been set on object 'Object Repository/fitur gagal search/input_Username_password'

10-02-2024T23:43:09 - [TEST_STEP][PASSED] - click(findTestObject("Object Repository/fitur gagal search/button_SIGN IN")): Object: 'Object Repository/fitur gagal search/button_SIGN IN' is clicked on

10-02-2024T23:43:10 - [MESSAGE][PASSED] - Object: 'Object Repository/fitur gagal search/button_SIGN IN' is clicked on

10-02-2024T23:43:10 - [TEST_STEP][PASSED] - setText(findTestObject("Object Repository/fitur gagal search/input_DEMO_mobile_search"), keyword): Text 'one piece' is set on object 'Object Repository/fitur gagal search/input_DEMO_mobile_search'

10-02-2024T23:43:16 - [MESSAGE][PASSED] - Text 'one piece' is set on object 'Object Repository/fitur gagal search/input_DEMO_mobile_search'

10-02-2024T23:43:16 - [TEST_STEP][PASSED] - sendKeys(findTestObject("Object Repository/fitur gagal search/input_DEMO_mobile_search"), Keys.chord(ENTER)): Keys 'ENTER + ' sent to object: 'Object Repository/fitur gagal search/input_DEMO_mobile_search'

10-02-2024T23:43:27 - [MESSAGE][PASSED] - Keys 'ENTER + ' sent to object: 'Object Repository/fitur gagal search/input_DEMO_mobile_search'

10-02-2024T23:43:27 - [TEST_STEP][PASSED] - delay(5): Delayed 5 second(s)

10-02-2024T23:43:32 - [MESSAGE][PASSED] - Delayed 5 second(s)

10-02-2024T23:43:32 - [TEST_STEP][PASSED] - closeBrowser(): Browser is closed

10-02-2024T23:43:32 - [MESSAGE][PASSED] - Browser is closed]]></system-out>
         <system-err><![CDATA[]]></system-err>
      </testcase>
      <testcase name="Test Cases/2 negative test case/19 Search item tidak ada di katalog (data driven)" time="28.385" classname="Test Cases/2 negative test case/19 Search item tidak ada di katalog (data driven)" status="PASSED">
         <system-out><![CDATA[10-02-2024T23:43:32 - [TEST_CASE][PASSED] - Test Cases/2 negative test case/19 Search item tidak ada di katalog (data driven): Test Cases/2 negative test case/19 Search item tidak ada di katalog (data driven)

10-02-2024T23:43:32 - [TEST_STEP][PASSED] - openBrowser(""): Browser is opened with url: ''

10-02-2024T23:43:32 - [MESSAGE][INFO] - Starting 'Chrome' driver

10-02-2024T23:43:32 - [MESSAGE][INFO] - Action delay is set to 0 milliseconds

10-02-2024T23:43:33 - [MESSAGE][PASSED] - Browser is opened with url: ''

10-02-2024T23:43:33 - [TEST_STEP][PASSED] - navigateToUrl("https://advantageonlineshopping.com/"): Navigate to 'https://advantageonlineshopping.com/' successfully

10-02-2024T23:43:36 - [MESSAGE][PASSED] - Navigate to 'https://advantageonlineshopping.com/' successfully

10-02-2024T23:43:36 - [TEST_STEP][PASSED] - click(findTestObject("Object Repository/fitur gagal search/svg_CHECKOUT  (0.00)_menuUser")): Object: 'Object Repository/fitur gagal search/svg_CHECKOUT  (0.00)_menuUser' is clicked on

10-02-2024T23:43:42 - [MESSAGE][PASSED] - Object: 'Object Repository/fitur gagal search/svg_CHECKOUT  (0.00)_menuUser' is clicked on

10-02-2024T23:43:42 - [TEST_STEP][PASSED] - setText(findTestObject("Object Repository/fitur gagal search/input_OR_username"), "yudhatesting"): Text 'yudhatesting' is set on object 'Object Repository/fitur gagal search/input_OR_username'

10-02-2024T23:43:43 - [MESSAGE][PASSED] - Text 'yudhatesting' is set on object 'Object Repository/fitur gagal search/input_OR_username'

10-02-2024T23:43:43 - [TEST_STEP][PASSED] - setEncryptedText(findTestObject("Object Repository/fitur gagal search/input_Username_password"), "VjyC/is+sZNhzZxZ8kSNJw=="): Text ****** has been set on object 'Object Repository/fitur gagal search/input_Username_password'

10-02-2024T23:43:44 - [MESSAGE][PASSED] - Text ****** has been set on object 'Object Repository/fitur gagal search/input_Username_password'

10-02-2024T23:43:44 - [TEST_STEP][PASSED] - click(findTestObject("Object Repository/fitur gagal search/button_SIGN IN")): Object: 'Object Repository/fitur gagal search/button_SIGN IN' is clicked on

10-02-2024T23:43:44 - [MESSAGE][PASSED] - Object: 'Object Repository/fitur gagal search/button_SIGN IN' is clicked on

10-02-2024T23:43:44 - [TEST_STEP][PASSED] - setText(findTestObject("Object Repository/fitur gagal search/input_DEMO_mobile_search"), keyword): Text 'bleach' is set on object 'Object Repository/fitur gagal search/input_DEMO_mobile_search'

10-02-2024T23:43:47 - [MESSAGE][PASSED] - Text 'bleach' is set on object 'Object Repository/fitur gagal search/input_DEMO_mobile_search'

10-02-2024T23:43:47 - [TEST_STEP][PASSED] - sendKeys(findTestObject("Object Repository/fitur gagal search/input_DEMO_mobile_search"), Keys.chord(ENTER)): Keys 'ENTER + ' sent to object: 'Object Repository/fitur gagal search/input_DEMO_mobile_search'

10-02-2024T23:43:55 - [MESSAGE][PASSED] - Keys 'ENTER + ' sent to object: 'Object Repository/fitur gagal search/input_DEMO_mobile_search'

10-02-2024T23:43:55 - [TEST_STEP][PASSED] - delay(5): Delayed 5 second(s)

10-02-2024T23:44:00 - [MESSAGE][PASSED] - Delayed 5 second(s)

10-02-2024T23:44:00 - [TEST_STEP][PASSED] - closeBrowser(): Browser is closed

10-02-2024T23:44:01 - [MESSAGE][PASSED] - Browser is closed]]></system-out>
         <system-err><![CDATA[]]></system-err>
      </testcase>
      <system-out><![CDATA[10-02-2024T23:42:28 - [TEST_SUITE][PASSED] - testing 2: Test Cases/2 negative test case/19 Search item tidak ada di katalog (data driven)]]></system-out>
      <system-err><![CDATA[]]></system-err>
   </testsuite>
</testsuites>
