<?xml version="1.0" encoding="UTF-8"?>
<testsuites name="3 all checkout" time="254.25" tests="6" failures="0" errors="0">
   <testsuite name="3 all checkout" tests="6" failures="0" errors="0" time="254.25" skipped="0" timestamp="10-02-2024T20:33:42" hostname="ACER - LAPTOP-DI70DTOM" id="Test Suites/1 Test Suites/3 all checkout">
      <properties>
         <property name="deviceName" value=""/>
         <property name="devicePlatform" value=""/>
         <property name="logFolder" value="C:\\Users\\ACER\\git\\Final-Project-QA-WEB\\Reports\\20240210_202722\\1 Test Suites\\3 all checkout\\20240210_202727"/>
         <property name="logFiles" value="C:\\Users\\ACER\\git\\Final-Project-QA-WEB\\Reports\\20240210_202722\\1 Test Suites\\3 all checkout\\20240210_202727\\execution0.log"/>
         <property name="attachments" value=""/>
         <property name="hostName" value="ACER - LAPTOP-DI70DTOM"/>
         <property name="os" value="Windows 11 64bit"/>
         <property name="katalonVersion" value="9.3.0.212"/>
         <property name="browser" value="Chrome 121.0.0.0"/>
         <property name="hostAddress" value="192.168.0.151"/>
         <property name="sessionId" value="35c6727ccb2753f81e36a62283592933"/>
         <property name="seleniumVersion" value="3.141.59"/>
         <property name="proxyInformation" value="ProxyInformation { proxyOption=NO_PROXY, proxyServerType=HTTP, username=, password=********, proxyServerAddress=, proxyServerPort=0, executionList=&quot;&quot;, isApplyToDesiredCapabilities=true }"/>
         <property name="platform" value="Windows 11"/>
      </properties>
      <testcase name="Test Cases/1 Positive test case/7 Checkout Basic Item - Safepay Payment (data driven)" time="54.62" classname="Test Cases/1 Positive test case/7 Checkout Basic Item - Safepay Payment (data driven)" status="PASSED">
         <system-out><![CDATA[10-02-2024T20:33:43 - [TEST_CASE][PASSED] - Test Cases/1 Positive test case/7 Checkout Basic Item - Safepay Payment (data driven): Test Cases/1 Positive test case/7 Checkout Basic Item - Safepay Payment (data driven)

10-02-2024T20:33:43 - [TEST_STEP][PASSED] - openBrowser(""): Browser is opened with url: ''

10-02-2024T20:33:43 - [MESSAGE][INFO] - Starting 'Chrome' driver

10-02-2024T20:33:43 - [MESSAGE][INFO] - Action delay is set to 0 milliseconds

10-02-2024T20:33:44 - [MESSAGE][PASSED] - Browser is opened with url: ''

10-02-2024T20:33:44 - [TEST_STEP][PASSED] - navigateToUrl("https://advantageonlineshopping.com/"): Navigate to 'https://advantageonlineshopping.com/' successfully

10-02-2024T20:33:47 - [MESSAGE][PASSED] - Navigate to 'https://advantageonlineshopping.com/' successfully

10-02-2024T20:33:47 - [TEST_STEP][PASSED] - click(findTestObject("Object Repository/fitur checkout 1/a_My account                        My orde_124641")): Object: 'Object Repository/fitur checkout 1/a_My account                        My orde_124641' is clicked on

10-02-2024T20:33:51 - [MESSAGE][PASSED] - Object: 'Object Repository/fitur checkout 1/a_My account                        My orde_124641' is clicked on

10-02-2024T20:33:51 - [TEST_STEP][PASSED] - setText(findTestObject("Object Repository/fitur checkout 1/input_OR_username"), "yudhatesting"): Text 'yudhatesting' is set on object 'Object Repository/fitur checkout 1/input_OR_username'

10-02-2024T20:33:52 - [MESSAGE][PASSED] - Text 'yudhatesting' is set on object 'Object Repository/fitur checkout 1/input_OR_username'

10-02-2024T20:33:52 - [TEST_STEP][PASSED] - click(findTestObject("Object Repository/fitur checkout 1/label_Password")): Object: 'Object Repository/fitur checkout 1/label_Password' is clicked on

10-02-2024T20:33:53 - [MESSAGE][PASSED] - Object: 'Object Repository/fitur checkout 1/label_Password' is clicked on

10-02-2024T20:33:53 - [TEST_STEP][PASSED] - setEncryptedText(findTestObject("Object Repository/fitur checkout 1/input_Username_password"), "VjyC/is+sZNhzZxZ8kSNJw=="): Text ****** has been set on object 'Object Repository/fitur checkout 1/input_Username_password'

10-02-2024T20:33:54 - [MESSAGE][PASSED] - Text ****** has been set on object 'Object Repository/fitur checkout 1/input_Username_password'

10-02-2024T20:33:54 - [TEST_STEP][PASSED] - click(findTestObject("Object Repository/fitur checkout 1/button_SIGN IN")): Object: 'Object Repository/fitur checkout 1/button_SIGN IN' is clicked on

10-02-2024T20:33:54 - [MESSAGE][PASSED] - Object: 'Object Repository/fitur checkout 1/button_SIGN IN' is clicked on

10-02-2024T20:33:54 - [TEST_STEP][PASSED] - click(findTestObject("Object Repository/fitur checkout 1/div_SPEAKERS                        Shop Now")): Object: 'Object Repository/fitur checkout 1/div_SPEAKERS                        Shop Now' is clicked on

10-02-2024T20:33:59 - [MESSAGE][PASSED] - Object: 'Object Repository/fitur checkout 1/div_SPEAKERS                        Shop Now' is clicked on

10-02-2024T20:33:59 - [TEST_STEP][PASSED] - click(findTestObject("Object Repository/fitur checkout 1/img_SHOP NOW_20")): Object: 'Object Repository/fitur checkout 1/img_SHOP NOW_20' is clicked on

10-02-2024T20:34:02 - [MESSAGE][PASSED] - Object: 'Object Repository/fitur checkout 1/img_SHOP NOW_20' is clicked on

10-02-2024T20:34:02 - [TEST_STEP][PASSED] - click(findTestObject("Object Repository/fitur checkout 1/button_ADD TO CART")): Object: 'Object Repository/fitur checkout 1/button_ADD TO CART' is clicked on

10-02-2024T20:34:10 - [MESSAGE][PASSED] - Object: 'Object Repository/fitur checkout 1/button_ADD TO CART' is clicked on

10-02-2024T20:34:10 - [TEST_STEP][PASSED] - click(findTestObject("Object Repository/fitur checkout 1/a_SPEAKERS")): Object: 'Object Repository/fitur checkout 1/a_SPEAKERS' is clicked on

10-02-2024T20:34:12 - [MESSAGE][PASSED] - Object: 'Object Repository/fitur checkout 1/a_SPEAKERS' is clicked on

10-02-2024T20:34:12 - [TEST_STEP][PASSED] - click(findTestObject("Object Repository/fitur checkout 1/img_SHOP NOW_25")): Object: 'Object Repository/fitur checkout 1/img_SHOP NOW_25' is clicked on

10-02-2024T20:34:13 - [MESSAGE][PASSED] - Object: 'Object Repository/fitur checkout 1/img_SHOP NOW_25' is clicked on

10-02-2024T20:34:13 - [TEST_STEP][PASSED] - click(findTestObject("Object Repository/fitur checkout 1/button_ADD TO CART")): Object: 'Object Repository/fitur checkout 1/button_ADD TO CART' is clicked on

10-02-2024T20:34:13 - [MESSAGE][PASSED] - Object: 'Object Repository/fitur checkout 1/button_ADD TO CART' is clicked on

10-02-2024T20:34:13 - [TEST_STEP][PASSED] - click(findTestObject("Object Repository/fitur checkout 1/a_SPEAKERS")): Object: 'Object Repository/fitur checkout 1/a_SPEAKERS' is clicked on

10-02-2024T20:34:16 - [MESSAGE][PASSED] - Object: 'Object Repository/fitur checkout 1/a_SPEAKERS' is clicked on

10-02-2024T20:34:16 - [TEST_STEP][PASSED] - click(findTestObject("Object Repository/fitur checkout 1/a_11")): Object: 'Object Repository/fitur checkout 1/a_11' is clicked on

10-02-2024T20:34:17 - [MESSAGE][PASSED] - Object: 'Object Repository/fitur checkout 1/a_11' is clicked on

10-02-2024T20:34:17 - [TEST_STEP][PASSED] - click(findTestObject("Object Repository/fitur checkout 1/button_CHECKOUT (7,634.90)")): Object: 'Object Repository/fitur checkout 1/button_CHECKOUT (7,634.90)' is clicked on

10-02-2024T20:34:19 - [MESSAGE][PASSED] - Object: 'Object Repository/fitur checkout 1/button_CHECKOUT (7,634.90)' is clicked on

10-02-2024T20:34:19 - [TEST_STEP][PASSED] - click(findTestObject("Object Repository/fitur checkout 1/button_NEXT")): Object: 'Object Repository/fitur checkout 1/button_NEXT' is clicked on

10-02-2024T20:34:24 - [MESSAGE][PASSED] - Object: 'Object Repository/fitur checkout 1/button_NEXT' is clicked on

10-02-2024T20:34:24 - [TEST_STEP][PASSED] - setText(findTestObject("Object Repository/fitur checkout 1/input__safepay_username"), username): Text 'yudhatesting' is set on object 'Object Repository/fitur checkout 1/input__safepay_username'

10-02-2024T20:34:25 - [MESSAGE][PASSED] - Text 'yudhatesting' is set on object 'Object Repository/fitur checkout 1/input__safepay_username'

10-02-2024T20:34:25 - [TEST_STEP][PASSED] - delay(3): Delayed 3 second(s)

10-02-2024T20:34:28 - [MESSAGE][PASSED] - Delayed 3 second(s)

10-02-2024T20:34:28 - [TEST_STEP][PASSED] - setText(findTestObject("Object Repository/fitur checkout 1/input__safepay_password"), password): Text 'Dharmayudha1' is set on object 'Object Repository/fitur checkout 1/input__safepay_password'

10-02-2024T20:34:29 - [MESSAGE][PASSED] - Text 'Dharmayudha1' is set on object 'Object Repository/fitur checkout 1/input__safepay_password'

10-02-2024T20:34:29 - [TEST_STEP][PASSED] - delay(3): Delayed 3 second(s)

10-02-2024T20:34:32 - [MESSAGE][PASSED] - Delayed 3 second(s)

10-02-2024T20:34:32 - [TEST_STEP][PASSED] - click(findTestObject("Object Repository/fitur checkout 1/button_PAY NOW")): Object: 'Object Repository/fitur checkout 1/button_PAY NOW' is clicked on

10-02-2024T20:34:32 - [MESSAGE][PASSED] - Object: 'Object Repository/fitur checkout 1/button_PAY NOW' is clicked on

10-02-2024T20:34:32 - [TEST_STEP][PASSED] - delay(5): Delayed 5 second(s)

10-02-2024T20:34:37 - [MESSAGE][PASSED] - Delayed 5 second(s)

10-02-2024T20:34:37 - [TEST_STEP][PASSED] - closeBrowser(): Browser is closed

10-02-2024T20:34:37 - [MESSAGE][PASSED] - Browser is closed]]></system-out>
         <system-err><![CDATA[]]></system-err>
      </testcase>
      <testcase name="Test Cases/1 Positive test case/7 Checkout Basic Item - Safepay Payment (data driven)" time="50.158" classname="Test Cases/1 Positive test case/7 Checkout Basic Item - Safepay Payment (data driven)" status="PASSED">
         <system-out><![CDATA[10-02-2024T20:34:37 - [TEST_CASE][PASSED] - Test Cases/1 Positive test case/7 Checkout Basic Item - Safepay Payment (data driven): Test Cases/1 Positive test case/7 Checkout Basic Item - Safepay Payment (data driven)

10-02-2024T20:34:37 - [TEST_STEP][PASSED] - openBrowser(""): Browser is opened with url: ''

10-02-2024T20:34:37 - [MESSAGE][INFO] - Starting 'Chrome' driver

10-02-2024T20:34:37 - [MESSAGE][INFO] - Action delay is set to 0 milliseconds

10-02-2024T20:34:38 - [MESSAGE][PASSED] - Browser is opened with url: ''

10-02-2024T20:34:38 - [TEST_STEP][PASSED] - navigateToUrl("https://advantageonlineshopping.com/"): Navigate to 'https://advantageonlineshopping.com/' successfully

10-02-2024T20:34:40 - [MESSAGE][PASSED] - Navigate to 'https://advantageonlineshopping.com/' successfully

10-02-2024T20:34:40 - [TEST_STEP][PASSED] - click(findTestObject("Object Repository/fitur checkout 1/a_My account                        My orde_124641")): Object: 'Object Repository/fitur checkout 1/a_My account                        My orde_124641' is clicked on

10-02-2024T20:34:44 - [MESSAGE][PASSED] - Object: 'Object Repository/fitur checkout 1/a_My account                        My orde_124641' is clicked on

10-02-2024T20:34:44 - [TEST_STEP][PASSED] - setText(findTestObject("Object Repository/fitur checkout 1/input_OR_username"), "yudhatesting"): Text 'yudhatesting' is set on object 'Object Repository/fitur checkout 1/input_OR_username'

10-02-2024T20:34:45 - [MESSAGE][PASSED] - Text 'yudhatesting' is set on object 'Object Repository/fitur checkout 1/input_OR_username'

10-02-2024T20:34:45 - [TEST_STEP][PASSED] - click(findTestObject("Object Repository/fitur checkout 1/label_Password")): Object: 'Object Repository/fitur checkout 1/label_Password' is clicked on

10-02-2024T20:34:46 - [MESSAGE][PASSED] - Object: 'Object Repository/fitur checkout 1/label_Password' is clicked on

10-02-2024T20:34:46 - [TEST_STEP][PASSED] - setEncryptedText(findTestObject("Object Repository/fitur checkout 1/input_Username_password"), "VjyC/is+sZNhzZxZ8kSNJw=="): Text ****** has been set on object 'Object Repository/fitur checkout 1/input_Username_password'

10-02-2024T20:34:47 - [MESSAGE][PASSED] - Text ****** has been set on object 'Object Repository/fitur checkout 1/input_Username_password'

10-02-2024T20:34:47 - [TEST_STEP][PASSED] - click(findTestObject("Object Repository/fitur checkout 1/button_SIGN IN")): Object: 'Object Repository/fitur checkout 1/button_SIGN IN' is clicked on

10-02-2024T20:34:47 - [MESSAGE][PASSED] - Object: 'Object Repository/fitur checkout 1/button_SIGN IN' is clicked on

10-02-2024T20:34:47 - [TEST_STEP][PASSED] - click(findTestObject("Object Repository/fitur checkout 1/div_SPEAKERS                        Shop Now")): Object: 'Object Repository/fitur checkout 1/div_SPEAKERS                        Shop Now' is clicked on

10-02-2024T20:34:49 - [MESSAGE][PASSED] - Object: 'Object Repository/fitur checkout 1/div_SPEAKERS                        Shop Now' is clicked on

10-02-2024T20:34:49 - [TEST_STEP][PASSED] - click(findTestObject("Object Repository/fitur checkout 1/img_SHOP NOW_20")): Object: 'Object Repository/fitur checkout 1/img_SHOP NOW_20' is clicked on

10-02-2024T20:34:52 - [MESSAGE][PASSED] - Object: 'Object Repository/fitur checkout 1/img_SHOP NOW_20' is clicked on

10-02-2024T20:34:52 - [TEST_STEP][PASSED] - click(findTestObject("Object Repository/fitur checkout 1/button_ADD TO CART")): Object: 'Object Repository/fitur checkout 1/button_ADD TO CART' is clicked on

10-02-2024T20:35:02 - [MESSAGE][PASSED] - Object: 'Object Repository/fitur checkout 1/button_ADD TO CART' is clicked on

10-02-2024T20:35:02 - [TEST_STEP][PASSED] - click(findTestObject("Object Repository/fitur checkout 1/a_SPEAKERS")): Object: 'Object Repository/fitur checkout 1/a_SPEAKERS' is clicked on

10-02-2024T20:35:04 - [MESSAGE][PASSED] - Object: 'Object Repository/fitur checkout 1/a_SPEAKERS' is clicked on

10-02-2024T20:35:04 - [TEST_STEP][PASSED] - click(findTestObject("Object Repository/fitur checkout 1/img_SHOP NOW_25")): Object: 'Object Repository/fitur checkout 1/img_SHOP NOW_25' is clicked on

10-02-2024T20:35:05 - [MESSAGE][PASSED] - Object: 'Object Repository/fitur checkout 1/img_SHOP NOW_25' is clicked on

10-02-2024T20:35:05 - [TEST_STEP][PASSED] - click(findTestObject("Object Repository/fitur checkout 1/button_ADD TO CART")): Object: 'Object Repository/fitur checkout 1/button_ADD TO CART' is clicked on

10-02-2024T20:35:06 - [MESSAGE][PASSED] - Object: 'Object Repository/fitur checkout 1/button_ADD TO CART' is clicked on

10-02-2024T20:35:06 - [TEST_STEP][PASSED] - click(findTestObject("Object Repository/fitur checkout 1/a_SPEAKERS")): Object: 'Object Repository/fitur checkout 1/a_SPEAKERS' is clicked on

10-02-2024T20:35:08 - [MESSAGE][PASSED] - Object: 'Object Repository/fitur checkout 1/a_SPEAKERS' is clicked on

10-02-2024T20:35:08 - [TEST_STEP][PASSED] - click(findTestObject("Object Repository/fitur checkout 1/a_11")): Object: 'Object Repository/fitur checkout 1/a_11' is clicked on

10-02-2024T20:35:08 - [MESSAGE][PASSED] - Object: 'Object Repository/fitur checkout 1/a_11' is clicked on

10-02-2024T20:35:08 - [TEST_STEP][PASSED] - click(findTestObject("Object Repository/fitur checkout 1/button_CHECKOUT (7,634.90)")): Object: 'Object Repository/fitur checkout 1/button_CHECKOUT (7,634.90)' is clicked on

10-02-2024T20:35:10 - [MESSAGE][PASSED] - Object: 'Object Repository/fitur checkout 1/button_CHECKOUT (7,634.90)' is clicked on

10-02-2024T20:35:10 - [TEST_STEP][PASSED] - click(findTestObject("Object Repository/fitur checkout 1/button_NEXT")): Object: 'Object Repository/fitur checkout 1/button_NEXT' is clicked on

10-02-2024T20:35:14 - [MESSAGE][PASSED] - Object: 'Object Repository/fitur checkout 1/button_NEXT' is clicked on

10-02-2024T20:35:14 - [TEST_STEP][PASSED] - setText(findTestObject("Object Repository/fitur checkout 1/input__safepay_username"), username): Text 'yudhatesting2' is set on object 'Object Repository/fitur checkout 1/input__safepay_username'

10-02-2024T20:35:15 - [MESSAGE][PASSED] - Text 'yudhatesting2' is set on object 'Object Repository/fitur checkout 1/input__safepay_username'

10-02-2024T20:35:15 - [TEST_STEP][PASSED] - delay(3): Delayed 3 second(s)

10-02-2024T20:35:18 - [MESSAGE][PASSED] - Delayed 3 second(s)

10-02-2024T20:35:18 - [TEST_STEP][PASSED] - setText(findTestObject("Object Repository/fitur checkout 1/input__safepay_password"), password): Text 'Dharmayudha2' is set on object 'Object Repository/fitur checkout 1/input__safepay_password'

10-02-2024T20:35:19 - [MESSAGE][PASSED] - Text 'Dharmayudha2' is set on object 'Object Repository/fitur checkout 1/input__safepay_password'

10-02-2024T20:35:19 - [TEST_STEP][PASSED] - delay(3): Delayed 3 second(s)

10-02-2024T20:35:22 - [MESSAGE][PASSED] - Delayed 3 second(s)

10-02-2024T20:35:22 - [TEST_STEP][PASSED] - click(findTestObject("Object Repository/fitur checkout 1/button_PAY NOW")): Object: 'Object Repository/fitur checkout 1/button_PAY NOW' is clicked on

10-02-2024T20:35:22 - [MESSAGE][PASSED] - Object: 'Object Repository/fitur checkout 1/button_PAY NOW' is clicked on

10-02-2024T20:35:22 - [TEST_STEP][PASSED] - delay(5): Delayed 5 second(s)

10-02-2024T20:35:27 - [MESSAGE][PASSED] - Delayed 5 second(s)

10-02-2024T20:35:27 - [TEST_STEP][PASSED] - closeBrowser(): Browser is closed

10-02-2024T20:35:27 - [MESSAGE][PASSED] - Browser is closed]]></system-out>
         <system-err><![CDATA[]]></system-err>
      </testcase>
      <testcase name="Test Cases/1 Positive test case/8 Checkout Popular item - CC Payment" time="38.838" classname="Test Cases/1 Positive test case/8 Checkout Popular item - CC Payment" status="PASSED">
         <system-out><![CDATA[10-02-2024T20:35:27 - [TEST_CASE][PASSED] - Test Cases/1 Positive test case/8 Checkout Popular item - CC Payment: Test Cases/1 Positive test case/8 Checkout Popular item - CC Payment

10-02-2024T20:35:27 - [TEST_STEP][PASSED] - openBrowser(""): Browser is opened with url: ''

10-02-2024T20:35:27 - [MESSAGE][INFO] - Starting 'Chrome' driver

10-02-2024T20:35:27 - [MESSAGE][INFO] - Action delay is set to 0 milliseconds

10-02-2024T20:35:28 - [MESSAGE][PASSED] - Browser is opened with url: ''

10-02-2024T20:35:28 - [TEST_STEP][PASSED] - navigateToUrl("https://advantageonlineshopping.com/"): Navigate to 'https://advantageonlineshopping.com/' successfully

10-02-2024T20:35:31 - [MESSAGE][PASSED] - Navigate to 'https://advantageonlineshopping.com/' successfully

10-02-2024T20:35:31 - [TEST_STEP][PASSED] - click(findTestObject("Object Repository/fitur checkout 2/a_My account                        My orde_124641")): Object: 'Object Repository/fitur checkout 2/a_My account                        My orde_124641' is clicked on

10-02-2024T20:35:35 - [MESSAGE][PASSED] - Object: 'Object Repository/fitur checkout 2/a_My account                        My orde_124641' is clicked on

10-02-2024T20:35:35 - [TEST_STEP][PASSED] - setText(findTestObject("Object Repository/fitur checkout 2/input_OR_username"), "yudhatesting"): Text 'yudhatesting' is set on object 'Object Repository/fitur checkout 2/input_OR_username'

10-02-2024T20:35:36 - [MESSAGE][PASSED] - Text 'yudhatesting' is set on object 'Object Repository/fitur checkout 2/input_OR_username'

10-02-2024T20:35:36 - [TEST_STEP][PASSED] - setEncryptedText(findTestObject("Object Repository/fitur checkout 2/input_Username_password"), "VjyC/is+sZNhzZxZ8kSNJw=="): Text ****** has been set on object 'Object Repository/fitur checkout 2/input_Username_password'

10-02-2024T20:35:37 - [MESSAGE][PASSED] - Text ****** has been set on object 'Object Repository/fitur checkout 2/input_Username_password'

10-02-2024T20:35:37 - [TEST_STEP][PASSED] - click(findTestObject("Object Repository/fitur checkout 2/button_SIGN IN")): Object: 'Object Repository/fitur checkout 2/button_SIGN IN' is clicked on

10-02-2024T20:35:38 - [MESSAGE][PASSED] - Object: 'Object Repository/fitur checkout 2/button_SIGN IN' is clicked on

10-02-2024T20:35:38 - [TEST_STEP][PASSED] - verifyElementPresent(findTestObject("Object Repository/fitur checkout 2/label_View Details"), 10): Object 'Object Repository/fitur checkout 2/label_View Details' is present

10-02-2024T20:35:39 - [MESSAGE][PASSED] - Object 'Object Repository/fitur checkout 2/label_View Details' is present

10-02-2024T20:35:39 - [TEST_STEP][PASSED] - if (verifyElementPresent(findTestObject("Object Repository/fitur checkout 2/label_View Details"), 10)): null

10-02-2024T20:35:39 - [MESSAGE][PASSED] - Object 'Object Repository/fitur checkout 2/label_View Details' is present

10-02-2024T20:35:39 - [TEST_STEP][PASSED] - click(findTestObject("Object Repository/fitur checkout 2/label_View Details")): Object: 'Object Repository/fitur checkout 2/label_View Details' is clicked on

10-02-2024T20:35:39 - [MESSAGE][PASSED] - Object: 'Object Repository/fitur checkout 2/label_View Details' is clicked on

10-02-2024T20:35:39 - [TEST_STEP][PASSED] - click(findTestObject("Object Repository/fitur checkout 2/button_ADD TO CART")): Object: 'Object Repository/fitur checkout 2/button_ADD TO CART' is clicked on

10-02-2024T20:35:41 - [MESSAGE][PASSED] - Object: 'Object Repository/fitur checkout 2/button_ADD TO CART' is clicked on

10-02-2024T20:35:41 - [TEST_STEP][PASSED] - click(findTestObject("Object Repository/fitur checkout 2/a_LAPTOPS")): Object: 'Object Repository/fitur checkout 2/a_LAPTOPS' is clicked on

10-02-2024T20:35:45 - [MESSAGE][PASSED] - Object: 'Object Repository/fitur checkout 2/a_LAPTOPS' is clicked on

10-02-2024T20:35:45 - [TEST_STEP][PASSED] - click(findTestObject("Object Repository/fitur checkout 2/a_3")): Object: 'Object Repository/fitur checkout 2/a_3' is clicked on

10-02-2024T20:35:46 - [MESSAGE][PASSED] - Object: 'Object Repository/fitur checkout 2/a_3' is clicked on

10-02-2024T20:35:46 - [TEST_STEP][PASSED] - click(findTestObject("Object Repository/fitur checkout 2/button_CHECKOUT (3,785.97)")): Object: 'Object Repository/fitur checkout 2/button_CHECKOUT (3,785.97)' is clicked on

10-02-2024T20:35:57 - [MESSAGE][PASSED] - Object: 'Object Repository/fitur checkout 2/button_CHECKOUT (3,785.97)' is clicked on

10-02-2024T20:35:57 - [TEST_STEP][PASSED] - click(findTestObject("Object Repository/fitur checkout 2/button_NEXT")): Object: 'Object Repository/fitur checkout 2/button_NEXT' is clicked on

10-02-2024T20:36:00 - [MESSAGE][PASSED] - Object: 'Object Repository/fitur checkout 2/button_NEXT' is clicked on

10-02-2024T20:36:00 - [TEST_STEP][PASSED] - click(findTestObject("Object Repository/fitur checkout 2/img")): Object: 'Object Repository/fitur checkout 2/img' is clicked on

10-02-2024T20:36:00 - [MESSAGE][PASSED] - Object: 'Object Repository/fitur checkout 2/img' is clicked on

10-02-2024T20:36:00 - [TEST_STEP][PASSED] - click(findTestObject("Object Repository/fitur checkout 2/button_PAY NOW")): Object: 'Object Repository/fitur checkout 2/button_PAY NOW' is clicked on

10-02-2024T20:36:01 - [MESSAGE][PASSED] - Object: 'Object Repository/fitur checkout 2/button_PAY NOW' is clicked on

10-02-2024T20:36:01 - [TEST_STEP][PASSED] - delay(5): Delayed 5 second(s)

10-02-2024T20:36:06 - [MESSAGE][PASSED] - Delayed 5 second(s)

10-02-2024T20:36:06 - [TEST_STEP][PASSED] - closeBrowser(): Browser is closed

10-02-2024T20:36:06 - [MESSAGE][PASSED] - Browser is closed]]></system-out>
         <system-err><![CDATA[]]></system-err>
      </testcase>
      <testcase name="Test Cases/1 Positive test case/9 Chekout tanpa login (data driven)" time="30.547" classname="Test Cases/1 Positive test case/9 Chekout tanpa login (data driven)" status="PASSED">
         <system-out><![CDATA[10-02-2024T20:36:06 - [TEST_CASE][PASSED] - Test Cases/1 Positive test case/9 Chekout tanpa login (data driven): Test Cases/1 Positive test case/9 Chekout tanpa login (data driven)

10-02-2024T20:36:06 - [TEST_STEP][PASSED] - openBrowser(""): Browser is opened with url: ''

10-02-2024T20:36:06 - [MESSAGE][INFO] - Starting 'Chrome' driver

10-02-2024T20:36:06 - [MESSAGE][INFO] - Action delay is set to 0 milliseconds

10-02-2024T20:36:07 - [MESSAGE][PASSED] - Browser is opened with url: ''

10-02-2024T20:36:07 - [TEST_STEP][PASSED] - navigateToUrl("https://advantageonlineshopping.com/"): Navigate to 'https://advantageonlineshopping.com/' successfully

10-02-2024T20:36:10 - [MESSAGE][PASSED] - Navigate to 'https://advantageonlineshopping.com/' successfully

10-02-2024T20:36:10 - [TEST_STEP][PASSED] - click(findTestObject("Object Repository/fitur checkout login/div_MICE                        Shop Now")): Object: 'Object Repository/fitur checkout login/div_MICE                        Shop Now' is clicked on

10-02-2024T20:36:15 - [MESSAGE][PASSED] - Object: 'Object Repository/fitur checkout login/div_MICE                        Shop Now' is clicked on

10-02-2024T20:36:15 - [TEST_STEP][PASSED] - click(findTestObject("Object Repository/fitur checkout login/img_SHOP NOW_29")): Object: 'Object Repository/fitur checkout login/img_SHOP NOW_29' is clicked on

10-02-2024T20:36:19 - [MESSAGE][PASSED] - Object: 'Object Repository/fitur checkout login/img_SHOP NOW_29' is clicked on

10-02-2024T20:36:19 - [TEST_STEP][PASSED] - click(findTestObject("Object Repository/fitur checkout login/button_ADD TO CART")): Object: 'Object Repository/fitur checkout login/button_ADD TO CART' is clicked on

10-02-2024T20:36:21 - [MESSAGE][PASSED] - Object: 'Object Repository/fitur checkout login/button_ADD TO CART' is clicked on

10-02-2024T20:36:21 - [TEST_STEP][PASSED] - click(findTestObject("Object Repository/fitur checkout login/a_MICE")): Object: 'Object Repository/fitur checkout login/a_MICE' is clicked on

10-02-2024T20:36:22 - [MESSAGE][PASSED] - Object: 'Object Repository/fitur checkout login/a_MICE' is clicked on

10-02-2024T20:36:22 - [TEST_STEP][PASSED] - click(findTestObject("Object Repository/fitur checkout login/a_1")): Object: 'Object Repository/fitur checkout login/a_1' is clicked on

10-02-2024T20:36:22 - [MESSAGE][PASSED] - Object: 'Object Repository/fitur checkout login/a_1' is clicked on

10-02-2024T20:36:22 - [TEST_STEP][PASSED] - click(findTestObject("Object Repository/fitur checkout login/button_CHECKOUT (9.99)")): Object: 'Object Repository/fitur checkout login/button_CHECKOUT (9.99)' is clicked on

10-02-2024T20:36:24 - [MESSAGE][PASSED] - Object: 'Object Repository/fitur checkout login/button_CHECKOUT (9.99)' is clicked on

10-02-2024T20:36:24 - [TEST_STEP][PASSED] - setText(findTestObject("Object Repository/fitur checkout login/input_Already have an account_usernameInOrd_818284"), username): Text 'yudhatesting' is set on object 'Object Repository/fitur checkout login/input_Already have an account_usernameInOrd_818284'

10-02-2024T20:36:25 - [MESSAGE][PASSED] - Text 'yudhatesting' is set on object 'Object Repository/fitur checkout login/input_Already have an account_usernameInOrd_818284'

10-02-2024T20:36:25 - [TEST_STEP][PASSED] - setText(findTestObject("Object Repository/fitur checkout login/input_Username_passwordInOrderPayment"), password): Text 'Dharmayudha1' is set on object 'Object Repository/fitur checkout login/input_Username_passwordInOrderPayment'

10-02-2024T20:36:26 - [MESSAGE][PASSED] - Text 'Dharmayudha1' is set on object 'Object Repository/fitur checkout login/input_Username_passwordInOrderPayment'

10-02-2024T20:36:26 - [TEST_STEP][PASSED] - click(findTestObject("Object Repository/fitur checkout login/button_LOGIN")): Object: 'Object Repository/fitur checkout login/button_LOGIN' is clicked on

10-02-2024T20:36:27 - [MESSAGE][PASSED] - Object: 'Object Repository/fitur checkout login/button_LOGIN' is clicked on

10-02-2024T20:36:27 - [TEST_STEP][PASSED] - click(findTestObject("Object Repository/fitur checkout login/button_NEXT")): Object: 'Object Repository/fitur checkout login/button_NEXT' is clicked on

10-02-2024T20:36:31 - [MESSAGE][PASSED] - Object: 'Object Repository/fitur checkout login/button_NEXT' is clicked on

10-02-2024T20:36:31 - [TEST_STEP][PASSED] - click(findTestObject("Object Repository/fitur checkout login/button_PAY NOW")): Object: 'Object Repository/fitur checkout login/button_PAY NOW' is clicked on

10-02-2024T20:36:32 - [MESSAGE][PASSED] - Object: 'Object Repository/fitur checkout login/button_PAY NOW' is clicked on

10-02-2024T20:36:32 - [TEST_STEP][PASSED] - delay(5): Delayed 5 second(s)

10-02-2024T20:36:37 - [MESSAGE][PASSED] - Delayed 5 second(s)

10-02-2024T20:36:37 - [TEST_STEP][PASSED] - closeBrowser(): Browser is closed

10-02-2024T20:36:37 - [MESSAGE][PASSED] - Browser is closed]]></system-out>
         <system-err><![CDATA[]]></system-err>
      </testcase>
      <testcase name="Test Cases/1 Positive test case/9 Chekout tanpa login (data driven)" time="27.597" classname="Test Cases/1 Positive test case/9 Chekout tanpa login (data driven)" status="PASSED">
         <system-out><![CDATA[10-02-2024T20:36:37 - [TEST_CASE][PASSED] - Test Cases/1 Positive test case/9 Chekout tanpa login (data driven): Test Cases/1 Positive test case/9 Chekout tanpa login (data driven)

10-02-2024T20:36:37 - [TEST_STEP][PASSED] - openBrowser(""): Browser is opened with url: ''

10-02-2024T20:36:37 - [MESSAGE][INFO] - Starting 'Chrome' driver

10-02-2024T20:36:37 - [MESSAGE][INFO] - Action delay is set to 0 milliseconds

10-02-2024T20:36:37 - [MESSAGE][PASSED] - Browser is opened with url: ''

10-02-2024T20:36:37 - [TEST_STEP][PASSED] - navigateToUrl("https://advantageonlineshopping.com/"): Navigate to 'https://advantageonlineshopping.com/' successfully

10-02-2024T20:36:40 - [MESSAGE][PASSED] - Navigate to 'https://advantageonlineshopping.com/' successfully

10-02-2024T20:36:40 - [TEST_STEP][PASSED] - click(findTestObject("Object Repository/fitur checkout login/div_MICE                        Shop Now")): Object: 'Object Repository/fitur checkout login/div_MICE                        Shop Now' is clicked on

10-02-2024T20:36:44 - [MESSAGE][PASSED] - Object: 'Object Repository/fitur checkout login/div_MICE                        Shop Now' is clicked on

10-02-2024T20:36:44 - [TEST_STEP][PASSED] - click(findTestObject("Object Repository/fitur checkout login/img_SHOP NOW_29")): Object: 'Object Repository/fitur checkout login/img_SHOP NOW_29' is clicked on

10-02-2024T20:36:47 - [MESSAGE][PASSED] - Object: 'Object Repository/fitur checkout login/img_SHOP NOW_29' is clicked on

10-02-2024T20:36:47 - [TEST_STEP][PASSED] - click(findTestObject("Object Repository/fitur checkout login/button_ADD TO CART")): Object: 'Object Repository/fitur checkout login/button_ADD TO CART' is clicked on

10-02-2024T20:36:49 - [MESSAGE][PASSED] - Object: 'Object Repository/fitur checkout login/button_ADD TO CART' is clicked on

10-02-2024T20:36:49 - [TEST_STEP][PASSED] - click(findTestObject("Object Repository/fitur checkout login/a_MICE")): Object: 'Object Repository/fitur checkout login/a_MICE' is clicked on

10-02-2024T20:36:50 - [MESSAGE][PASSED] - Object: 'Object Repository/fitur checkout login/a_MICE' is clicked on

10-02-2024T20:36:50 - [TEST_STEP][PASSED] - click(findTestObject("Object Repository/fitur checkout login/a_1")): Object: 'Object Repository/fitur checkout login/a_1' is clicked on

10-02-2024T20:36:50 - [MESSAGE][PASSED] - Object: 'Object Repository/fitur checkout login/a_1' is clicked on

10-02-2024T20:36:50 - [TEST_STEP][PASSED] - click(findTestObject("Object Repository/fitur checkout login/button_CHECKOUT (9.99)")): Object: 'Object Repository/fitur checkout login/button_CHECKOUT (9.99)' is clicked on

10-02-2024T20:36:51 - [MESSAGE][PASSED] - Object: 'Object Repository/fitur checkout login/button_CHECKOUT (9.99)' is clicked on

10-02-2024T20:36:51 - [TEST_STEP][PASSED] - setText(findTestObject("Object Repository/fitur checkout login/input_Already have an account_usernameInOrd_818284"), username): Text 'yudhatesting' is set on object 'Object Repository/fitur checkout login/input_Already have an account_usernameInOrd_818284'

10-02-2024T20:36:53 - [MESSAGE][PASSED] - Text 'yudhatesting' is set on object 'Object Repository/fitur checkout login/input_Already have an account_usernameInOrd_818284'

10-02-2024T20:36:53 - [TEST_STEP][PASSED] - setText(findTestObject("Object Repository/fitur checkout login/input_Username_passwordInOrderPayment"), password): Text 'Dharmayudha1' is set on object 'Object Repository/fitur checkout login/input_Username_passwordInOrderPayment'

10-02-2024T20:36:54 - [MESSAGE][PASSED] - Text 'Dharmayudha1' is set on object 'Object Repository/fitur checkout login/input_Username_passwordInOrderPayment'

10-02-2024T20:36:54 - [TEST_STEP][PASSED] - click(findTestObject("Object Repository/fitur checkout login/button_LOGIN")): Object: 'Object Repository/fitur checkout login/button_LOGIN' is clicked on

10-02-2024T20:36:55 - [MESSAGE][PASSED] - Object: 'Object Repository/fitur checkout login/button_LOGIN' is clicked on

10-02-2024T20:36:55 - [TEST_STEP][PASSED] - click(findTestObject("Object Repository/fitur checkout login/button_NEXT")): Object: 'Object Repository/fitur checkout login/button_NEXT' is clicked on

10-02-2024T20:36:59 - [MESSAGE][PASSED] - Object: 'Object Repository/fitur checkout login/button_NEXT' is clicked on

10-02-2024T20:36:59 - [TEST_STEP][PASSED] - click(findTestObject("Object Repository/fitur checkout login/button_PAY NOW")): Object: 'Object Repository/fitur checkout login/button_PAY NOW' is clicked on

10-02-2024T20:36:59 - [MESSAGE][PASSED] - Object: 'Object Repository/fitur checkout login/button_PAY NOW' is clicked on

10-02-2024T20:36:59 - [TEST_STEP][PASSED] - delay(5): Delayed 5 second(s)

10-02-2024T20:37:04 - [MESSAGE][PASSED] - Delayed 5 second(s)

10-02-2024T20:37:04 - [TEST_STEP][PASSED] - closeBrowser(): Browser is closed

10-02-2024T20:37:04 - [MESSAGE][PASSED] - Browser is closed]]></system-out>
         <system-err><![CDATA[]]></system-err>
      </testcase>
      <testcase name="Test Cases/1 Positive test case/12 Edit Data Checkout" time="52.23" classname="Test Cases/1 Positive test case/12 Edit Data Checkout" status="PASSED">
         <system-out><![CDATA[10-02-2024T20:37:04 - [TEST_CASE][PASSED] - Test Cases/1 Positive test case/12 Edit Data Checkout: Test Cases/1 Positive test case/12 Edit Data Checkout

10-02-2024T20:37:05 - [TEST_STEP][PASSED] - openBrowser(""): Browser is opened with url: ''

10-02-2024T20:37:05 - [MESSAGE][INFO] - Starting 'Chrome' driver

10-02-2024T20:37:05 - [MESSAGE][INFO] - Action delay is set to 0 milliseconds

10-02-2024T20:37:05 - [MESSAGE][PASSED] - Browser is opened with url: ''

10-02-2024T20:37:05 - [TEST_STEP][PASSED] - navigateToUrl("https://advantageonlineshopping.com/"): Navigate to 'https://advantageonlineshopping.com/' successfully

10-02-2024T20:37:08 - [MESSAGE][PASSED] - Navigate to 'https://advantageonlineshopping.com/' successfully

10-02-2024T20:37:08 - [TEST_STEP][PASSED] - click(findTestObject("Object Repository/fiutr edit checkout/a_My account                        My orde_124641")): Object: 'Object Repository/fiutr edit checkout/a_My account                        My orde_124641' is clicked on

10-02-2024T20:37:12 - [MESSAGE][PASSED] - Object: 'Object Repository/fiutr edit checkout/a_My account                        My orde_124641' is clicked on

10-02-2024T20:37:12 - [TEST_STEP][PASSED] - setText(findTestObject("Object Repository/fiutr edit checkout/input_OR_username"), "yudhatesting"): Text 'yudhatesting' is set on object 'Object Repository/fiutr edit checkout/input_OR_username'

10-02-2024T20:37:13 - [MESSAGE][PASSED] - Text 'yudhatesting' is set on object 'Object Repository/fiutr edit checkout/input_OR_username'

10-02-2024T20:37:13 - [TEST_STEP][PASSED] - setEncryptedText(findTestObject("Object Repository/fiutr edit checkout/input_Username_password"), "VjyC/is+sZNhzZxZ8kSNJw=="): Text ****** has been set on object 'Object Repository/fiutr edit checkout/input_Username_password'

10-02-2024T20:37:14 - [MESSAGE][PASSED] - Text ****** has been set on object 'Object Repository/fiutr edit checkout/input_Username_password'

10-02-2024T20:37:14 - [TEST_STEP][PASSED] - click(findTestObject("Object Repository/fiutr edit checkout/button_SIGN IN")): Object: 'Object Repository/fiutr edit checkout/button_SIGN IN' is clicked on

10-02-2024T20:37:15 - [MESSAGE][PASSED] - Object: 'Object Repository/fiutr edit checkout/button_SIGN IN' is clicked on

10-02-2024T20:37:15 - [TEST_STEP][PASSED] - click(findTestObject("Object Repository/fiutr edit checkout/div_LAPTOPS                        Shop Now")): Object: 'Object Repository/fiutr edit checkout/div_LAPTOPS                        Shop Now' is clicked on

10-02-2024T20:37:16 - [MESSAGE][PASSED] - Object: 'Object Repository/fiutr edit checkout/div_LAPTOPS                        Shop Now' is clicked on

10-02-2024T20:37:16 - [TEST_STEP][PASSED] - click(findTestObject("Object Repository/fiutr edit checkout/img_SHOP NOW_9")): Object: 'Object Repository/fiutr edit checkout/img_SHOP NOW_9' is clicked on

10-02-2024T20:37:20 - [MESSAGE][PASSED] - Object: 'Object Repository/fiutr edit checkout/img_SHOP NOW_9' is clicked on

10-02-2024T20:37:20 - [TEST_STEP][PASSED] - click(findTestObject("Object Repository/fiutr edit checkout/button_ADD TO CART")): Object: 'Object Repository/fiutr edit checkout/button_ADD TO CART' is clicked on

10-02-2024T20:37:32 - [MESSAGE][PASSED] - Object: 'Object Repository/fiutr edit checkout/button_ADD TO CART' is clicked on

10-02-2024T20:37:32 - [TEST_STEP][PASSED] - click(findTestObject("Object Repository/fiutr edit checkout/a_LAPTOPS")): Object: 'Object Repository/fiutr edit checkout/a_LAPTOPS' is clicked on

10-02-2024T20:37:34 - [MESSAGE][PASSED] - Object: 'Object Repository/fiutr edit checkout/a_LAPTOPS' is clicked on

10-02-2024T20:37:34 - [TEST_STEP][PASSED] - click(findTestObject("Object Repository/fiutr edit checkout/img_SHOP NOW_10")): Object: 'Object Repository/fiutr edit checkout/img_SHOP NOW_10' is clicked on

10-02-2024T20:37:35 - [MESSAGE][PASSED] - Object: 'Object Repository/fiutr edit checkout/img_SHOP NOW_10' is clicked on

10-02-2024T20:37:35 - [TEST_STEP][PASSED] - click(findTestObject("Object Repository/fiutr edit checkout/button_ADD TO CART")): Object: 'Object Repository/fiutr edit checkout/button_ADD TO CART' is clicked on

10-02-2024T20:37:36 - [MESSAGE][PASSED] - Object: 'Object Repository/fiutr edit checkout/button_ADD TO CART' is clicked on

10-02-2024T20:37:36 - [TEST_STEP][PASSED] - click(findTestObject("Object Repository/fiutr edit checkout/a_LAPTOPS")): Object: 'Object Repository/fiutr edit checkout/a_LAPTOPS' is clicked on

10-02-2024T20:37:38 - [MESSAGE][PASSED] - Object: 'Object Repository/fiutr edit checkout/a_LAPTOPS' is clicked on

10-02-2024T20:37:38 - [TEST_STEP][PASSED] - click(findTestObject("Object Repository/fiutr edit checkout/a_2")): Object: 'Object Repository/fiutr edit checkout/a_2' is clicked on

10-02-2024T20:37:38 - [MESSAGE][PASSED] - Object: 'Object Repository/fiutr edit checkout/a_2' is clicked on

10-02-2024T20:37:38 - [TEST_STEP][PASSED] - click(findTestObject("Object Repository/fiutr edit checkout/a_EDIT")): Object: 'Object Repository/fiutr edit checkout/a_EDIT' is clicked on

10-02-2024T20:37:40 - [MESSAGE][PASSED] - Object: 'Object Repository/fiutr edit checkout/a_EDIT' is clicked on

10-02-2024T20:37:40 - [TEST_STEP][PASSED] - click(findTestObject("Object Repository/fiutr edit checkout/div_Quantity_plus")): Object: 'Object Repository/fiutr edit checkout/div_Quantity_plus' is clicked on

10-02-2024T20:37:40 - [MESSAGE][PASSED] - Object: 'Object Repository/fiutr edit checkout/div_Quantity_plus' is clicked on

10-02-2024T20:37:40 - [TEST_STEP][PASSED] - click(findTestObject("Object Repository/fiutr edit checkout/button_ADD TO CART")): Object: 'Object Repository/fiutr edit checkout/button_ADD TO CART' is clicked on

10-02-2024T20:37:41 - [MESSAGE][PASSED] - Object: 'Object Repository/fiutr edit checkout/button_ADD TO CART' is clicked on

10-02-2024T20:37:41 - [TEST_STEP][PASSED] - click(findTestObject("Object Repository/fiutr edit checkout/a_EDIT_1")): Object: 'Object Repository/fiutr edit checkout/a_EDIT_1' is clicked on

10-02-2024T20:37:44 - [MESSAGE][PASSED] - Object: 'Object Repository/fiutr edit checkout/a_EDIT_1' is clicked on

10-02-2024T20:37:44 - [TEST_STEP][PASSED] - click(findTestObject("Object Repository/fiutr edit checkout/div_Quantity_plus")): Object: 'Object Repository/fiutr edit checkout/div_Quantity_plus' is clicked on

10-02-2024T20:37:44 - [MESSAGE][PASSED] - Object: 'Object Repository/fiutr edit checkout/div_Quantity_plus' is clicked on

10-02-2024T20:37:44 - [TEST_STEP][PASSED] - click(findTestObject("Object Repository/fiutr edit checkout/button_ADD TO CART")): Object: 'Object Repository/fiutr edit checkout/button_ADD TO CART' is clicked on

10-02-2024T20:37:45 - [MESSAGE][PASSED] - Object: 'Object Repository/fiutr edit checkout/button_ADD TO CART' is clicked on

10-02-2024T20:37:45 - [TEST_STEP][PASSED] - click(findTestObject("Object Repository/fiutr edit checkout/button_CHECKOUT (3,123.96)")): Object: 'Object Repository/fiutr edit checkout/button_CHECKOUT (3,123.96)' is clicked on

10-02-2024T20:37:47 - [MESSAGE][PASSED] - Object: 'Object Repository/fiutr edit checkout/button_CHECKOUT (3,123.96)' is clicked on

10-02-2024T20:37:47 - [TEST_STEP][PASSED] - click(findTestObject("Object Repository/fiutr edit checkout/button_NEXT")): Object: 'Object Repository/fiutr edit checkout/button_NEXT' is clicked on

10-02-2024T20:37:51 - [MESSAGE][PASSED] - Object: 'Object Repository/fiutr edit checkout/button_NEXT' is clicked on

10-02-2024T20:37:51 - [TEST_STEP][PASSED] - click(findTestObject("Object Repository/fiutr edit checkout/button_PAY NOW")): Object: 'Object Repository/fiutr edit checkout/button_PAY NOW' is clicked on

10-02-2024T20:37:51 - [MESSAGE][PASSED] - Object: 'Object Repository/fiutr edit checkout/button_PAY NOW' is clicked on

10-02-2024T20:37:51 - [TEST_STEP][PASSED] - delay(5): Delayed 5 second(s)

10-02-2024T20:37:56 - [MESSAGE][PASSED] - Delayed 5 second(s)

10-02-2024T20:37:56 - [TEST_STEP][PASSED] - closeBrowser(): Browser is closed

10-02-2024T20:37:57 - [MESSAGE][PASSED] - Browser is closed]]></system-out>
         <system-err><![CDATA[]]></system-err>
      </testcase>
      <system-out><![CDATA[10-02-2024T20:33:42 - [TEST_SUITE][PASSED] - 3 all checkout: Test Cases/1 Positive test case/12 Edit Data Checkout]]></system-out>
      <system-err><![CDATA[]]></system-err>
   </testsuite>
</testsuites>
