<?xml version="1.0" encoding="UTF-8"?>
<testsuites name="3 all checkout" time="368.33" tests="8" failures="0" errors="0">
   <testsuite name="3 all checkout" tests="8" failures="0" errors="0" time="368.33" skipped="0" timestamp="11-02-2024T14:48:03" hostname="ACER - LAPTOP-DI70DTOM" id="Test Suites/1 Test Suites/3 all checkout">
      <properties>
         <property name="deviceName" value=""/>
         <property name="devicePlatform" value=""/>
         <property name="logFolder" value="C:\\Users\\ACER\\git\\Final-Project-QA-WEB\\Reports\\20240211_144740\\1 Test Suites\\3 all checkout\\20240211_144745"/>
         <property name="logFiles" value="C:\\Users\\ACER\\git\\Final-Project-QA-WEB\\Reports\\20240211_144740\\1 Test Suites\\3 all checkout\\20240211_144745\\execution0.log"/>
         <property name="attachments" value=""/>
         <property name="hostName" value="ACER - LAPTOP-DI70DTOM"/>
         <property name="os" value="Windows 11 64bit"/>
         <property name="katalonVersion" value="9.3.0.212"/>
         <property name="browser" value="Chrome 121.0.0.0"/>
         <property name="hostAddress" value="192.168.0.151"/>
         <property name="sessionId" value="d23d372e077ec2cca2a129882a5ffa23"/>
         <property name="seleniumVersion" value="3.141.59"/>
         <property name="proxyInformation" value="ProxyInformation { proxyOption=NO_PROXY, proxyServerType=HTTP, username=, password=********, proxyServerAddress=, proxyServerPort=0, executionList=&quot;&quot;, isApplyToDesiredCapabilities=true }"/>
         <property name="platform" value="Windows 11"/>
      </properties>
      <testcase name="Test Cases/1 Positive test case/6 Checkout Basic Item - Safepay Payment (data driven)" time="71.292" classname="Test Cases/1 Positive test case/6 Checkout Basic Item - Safepay Payment (data driven)" status="PASSED">
         <system-out><![CDATA[11-02-2024T14:48:04 - [TEST_CASE][PASSED] - Test Cases/1 Positive test case/6 Checkout Basic Item - Safepay Payment (data driven): Test Cases/1 Positive test case/6 Checkout Basic Item - Safepay Payment (data driven)

11-02-2024T14:48:05 - [TEST_STEP][PASSED] - openBrowser(""): Browser is opened with url: ''

11-02-2024T14:48:06 - [MESSAGE][INFO] - Starting 'Chrome' driver

11-02-2024T14:48:06 - [MESSAGE][INFO] - Action delay is set to 0 milliseconds

11-02-2024T14:48:09 - [MESSAGE][PASSED] - Browser is opened with url: ''

11-02-2024T14:48:09 - [TEST_STEP][PASSED] - navigateToUrl("https://advantageonlineshopping.com/"): Navigate to 'https://advantageonlineshopping.com/' successfully

11-02-2024T14:48:12 - [MESSAGE][PASSED] - Navigate to 'https://advantageonlineshopping.com/' successfully

11-02-2024T14:48:12 - [TEST_STEP][PASSED] - click(findTestObject("Object Repository/fitur checkout 1/a_My account                        My orde_124641")): Object: 'Object Repository/fitur checkout 1/a_My account                        My orde_124641' is clicked on

11-02-2024T14:48:17 - [MESSAGE][PASSED] - Object: 'Object Repository/fitur checkout 1/a_My account                        My orde_124641' is clicked on

11-02-2024T14:48:17 - [TEST_STEP][PASSED] - setText(findTestObject("Object Repository/fitur checkout 1/input_OR_username"), "yudhatesting"): Text 'yudhatesting' is set on object 'Object Repository/fitur checkout 1/input_OR_username'

11-02-2024T14:48:18 - [MESSAGE][PASSED] - Text 'yudhatesting' is set on object 'Object Repository/fitur checkout 1/input_OR_username'

11-02-2024T14:48:18 - [TEST_STEP][PASSED] - click(findTestObject("Object Repository/fitur checkout 1/label_Password")): Object: 'Object Repository/fitur checkout 1/label_Password' is clicked on

11-02-2024T14:48:20 - [MESSAGE][PASSED] - Object: 'Object Repository/fitur checkout 1/label_Password' is clicked on

11-02-2024T14:48:20 - [TEST_STEP][PASSED] - setEncryptedText(findTestObject("Object Repository/fitur checkout 1/input_Username_password"), "VjyC/is+sZNhzZxZ8kSNJw=="): Text ****** has been set on object 'Object Repository/fitur checkout 1/input_Username_password'

11-02-2024T14:48:20 - [MESSAGE][PASSED] - Text ****** has been set on object 'Object Repository/fitur checkout 1/input_Username_password'

11-02-2024T14:48:20 - [TEST_STEP][PASSED] - click(findTestObject("Object Repository/fitur checkout 1/button_SIGN IN")): Object: 'Object Repository/fitur checkout 1/button_SIGN IN' is clicked on

11-02-2024T14:48:21 - [MESSAGE][PASSED] - Object: 'Object Repository/fitur checkout 1/button_SIGN IN' is clicked on

11-02-2024T14:48:21 - [TEST_STEP][PASSED] - click(findTestObject("Object Repository/fitur checkout 1/div_SPEAKERS                        Shop Now")): Object: 'Object Repository/fitur checkout 1/div_SPEAKERS                        Shop Now' is clicked on

11-02-2024T14:48:31 - [MESSAGE][PASSED] - Object: 'Object Repository/fitur checkout 1/div_SPEAKERS                        Shop Now' is clicked on

11-02-2024T14:48:31 - [TEST_STEP][PASSED] - click(findTestObject("Object Repository/fitur checkout 1/img_SHOP NOW_20")): Object: 'Object Repository/fitur checkout 1/img_SHOP NOW_20' is clicked on

11-02-2024T14:48:33 - [MESSAGE][PASSED] - Object: 'Object Repository/fitur checkout 1/img_SHOP NOW_20' is clicked on

11-02-2024T14:48:33 - [TEST_STEP][PASSED] - click(findTestObject("Object Repository/fitur checkout 1/button_ADD TO CART")): Object: 'Object Repository/fitur checkout 1/button_ADD TO CART' is clicked on

11-02-2024T14:48:41 - [MESSAGE][PASSED] - Object: 'Object Repository/fitur checkout 1/button_ADD TO CART' is clicked on

11-02-2024T14:48:41 - [TEST_STEP][PASSED] - click(findTestObject("Object Repository/fitur checkout 1/a_SPEAKERS")): Object: 'Object Repository/fitur checkout 1/a_SPEAKERS' is clicked on

11-02-2024T14:48:44 - [MESSAGE][PASSED] - Object: 'Object Repository/fitur checkout 1/a_SPEAKERS' is clicked on

11-02-2024T14:48:44 - [TEST_STEP][PASSED] - click(findTestObject("Object Repository/fitur checkout 1/img_SHOP NOW_25")): Object: 'Object Repository/fitur checkout 1/img_SHOP NOW_25' is clicked on

11-02-2024T14:48:45 - [MESSAGE][PASSED] - Object: 'Object Repository/fitur checkout 1/img_SHOP NOW_25' is clicked on

11-02-2024T14:48:45 - [TEST_STEP][PASSED] - click(findTestObject("Object Repository/fitur checkout 1/button_ADD TO CART")): Object: 'Object Repository/fitur checkout 1/button_ADD TO CART' is clicked on

11-02-2024T14:48:45 - [MESSAGE][PASSED] - Object: 'Object Repository/fitur checkout 1/button_ADD TO CART' is clicked on

11-02-2024T14:48:45 - [TEST_STEP][PASSED] - click(findTestObject("Object Repository/fitur checkout 1/a_SPEAKERS")): Object: 'Object Repository/fitur checkout 1/a_SPEAKERS' is clicked on

11-02-2024T14:48:48 - [MESSAGE][PASSED] - Object: 'Object Repository/fitur checkout 1/a_SPEAKERS' is clicked on

11-02-2024T14:48:48 - [TEST_STEP][PASSED] - click(findTestObject("Object Repository/fitur checkout 1/a_11")): Object: 'Object Repository/fitur checkout 1/a_11' is clicked on

11-02-2024T14:48:49 - [MESSAGE][PASSED] - Object: 'Object Repository/fitur checkout 1/a_11' is clicked on

11-02-2024T14:48:49 - [TEST_STEP][PASSED] - click(findTestObject("Object Repository/fitur checkout 1/button_CHECKOUT (7,634.90)")): Object: 'Object Repository/fitur checkout 1/button_CHECKOUT (7,634.90)' is clicked on

11-02-2024T14:48:52 - [MESSAGE][PASSED] - Object: 'Object Repository/fitur checkout 1/button_CHECKOUT (7,634.90)' is clicked on

11-02-2024T14:48:52 - [TEST_STEP][PASSED] - click(findTestObject("Object Repository/fitur checkout 1/button_NEXT")): Object: 'Object Repository/fitur checkout 1/button_NEXT' is clicked on

11-02-2024T14:48:58 - [MESSAGE][PASSED] - Object: 'Object Repository/fitur checkout 1/button_NEXT' is clicked on

11-02-2024T14:48:58 - [TEST_STEP][PASSED] - setText(findTestObject("Object Repository/fitur checkout 1/input__safepay_username"), username): Text 'yudhatesting' is set on object 'Object Repository/fitur checkout 1/input__safepay_username'

11-02-2024T14:48:59 - [MESSAGE][PASSED] - Text 'yudhatesting' is set on object 'Object Repository/fitur checkout 1/input__safepay_username'

11-02-2024T14:48:59 - [TEST_STEP][PASSED] - delay(3): Delayed 3 second(s)

11-02-2024T14:49:02 - [MESSAGE][PASSED] - Delayed 3 second(s)

11-02-2024T14:49:02 - [TEST_STEP][PASSED] - setText(findTestObject("Object Repository/fitur checkout 1/input__safepay_password"), password): Text 'Dharmayudha1' is set on object 'Object Repository/fitur checkout 1/input__safepay_password'

11-02-2024T14:49:04 - [MESSAGE][PASSED] - Text 'Dharmayudha1' is set on object 'Object Repository/fitur checkout 1/input__safepay_password'

11-02-2024T14:49:04 - [TEST_STEP][PASSED] - delay(3): Delayed 3 second(s)

11-02-2024T14:49:07 - [MESSAGE][PASSED] - Delayed 3 second(s)

11-02-2024T14:49:07 - [TEST_STEP][PASSED] - click(findTestObject("Object Repository/fitur checkout 1/button_PAY NOW")): Object: 'Object Repository/fitur checkout 1/button_PAY NOW' is clicked on

11-02-2024T14:49:07 - [MESSAGE][PASSED] - Object: 'Object Repository/fitur checkout 1/button_PAY NOW' is clicked on

11-02-2024T14:49:07 - [TEST_STEP][PASSED] - delay(5): Delayed 5 second(s)

11-02-2024T14:49:12 - [MESSAGE][PASSED] - Delayed 5 second(s)

11-02-2024T14:49:12 - [TEST_STEP][PASSED] - closeBrowser(): Browser is closed

11-02-2024T14:49:13 - [MESSAGE][PASSED] - Browser is closed

11-02-2024T14:49:15 - [TEST_STEP][PASSED] - Video: Video recording for test case 'Test Cases/1 Positive test case/6 Checkout Basic Item - Safepay Payment (data driven)' .

11-02-2024T14:49:15 - [MESSAGE][INFO] - Video recording for test case 'Test Cases/1 Positive test case/6 Checkout Basic Item - Safepay Payment (data driven)' .]]></system-out>
         <system-err><![CDATA[]]></system-err>
      </testcase>
      <testcase name="Test Cases/1 Positive test case/6 Checkout Basic Item - Safepay Payment (data driven)" time="67.978" classname="Test Cases/1 Positive test case/6 Checkout Basic Item - Safepay Payment (data driven)" status="PASSED">
         <system-out><![CDATA[11-02-2024T14:49:15 - [TEST_CASE][PASSED] - Test Cases/1 Positive test case/6 Checkout Basic Item - Safepay Payment (data driven): Test Cases/1 Positive test case/6 Checkout Basic Item - Safepay Payment (data driven)

11-02-2024T14:49:15 - [TEST_STEP][PASSED] - openBrowser(""): Browser is opened with url: ''

11-02-2024T14:49:15 - [MESSAGE][INFO] - Starting 'Chrome' driver

11-02-2024T14:49:15 - [MESSAGE][INFO] - Action delay is set to 0 milliseconds

11-02-2024T14:49:17 - [MESSAGE][PASSED] - Browser is opened with url: ''

11-02-2024T14:49:17 - [TEST_STEP][PASSED] - navigateToUrl("https://advantageonlineshopping.com/"): Navigate to 'https://advantageonlineshopping.com/' successfully

11-02-2024T14:49:23 - [MESSAGE][PASSED] - Navigate to 'https://advantageonlineshopping.com/' successfully

11-02-2024T14:49:23 - [TEST_STEP][PASSED] - click(findTestObject("Object Repository/fitur checkout 1/a_My account                        My orde_124641")): Object: 'Object Repository/fitur checkout 1/a_My account                        My orde_124641' is clicked on

11-02-2024T14:49:28 - [MESSAGE][PASSED] - Object: 'Object Repository/fitur checkout 1/a_My account                        My orde_124641' is clicked on

11-02-2024T14:49:28 - [TEST_STEP][PASSED] - setText(findTestObject("Object Repository/fitur checkout 1/input_OR_username"), "yudhatesting"): Text 'yudhatesting' is set on object 'Object Repository/fitur checkout 1/input_OR_username'

11-02-2024T14:49:29 - [MESSAGE][PASSED] - Text 'yudhatesting' is set on object 'Object Repository/fitur checkout 1/input_OR_username'

11-02-2024T14:49:29 - [TEST_STEP][PASSED] - click(findTestObject("Object Repository/fitur checkout 1/label_Password")): Object: 'Object Repository/fitur checkout 1/label_Password' is clicked on

11-02-2024T14:49:30 - [MESSAGE][PASSED] - Object: 'Object Repository/fitur checkout 1/label_Password' is clicked on

11-02-2024T14:49:30 - [TEST_STEP][PASSED] - setEncryptedText(findTestObject("Object Repository/fitur checkout 1/input_Username_password"), "VjyC/is+sZNhzZxZ8kSNJw=="): Text ****** has been set on object 'Object Repository/fitur checkout 1/input_Username_password'

11-02-2024T14:49:31 - [MESSAGE][PASSED] - Text ****** has been set on object 'Object Repository/fitur checkout 1/input_Username_password'

11-02-2024T14:49:31 - [TEST_STEP][PASSED] - click(findTestObject("Object Repository/fitur checkout 1/button_SIGN IN")): Object: 'Object Repository/fitur checkout 1/button_SIGN IN' is clicked on

11-02-2024T14:49:32 - [MESSAGE][PASSED] - Object: 'Object Repository/fitur checkout 1/button_SIGN IN' is clicked on

11-02-2024T14:49:32 - [TEST_STEP][PASSED] - click(findTestObject("Object Repository/fitur checkout 1/div_SPEAKERS                        Shop Now")): Object: 'Object Repository/fitur checkout 1/div_SPEAKERS                        Shop Now' is clicked on

11-02-2024T14:49:51 - [MESSAGE][PASSED] - Object: 'Object Repository/fitur checkout 1/div_SPEAKERS                        Shop Now' is clicked on

11-02-2024T14:49:51 - [TEST_STEP][PASSED] - click(findTestObject("Object Repository/fitur checkout 1/img_SHOP NOW_20")): Object: 'Object Repository/fitur checkout 1/img_SHOP NOW_20' is clicked on

11-02-2024T14:49:54 - [MESSAGE][PASSED] - Object: 'Object Repository/fitur checkout 1/img_SHOP NOW_20' is clicked on

11-02-2024T14:49:54 - [TEST_STEP][PASSED] - click(findTestObject("Object Repository/fitur checkout 1/button_ADD TO CART")): Object: 'Object Repository/fitur checkout 1/button_ADD TO CART' is clicked on

11-02-2024T14:49:56 - [MESSAGE][PASSED] - Object: 'Object Repository/fitur checkout 1/button_ADD TO CART' is clicked on

11-02-2024T14:49:56 - [TEST_STEP][PASSED] - click(findTestObject("Object Repository/fitur checkout 1/a_SPEAKERS")): Object: 'Object Repository/fitur checkout 1/a_SPEAKERS' is clicked on

11-02-2024T14:49:58 - [MESSAGE][PASSED] - Object: 'Object Repository/fitur checkout 1/a_SPEAKERS' is clicked on

11-02-2024T14:49:58 - [TEST_STEP][PASSED] - click(findTestObject("Object Repository/fitur checkout 1/img_SHOP NOW_25")): Object: 'Object Repository/fitur checkout 1/img_SHOP NOW_25' is clicked on

11-02-2024T14:49:59 - [MESSAGE][PASSED] - Object: 'Object Repository/fitur checkout 1/img_SHOP NOW_25' is clicked on

11-02-2024T14:49:59 - [TEST_STEP][PASSED] - click(findTestObject("Object Repository/fitur checkout 1/button_ADD TO CART")): Object: 'Object Repository/fitur checkout 1/button_ADD TO CART' is clicked on

11-02-2024T14:50:00 - [MESSAGE][PASSED] - Object: 'Object Repository/fitur checkout 1/button_ADD TO CART' is clicked on

11-02-2024T14:50:00 - [TEST_STEP][PASSED] - click(findTestObject("Object Repository/fitur checkout 1/a_SPEAKERS")): Object: 'Object Repository/fitur checkout 1/a_SPEAKERS' is clicked on

11-02-2024T14:50:00 - [MESSAGE][PASSED] - Object: 'Object Repository/fitur checkout 1/a_SPEAKERS' is clicked on

11-02-2024T14:50:00 - [TEST_STEP][PASSED] - click(findTestObject("Object Repository/fitur checkout 1/a_11")): Object: 'Object Repository/fitur checkout 1/a_11' is clicked on

11-02-2024T14:50:01 - [MESSAGE][PASSED] - Object: 'Object Repository/fitur checkout 1/a_11' is clicked on

11-02-2024T14:50:01 - [TEST_STEP][PASSED] - click(findTestObject("Object Repository/fitur checkout 1/button_CHECKOUT (7,634.90)")): Object: 'Object Repository/fitur checkout 1/button_CHECKOUT (7,634.90)' is clicked on

11-02-2024T14:50:03 - [MESSAGE][PASSED] - Object: 'Object Repository/fitur checkout 1/button_CHECKOUT (7,634.90)' is clicked on

11-02-2024T14:50:03 - [TEST_STEP][PASSED] - click(findTestObject("Object Repository/fitur checkout 1/button_NEXT")): Object: 'Object Repository/fitur checkout 1/button_NEXT' is clicked on

11-02-2024T14:50:06 - [MESSAGE][PASSED] - Object: 'Object Repository/fitur checkout 1/button_NEXT' is clicked on

11-02-2024T14:50:06 - [TEST_STEP][PASSED] - setText(findTestObject("Object Repository/fitur checkout 1/input__safepay_username"), username): Text 'yudhatesting2' is set on object 'Object Repository/fitur checkout 1/input__safepay_username'

11-02-2024T14:50:08 - [MESSAGE][PASSED] - Text 'yudhatesting2' is set on object 'Object Repository/fitur checkout 1/input__safepay_username'

11-02-2024T14:50:08 - [TEST_STEP][PASSED] - delay(3): Delayed 3 second(s)

11-02-2024T14:50:11 - [MESSAGE][PASSED] - Delayed 3 second(s)

11-02-2024T14:50:11 - [TEST_STEP][PASSED] - setText(findTestObject("Object Repository/fitur checkout 1/input__safepay_password"), password): Text 'Dharmayudha2' is set on object 'Object Repository/fitur checkout 1/input__safepay_password'

11-02-2024T14:50:12 - [MESSAGE][PASSED] - Text 'Dharmayudha2' is set on object 'Object Repository/fitur checkout 1/input__safepay_password'

11-02-2024T14:50:12 - [TEST_STEP][PASSED] - delay(3): Delayed 3 second(s)

11-02-2024T14:50:15 - [MESSAGE][PASSED] - Delayed 3 second(s)

11-02-2024T14:50:15 - [TEST_STEP][PASSED] - click(findTestObject("Object Repository/fitur checkout 1/button_PAY NOW")): Object: 'Object Repository/fitur checkout 1/button_PAY NOW' is clicked on

11-02-2024T14:50:15 - [MESSAGE][PASSED] - Object: 'Object Repository/fitur checkout 1/button_PAY NOW' is clicked on

11-02-2024T14:50:15 - [TEST_STEP][PASSED] - delay(5): Delayed 5 second(s)

11-02-2024T14:50:20 - [MESSAGE][PASSED] - Delayed 5 second(s)

11-02-2024T14:50:20 - [TEST_STEP][PASSED] - closeBrowser(): Browser is closed

11-02-2024T14:50:21 - [MESSAGE][PASSED] - Browser is closed

11-02-2024T14:50:23 - [TEST_STEP][PASSED] - Video: Video recording for test case 'Test Cases/1 Positive test case/6 Checkout Basic Item - Safepay Payment (data driven)' .

11-02-2024T14:50:23 - [MESSAGE][INFO] - Video recording for test case 'Test Cases/1 Positive test case/6 Checkout Basic Item - Safepay Payment (data driven)' .]]></system-out>
         <system-err><![CDATA[]]></system-err>
      </testcase>
      <testcase name="Test Cases/1 Positive test case/7 Checkout Popular item - CC Payment" time="37.412" classname="Test Cases/1 Positive test case/7 Checkout Popular item - CC Payment" status="PASSED">
         <system-out><![CDATA[11-02-2024T14:50:23 - [TEST_CASE][PASSED] - Test Cases/1 Positive test case/7 Checkout Popular item - CC Payment: Test Cases/1 Positive test case/7 Checkout Popular item - CC Payment

11-02-2024T14:50:23 - [TEST_STEP][PASSED] - openBrowser(""): Browser is opened with url: ''

11-02-2024T14:50:23 - [MESSAGE][INFO] - Starting 'Chrome' driver

11-02-2024T14:50:23 - [MESSAGE][INFO] - Action delay is set to 0 milliseconds

11-02-2024T14:50:24 - [MESSAGE][PASSED] - Browser is opened with url: ''

11-02-2024T14:50:24 - [TEST_STEP][PASSED] - navigateToUrl("https://advantageonlineshopping.com/"): Navigate to 'https://advantageonlineshopping.com/' successfully

11-02-2024T14:50:27 - [MESSAGE][PASSED] - Navigate to 'https://advantageonlineshopping.com/' successfully

11-02-2024T14:50:27 - [TEST_STEP][PASSED] - click(findTestObject("Object Repository/fitur checkout 2/a_My account                        My orde_124641")): Object: 'Object Repository/fitur checkout 2/a_My account                        My orde_124641' is clicked on

11-02-2024T14:50:31 - [MESSAGE][PASSED] - Object: 'Object Repository/fitur checkout 2/a_My account                        My orde_124641' is clicked on

11-02-2024T14:50:31 - [TEST_STEP][PASSED] - setText(findTestObject("Object Repository/fitur checkout 2/input_OR_username"), "yudhatesting"): Text 'yudhatesting' is set on object 'Object Repository/fitur checkout 2/input_OR_username'

11-02-2024T14:50:32 - [MESSAGE][PASSED] - Text 'yudhatesting' is set on object 'Object Repository/fitur checkout 2/input_OR_username'

11-02-2024T14:50:32 - [TEST_STEP][PASSED] - setEncryptedText(findTestObject("Object Repository/fitur checkout 2/input_Username_password"), "VjyC/is+sZNhzZxZ8kSNJw=="): Text ****** has been set on object 'Object Repository/fitur checkout 2/input_Username_password'

11-02-2024T14:50:33 - [MESSAGE][PASSED] - Text ****** has been set on object 'Object Repository/fitur checkout 2/input_Username_password'

11-02-2024T14:50:33 - [TEST_STEP][PASSED] - click(findTestObject("Object Repository/fitur checkout 2/button_SIGN IN")): Object: 'Object Repository/fitur checkout 2/button_SIGN IN' is clicked on

11-02-2024T14:50:34 - [MESSAGE][PASSED] - Object: 'Object Repository/fitur checkout 2/button_SIGN IN' is clicked on

11-02-2024T14:50:34 - [TEST_STEP][PASSED] - verifyElementPresent(findTestObject("Object Repository/fitur checkout 2/label_View Details"), 10): Object 'Object Repository/fitur checkout 2/label_View Details' is present

11-02-2024T14:50:35 - [MESSAGE][PASSED] - Object 'Object Repository/fitur checkout 2/label_View Details' is present

11-02-2024T14:50:35 - [TEST_STEP][PASSED] - if (verifyElementPresent(findTestObject("Object Repository/fitur checkout 2/label_View Details"), 10)): null

11-02-2024T14:50:35 - [MESSAGE][PASSED] - Object 'Object Repository/fitur checkout 2/label_View Details' is present

11-02-2024T14:50:35 - [TEST_STEP][PASSED] - click(findTestObject("Object Repository/fitur checkout 2/label_View Details")): Object: 'Object Repository/fitur checkout 2/label_View Details' is clicked on

11-02-2024T14:50:36 - [MESSAGE][PASSED] - Object: 'Object Repository/fitur checkout 2/label_View Details' is clicked on

11-02-2024T14:50:36 - [TEST_STEP][PASSED] - click(findTestObject("Object Repository/fitur checkout 2/button_ADD TO CART")): Object: 'Object Repository/fitur checkout 2/button_ADD TO CART' is clicked on

11-02-2024T14:50:38 - [MESSAGE][PASSED] - Object: 'Object Repository/fitur checkout 2/button_ADD TO CART' is clicked on

11-02-2024T14:50:38 - [TEST_STEP][PASSED] - click(findTestObject("Object Repository/fitur checkout 2/a_LAPTOPS")): Object: 'Object Repository/fitur checkout 2/a_LAPTOPS' is clicked on

11-02-2024T14:50:40 - [MESSAGE][PASSED] - Object: 'Object Repository/fitur checkout 2/a_LAPTOPS' is clicked on

11-02-2024T14:50:40 - [TEST_STEP][PASSED] - click(findTestObject("Object Repository/fitur checkout 2/a_3")): Object: 'Object Repository/fitur checkout 2/a_3' is clicked on

11-02-2024T14:50:42 - [MESSAGE][PASSED] - Object: 'Object Repository/fitur checkout 2/a_3' is clicked on

11-02-2024T14:50:42 - [TEST_STEP][PASSED] - click(findTestObject("Object Repository/fitur checkout 2/button_CHECKOUT (3,785.97)")): Object: 'Object Repository/fitur checkout 2/button_CHECKOUT (3,785.97)' is clicked on

11-02-2024T14:50:48 - [MESSAGE][PASSED] - Object: 'Object Repository/fitur checkout 2/button_CHECKOUT (3,785.97)' is clicked on

11-02-2024T14:50:49 - [TEST_STEP][PASSED] - click(findTestObject("Object Repository/fitur checkout 2/button_NEXT")): Object: 'Object Repository/fitur checkout 2/button_NEXT' is clicked on

11-02-2024T14:50:52 - [MESSAGE][PASSED] - Object: 'Object Repository/fitur checkout 2/button_NEXT' is clicked on

11-02-2024T14:50:52 - [TEST_STEP][PASSED] - click(findTestObject("Object Repository/fitur checkout 2/img")): Object: 'Object Repository/fitur checkout 2/img' is clicked on

11-02-2024T14:50:53 - [MESSAGE][PASSED] - Object: 'Object Repository/fitur checkout 2/img' is clicked on

11-02-2024T14:50:53 - [TEST_STEP][PASSED] - click(findTestObject("Object Repository/fitur checkout 2/button_PAY NOW")): Object: 'Object Repository/fitur checkout 2/button_PAY NOW' is clicked on

11-02-2024T14:50:53 - [MESSAGE][PASSED] - Object: 'Object Repository/fitur checkout 2/button_PAY NOW' is clicked on

11-02-2024T14:50:53 - [TEST_STEP][PASSED] - delay(5): Delayed 5 second(s)

11-02-2024T14:50:58 - [MESSAGE][PASSED] - Delayed 5 second(s)

11-02-2024T14:50:58 - [TEST_STEP][PASSED] - closeBrowser(): Browser is closed

11-02-2024T14:50:58 - [MESSAGE][PASSED] - Browser is closed

11-02-2024T14:51:00 - [TEST_STEP][PASSED] - Video: Video recording for test case 'Test Cases/1 Positive test case/7 Checkout Popular item - CC Payment' .

11-02-2024T14:51:00 - [MESSAGE][INFO] - Video recording for test case 'Test Cases/1 Positive test case/7 Checkout Popular item - CC Payment' .]]></system-out>
         <system-err><![CDATA[]]></system-err>
      </testcase>
      <testcase name="Test Cases/1 Positive test case/8 Chekout tanpa login (data driven)" time="31.95" classname="Test Cases/1 Positive test case/8 Chekout tanpa login (data driven)" status="PASSED">
         <system-out><![CDATA[11-02-2024T14:51:01 - [TEST_CASE][PASSED] - Test Cases/1 Positive test case/8 Chekout tanpa login (data driven): Test Cases/1 Positive test case/8 Chekout tanpa login (data driven)

11-02-2024T14:51:01 - [TEST_STEP][PASSED] - openBrowser(""): Browser is opened with url: ''

11-02-2024T14:51:01 - [MESSAGE][INFO] - Starting 'Chrome' driver

11-02-2024T14:51:01 - [MESSAGE][INFO] - Action delay is set to 0 milliseconds

11-02-2024T14:51:01 - [MESSAGE][PASSED] - Browser is opened with url: ''

11-02-2024T14:51:01 - [TEST_STEP][PASSED] - navigateToUrl("https://advantageonlineshopping.com/"): Navigate to 'https://advantageonlineshopping.com/' successfully

11-02-2024T14:51:04 - [MESSAGE][PASSED] - Navigate to 'https://advantageonlineshopping.com/' successfully

11-02-2024T14:51:04 - [TEST_STEP][PASSED] - click(findTestObject("Object Repository/fitur checkout login/div_MICE                        Shop Now")): Object: 'Object Repository/fitur checkout login/div_MICE                        Shop Now' is clicked on

11-02-2024T14:51:08 - [MESSAGE][PASSED] - Object: 'Object Repository/fitur checkout login/div_MICE                        Shop Now' is clicked on

11-02-2024T14:51:08 - [TEST_STEP][PASSED] - click(findTestObject("Object Repository/fitur checkout login/img_SHOP NOW_29")): Object: 'Object Repository/fitur checkout login/img_SHOP NOW_29' is clicked on

11-02-2024T14:51:11 - [MESSAGE][PASSED] - Object: 'Object Repository/fitur checkout login/img_SHOP NOW_29' is clicked on

11-02-2024T14:51:11 - [TEST_STEP][PASSED] - click(findTestObject("Object Repository/fitur checkout login/button_ADD TO CART")): Object: 'Object Repository/fitur checkout login/button_ADD TO CART' is clicked on

11-02-2024T14:51:15 - [MESSAGE][PASSED] - Object: 'Object Repository/fitur checkout login/button_ADD TO CART' is clicked on

11-02-2024T14:51:15 - [TEST_STEP][PASSED] - click(findTestObject("Object Repository/fitur checkout login/a_MICE")): Object: 'Object Repository/fitur checkout login/a_MICE' is clicked on

11-02-2024T14:51:15 - [MESSAGE][PASSED] - Object: 'Object Repository/fitur checkout login/a_MICE' is clicked on

11-02-2024T14:51:15 - [TEST_STEP][PASSED] - click(findTestObject("Object Repository/fitur checkout login/a_1")): Object: 'Object Repository/fitur checkout login/a_1' is clicked on

11-02-2024T14:51:16 - [MESSAGE][PASSED] - Object: 'Object Repository/fitur checkout login/a_1' is clicked on

11-02-2024T14:51:16 - [TEST_STEP][PASSED] - click(findTestObject("Object Repository/fitur checkout login/button_CHECKOUT (9.99)")): Object: 'Object Repository/fitur checkout login/button_CHECKOUT (9.99)' is clicked on

11-02-2024T14:51:17 - [MESSAGE][PASSED] - Object: 'Object Repository/fitur checkout login/button_CHECKOUT (9.99)' is clicked on

11-02-2024T14:51:17 - [TEST_STEP][PASSED] - setText(findTestObject("Object Repository/fitur checkout login/input_Already have an account_usernameInOrd_818284"), username): Text 'yudhatesting' is set on object 'Object Repository/fitur checkout login/input_Already have an account_usernameInOrd_818284'

11-02-2024T14:51:19 - [MESSAGE][PASSED] - Text 'yudhatesting' is set on object 'Object Repository/fitur checkout login/input_Already have an account_usernameInOrd_818284'

11-02-2024T14:51:19 - [TEST_STEP][PASSED] - setText(findTestObject("Object Repository/fitur checkout login/input_Username_passwordInOrderPayment"), password): Text 'Dharmayudha1' is set on object 'Object Repository/fitur checkout login/input_Username_passwordInOrderPayment'

11-02-2024T14:51:20 - [MESSAGE][PASSED] - Text 'Dharmayudha1' is set on object 'Object Repository/fitur checkout login/input_Username_passwordInOrderPayment'

11-02-2024T14:51:20 - [TEST_STEP][PASSED] - click(findTestObject("Object Repository/fitur checkout login/button_LOGIN")): Object: 'Object Repository/fitur checkout login/button_LOGIN' is clicked on

11-02-2024T14:51:21 - [MESSAGE][PASSED] - Object: 'Object Repository/fitur checkout login/button_LOGIN' is clicked on

11-02-2024T14:51:21 - [TEST_STEP][PASSED] - click(findTestObject("Object Repository/fitur checkout login/button_NEXT")): Object: 'Object Repository/fitur checkout login/button_NEXT' is clicked on

11-02-2024T14:51:25 - [MESSAGE][PASSED] - Object: 'Object Repository/fitur checkout login/button_NEXT' is clicked on

11-02-2024T14:51:25 - [TEST_STEP][PASSED] - click(findTestObject("Object Repository/fitur checkout login/button_PAY NOW")): Object: 'Object Repository/fitur checkout login/button_PAY NOW' is clicked on

11-02-2024T14:51:25 - [MESSAGE][PASSED] - Object: 'Object Repository/fitur checkout login/button_PAY NOW' is clicked on

11-02-2024T14:51:25 - [TEST_STEP][PASSED] - delay(5): Delayed 5 second(s)

11-02-2024T14:51:30 - [MESSAGE][PASSED] - Delayed 5 second(s)

11-02-2024T14:51:30 - [TEST_STEP][PASSED] - closeBrowser(): Browser is closed

11-02-2024T14:51:30 - [MESSAGE][PASSED] - Browser is closed

11-02-2024T14:51:32 - [TEST_STEP][PASSED] - Video: Video recording for test case 'Test Cases/1 Positive test case/8 Chekout tanpa login (data driven)' .

11-02-2024T14:51:32 - [MESSAGE][INFO] - Video recording for test case 'Test Cases/1 Positive test case/8 Chekout tanpa login (data driven)' .]]></system-out>
         <system-err><![CDATA[]]></system-err>
      </testcase>
      <testcase name="Test Cases/1 Positive test case/8 Chekout tanpa login (data driven)" time="30.595" classname="Test Cases/1 Positive test case/8 Chekout tanpa login (data driven)" status="PASSED">
         <system-out><![CDATA[11-02-2024T14:51:33 - [TEST_CASE][PASSED] - Test Cases/1 Positive test case/8 Chekout tanpa login (data driven): Test Cases/1 Positive test case/8 Chekout tanpa login (data driven)

11-02-2024T14:51:33 - [TEST_STEP][PASSED] - openBrowser(""): Browser is opened with url: ''

11-02-2024T14:51:33 - [MESSAGE][INFO] - Starting 'Chrome' driver

11-02-2024T14:51:33 - [MESSAGE][INFO] - Action delay is set to 0 milliseconds

11-02-2024T14:51:34 - [MESSAGE][PASSED] - Browser is opened with url: ''

11-02-2024T14:51:34 - [TEST_STEP][PASSED] - navigateToUrl("https://advantageonlineshopping.com/"): Navigate to 'https://advantageonlineshopping.com/' successfully

11-02-2024T14:51:36 - [MESSAGE][PASSED] - Navigate to 'https://advantageonlineshopping.com/' successfully

11-02-2024T14:51:36 - [TEST_STEP][PASSED] - click(findTestObject("Object Repository/fitur checkout login/div_MICE                        Shop Now")): Object: 'Object Repository/fitur checkout login/div_MICE                        Shop Now' is clicked on

11-02-2024T14:51:41 - [MESSAGE][PASSED] - Object: 'Object Repository/fitur checkout login/div_MICE                        Shop Now' is clicked on

11-02-2024T14:51:41 - [TEST_STEP][PASSED] - click(findTestObject("Object Repository/fitur checkout login/img_SHOP NOW_29")): Object: 'Object Repository/fitur checkout login/img_SHOP NOW_29' is clicked on

11-02-2024T14:51:44 - [MESSAGE][PASSED] - Object: 'Object Repository/fitur checkout login/img_SHOP NOW_29' is clicked on

11-02-2024T14:51:44 - [TEST_STEP][PASSED] - click(findTestObject("Object Repository/fitur checkout login/button_ADD TO CART")): Object: 'Object Repository/fitur checkout login/button_ADD TO CART' is clicked on

11-02-2024T14:51:46 - [MESSAGE][PASSED] - Object: 'Object Repository/fitur checkout login/button_ADD TO CART' is clicked on

11-02-2024T14:51:46 - [TEST_STEP][PASSED] - click(findTestObject("Object Repository/fitur checkout login/a_MICE")): Object: 'Object Repository/fitur checkout login/a_MICE' is clicked on

11-02-2024T14:51:47 - [MESSAGE][PASSED] - Object: 'Object Repository/fitur checkout login/a_MICE' is clicked on

11-02-2024T14:51:47 - [TEST_STEP][PASSED] - click(findTestObject("Object Repository/fitur checkout login/a_1")): Object: 'Object Repository/fitur checkout login/a_1' is clicked on

11-02-2024T14:51:47 - [MESSAGE][PASSED] - Object: 'Object Repository/fitur checkout login/a_1' is clicked on

11-02-2024T14:51:47 - [TEST_STEP][PASSED] - click(findTestObject("Object Repository/fitur checkout login/button_CHECKOUT (9.99)")): Object: 'Object Repository/fitur checkout login/button_CHECKOUT (9.99)' is clicked on

11-02-2024T14:51:48 - [MESSAGE][PASSED] - Object: 'Object Repository/fitur checkout login/button_CHECKOUT (9.99)' is clicked on

11-02-2024T14:51:48 - [TEST_STEP][PASSED] - setText(findTestObject("Object Repository/fitur checkout login/input_Already have an account_usernameInOrd_818284"), username): Text 'yudhatesting' is set on object 'Object Repository/fitur checkout login/input_Already have an account_usernameInOrd_818284'

11-02-2024T14:51:50 - [MESSAGE][PASSED] - Text 'yudhatesting' is set on object 'Object Repository/fitur checkout login/input_Already have an account_usernameInOrd_818284'

11-02-2024T14:51:50 - [TEST_STEP][PASSED] - setText(findTestObject("Object Repository/fitur checkout login/input_Username_passwordInOrderPayment"), password): Text 'Dharmayudha1' is set on object 'Object Repository/fitur checkout login/input_Username_passwordInOrderPayment'

11-02-2024T14:51:51 - [MESSAGE][PASSED] - Text 'Dharmayudha1' is set on object 'Object Repository/fitur checkout login/input_Username_passwordInOrderPayment'

11-02-2024T14:51:51 - [TEST_STEP][PASSED] - click(findTestObject("Object Repository/fitur checkout login/button_LOGIN")): Object: 'Object Repository/fitur checkout login/button_LOGIN' is clicked on

11-02-2024T14:51:52 - [MESSAGE][PASSED] - Object: 'Object Repository/fitur checkout login/button_LOGIN' is clicked on

11-02-2024T14:51:52 - [TEST_STEP][PASSED] - click(findTestObject("Object Repository/fitur checkout login/button_NEXT")): Object: 'Object Repository/fitur checkout login/button_NEXT' is clicked on

11-02-2024T14:51:55 - [MESSAGE][PASSED] - Object: 'Object Repository/fitur checkout login/button_NEXT' is clicked on

11-02-2024T14:51:55 - [TEST_STEP][PASSED] - click(findTestObject("Object Repository/fitur checkout login/button_PAY NOW")): Object: 'Object Repository/fitur checkout login/button_PAY NOW' is clicked on

11-02-2024T14:51:56 - [MESSAGE][PASSED] - Object: 'Object Repository/fitur checkout login/button_PAY NOW' is clicked on

11-02-2024T14:51:56 - [TEST_STEP][PASSED] - delay(5): Delayed 5 second(s)

11-02-2024T14:52:01 - [MESSAGE][PASSED] - Delayed 5 second(s)

11-02-2024T14:52:01 - [TEST_STEP][PASSED] - closeBrowser(): Browser is closed

11-02-2024T14:52:01 - [MESSAGE][PASSED] - Browser is closed

11-02-2024T14:52:03 - [TEST_STEP][PASSED] - Video: Video recording for test case 'Test Cases/1 Positive test case/8 Chekout tanpa login (data driven)' .

11-02-2024T14:52:03 - [MESSAGE][INFO] - Video recording for test case 'Test Cases/1 Positive test case/8 Chekout tanpa login (data driven)' .]]></system-out>
         <system-err><![CDATA[]]></system-err>
      </testcase>
      <testcase name="Test Cases/1 Positive test case/12 Edit Data Quantity Checkout" time="58.292" classname="Test Cases/1 Positive test case/12 Edit Data Quantity Checkout" status="PASSED">
         <system-out><![CDATA[11-02-2024T14:52:03 - [TEST_CASE][PASSED] - Test Cases/1 Positive test case/12 Edit Data Quantity Checkout: Test Cases/1 Positive test case/12 Edit Data Quantity Checkout

11-02-2024T14:52:03 - [TEST_STEP][PASSED] - openBrowser(""): Browser is opened with url: ''

11-02-2024T14:52:03 - [MESSAGE][INFO] - Starting 'Chrome' driver

11-02-2024T14:52:03 - [MESSAGE][INFO] - Action delay is set to 0 milliseconds

11-02-2024T14:52:04 - [MESSAGE][PASSED] - Browser is opened with url: ''

11-02-2024T14:52:04 - [TEST_STEP][PASSED] - navigateToUrl("https://advantageonlineshopping.com/"): Navigate to 'https://advantageonlineshopping.com/' successfully

11-02-2024T14:52:07 - [MESSAGE][PASSED] - Navigate to 'https://advantageonlineshopping.com/' successfully

11-02-2024T14:52:07 - [TEST_STEP][PASSED] - click(findTestObject("Object Repository/fiutr edit checkout/a_My account                        My orde_124641")): Object: 'Object Repository/fiutr edit checkout/a_My account                        My orde_124641' is clicked on

11-02-2024T14:52:12 - [MESSAGE][PASSED] - Object: 'Object Repository/fiutr edit checkout/a_My account                        My orde_124641' is clicked on

11-02-2024T14:52:12 - [TEST_STEP][PASSED] - setText(findTestObject("Object Repository/fiutr edit checkout/input_OR_username"), "yudhatesting"): Text 'yudhatesting' is set on object 'Object Repository/fiutr edit checkout/input_OR_username'

11-02-2024T14:52:13 - [MESSAGE][PASSED] - Text 'yudhatesting' is set on object 'Object Repository/fiutr edit checkout/input_OR_username'

11-02-2024T14:52:13 - [TEST_STEP][PASSED] - setEncryptedText(findTestObject("Object Repository/fiutr edit checkout/input_Username_password"), "VjyC/is+sZNhzZxZ8kSNJw=="): Text ****** has been set on object 'Object Repository/fiutr edit checkout/input_Username_password'

11-02-2024T14:52:14 - [MESSAGE][PASSED] - Text ****** has been set on object 'Object Repository/fiutr edit checkout/input_Username_password'

11-02-2024T14:52:14 - [TEST_STEP][PASSED] - click(findTestObject("Object Repository/fiutr edit checkout/button_SIGN IN")): Object: 'Object Repository/fiutr edit checkout/button_SIGN IN' is clicked on

11-02-2024T14:52:14 - [MESSAGE][PASSED] - Object: 'Object Repository/fiutr edit checkout/button_SIGN IN' is clicked on

11-02-2024T14:52:14 - [TEST_STEP][PASSED] - click(findTestObject("Object Repository/fiutr edit checkout/div_LAPTOPS                        Shop Now")): Object: 'Object Repository/fiutr edit checkout/div_LAPTOPS                        Shop Now' is clicked on

11-02-2024T14:52:29 - [MESSAGE][PASSED] - Object: 'Object Repository/fiutr edit checkout/div_LAPTOPS                        Shop Now' is clicked on

11-02-2024T14:52:29 - [TEST_STEP][PASSED] - click(findTestObject("Object Repository/fiutr edit checkout/img_SHOP NOW_9")): Object: 'Object Repository/fiutr edit checkout/img_SHOP NOW_9' is clicked on

11-02-2024T14:52:31 - [MESSAGE][PASSED] - Object: 'Object Repository/fiutr edit checkout/img_SHOP NOW_9' is clicked on

11-02-2024T14:52:31 - [TEST_STEP][PASSED] - click(findTestObject("Object Repository/fiutr edit checkout/button_ADD TO CART")): Object: 'Object Repository/fiutr edit checkout/button_ADD TO CART' is clicked on

11-02-2024T14:52:34 - [MESSAGE][PASSED] - Object: 'Object Repository/fiutr edit checkout/button_ADD TO CART' is clicked on

11-02-2024T14:52:34 - [TEST_STEP][PASSED] - click(findTestObject("Object Repository/fiutr edit checkout/a_LAPTOPS")): Object: 'Object Repository/fiutr edit checkout/a_LAPTOPS' is clicked on

11-02-2024T14:52:36 - [MESSAGE][PASSED] - Object: 'Object Repository/fiutr edit checkout/a_LAPTOPS' is clicked on

11-02-2024T14:52:36 - [TEST_STEP][PASSED] - click(findTestObject("Object Repository/fiutr edit checkout/img_SHOP NOW_10")): Object: 'Object Repository/fiutr edit checkout/img_SHOP NOW_10' is clicked on

11-02-2024T14:52:36 - [MESSAGE][PASSED] - Object: 'Object Repository/fiutr edit checkout/img_SHOP NOW_10' is clicked on

11-02-2024T14:52:36 - [TEST_STEP][PASSED] - click(findTestObject("Object Repository/fiutr edit checkout/button_ADD TO CART")): Object: 'Object Repository/fiutr edit checkout/button_ADD TO CART' is clicked on

11-02-2024T14:52:37 - [MESSAGE][PASSED] - Object: 'Object Repository/fiutr edit checkout/button_ADD TO CART' is clicked on

11-02-2024T14:52:37 - [TEST_STEP][PASSED] - click(findTestObject("Object Repository/fiutr edit checkout/a_LAPTOPS")): Object: 'Object Repository/fiutr edit checkout/a_LAPTOPS' is clicked on

11-02-2024T14:52:39 - [MESSAGE][PASSED] - Object: 'Object Repository/fiutr edit checkout/a_LAPTOPS' is clicked on

11-02-2024T14:52:39 - [TEST_STEP][PASSED] - click(findTestObject("Object Repository/fiutr edit checkout/a_2")): Object: 'Object Repository/fiutr edit checkout/a_2' is clicked on

11-02-2024T14:52:40 - [MESSAGE][PASSED] - Object: 'Object Repository/fiutr edit checkout/a_2' is clicked on

11-02-2024T14:52:40 - [TEST_STEP][PASSED] - click(findTestObject("Object Repository/fiutr edit checkout/a_EDIT")): Object: 'Object Repository/fiutr edit checkout/a_EDIT' is clicked on

11-02-2024T14:52:42 - [MESSAGE][PASSED] - Object: 'Object Repository/fiutr edit checkout/a_EDIT' is clicked on

11-02-2024T14:52:42 - [TEST_STEP][PASSED] - click(findTestObject("Object Repository/fiutr edit checkout/div_Quantity_plus")): Object: 'Object Repository/fiutr edit checkout/div_Quantity_plus' is clicked on

11-02-2024T14:52:43 - [MESSAGE][PASSED] - Object: 'Object Repository/fiutr edit checkout/div_Quantity_plus' is clicked on

11-02-2024T14:52:43 - [TEST_STEP][PASSED] - click(findTestObject("Object Repository/fiutr edit checkout/button_ADD TO CART")): Object: 'Object Repository/fiutr edit checkout/button_ADD TO CART' is clicked on

11-02-2024T14:52:43 - [MESSAGE][PASSED] - Object: 'Object Repository/fiutr edit checkout/button_ADD TO CART' is clicked on

11-02-2024T14:52:43 - [TEST_STEP][PASSED] - click(findTestObject("Object Repository/fiutr edit checkout/a_EDIT_1")): Object: 'Object Repository/fiutr edit checkout/a_EDIT_1' is clicked on

11-02-2024T14:52:46 - [MESSAGE][PASSED] - Object: 'Object Repository/fiutr edit checkout/a_EDIT_1' is clicked on

11-02-2024T14:52:46 - [TEST_STEP][PASSED] - click(findTestObject("Object Repository/fiutr edit checkout/div_Quantity_plus")): Object: 'Object Repository/fiutr edit checkout/div_Quantity_plus' is clicked on

11-02-2024T14:52:46 - [MESSAGE][PASSED] - Object: 'Object Repository/fiutr edit checkout/div_Quantity_plus' is clicked on

11-02-2024T14:52:46 - [TEST_STEP][PASSED] - click(findTestObject("Object Repository/fiutr edit checkout/button_ADD TO CART")): Object: 'Object Repository/fiutr edit checkout/button_ADD TO CART' is clicked on

11-02-2024T14:52:47 - [MESSAGE][PASSED] - Object: 'Object Repository/fiutr edit checkout/button_ADD TO CART' is clicked on

11-02-2024T14:52:47 - [TEST_STEP][PASSED] - click(findTestObject("Object Repository/fiutr edit checkout/button_CHECKOUT (3,123.96)")): Object: 'Object Repository/fiutr edit checkout/button_CHECKOUT (3,123.96)' is clicked on

11-02-2024T14:52:50 - [MESSAGE][PASSED] - Object: 'Object Repository/fiutr edit checkout/button_CHECKOUT (3,123.96)' is clicked on

11-02-2024T14:52:50 - [TEST_STEP][PASSED] - click(findTestObject("Object Repository/fiutr edit checkout/button_NEXT")): Object: 'Object Repository/fiutr edit checkout/button_NEXT' is clicked on

11-02-2024T14:52:53 - [MESSAGE][PASSED] - Object: 'Object Repository/fiutr edit checkout/button_NEXT' is clicked on

11-02-2024T14:52:53 - [TEST_STEP][PASSED] - click(findTestObject("Object Repository/fiutr edit checkout/button_PAY NOW")): Object: 'Object Repository/fiutr edit checkout/button_PAY NOW' is clicked on

11-02-2024T14:52:54 - [MESSAGE][PASSED] - Object: 'Object Repository/fiutr edit checkout/button_PAY NOW' is clicked on

11-02-2024T14:52:54 - [TEST_STEP][PASSED] - delay(5): Delayed 5 second(s)

11-02-2024T14:52:59 - [MESSAGE][PASSED] - Delayed 5 second(s)

11-02-2024T14:52:59 - [TEST_STEP][PASSED] - closeBrowser(): Browser is closed

11-02-2024T14:52:59 - [MESSAGE][PASSED] - Browser is closed

11-02-2024T14:53:01 - [TEST_STEP][PASSED] - Video: Video recording for test case 'Test Cases/1 Positive test case/12 Edit Data Quantity Checkout' .

11-02-2024T14:53:01 - [MESSAGE][INFO] - Video recording for test case 'Test Cases/1 Positive test case/12 Edit Data Quantity Checkout' .]]></system-out>
         <system-err><![CDATA[]]></system-err>
      </testcase>
      <testcase name="Test Cases/1 Positive test case/11 Edit Data Personal Checkout (data driven)" time="34.13" classname="Test Cases/1 Positive test case/11 Edit Data Personal Checkout (data driven)" status="PASSED">
         <system-out><![CDATA[11-02-2024T14:53:01 - [TEST_CASE][PASSED] - Test Cases/1 Positive test case/11 Edit Data Personal Checkout (data driven): Test Cases/1 Positive test case/11 Edit Data Personal Checkout (data driven)

11-02-2024T14:53:02 - [TEST_STEP][PASSED] - openBrowser(""): Browser is opened with url: ''

11-02-2024T14:53:02 - [MESSAGE][INFO] - Starting 'Chrome' driver

11-02-2024T14:53:02 - [MESSAGE][INFO] - Action delay is set to 0 milliseconds

11-02-2024T14:53:03 - [MESSAGE][PASSED] - Browser is opened with url: ''

11-02-2024T14:53:03 - [TEST_STEP][PASSED] - navigateToUrl("https://advantageonlineshopping.com/"): Navigate to 'https://advantageonlineshopping.com/' successfully

11-02-2024T14:53:06 - [MESSAGE][PASSED] - Navigate to 'https://advantageonlineshopping.com/' successfully

11-02-2024T14:53:06 - [TEST_STEP][PASSED] - click(findTestObject("Object Repository/fitur edit data address/a_My account                        My orde_124641")): Object: 'Object Repository/fitur edit data address/a_My account                        My orde_124641' is clicked on

11-02-2024T14:53:10 - [MESSAGE][PASSED] - Object: 'Object Repository/fitur edit data address/a_My account                        My orde_124641' is clicked on

11-02-2024T14:53:10 - [TEST_STEP][PASSED] - setText(findTestObject("Object Repository/fitur edit data address/input_OR_username"), "yudhatesting"): Text 'yudhatesting' is set on object 'Object Repository/fitur edit data address/input_OR_username'

11-02-2024T14:53:11 - [MESSAGE][PASSED] - Text 'yudhatesting' is set on object 'Object Repository/fitur edit data address/input_OR_username'

11-02-2024T14:53:11 - [TEST_STEP][PASSED] - setEncryptedText(findTestObject("Object Repository/fitur edit data address/input_Username_password"), "VjyC/is+sZNhzZxZ8kSNJw=="): Text ****** has been set on object 'Object Repository/fitur edit data address/input_Username_password'

11-02-2024T14:53:12 - [MESSAGE][PASSED] - Text ****** has been set on object 'Object Repository/fitur edit data address/input_Username_password'

11-02-2024T14:53:12 - [TEST_STEP][PASSED] - click(findTestObject("Object Repository/fitur edit data address/button_SIGN IN")): Object: 'Object Repository/fitur edit data address/button_SIGN IN' is clicked on

11-02-2024T14:53:13 - [MESSAGE][PASSED] - Object: 'Object Repository/fitur edit data address/button_SIGN IN' is clicked on

11-02-2024T14:53:13 - [TEST_STEP][PASSED] - click(findTestObject("Object Repository/fitur edit data address/button_SEE OFFER")): Object: 'Object Repository/fitur edit data address/button_SEE OFFER' is clicked on

11-02-2024T14:53:14 - [MESSAGE][PASSED] - Object: 'Object Repository/fitur edit data address/button_SEE OFFER' is clicked on

11-02-2024T14:53:14 - [TEST_STEP][PASSED] - click(findTestObject("Object Repository/fitur edit data address/button_ADD TO CART")): Object: 'Object Repository/fitur edit data address/button_ADD TO CART' is clicked on

11-02-2024T14:53:18 - [MESSAGE][PASSED] - Object: 'Object Repository/fitur edit data address/button_ADD TO CART' is clicked on

11-02-2024T14:53:18 - [TEST_STEP][PASSED] - click(findTestObject("Object Repository/fitur edit data address/a_6")): Object: 'Object Repository/fitur edit data address/a_6' is clicked on

11-02-2024T14:53:20 - [MESSAGE][PASSED] - Object: 'Object Repository/fitur edit data address/a_6' is clicked on

11-02-2024T14:53:20 - [TEST_STEP][PASSED] - click(findTestObject("Object Repository/fitur edit data address/button_CHECKOUT (5,494.99)")): Object: 'Object Repository/fitur edit data address/button_CHECKOUT (5,494.99)' is clicked on

11-02-2024T14:53:21 - [MESSAGE][PASSED] - Object: 'Object Repository/fitur edit data address/button_CHECKOUT (5,494.99)' is clicked on

11-02-2024T14:53:21 - [TEST_STEP][PASSED] - click(findTestObject("Object Repository/fitur edit data address/a_Edit shipping details")): Object: 'Object Repository/fitur edit data address/a_Edit shipping details' is clicked on

11-02-2024T14:53:25 - [MESSAGE][PASSED] - Object: 'Object Repository/fitur edit data address/a_Edit shipping details' is clicked on

11-02-2024T14:53:25 - [TEST_STEP][PASSED] - setText(findTestObject("Object Repository/fitur edit data address/input_- Use maximum 25 character_address"), address): Text 'Jalan Medan Merdeka No 5 Jakarta' is set on object 'Object Repository/fitur edit data address/input_- Use maximum 25 character_address'

11-02-2024T14:53:26 - [MESSAGE][PASSED] - Text 'Jalan Medan Merdeka No 5 Jakarta' is set on object 'Object Repository/fitur edit data address/input_- Use maximum 25 character_address'

11-02-2024T14:53:26 - [TEST_STEP][PASSED] - click(findTestObject("Object Repository/fitur edit data address/label_State  Province  Region")): Object: 'Object Repository/fitur edit data address/label_State  Province  Region' is clicked on

11-02-2024T14:53:26 - [MESSAGE][PASSED] - Object: 'Object Repository/fitur edit data address/label_State  Province  Region' is clicked on

11-02-2024T14:53:26 - [TEST_STEP][PASSED] - setText(findTestObject("Object Repository/fitur edit data address/input_- Use maximum 10 character_state__pro_f620c3"), region): Text 'Jakarta' is set on object 'Object Repository/fitur edit data address/input_- Use maximum 10 character_state__pro_f620c3'

11-02-2024T14:53:28 - [MESSAGE][PASSED] - Text 'Jakarta' is set on object 'Object Repository/fitur edit data address/input_- Use maximum 10 character_state__pro_f620c3'

11-02-2024T14:53:28 - [TEST_STEP][PASSED] - delay(3): Delayed 3 second(s)

11-02-2024T14:53:31 - [MESSAGE][PASSED] - Delayed 3 second(s)

11-02-2024T14:53:31 - [TEST_STEP][PASSED] - click(findTestObject("Object Repository/fitur edit data address/button_NEXT")): Object: 'Object Repository/fitur edit data address/button_NEXT' is clicked on

11-02-2024T14:53:31 - [MESSAGE][PASSED] - Object: 'Object Repository/fitur edit data address/button_NEXT' is clicked on

11-02-2024T14:53:31 - [TEST_STEP][PASSED] - click(findTestObject("Object Repository/fitur edit data address/button_PAY NOW")): Object: 'Object Repository/fitur edit data address/button_PAY NOW' is clicked on

11-02-2024T14:53:33 - [MESSAGE][PASSED] - Object: 'Object Repository/fitur edit data address/button_PAY NOW' is clicked on

11-02-2024T14:53:33 - [TEST_STEP][PASSED] - closeBrowser(): Browser is closed

11-02-2024T14:53:34 - [MESSAGE][PASSED] - Browser is closed

11-02-2024T14:53:36 - [TEST_STEP][PASSED] - Video: Video recording for test case 'Test Cases/1 Positive test case/11 Edit Data Personal Checkout (data driven)' .

11-02-2024T14:53:36 - [MESSAGE][INFO] - Video recording for test case 'Test Cases/1 Positive test case/11 Edit Data Personal Checkout (data driven)' .]]></system-out>
         <system-err><![CDATA[]]></system-err>
      </testcase>
      <testcase name="Test Cases/1 Positive test case/11 Edit Data Personal Checkout (data driven)" time="35.74" classname="Test Cases/1 Positive test case/11 Edit Data Personal Checkout (data driven)" status="PASSED">
         <system-out><![CDATA[11-02-2024T14:53:36 - [TEST_CASE][PASSED] - Test Cases/1 Positive test case/11 Edit Data Personal Checkout (data driven): Test Cases/1 Positive test case/11 Edit Data Personal Checkout (data driven)

11-02-2024T14:53:36 - [TEST_STEP][PASSED] - openBrowser(""): Browser is opened with url: ''

11-02-2024T14:53:36 - [MESSAGE][INFO] - Starting 'Chrome' driver

11-02-2024T14:53:36 - [MESSAGE][INFO] - Action delay is set to 0 milliseconds

11-02-2024T14:53:36 - [MESSAGE][PASSED] - Browser is opened with url: ''

11-02-2024T14:53:36 - [TEST_STEP][PASSED] - navigateToUrl("https://advantageonlineshopping.com/"): Navigate to 'https://advantageonlineshopping.com/' successfully

11-02-2024T14:53:39 - [MESSAGE][PASSED] - Navigate to 'https://advantageonlineshopping.com/' successfully

11-02-2024T14:53:39 - [TEST_STEP][PASSED] - click(findTestObject("Object Repository/fitur edit data address/a_My account                        My orde_124641")): Object: 'Object Repository/fitur edit data address/a_My account                        My orde_124641' is clicked on

11-02-2024T14:53:43 - [MESSAGE][PASSED] - Object: 'Object Repository/fitur edit data address/a_My account                        My orde_124641' is clicked on

11-02-2024T14:53:43 - [TEST_STEP][PASSED] - setText(findTestObject("Object Repository/fitur edit data address/input_OR_username"), "yudhatesting"): Text 'yudhatesting' is set on object 'Object Repository/fitur edit data address/input_OR_username'

11-02-2024T14:53:44 - [MESSAGE][PASSED] - Text 'yudhatesting' is set on object 'Object Repository/fitur edit data address/input_OR_username'

11-02-2024T14:53:44 - [TEST_STEP][PASSED] - setEncryptedText(findTestObject("Object Repository/fitur edit data address/input_Username_password"), "VjyC/is+sZNhzZxZ8kSNJw=="): Text ****** has been set on object 'Object Repository/fitur edit data address/input_Username_password'

11-02-2024T14:53:45 - [MESSAGE][PASSED] - Text ****** has been set on object 'Object Repository/fitur edit data address/input_Username_password'

11-02-2024T14:53:45 - [TEST_STEP][PASSED] - click(findTestObject("Object Repository/fitur edit data address/button_SIGN IN")): Object: 'Object Repository/fitur edit data address/button_SIGN IN' is clicked on

11-02-2024T14:53:46 - [MESSAGE][PASSED] - Object: 'Object Repository/fitur edit data address/button_SIGN IN' is clicked on

11-02-2024T14:53:46 - [TEST_STEP][PASSED] - click(findTestObject("Object Repository/fitur edit data address/button_SEE OFFER")): Object: 'Object Repository/fitur edit data address/button_SEE OFFER' is clicked on

11-02-2024T14:53:51 - [MESSAGE][PASSED] - Object: 'Object Repository/fitur edit data address/button_SEE OFFER' is clicked on

11-02-2024T14:53:51 - [TEST_STEP][PASSED] - click(findTestObject("Object Repository/fitur edit data address/button_ADD TO CART")): Object: 'Object Repository/fitur edit data address/button_ADD TO CART' is clicked on

11-02-2024T14:53:54 - [MESSAGE][PASSED] - Object: 'Object Repository/fitur edit data address/button_ADD TO CART' is clicked on

11-02-2024T14:53:54 - [TEST_STEP][PASSED] - click(findTestObject("Object Repository/fitur edit data address/a_6")): Object: 'Object Repository/fitur edit data address/a_6' is clicked on

11-02-2024T14:53:56 - [MESSAGE][PASSED] - Object: 'Object Repository/fitur edit data address/a_6' is clicked on

11-02-2024T14:53:56 - [TEST_STEP][PASSED] - click(findTestObject("Object Repository/fitur edit data address/button_CHECKOUT (5,494.99)")): Object: 'Object Repository/fitur edit data address/button_CHECKOUT (5,494.99)' is clicked on

11-02-2024T14:53:57 - [MESSAGE][PASSED] - Object: 'Object Repository/fitur edit data address/button_CHECKOUT (5,494.99)' is clicked on

11-02-2024T14:53:57 - [TEST_STEP][PASSED] - click(findTestObject("Object Repository/fitur edit data address/a_Edit shipping details")): Object: 'Object Repository/fitur edit data address/a_Edit shipping details' is clicked on

11-02-2024T14:54:00 - [MESSAGE][PASSED] - Object: 'Object Repository/fitur edit data address/a_Edit shipping details' is clicked on

11-02-2024T14:54:00 - [TEST_STEP][PASSED] - setText(findTestObject("Object Repository/fitur edit data address/input_- Use maximum 25 character_address"), address): Text 'Oma Regency Mampang Jakarta' is set on object 'Object Repository/fitur edit data address/input_- Use maximum 25 character_address'

11-02-2024T14:54:01 - [MESSAGE][PASSED] - Text 'Oma Regency Mampang Jakarta' is set on object 'Object Repository/fitur edit data address/input_- Use maximum 25 character_address'

11-02-2024T14:54:01 - [TEST_STEP][PASSED] - click(findTestObject("Object Repository/fitur edit data address/label_State  Province  Region")): Object: 'Object Repository/fitur edit data address/label_State  Province  Region' is clicked on

11-02-2024T14:54:02 - [MESSAGE][PASSED] - Object: 'Object Repository/fitur edit data address/label_State  Province  Region' is clicked on

11-02-2024T14:54:02 - [TEST_STEP][PASSED] - setText(findTestObject("Object Repository/fitur edit data address/input_- Use maximum 10 character_state__pro_f620c3"), region): Text 'Jakarta' is set on object 'Object Repository/fitur edit data address/input_- Use maximum 10 character_state__pro_f620c3'

11-02-2024T14:54:03 - [MESSAGE][PASSED] - Text 'Jakarta' is set on object 'Object Repository/fitur edit data address/input_- Use maximum 10 character_state__pro_f620c3'

11-02-2024T14:54:03 - [TEST_STEP][PASSED] - delay(3): Delayed 3 second(s)

11-02-2024T14:54:06 - [MESSAGE][PASSED] - Delayed 3 second(s)

11-02-2024T14:54:06 - [TEST_STEP][PASSED] - click(findTestObject("Object Repository/fitur edit data address/button_NEXT")): Object: 'Object Repository/fitur edit data address/button_NEXT' is clicked on

11-02-2024T14:54:07 - [MESSAGE][PASSED] - Object: 'Object Repository/fitur edit data address/button_NEXT' is clicked on

11-02-2024T14:54:07 - [TEST_STEP][PASSED] - click(findTestObject("Object Repository/fitur edit data address/button_PAY NOW")): Object: 'Object Repository/fitur edit data address/button_PAY NOW' is clicked on

11-02-2024T14:54:09 - [MESSAGE][PASSED] - Object: 'Object Repository/fitur edit data address/button_PAY NOW' is clicked on

11-02-2024T14:54:09 - [TEST_STEP][PASSED] - closeBrowser(): Browser is closed

11-02-2024T14:54:09 - [MESSAGE][PASSED] - Browser is closed

11-02-2024T14:54:11 - [TEST_STEP][PASSED] - Video: Video recording for test case 'Test Cases/1 Positive test case/11 Edit Data Personal Checkout (data driven)' .

11-02-2024T14:54:11 - [MESSAGE][INFO] - Video recording for test case 'Test Cases/1 Positive test case/11 Edit Data Personal Checkout (data driven)' .]]></system-out>
         <system-err><![CDATA[]]></system-err>
      </testcase>
      <system-out><![CDATA[11-02-2024T14:48:03 - [TEST_SUITE][PASSED] - 3 all checkout: Test Cases/1 Positive test case/11 Edit Data Personal Checkout (data driven)]]></system-out>
      <system-err><![CDATA[]]></system-err>
   </testsuite>
</testsuites>
