<?xml version="1.0" encoding="UTF-8"?>
<testsuites name="4 negatif test - login and register" time="88.683" tests="4" failures="0" errors="0">
   <testsuite name="4 negatif test - login and register" tests="4" failures="0" errors="0" time="88.683" skipped="0" timestamp="11-02-2024T14:01:26" hostname="ACER - LAPTOP-DI70DTOM" id="Test Suites/1 Test Suites/4 negatif test - login and register">
      <properties>
         <property name="deviceName" value=""/>
         <property name="devicePlatform" value=""/>
         <property name="logFolder" value="C:\\Users\\ACER\\git\\Final-Project-QA-WEB\\Reports\\20240211_140113\\1 Test Suites\\4 negatif test - login and register\\20240211_140114"/>
         <property name="logFiles" value="C:\\Users\\ACER\\git\\Final-Project-QA-WEB\\Reports\\20240211_140113\\1 Test Suites\\4 negatif test - login and register\\20240211_140114\\execution0.log"/>
         <property name="attachments" value=""/>
         <property name="hostName" value="ACER - LAPTOP-DI70DTOM"/>
         <property name="os" value="Windows 11 64bit"/>
         <property name="katalonVersion" value="9.3.0.212"/>
         <property name="browser" value="Chrome 121.0.0.0"/>
         <property name="hostAddress" value="192.168.0.151"/>
         <property name="sessionId" value="560262780d4fa2a089546497684071d1"/>
         <property name="seleniumVersion" value="3.141.59"/>
         <property name="proxyInformation" value="ProxyInformation { proxyOption=NO_PROXY, proxyServerType=HTTP, username=, password=********, proxyServerAddress=, proxyServerPort=0, executionList=&quot;&quot;, isApplyToDesiredCapabilities=true }"/>
         <property name="platform" value="Windows 11"/>
      </properties>
      <testcase name="Test Cases/2 negative test case/13 create account dengan username sama" time="38.101" classname="Test Cases/2 negative test case/13 create account dengan username sama" status="PASSED">
         <system-out><![CDATA[11-02-2024T14:01:26 - [TEST_CASE][PASSED] - Test Cases/2 negative test case/13 create account dengan username sama: Test Cases/2 negative test case/13 create account dengan username sama

11-02-2024T14:01:27 - [TEST_STEP][PASSED] - openBrowser(""): Browser is opened with url: ''

11-02-2024T14:01:27 - [MESSAGE][INFO] - Starting 'Chrome' driver

11-02-2024T14:01:27 - [MESSAGE][INFO] - Action delay is set to 0 milliseconds

11-02-2024T14:01:28 - [MESSAGE][PASSED] - Browser is opened with url: ''

11-02-2024T14:01:28 - [TEST_STEP][PASSED] - navigateToUrl("https://advantageonlineshopping.com/"): Navigate to 'https://advantageonlineshopping.com/' successfully

11-02-2024T14:01:31 - [MESSAGE][PASSED] - Navigate to 'https://advantageonlineshopping.com/' successfully

11-02-2024T14:01:31 - [TEST_STEP][PASSED] - click(findTestObject("Object Repository/Fitur Register/svg_CHECKOUT  (0.00)_menuUser")): Object: 'Object Repository/Fitur Register/svg_CHECKOUT  (0.00)_menuUser' is clicked on

11-02-2024T14:01:35 - [MESSAGE][PASSED] - Object: 'Object Repository/Fitur Register/svg_CHECKOUT  (0.00)_menuUser' is clicked on

11-02-2024T14:01:35 - [TEST_STEP][PASSED] - click(findTestObject("Object Repository/Fitur Register/a_CREATE NEW ACCOUNT")): Object: 'Object Repository/Fitur Register/a_CREATE NEW ACCOUNT' is clicked on

11-02-2024T14:01:38 - [MESSAGE][PASSED] - Object: 'Object Repository/Fitur Register/a_CREATE NEW ACCOUNT' is clicked on

11-02-2024T14:01:38 - [TEST_STEP][PASSED] - setText(findTestObject("Object Repository/Fitur Register/input__usernameRegisterPage"), "yudhatesting"): Text 'yudhatesting' is set on object 'Object Repository/Fitur Register/input__usernameRegisterPage'

11-02-2024T14:01:39 - [MESSAGE][PASSED] - Text 'yudhatesting' is set on object 'Object Repository/Fitur Register/input__usernameRegisterPage'

11-02-2024T14:01:39 - [TEST_STEP][PASSED] - click(findTestObject("Object Repository/Fitur Register/label_Email")): Object: 'Object Repository/Fitur Register/label_Email' is clicked on

11-02-2024T14:01:40 - [MESSAGE][PASSED] - Object: 'Object Repository/Fitur Register/label_Email' is clicked on

11-02-2024T14:01:40 - [TEST_STEP][PASSED] - setText(findTestObject("Object Repository/Fitur Register/input__emailRegisterPage"), "yudhatesting@gmail.com"): Text 'yudhatesting@gmail.com' is set on object 'Object Repository/Fitur Register/input__emailRegisterPage'

11-02-2024T14:01:41 - [MESSAGE][PASSED] - Text 'yudhatesting@gmail.com' is set on object 'Object Repository/Fitur Register/input__emailRegisterPage'

11-02-2024T14:01:41 - [TEST_STEP][PASSED] - setText(findTestObject("Object Repository/Fitur Register/input__passwordRegisterPage"), "Dharmayudha1"): Text 'Dharmayudha1' is set on object 'Object Repository/Fitur Register/input__passwordRegisterPage'

11-02-2024T14:01:42 - [MESSAGE][PASSED] - Text 'Dharmayudha1' is set on object 'Object Repository/Fitur Register/input__passwordRegisterPage'

11-02-2024T14:01:42 - [TEST_STEP][PASSED] - click(findTestObject("Object Repository/Fitur Register/label_Confirm password")): Object: 'Object Repository/Fitur Register/label_Confirm password' is clicked on

11-02-2024T14:01:43 - [MESSAGE][PASSED] - Object: 'Object Repository/Fitur Register/label_Confirm password' is clicked on

11-02-2024T14:01:43 - [TEST_STEP][PASSED] - setText(findTestObject("Object Repository/Fitur Register/input__confirm_passwordRegisterPage"), "Dharmayudha1"): Text 'Dharmayudha1' is set on object 'Object Repository/Fitur Register/input__confirm_passwordRegisterPage'

11-02-2024T14:01:44 - [MESSAGE][PASSED] - Text 'Dharmayudha1' is set on object 'Object Repository/Fitur Register/input__confirm_passwordRegisterPage'

11-02-2024T14:01:44 - [TEST_STEP][PASSED] - setText(findTestObject("Object Repository/Fitur Register/input_PERSONAL DETAILS_first_nameRegisterPage"), "Dharma"): Text 'Dharma' is set on object 'Object Repository/Fitur Register/input_PERSONAL DETAILS_first_nameRegisterPage'

11-02-2024T14:01:45 - [MESSAGE][PASSED] - Text 'Dharma' is set on object 'Object Repository/Fitur Register/input_PERSONAL DETAILS_first_nameRegisterPage'

11-02-2024T14:01:45 - [TEST_STEP][PASSED] - click(findTestObject("Object Repository/Fitur Register/label_Last Name")): Object: 'Object Repository/Fitur Register/label_Last Name' is clicked on

11-02-2024T14:01:45 - [MESSAGE][PASSED] - Object: 'Object Repository/Fitur Register/label_Last Name' is clicked on

11-02-2024T14:01:45 - [TEST_STEP][PASSED] - setText(findTestObject("Object Repository/Fitur Register/input_- Use maximum 30 character_last_nameR_6ef033"), "Yudha"): Text 'Yudha' is set on object 'Object Repository/Fitur Register/input_- Use maximum 30 character_last_nameR_6ef033'

11-02-2024T14:01:47 - [MESSAGE][PASSED] - Text 'Yudha' is set on object 'Object Repository/Fitur Register/input_- Use maximum 30 character_last_nameR_6ef033'

11-02-2024T14:01:47 - [TEST_STEP][PASSED] - setText(findTestObject("Object Repository/Fitur Register/input_- Use maximum 30 character_phone_numb_7c938a"), "081353081122"): Text '081353081122' is set on object 'Object Repository/Fitur Register/input_- Use maximum 30 character_phone_numb_7c938a'

11-02-2024T14:01:48 - [MESSAGE][PASSED] - Text '081353081122' is set on object 'Object Repository/Fitur Register/input_- Use maximum 30 character_phone_numb_7c938a'

11-02-2024T14:01:48 - [TEST_STEP][PASSED] - selectOptionByValue(findTestObject("Object Repository/Fitur Register/select_AfganistanAlbaniaAlgeriaAmerican Sam_3cef8a"), "object:153", true): All options with value 'object:153' are selected in object 'Object Repository/Fitur Register/select_AfganistanAlbaniaAlgeriaAmerican Sam_3cef8a'  using regular expression

11-02-2024T14:01:51 - [MESSAGE][PASSED] - All options with value 'object:153' are selected in object 'Object Repository/Fitur Register/select_AfganistanAlbaniaAlgeriaAmerican Sam_3cef8a'  using regular expression

11-02-2024T14:01:51 - [TEST_STEP][PASSED] - setText(findTestObject("Object Repository/Fitur Register/input_Country_cityRegisterPage"), "Jakarta"): Text 'Jakarta' is set on object 'Object Repository/Fitur Register/input_Country_cityRegisterPage'

11-02-2024T14:01:52 - [MESSAGE][PASSED] - Text 'Jakarta' is set on object 'Object Repository/Fitur Register/input_Country_cityRegisterPage'

11-02-2024T14:01:52 - [TEST_STEP][PASSED] - setText(findTestObject("Object Repository/Fitur Register/input_- Use maximum 25 character_addressReg_9e23b3"), "Jalan Medan Merdeka No 5 Jakarta"): Text 'Jalan Medan Merdeka No 5 Jakarta' is set on object 'Object Repository/Fitur Register/input_- Use maximum 25 character_addressReg_9e23b3'

11-02-2024T14:01:53 - [MESSAGE][PASSED] - Text 'Jalan Medan Merdeka No 5 Jakarta' is set on object 'Object Repository/Fitur Register/input_- Use maximum 25 character_addressReg_9e23b3'

11-02-2024T14:01:53 - [TEST_STEP][PASSED] - click(findTestObject("Object Repository/Fitur Register/label_State  Province  Region")): Object: 'Object Repository/Fitur Register/label_State  Province  Region' is clicked on

11-02-2024T14:01:54 - [MESSAGE][PASSED] - Object: 'Object Repository/Fitur Register/label_State  Province  Region' is clicked on

11-02-2024T14:01:54 - [TEST_STEP][PASSED] - setText(findTestObject("Object Repository/Fitur Register/input_- Use maximum 50 character_state__pro_272a54"), "Jakarta"): Text 'Jakarta' is set on object 'Object Repository/Fitur Register/input_- Use maximum 50 character_state__pro_272a54'

11-02-2024T14:01:55 - [MESSAGE][PASSED] - Text 'Jakarta' is set on object 'Object Repository/Fitur Register/input_- Use maximum 50 character_state__pro_272a54'

11-02-2024T14:01:55 - [TEST_STEP][PASSED] - setText(findTestObject("Object Repository/Fitur Register/input_- Use maximum 10 character_postal_cod_639c2f"), "80582"): Text '80582' is set on object 'Object Repository/Fitur Register/input_- Use maximum 10 character_postal_cod_639c2f'

11-02-2024T14:01:56 - [MESSAGE][PASSED] - Text '80582' is set on object 'Object Repository/Fitur Register/input_- Use maximum 10 character_postal_cod_639c2f'

11-02-2024T14:01:56 - [TEST_STEP][PASSED] - click(findTestObject("Object Repository/Fitur Register/input_Receive exclusive offers and promotio_5c7450")): Object: 'Object Repository/Fitur Register/input_Receive exclusive offers and promotio_5c7450' is clicked on

11-02-2024T14:01:56 - [MESSAGE][PASSED] - Object: 'Object Repository/Fitur Register/input_Receive exclusive offers and promotio_5c7450' is clicked on

11-02-2024T14:01:56 - [TEST_STEP][PASSED] - click(findTestObject("Object Repository/Fitur Register/button_REGISTER")): Object: 'Object Repository/Fitur Register/button_REGISTER' is clicked on

11-02-2024T14:01:57 - [MESSAGE][PASSED] - Object: 'Object Repository/Fitur Register/button_REGISTER' is clicked on

11-02-2024T14:01:57 - [TEST_STEP][PASSED] - delay(5): Delayed 5 second(s)

11-02-2024T14:02:02 - [MESSAGE][PASSED] - Delayed 5 second(s)

11-02-2024T14:02:02 - [TEST_STEP][PASSED] - closeBrowser(): Browser is closed

11-02-2024T14:02:02 - [MESSAGE][PASSED] - Browser is closed

11-02-2024T14:02:04 - [TEST_STEP][PASSED] - Video: Video recording for test case 'Test Cases/2 negative test case/13 create account dengan username sama' .

11-02-2024T14:02:04 - [MESSAGE][INFO] - Video recording for test case 'Test Cases/2 negative test case/13 create account dengan username sama' .]]></system-out>
         <system-err><![CDATA[]]></system-err>
      </testcase>
      <testcase name="Test Cases/2 negative test case/14 Gagal login (data driven)" time="19.371" classname="Test Cases/2 negative test case/14 Gagal login (data driven)" status="PASSED">
         <system-out><![CDATA[11-02-2024T14:02:04 - [TEST_CASE][PASSED] - Test Cases/2 negative test case/14 Gagal login (data driven): Test Cases/2 negative test case/14 Gagal login (data driven)

11-02-2024T14:02:04 - [TEST_STEP][PASSED] - openBrowser(""): Browser is opened with url: ''

11-02-2024T14:02:04 - [MESSAGE][INFO] - Starting 'Chrome' driver

11-02-2024T14:02:04 - [MESSAGE][INFO] - Action delay is set to 0 milliseconds

11-02-2024T14:02:05 - [MESSAGE][PASSED] - Browser is opened with url: ''

11-02-2024T14:02:05 - [TEST_STEP][PASSED] - navigateToUrl("https://advantageonlineshopping.com/"): Navigate to 'https://advantageonlineshopping.com/' successfully

11-02-2024T14:02:08 - [MESSAGE][PASSED] - Navigate to 'https://advantageonlineshopping.com/' successfully

11-02-2024T14:02:08 - [TEST_STEP][PASSED] - click(findTestObject("Object Repository/Fitur Login User/svg_CHECKOUT  (0.00)_menuUser")): Object: 'Object Repository/Fitur Login User/svg_CHECKOUT  (0.00)_menuUser' is clicked on

11-02-2024T14:02:13 - [MESSAGE][PASSED] - Object: 'Object Repository/Fitur Login User/svg_CHECKOUT  (0.00)_menuUser' is clicked on

11-02-2024T14:02:13 - [TEST_STEP][PASSED] - setText(findTestObject("Object Repository/Fitur Login User/input_OR_username"), username): Text 'yudhatesting' is set on object 'Object Repository/Fitur Login User/input_OR_username'

11-02-2024T14:02:14 - [MESSAGE][PASSED] - Text 'yudhatesting' is set on object 'Object Repository/Fitur Login User/input_OR_username'

11-02-2024T14:02:14 - [TEST_STEP][PASSED] - setText(findTestObject("Object Repository/Fitur Login User/input_Username_password"), password): Text '12345678' is set on object 'Object Repository/Fitur Login User/input_Username_password'

11-02-2024T14:02:16 - [MESSAGE][PASSED] - Text '12345678' is set on object 'Object Repository/Fitur Login User/input_Username_password'

11-02-2024T14:02:16 - [TEST_STEP][PASSED] - click(findTestObject("Object Repository/Fitur Login User/button_SIGN IN")): Object: 'Object Repository/Fitur Login User/button_SIGN IN' is clicked on

11-02-2024T14:02:16 - [MESSAGE][PASSED] - Object: 'Object Repository/Fitur Login User/button_SIGN IN' is clicked on

11-02-2024T14:02:16 - [TEST_STEP][PASSED] - delay(5): Delayed 5 second(s)

11-02-2024T14:02:21 - [MESSAGE][PASSED] - Delayed 5 second(s)

11-02-2024T14:02:21 - [TEST_STEP][PASSED] - closeBrowser(): Browser is closed

11-02-2024T14:02:22 - [MESSAGE][PASSED] - Browser is closed

11-02-2024T14:02:24 - [TEST_STEP][PASSED] - Video: Video recording for test case 'Test Cases/2 negative test case/14 Gagal login (data driven)' .

11-02-2024T14:02:24 - [MESSAGE][INFO] - Video recording for test case 'Test Cases/2 negative test case/14 Gagal login (data driven)' .]]></system-out>
         <system-err><![CDATA[]]></system-err>
      </testcase>
      <testcase name="Test Cases/2 negative test case/14 Gagal login (data driven)" time="19.212" classname="Test Cases/2 negative test case/14 Gagal login (data driven)" status="PASSED">
         <system-out><![CDATA[11-02-2024T14:02:24 - [TEST_CASE][PASSED] - Test Cases/2 negative test case/14 Gagal login (data driven): Test Cases/2 negative test case/14 Gagal login (data driven)

11-02-2024T14:02:24 - [TEST_STEP][PASSED] - openBrowser(""): Browser is opened with url: ''

11-02-2024T14:02:24 - [MESSAGE][INFO] - Starting 'Chrome' driver

11-02-2024T14:02:24 - [MESSAGE][INFO] - Action delay is set to 0 milliseconds

11-02-2024T14:02:24 - [MESSAGE][PASSED] - Browser is opened with url: ''

11-02-2024T14:02:24 - [TEST_STEP][PASSED] - navigateToUrl("https://advantageonlineshopping.com/"): Navigate to 'https://advantageonlineshopping.com/' successfully

11-02-2024T14:02:27 - [MESSAGE][PASSED] - Navigate to 'https://advantageonlineshopping.com/' successfully

11-02-2024T14:02:27 - [TEST_STEP][PASSED] - click(findTestObject("Object Repository/Fitur Login User/svg_CHECKOUT  (0.00)_menuUser")): Object: 'Object Repository/Fitur Login User/svg_CHECKOUT  (0.00)_menuUser' is clicked on

11-02-2024T14:02:33 - [MESSAGE][PASSED] - Object: 'Object Repository/Fitur Login User/svg_CHECKOUT  (0.00)_menuUser' is clicked on

11-02-2024T14:02:33 - [TEST_STEP][PASSED] - setText(findTestObject("Object Repository/Fitur Login User/input_OR_username"), username): Text 'yudhatesting2' is set on object 'Object Repository/Fitur Login User/input_OR_username'

11-02-2024T14:02:34 - [MESSAGE][PASSED] - Text 'yudhatesting2' is set on object 'Object Repository/Fitur Login User/input_OR_username'

11-02-2024T14:02:34 - [TEST_STEP][PASSED] - setText(findTestObject("Object Repository/Fitur Login User/input_Username_password"), password): Text '12345678' is set on object 'Object Repository/Fitur Login User/input_Username_password'

11-02-2024T14:02:35 - [MESSAGE][PASSED] - Text '12345678' is set on object 'Object Repository/Fitur Login User/input_Username_password'

11-02-2024T14:02:35 - [TEST_STEP][PASSED] - click(findTestObject("Object Repository/Fitur Login User/button_SIGN IN")): Object: 'Object Repository/Fitur Login User/button_SIGN IN' is clicked on

11-02-2024T14:02:36 - [MESSAGE][PASSED] - Object: 'Object Repository/Fitur Login User/button_SIGN IN' is clicked on

11-02-2024T14:02:36 - [TEST_STEP][PASSED] - delay(5): Delayed 5 second(s)

11-02-2024T14:02:41 - [MESSAGE][PASSED] - Delayed 5 second(s)

11-02-2024T14:02:41 - [TEST_STEP][PASSED] - closeBrowser(): Browser is closed

11-02-2024T14:02:41 - [MESSAGE][PASSED] - Browser is closed

11-02-2024T14:02:43 - [TEST_STEP][PASSED] - Video: Video recording for test case 'Test Cases/2 negative test case/14 Gagal login (data driven)' .

11-02-2024T14:02:43 - [MESSAGE][INFO] - Video recording for test case 'Test Cases/2 negative test case/14 Gagal login (data driven)' .]]></system-out>
         <system-err><![CDATA[]]></system-err>
      </testcase>
      <testcase name="Test Cases/2 negative test case/22 Login or Register Facebook" time="11.774" classname="Test Cases/2 negative test case/22 Login or Register Facebook" status="PASSED">
         <system-out><![CDATA[11-02-2024T14:02:43 - [TEST_CASE][PASSED] - Test Cases/2 negative test case/22 Login or Register Facebook: Test Cases/2 negative test case/22 Login or Register Facebook

11-02-2024T14:02:43 - [TEST_STEP][PASSED] - openBrowser(""): Browser is opened with url: ''

11-02-2024T14:02:43 - [MESSAGE][INFO] - Starting 'Chrome' driver

11-02-2024T14:02:43 - [MESSAGE][INFO] - Action delay is set to 0 milliseconds

11-02-2024T14:02:44 - [MESSAGE][PASSED] - Browser is opened with url: ''

11-02-2024T14:02:44 - [TEST_STEP][PASSED] - navigateToUrl("https://advantageonlineshopping.com/"): Navigate to 'https://advantageonlineshopping.com/' successfully

11-02-2024T14:02:46 - [MESSAGE][PASSED] - Navigate to 'https://advantageonlineshopping.com/' successfully

11-02-2024T14:02:46 - [TEST_STEP][PASSED] - click(findTestObject("Object Repository/Fitur register or login facebook/a_CHECKOUT  (0.00)_hrefUserIcon")): Object: 'Object Repository/Fitur register or login facebook/a_CHECKOUT  (0.00)_hrefUserIcon' is clicked on

11-02-2024T14:02:52 - [MESSAGE][PASSED] - Object: 'Object Repository/Fitur register or login facebook/a_CHECKOUT  (0.00)_hrefUserIcon' is clicked on

11-02-2024T14:02:52 - [TEST_STEP][PASSED] - click(findTestObject("Object Repository/Fitur register or login facebook/span_SIGN IN WITH FACEBOOK")): Object: 'Object Repository/Fitur register or login facebook/span_SIGN IN WITH FACEBOOK' is clicked on

11-02-2024T14:02:52 - [MESSAGE][PASSED] - Object: 'Object Repository/Fitur register or login facebook/span_SIGN IN WITH FACEBOOK' is clicked on

11-02-2024T14:02:52 - [TEST_STEP][PASSED] - closeBrowser(): Browser is closed

11-02-2024T14:02:53 - [MESSAGE][PASSED] - Browser is closed

11-02-2024T14:02:55 - [TEST_STEP][PASSED] - Video: Video recording for test case 'Test Cases/2 negative test case/22 Login or Register Facebook' .

11-02-2024T14:02:55 - [MESSAGE][INFO] - Video recording for test case 'Test Cases/2 negative test case/22 Login or Register Facebook' .]]></system-out>
         <system-err><![CDATA[]]></system-err>
      </testcase>
      <system-out><![CDATA[11-02-2024T14:01:26 - [TEST_SUITE][PASSED] - 4 negatif test - login and register: Test Cases/2 negative test case/22 Login or Register Facebook]]></system-out>
      <system-err><![CDATA[]]></system-err>
   </testsuite>
</testsuites>
