<?xml version="1.0" encoding="UTF-8"?>
<testsuites name="testing 2" time="83.2" tests="2" failures="0" errors="0">
   <testsuite name="testing 2" tests="2" failures="0" errors="0" time="83.2" skipped="0" timestamp="11-02-2024T12:56:15" hostname="ACER - LAPTOP-DI70DTOM" id="Test Suites/testing 2">
      <properties>
         <property name="deviceName" value=""/>
         <property name="devicePlatform" value=""/>
         <property name="logFolder" value="C:\\Users\\ACER\\git\\Final-Project-QA-WEB\\Reports\\20240211_125609\\testing 2\\20240211_125609"/>
         <property name="logFiles" value="C:\\Users\\ACER\\git\\Final-Project-QA-WEB\\Reports\\20240211_125609\\testing 2\\20240211_125609\\execution0.log"/>
         <property name="attachments" value=""/>
         <property name="hostName" value="ACER - LAPTOP-DI70DTOM"/>
         <property name="os" value="Windows 11 64bit"/>
         <property name="katalonVersion" value="9.3.0.212"/>
         <property name="browser" value="Chrome 121.0.0.0"/>
         <property name="hostAddress" value="192.168.0.151"/>
         <property name="sessionId" value="ed6af75d8ea569a2aa36da84f5ff80b0"/>
         <property name="seleniumVersion" value="3.141.59"/>
         <property name="proxyInformation" value="ProxyInformation { proxyOption=NO_PROXY, proxyServerType=HTTP, username=, password=********, proxyServerAddress=, proxyServerPort=0, executionList=&quot;&quot;, isApplyToDesiredCapabilities=true }"/>
         <property name="platform" value="Windows 11"/>
      </properties>
      <testcase name="Test Cases/1 Positive test case/11 Edit Data Personal Checkout (data driven)" time="48.501" classname="Test Cases/1 Positive test case/11 Edit Data Personal Checkout (data driven)" status="PASSED">
         <system-out><![CDATA[11-02-2024T12:56:16 - [TEST_CASE][PASSED] - Test Cases/1 Positive test case/11 Edit Data Personal Checkout (data driven): Test Cases/1 Positive test case/11 Edit Data Personal Checkout (data driven)

11-02-2024T12:56:16 - [TEST_STEP][PASSED] - openBrowser(""): Browser is opened with url: ''

11-02-2024T12:56:16 - [MESSAGE][INFO] - Starting 'Chrome' driver

11-02-2024T12:56:16 - [MESSAGE][INFO] - Action delay is set to 0 milliseconds

11-02-2024T12:56:17 - [MESSAGE][PASSED] - Browser is opened with url: ''

11-02-2024T12:56:17 - [TEST_STEP][PASSED] - navigateToUrl("https://advantageonlineshopping.com/"): Navigate to 'https://advantageonlineshopping.com/' successfully

11-02-2024T12:56:22 - [MESSAGE][PASSED] - Navigate to 'https://advantageonlineshopping.com/' successfully

11-02-2024T12:56:22 - [TEST_STEP][PASSED] - click(findTestObject("Object Repository/fitur edit data address/a_My account                        My orde_124641")): Object: 'Object Repository/fitur edit data address/a_My account                        My orde_124641' is clicked on

11-02-2024T12:56:26 - [MESSAGE][PASSED] - Object: 'Object Repository/fitur edit data address/a_My account                        My orde_124641' is clicked on

11-02-2024T12:56:26 - [TEST_STEP][PASSED] - setText(findTestObject("Object Repository/fitur edit data address/input_OR_username"), "yudhatesting"): Text 'yudhatesting' is set on object 'Object Repository/fitur edit data address/input_OR_username'

11-02-2024T12:56:27 - [MESSAGE][PASSED] - Text 'yudhatesting' is set on object 'Object Repository/fitur edit data address/input_OR_username'

11-02-2024T12:56:27 - [TEST_STEP][PASSED] - setEncryptedText(findTestObject("Object Repository/fitur edit data address/input_Username_password"), "VjyC/is+sZNhzZxZ8kSNJw=="): Text ****** has been set on object 'Object Repository/fitur edit data address/input_Username_password'

11-02-2024T12:56:28 - [MESSAGE][PASSED] - Text ****** has been set on object 'Object Repository/fitur edit data address/input_Username_password'

11-02-2024T12:56:28 - [TEST_STEP][PASSED] - click(findTestObject("Object Repository/fitur edit data address/button_SIGN IN")): Object: 'Object Repository/fitur edit data address/button_SIGN IN' is clicked on

11-02-2024T12:56:29 - [MESSAGE][PASSED] - Object: 'Object Repository/fitur edit data address/button_SIGN IN' is clicked on

11-02-2024T12:56:29 - [TEST_STEP][PASSED] - click(findTestObject("Object Repository/fitur edit data address/button_SEE OFFER")): Object: 'Object Repository/fitur edit data address/button_SEE OFFER' is clicked on

11-02-2024T12:56:45 - [MESSAGE][PASSED] - Object: 'Object Repository/fitur edit data address/button_SEE OFFER' is clicked on

11-02-2024T12:56:45 - [TEST_STEP][PASSED] - click(findTestObject("Object Repository/fitur edit data address/button_ADD TO CART")): Object: 'Object Repository/fitur edit data address/button_ADD TO CART' is clicked on

11-02-2024T12:56:47 - [MESSAGE][PASSED] - Object: 'Object Repository/fitur edit data address/button_ADD TO CART' is clicked on

11-02-2024T12:56:47 - [TEST_STEP][PASSED] - click(findTestObject("Object Repository/fitur edit data address/a_6")): Object: 'Object Repository/fitur edit data address/a_6' is clicked on

11-02-2024T12:56:49 - [MESSAGE][PASSED] - Object: 'Object Repository/fitur edit data address/a_6' is clicked on

11-02-2024T12:56:49 - [TEST_STEP][PASSED] - click(findTestObject("Object Repository/fitur edit data address/button_CHECKOUT (5,494.99)")): Object: 'Object Repository/fitur edit data address/button_CHECKOUT (5,494.99)' is clicked on

11-02-2024T12:56:51 - [MESSAGE][PASSED] - Object: 'Object Repository/fitur edit data address/button_CHECKOUT (5,494.99)' is clicked on

11-02-2024T12:56:51 - [TEST_STEP][PASSED] - click(findTestObject("Object Repository/fitur edit data address/a_Edit shipping details")): Object: 'Object Repository/fitur edit data address/a_Edit shipping details' is clicked on

11-02-2024T12:56:55 - [MESSAGE][PASSED] - Object: 'Object Repository/fitur edit data address/a_Edit shipping details' is clicked on

11-02-2024T12:56:55 - [TEST_STEP][PASSED] - setText(findTestObject("Object Repository/fitur edit data address/input_- Use maximum 25 character_address"), address): Text 'Jalan Medan Merdeka No 5 Jakarta' is set on object 'Object Repository/fitur edit data address/input_- Use maximum 25 character_address'

11-02-2024T12:56:56 - [MESSAGE][PASSED] - Text 'Jalan Medan Merdeka No 5 Jakarta' is set on object 'Object Repository/fitur edit data address/input_- Use maximum 25 character_address'

11-02-2024T12:56:56 - [TEST_STEP][PASSED] - click(findTestObject("Object Repository/fitur edit data address/label_State  Province  Region")): Object: 'Object Repository/fitur edit data address/label_State  Province  Region' is clicked on

11-02-2024T12:56:57 - [MESSAGE][PASSED] - Object: 'Object Repository/fitur edit data address/label_State  Province  Region' is clicked on

11-02-2024T12:56:57 - [TEST_STEP][PASSED] - setText(findTestObject("Object Repository/fitur edit data address/input_- Use maximum 10 character_state__pro_f620c3"), region): Text 'Jakarta' is set on object 'Object Repository/fitur edit data address/input_- Use maximum 10 character_state__pro_f620c3'

11-02-2024T12:56:58 - [MESSAGE][PASSED] - Text 'Jakarta' is set on object 'Object Repository/fitur edit data address/input_- Use maximum 10 character_state__pro_f620c3'

11-02-2024T12:56:58 - [TEST_STEP][PASSED] - delay(3): Delayed 3 second(s)

11-02-2024T12:57:01 - [MESSAGE][PASSED] - Delayed 3 second(s)

11-02-2024T12:57:01 - [TEST_STEP][PASSED] - click(findTestObject("Object Repository/fitur edit data address/button_NEXT")): Object: 'Object Repository/fitur edit data address/button_NEXT' is clicked on

11-02-2024T12:57:01 - [MESSAGE][PASSED] - Object: 'Object Repository/fitur edit data address/button_NEXT' is clicked on

11-02-2024T12:57:01 - [TEST_STEP][PASSED] - click(findTestObject("Object Repository/fitur edit data address/button_PAY NOW")): Object: 'Object Repository/fitur edit data address/button_PAY NOW' is clicked on

11-02-2024T12:57:04 - [MESSAGE][PASSED] - Object: 'Object Repository/fitur edit data address/button_PAY NOW' is clicked on

11-02-2024T12:57:04 - [TEST_STEP][PASSED] - closeBrowser(): Browser is closed

11-02-2024T12:57:04 - [MESSAGE][PASSED] - Browser is closed]]></system-out>
         <system-err><![CDATA[]]></system-err>
      </testcase>
      <testcase name="Test Cases/1 Positive test case/11 Edit Data Personal Checkout (data driven)" time="34.475" classname="Test Cases/1 Positive test case/11 Edit Data Personal Checkout (data driven)" status="PASSED">
         <system-out><![CDATA[11-02-2024T12:57:04 - [TEST_CASE][PASSED] - Test Cases/1 Positive test case/11 Edit Data Personal Checkout (data driven): Test Cases/1 Positive test case/11 Edit Data Personal Checkout (data driven)

11-02-2024T12:57:04 - [TEST_STEP][PASSED] - openBrowser(""): Browser is opened with url: ''

11-02-2024T12:57:04 - [MESSAGE][INFO] - Starting 'Chrome' driver

11-02-2024T12:57:04 - [MESSAGE][INFO] - Action delay is set to 0 milliseconds

11-02-2024T12:57:05 - [MESSAGE][PASSED] - Browser is opened with url: ''

11-02-2024T12:57:05 - [TEST_STEP][PASSED] - navigateToUrl("https://advantageonlineshopping.com/"): Navigate to 'https://advantageonlineshopping.com/' successfully

11-02-2024T12:57:07 - [MESSAGE][PASSED] - Navigate to 'https://advantageonlineshopping.com/' successfully

11-02-2024T12:57:07 - [TEST_STEP][PASSED] - click(findTestObject("Object Repository/fitur edit data address/a_My account                        My orde_124641")): Object: 'Object Repository/fitur edit data address/a_My account                        My orde_124641' is clicked on

11-02-2024T12:57:11 - [MESSAGE][PASSED] - Object: 'Object Repository/fitur edit data address/a_My account                        My orde_124641' is clicked on

11-02-2024T12:57:11 - [TEST_STEP][PASSED] - setText(findTestObject("Object Repository/fitur edit data address/input_OR_username"), "yudhatesting"): Text 'yudhatesting' is set on object 'Object Repository/fitur edit data address/input_OR_username'

11-02-2024T12:57:12 - [MESSAGE][PASSED] - Text 'yudhatesting' is set on object 'Object Repository/fitur edit data address/input_OR_username'

11-02-2024T12:57:12 - [TEST_STEP][PASSED] - setEncryptedText(findTestObject("Object Repository/fitur edit data address/input_Username_password"), "VjyC/is+sZNhzZxZ8kSNJw=="): Text ****** has been set on object 'Object Repository/fitur edit data address/input_Username_password'

11-02-2024T12:57:14 - [MESSAGE][PASSED] - Text ****** has been set on object 'Object Repository/fitur edit data address/input_Username_password'

11-02-2024T12:57:14 - [TEST_STEP][PASSED] - click(findTestObject("Object Repository/fitur edit data address/button_SIGN IN")): Object: 'Object Repository/fitur edit data address/button_SIGN IN' is clicked on

11-02-2024T12:57:14 - [MESSAGE][PASSED] - Object: 'Object Repository/fitur edit data address/button_SIGN IN' is clicked on

11-02-2024T12:57:14 - [TEST_STEP][PASSED] - click(findTestObject("Object Repository/fitur edit data address/button_SEE OFFER")): Object: 'Object Repository/fitur edit data address/button_SEE OFFER' is clicked on

11-02-2024T12:57:20 - [MESSAGE][PASSED] - Object: 'Object Repository/fitur edit data address/button_SEE OFFER' is clicked on

11-02-2024T12:57:20 - [TEST_STEP][PASSED] - click(findTestObject("Object Repository/fitur edit data address/button_ADD TO CART")): Object: 'Object Repository/fitur edit data address/button_ADD TO CART' is clicked on

11-02-2024T12:57:22 - [MESSAGE][PASSED] - Object: 'Object Repository/fitur edit data address/button_ADD TO CART' is clicked on

11-02-2024T12:57:22 - [TEST_STEP][PASSED] - click(findTestObject("Object Repository/fitur edit data address/a_6")): Object: 'Object Repository/fitur edit data address/a_6' is clicked on

11-02-2024T12:57:25 - [MESSAGE][PASSED] - Object: 'Object Repository/fitur edit data address/a_6' is clicked on

11-02-2024T12:57:25 - [TEST_STEP][PASSED] - click(findTestObject("Object Repository/fitur edit data address/button_CHECKOUT (5,494.99)")): Object: 'Object Repository/fitur edit data address/button_CHECKOUT (5,494.99)' is clicked on

11-02-2024T12:57:26 - [MESSAGE][PASSED] - Object: 'Object Repository/fitur edit data address/button_CHECKOUT (5,494.99)' is clicked on

11-02-2024T12:57:26 - [TEST_STEP][PASSED] - click(findTestObject("Object Repository/fitur edit data address/a_Edit shipping details")): Object: 'Object Repository/fitur edit data address/a_Edit shipping details' is clicked on

11-02-2024T12:57:30 - [MESSAGE][PASSED] - Object: 'Object Repository/fitur edit data address/a_Edit shipping details' is clicked on

11-02-2024T12:57:30 - [TEST_STEP][PASSED] - setText(findTestObject("Object Repository/fitur edit data address/input_- Use maximum 25 character_address"), address): Text 'Oma Regency Mampang Jakarta' is set on object 'Object Repository/fitur edit data address/input_- Use maximum 25 character_address'

11-02-2024T12:57:31 - [MESSAGE][PASSED] - Text 'Oma Regency Mampang Jakarta' is set on object 'Object Repository/fitur edit data address/input_- Use maximum 25 character_address'

11-02-2024T12:57:31 - [TEST_STEP][PASSED] - click(findTestObject("Object Repository/fitur edit data address/label_State  Province  Region")): Object: 'Object Repository/fitur edit data address/label_State  Province  Region' is clicked on

11-02-2024T12:57:32 - [MESSAGE][PASSED] - Object: 'Object Repository/fitur edit data address/label_State  Province  Region' is clicked on

11-02-2024T12:57:32 - [TEST_STEP][PASSED] - setText(findTestObject("Object Repository/fitur edit data address/input_- Use maximum 10 character_state__pro_f620c3"), region): Text 'Jakarta' is set on object 'Object Repository/fitur edit data address/input_- Use maximum 10 character_state__pro_f620c3'

11-02-2024T12:57:33 - [MESSAGE][PASSED] - Text 'Jakarta' is set on object 'Object Repository/fitur edit data address/input_- Use maximum 10 character_state__pro_f620c3'

11-02-2024T12:57:33 - [TEST_STEP][PASSED] - delay(3): Delayed 3 second(s)

11-02-2024T12:57:36 - [MESSAGE][PASSED] - Delayed 3 second(s)

11-02-2024T12:57:36 - [TEST_STEP][PASSED] - click(findTestObject("Object Repository/fitur edit data address/button_NEXT")): Object: 'Object Repository/fitur edit data address/button_NEXT' is clicked on

11-02-2024T12:57:36 - [MESSAGE][PASSED] - Object: 'Object Repository/fitur edit data address/button_NEXT' is clicked on

11-02-2024T12:57:36 - [TEST_STEP][PASSED] - click(findTestObject("Object Repository/fitur edit data address/button_PAY NOW")): Object: 'Object Repository/fitur edit data address/button_PAY NOW' is clicked on

11-02-2024T12:57:38 - [MESSAGE][PASSED] - Object: 'Object Repository/fitur edit data address/button_PAY NOW' is clicked on

11-02-2024T12:57:38 - [TEST_STEP][PASSED] - closeBrowser(): Browser is closed

11-02-2024T12:57:39 - [MESSAGE][PASSED] - Browser is closed]]></system-out>
         <system-err><![CDATA[]]></system-err>
      </testcase>
      <system-out><![CDATA[11-02-2024T12:56:15 - [TEST_SUITE][PASSED] - testing 2: Test Cases/1 Positive test case/11 Edit Data Personal Checkout (data driven)]]></system-out>
      <system-err><![CDATA[]]></system-err>
   </testsuite>
</testsuites>
