<?xml version="1.0" encoding="UTF-8"?>
<testsuites name="testing 2" time="47.411" tests="2" failures="0" errors="0">
   <testsuite name="testing 2" tests="2" failures="0" errors="0" time="47.411" skipped="0" timestamp="10-02-2024T23:34:46" hostname="ACER - LAPTOP-DI70DTOM" id="Test Suites/testing 2">
      <properties>
         <property name="deviceName" value=""/>
         <property name="devicePlatform" value=""/>
         <property name="logFolder" value="C:\\Users\\ACER\\git\\Final-Project-QA-WEB\\Reports\\20240210_233439\\testing 2\\20240210_233440"/>
         <property name="logFiles" value="C:\\Users\\ACER\\git\\Final-Project-QA-WEB\\Reports\\20240210_233439\\testing 2\\20240210_233440\\execution0.log"/>
         <property name="attachments" value=""/>
         <property name="hostName" value="ACER - LAPTOP-DI70DTOM"/>
         <property name="os" value="Windows 11 64bit"/>
         <property name="katalonVersion" value="9.3.0.212"/>
         <property name="browser" value="Chrome 121.0.0.0"/>
         <property name="hostAddress" value="192.168.0.151"/>
         <property name="sessionId" value="b125d4845d11be09c0598127f966c82b"/>
         <property name="seleniumVersion" value="3.141.59"/>
         <property name="proxyInformation" value="ProxyInformation { proxyOption=NO_PROXY, proxyServerType=HTTP, username=, password=********, proxyServerAddress=, proxyServerPort=0, executionList=&quot;&quot;, isApplyToDesiredCapabilities=true }"/>
         <property name="platform" value="Windows 11"/>
      </properties>
      <testcase name="Test Cases/2 negative test case/17 gagal checkout (data driven)" time="24.43" classname="Test Cases/2 negative test case/17 gagal checkout (data driven)" status="PASSED">
         <system-out><![CDATA[10-02-2024T23:34:46 - [TEST_CASE][PASSED] - Test Cases/2 negative test case/17 gagal checkout (data driven): Test Cases/2 negative test case/17 gagal checkout (data driven)

10-02-2024T23:34:46 - [TEST_STEP][PASSED] - openBrowser(""): Browser is opened with url: ''

10-02-2024T23:34:47 - [MESSAGE][INFO] - Starting 'Chrome' driver

10-02-2024T23:34:47 - [MESSAGE][INFO] - Action delay is set to 0 milliseconds

10-02-2024T23:34:48 - [MESSAGE][PASSED] - Browser is opened with url: ''

10-02-2024T23:34:48 - [TEST_STEP][PASSED] - navigateToUrl("https://advantageonlineshopping.com/"): Navigate to 'https://advantageonlineshopping.com/' successfully

10-02-2024T23:34:51 - [MESSAGE][PASSED] - Navigate to 'https://advantageonlineshopping.com/' successfully

10-02-2024T23:34:51 - [TEST_STEP][PASSED] - click(findTestObject("Object Repository/Fitur gagal checkout/div_MICE                        Shop Now")): Object: 'Object Repository/Fitur gagal checkout/div_MICE                        Shop Now' is clicked on

10-02-2024T23:34:55 - [MESSAGE][PASSED] - Object: 'Object Repository/Fitur gagal checkout/div_MICE                        Shop Now' is clicked on

10-02-2024T23:34:55 - [TEST_STEP][PASSED] - click(findTestObject("Object Repository/Fitur gagal checkout/img_SHOP NOW_29")): Object: 'Object Repository/Fitur gagal checkout/img_SHOP NOW_29' is clicked on

10-02-2024T23:34:57 - [MESSAGE][PASSED] - Object: 'Object Repository/Fitur gagal checkout/img_SHOP NOW_29' is clicked on

10-02-2024T23:34:57 - [TEST_STEP][PASSED] - click(findTestObject("Object Repository/Fitur gagal checkout/div_Quantity_plus")): Object: 'Object Repository/Fitur gagal checkout/div_Quantity_plus' is clicked on

10-02-2024T23:35:00 - [MESSAGE][PASSED] - Object: 'Object Repository/Fitur gagal checkout/div_Quantity_plus' is clicked on

10-02-2024T23:35:00 - [TEST_STEP][PASSED] - click(findTestObject("Object Repository/Fitur gagal checkout/div_Quantity_plus")): Object: 'Object Repository/Fitur gagal checkout/div_Quantity_plus' is clicked on

10-02-2024T23:35:00 - [MESSAGE][PASSED] - Object: 'Object Repository/Fitur gagal checkout/div_Quantity_plus' is clicked on

10-02-2024T23:35:00 - [TEST_STEP][PASSED] - click(findTestObject("Object Repository/Fitur gagal checkout/button_ADD TO CART")): Object: 'Object Repository/Fitur gagal checkout/button_ADD TO CART' is clicked on

10-02-2024T23:35:00 - [MESSAGE][PASSED] - Object: 'Object Repository/Fitur gagal checkout/button_ADD TO CART' is clicked on

10-02-2024T23:35:00 - [TEST_STEP][PASSED] - click(findTestObject("Object Repository/Fitur gagal checkout/a_3")): Object: 'Object Repository/Fitur gagal checkout/a_3' is clicked on

10-02-2024T23:35:01 - [MESSAGE][PASSED] - Object: 'Object Repository/Fitur gagal checkout/a_3' is clicked on

10-02-2024T23:35:01 - [TEST_STEP][PASSED] - click(findTestObject("Object Repository/Fitur gagal checkout/button_CHECKOUT (29.97)")): Object: 'Object Repository/Fitur gagal checkout/button_CHECKOUT (29.97)' is clicked on

10-02-2024T23:35:02 - [MESSAGE][PASSED] - Object: 'Object Repository/Fitur gagal checkout/button_CHECKOUT (29.97)' is clicked on

10-02-2024T23:35:02 - [TEST_STEP][PASSED] - setText(findTestObject("Object Repository/Fitur gagal checkout/input_Already have an account_usernameInOrd_818284"), username): Text 'yudhatesting' is set on object 'Object Repository/Fitur gagal checkout/input_Already have an account_usernameInOrd_818284'

10-02-2024T23:35:03 - [MESSAGE][PASSED] - Text 'yudhatesting' is set on object 'Object Repository/Fitur gagal checkout/input_Already have an account_usernameInOrd_818284'

10-02-2024T23:35:03 - [TEST_STEP][PASSED] - setText(findTestObject("Object Repository/Fitur gagal checkout/input_Username_passwordInOrderPayment"), password): Text '12345678' is set on object 'Object Repository/Fitur gagal checkout/input_Username_passwordInOrderPayment'

10-02-2024T23:35:05 - [MESSAGE][PASSED] - Text '12345678' is set on object 'Object Repository/Fitur gagal checkout/input_Username_passwordInOrderPayment'

10-02-2024T23:35:05 - [TEST_STEP][PASSED] - click(findTestObject("Object Repository/Fitur gagal checkout/button_LOGIN")): Object: 'Object Repository/Fitur gagal checkout/button_LOGIN' is clicked on

10-02-2024T23:35:05 - [MESSAGE][PASSED] - Object: 'Object Repository/Fitur gagal checkout/button_LOGIN' is clicked on

10-02-2024T23:35:05 - [TEST_STEP][PASSED] - delay(5): Delayed 5 second(s)

10-02-2024T23:35:10 - [MESSAGE][PASSED] - Delayed 5 second(s)

10-02-2024T23:35:10 - [TEST_STEP][PASSED] - closeBrowser(): Browser is closed

10-02-2024T23:35:11 - [MESSAGE][PASSED] - Browser is closed]]></system-out>
         <system-err><![CDATA[]]></system-err>
      </testcase>
      <testcase name="Test Cases/2 negative test case/17 gagal checkout (data driven)" time="22.707" classname="Test Cases/2 negative test case/17 gagal checkout (data driven)" status="PASSED">
         <system-out><![CDATA[10-02-2024T23:35:11 - [TEST_CASE][PASSED] - Test Cases/2 negative test case/17 gagal checkout (data driven): Test Cases/2 negative test case/17 gagal checkout (data driven)

10-02-2024T23:35:11 - [TEST_STEP][PASSED] - openBrowser(""): Browser is opened with url: ''

10-02-2024T23:35:11 - [MESSAGE][INFO] - Starting 'Chrome' driver

10-02-2024T23:35:11 - [MESSAGE][INFO] - Action delay is set to 0 milliseconds

10-02-2024T23:35:11 - [MESSAGE][PASSED] - Browser is opened with url: ''

10-02-2024T23:35:11 - [TEST_STEP][PASSED] - navigateToUrl("https://advantageonlineshopping.com/"): Navigate to 'https://advantageonlineshopping.com/' successfully

10-02-2024T23:35:14 - [MESSAGE][PASSED] - Navigate to 'https://advantageonlineshopping.com/' successfully

10-02-2024T23:35:14 - [TEST_STEP][PASSED] - click(findTestObject("Object Repository/Fitur gagal checkout/div_MICE                        Shop Now")): Object: 'Object Repository/Fitur gagal checkout/div_MICE                        Shop Now' is clicked on

10-02-2024T23:35:18 - [MESSAGE][PASSED] - Object: 'Object Repository/Fitur gagal checkout/div_MICE                        Shop Now' is clicked on

10-02-2024T23:35:18 - [TEST_STEP][PASSED] - click(findTestObject("Object Repository/Fitur gagal checkout/img_SHOP NOW_29")): Object: 'Object Repository/Fitur gagal checkout/img_SHOP NOW_29' is clicked on

10-02-2024T23:35:20 - [MESSAGE][PASSED] - Object: 'Object Repository/Fitur gagal checkout/img_SHOP NOW_29' is clicked on

10-02-2024T23:35:20 - [TEST_STEP][PASSED] - click(findTestObject("Object Repository/Fitur gagal checkout/div_Quantity_plus")): Object: 'Object Repository/Fitur gagal checkout/div_Quantity_plus' is clicked on

10-02-2024T23:35:23 - [MESSAGE][PASSED] - Object: 'Object Repository/Fitur gagal checkout/div_Quantity_plus' is clicked on

10-02-2024T23:35:23 - [TEST_STEP][PASSED] - click(findTestObject("Object Repository/Fitur gagal checkout/div_Quantity_plus")): Object: 'Object Repository/Fitur gagal checkout/div_Quantity_plus' is clicked on

10-02-2024T23:35:23 - [MESSAGE][PASSED] - Object: 'Object Repository/Fitur gagal checkout/div_Quantity_plus' is clicked on

10-02-2024T23:35:23 - [TEST_STEP][PASSED] - click(findTestObject("Object Repository/Fitur gagal checkout/button_ADD TO CART")): Object: 'Object Repository/Fitur gagal checkout/button_ADD TO CART' is clicked on

10-02-2024T23:35:23 - [MESSAGE][PASSED] - Object: 'Object Repository/Fitur gagal checkout/button_ADD TO CART' is clicked on

10-02-2024T23:35:23 - [TEST_STEP][PASSED] - click(findTestObject("Object Repository/Fitur gagal checkout/a_3")): Object: 'Object Repository/Fitur gagal checkout/a_3' is clicked on

10-02-2024T23:35:24 - [MESSAGE][PASSED] - Object: 'Object Repository/Fitur gagal checkout/a_3' is clicked on

10-02-2024T23:35:24 - [TEST_STEP][PASSED] - click(findTestObject("Object Repository/Fitur gagal checkout/button_CHECKOUT (29.97)")): Object: 'Object Repository/Fitur gagal checkout/button_CHECKOUT (29.97)' is clicked on

10-02-2024T23:35:25 - [MESSAGE][PASSED] - Object: 'Object Repository/Fitur gagal checkout/button_CHECKOUT (29.97)' is clicked on

10-02-2024T23:35:25 - [TEST_STEP][PASSED] - setText(findTestObject("Object Repository/Fitur gagal checkout/input_Already have an account_usernameInOrd_818284"), username): Text 'yudhatesting2' is set on object 'Object Repository/Fitur gagal checkout/input_Already have an account_usernameInOrd_818284'

10-02-2024T23:35:26 - [MESSAGE][PASSED] - Text 'yudhatesting2' is set on object 'Object Repository/Fitur gagal checkout/input_Already have an account_usernameInOrd_818284'

10-02-2024T23:35:26 - [TEST_STEP][PASSED] - setText(findTestObject("Object Repository/Fitur gagal checkout/input_Username_passwordInOrderPayment"), password): Text '12345678' is set on object 'Object Repository/Fitur gagal checkout/input_Username_passwordInOrderPayment'

10-02-2024T23:35:28 - [MESSAGE][PASSED] - Text '12345678' is set on object 'Object Repository/Fitur gagal checkout/input_Username_passwordInOrderPayment'

10-02-2024T23:35:28 - [TEST_STEP][PASSED] - click(findTestObject("Object Repository/Fitur gagal checkout/button_LOGIN")): Object: 'Object Repository/Fitur gagal checkout/button_LOGIN' is clicked on

10-02-2024T23:35:28 - [MESSAGE][PASSED] - Object: 'Object Repository/Fitur gagal checkout/button_LOGIN' is clicked on

10-02-2024T23:35:28 - [TEST_STEP][PASSED] - delay(5): Delayed 5 second(s)

10-02-2024T23:35:33 - [MESSAGE][PASSED] - Delayed 5 second(s)

10-02-2024T23:35:33 - [TEST_STEP][PASSED] - closeBrowser(): Browser is closed

10-02-2024T23:35:33 - [MESSAGE][PASSED] - Browser is closed]]></system-out>
         <system-err><![CDATA[]]></system-err>
      </testcase>
      <system-out><![CDATA[10-02-2024T23:34:46 - [TEST_SUITE][PASSED] - testing 2: Test Cases/2 negative test case/17 gagal checkout (data driven)]]></system-out>
      <system-err><![CDATA[]]></system-err>
   </testsuite>
</testsuites>
