<?xml version="1.0" encoding="UTF-8"?>
<testsuites name="2 search, filter and add to chart item" time="241.356" tests="10" failures="0" errors="0">
   <testsuite name="2 search, filter and add to chart item" tests="10" failures="0" errors="0" time="241.356" skipped="0" timestamp="11-02-2024T15:20:25" hostname="ACER - LAPTOP-DI70DTOM" id="Test Suites/1 Test Suites/2 search, filter and add to chart item">
      <properties>
         <property name="deviceName" value=""/>
         <property name="devicePlatform" value=""/>
         <property name="logFolder" value="C:\\Users\\ACER\\git\\Final-Project-QA-WEB\\Reports\\20240211_151812\\1 Test Suites\\2 search, filter and add to chart item\\20240211_151815"/>
         <property name="logFiles" value="C:\\Users\\ACER\\git\\Final-Project-QA-WEB\\Reports\\20240211_151812\\1 Test Suites\\2 search, filter and add to chart item\\20240211_151815\\execution0.log"/>
         <property name="attachments" value=""/>
         <property name="hostName" value="ACER - LAPTOP-DI70DTOM"/>
         <property name="os" value="Windows 11 64bit"/>
         <property name="katalonVersion" value="9.3.0.212"/>
         <property name="browser" value="Chrome 121.0.0.0"/>
         <property name="hostAddress" value="192.168.0.151"/>
         <property name="sessionId" value="ddf69e6de9595a510e0addeaa54c1a03"/>
         <property name="seleniumVersion" value="3.141.59"/>
         <property name="proxyInformation" value="ProxyInformation { proxyOption=NO_PROXY, proxyServerType=HTTP, username=, password=********, proxyServerAddress=, proxyServerPort=0, executionList=&quot;&quot;, isApplyToDesiredCapabilities=true }"/>
         <property name="platform" value="Windows 11"/>
      </properties>
      <testcase name="Test Cases/1 Positive test case/3 Search Item (if-else)" time="30.4" classname="Test Cases/1 Positive test case/3 Search Item (if-else)" status="PASSED">
         <system-out><![CDATA[11-02-2024T15:20:25 - [TEST_CASE][PASSED] - Test Cases/1 Positive test case/3 Search Item (if-else): Test Cases/1 Positive test case/3 Search Item (if-else)

11-02-2024T15:20:26 - [TEST_STEP][PASSED] - openBrowser(""): Browser is opened with url: ''

11-02-2024T15:20:26 - [MESSAGE][INFO] - Starting 'Chrome' driver

11-02-2024T15:20:26 - [MESSAGE][INFO] - Action delay is set to 0 milliseconds

11-02-2024T15:20:27 - [MESSAGE][PASSED] - Browser is opened with url: ''

11-02-2024T15:20:27 - [TEST_STEP][PASSED] - navigateToUrl("https://advantageonlineshopping.com/"): Navigate to 'https://advantageonlineshopping.com/' successfully

11-02-2024T15:20:30 - [MESSAGE][PASSED] - Navigate to 'https://advantageonlineshopping.com/' successfully

11-02-2024T15:20:30 - [TEST_STEP][PASSED] - click(findTestObject("Object Repository/Fitur Search 2/svg_CHECKOUT  (0.00)_menuUser")): Object: 'Object Repository/Fitur Search 2/svg_CHECKOUT  (0.00)_menuUser' is clicked on

11-02-2024T15:20:34 - [MESSAGE][PASSED] - Object: 'Object Repository/Fitur Search 2/svg_CHECKOUT  (0.00)_menuUser' is clicked on

11-02-2024T15:20:34 - [TEST_STEP][PASSED] - setText(findTestObject("Object Repository/Fitur Search 2/input_OR_username"), "yudhatesting"): Text 'yudhatesting' is set on object 'Object Repository/Fitur Search 2/input_OR_username'

11-02-2024T15:20:35 - [MESSAGE][PASSED] - Text 'yudhatesting' is set on object 'Object Repository/Fitur Search 2/input_OR_username'

11-02-2024T15:20:35 - [TEST_STEP][PASSED] - setEncryptedText(findTestObject("Object Repository/Fitur Search 2/input_Username_password"), "VjyC/is+sZNhzZxZ8kSNJw=="): Text ****** has been set on object 'Object Repository/Fitur Search 2/input_Username_password'

11-02-2024T15:20:36 - [MESSAGE][PASSED] - Text ****** has been set on object 'Object Repository/Fitur Search 2/input_Username_password'

11-02-2024T15:20:36 - [TEST_STEP][PASSED] - click(findTestObject("Object Repository/Fitur Search 2/button_SIGN IN")): Object: 'Object Repository/Fitur Search 2/button_SIGN IN' is clicked on

11-02-2024T15:20:36 - [MESSAGE][PASSED] - Object: 'Object Repository/Fitur Search 2/button_SIGN IN' is clicked on

11-02-2024T15:20:36 - [TEST_STEP][PASSED] - keyword = "tablet": null

11-02-2024T15:20:36 - [TEST_STEP][PASSED] - setText(findTestObject("Object Repository/Fitur Search 2/input_DEMO_mobile_search"), keyword): Text 'tablet' is set on object 'Object Repository/Fitur Search 2/input_DEMO_mobile_search'

11-02-2024T15:20:42 - [MESSAGE][PASSED] - Text 'tablet' is set on object 'Object Repository/Fitur Search 2/input_DEMO_mobile_search'

11-02-2024T15:20:42 - [TEST_STEP][PASSED] - sendKeys(findTestObject("Object Repository/Fitur Search 2/input_DEMO_mobile_search"), Keys.chord(ENTER)): Keys 'ENTER + ' sent to object: 'Object Repository/Fitur Search 2/input_DEMO_mobile_search'

11-02-2024T15:20:49 - [MESSAGE][PASSED] - Keys 'ENTER + ' sent to object: 'Object Repository/Fitur Search 2/input_DEMO_mobile_search'

11-02-2024T15:20:49 - [TEST_STEP][PASSED] - if (!(keyword.equalsIgnoreCase("tablet"))): null

11-02-2024T15:20:49 - [TEST_STEP][PASSED] - else: Browser is closed

11-02-2024T15:20:49 - [TEST_STEP][PASSED] - click(findTestObject("Object Repository/Fitur Search 2/img_SHOP NOW_16")): Object: 'Object Repository/Fitur Search 2/img_SHOP NOW_16' is clicked on

11-02-2024T15:20:52 - [MESSAGE][PASSED] - Object: 'Object Repository/Fitur Search 2/img_SHOP NOW_16' is clicked on

11-02-2024T15:20:52 - [TEST_STEP][PASSED] - click(findTestObject("Object Repository/Fitur Search 2/img")): Object: 'Object Repository/Fitur Search 2/img' is clicked on

11-02-2024T15:20:53 - [MESSAGE][PASSED] - Object: 'Object Repository/Fitur Search 2/img' is clicked on

11-02-2024T15:20:53 - [TEST_STEP][PASSED] - click(findTestObject("Object Repository/Fitur Search 2/img_1")): Object: 'Object Repository/Fitur Search 2/img_1' is clicked on

11-02-2024T15:20:53 - [MESSAGE][PASSED] - Object: 'Object Repository/Fitur Search 2/img_1' is clicked on

11-02-2024T15:20:53 - [TEST_STEP][PASSED] - click(findTestObject("Object Repository/Fitur Search 2/img_1_2")): Object: 'Object Repository/Fitur Search 2/img_1_2' is clicked on

11-02-2024T15:20:53 - [MESSAGE][PASSED] - Object: 'Object Repository/Fitur Search 2/img_1_2' is clicked on

11-02-2024T15:20:53 - [TEST_STEP][PASSED] - closeBrowser(): Browser is closed

11-02-2024T15:20:54 - [MESSAGE][PASSED] - Browser is closed

11-02-2024T15:20:56 - [TEST_STEP][PASSED] - Video: Video recording for test case 'Test Cases/1 Positive test case/3 Search Item (if-else)' .

11-02-2024T15:20:56 - [MESSAGE][INFO] - Video recording for test case 'Test Cases/1 Positive test case/3 Search Item (if-else)' .]]></system-out>
         <system-err><![CDATA[]]></system-err>
      </testcase>
      <testcase name="Test Cases/1 Positive test case/4 Filter item (switch-case and data driven)" time="17.54" classname="Test Cases/1 Positive test case/4 Filter item (switch-case and data driven)" status="PASSED">
         <system-out><![CDATA[11-02-2024T15:20:56 - [TEST_CASE][PASSED] - Test Cases/1 Positive test case/4 Filter item (switch-case and data driven): Test Cases/1 Positive test case/4 Filter item (switch-case and data driven)

11-02-2024T15:20:56 - [TEST_STEP][PASSED] - openBrowser(""): Browser is opened with url: ''

11-02-2024T15:20:56 - [MESSAGE][INFO] - Starting 'Chrome' driver

11-02-2024T15:20:56 - [MESSAGE][INFO] - Action delay is set to 0 milliseconds

11-02-2024T15:20:56 - [MESSAGE][PASSED] - Browser is opened with url: ''

11-02-2024T15:20:56 - [TEST_STEP][PASSED] - navigateToUrl("https://advantageonlineshopping.com/"): Navigate to 'https://advantageonlineshopping.com/' successfully

11-02-2024T15:20:59 - [MESSAGE][PASSED] - Navigate to 'https://advantageonlineshopping.com/' successfully

11-02-2024T15:20:59 - [TEST_STEP][PASSED] - click(findTestObject("Object Repository/Fitur Filter 2/div_SPEAKERS                        Shop Now")): Object: 'Object Repository/Fitur Filter 2/div_SPEAKERS                        Shop Now' is clicked on

11-02-2024T15:21:03 - [MESSAGE][PASSED] - Object: 'Object Repository/Fitur Filter 2/div_SPEAKERS                        Shop Now' is clicked on

11-02-2024T15:21:03 - [TEST_STEP][PASSED] - filterType = filtername: null

11-02-2024T15:21:03 - [TEST_STEP][PASSED] - switch (filterType): null

11-02-2024T15:21:03 - [TEST_STEP][PASSED] - case "WIRELESS TECHNOLOGY":: null

11-02-2024T15:21:03 - [TEST_STEP][PASSED] - click(findTestObject("Object Repository/Fitur Filter 2/h4_WIRELESS TECHNOLOGY")): Object: 'Object Repository/Fitur Filter 2/h4_WIRELESS TECHNOLOGY' is clicked on

11-02-2024T15:21:05 - [MESSAGE][PASSED] - Object: 'Object Repository/Fitur Filter 2/h4_WIRELESS TECHNOLOGY' is clicked on

11-02-2024T15:21:05 - [TEST_STEP][PASSED] - click(findTestObject("Object Repository/Fitur Filter 2/input_WIRELESS TECHNOLOGY_wireless_technology_0")): Object: 'Object Repository/Fitur Filter 2/input_WIRELESS TECHNOLOGY_wireless_technology_0' is clicked on

11-02-2024T15:21:06 - [MESSAGE][PASSED] - Object: 'Object Repository/Fitur Filter 2/input_WIRELESS TECHNOLOGY_wireless_technology_0' is clicked on

11-02-2024T15:21:06 - [TEST_STEP][PASSED] - break: null

11-02-2024T15:21:06 - [TEST_STEP][PASSED] - delay(5): Delayed 5 second(s)

11-02-2024T15:21:11 - [MESSAGE][PASSED] - Delayed 5 second(s)

11-02-2024T15:21:11 - [TEST_STEP][PASSED] - closeBrowser(): Browser is closed

11-02-2024T15:21:11 - [MESSAGE][PASSED] - Browser is closed

11-02-2024T15:21:13 - [TEST_STEP][PASSED] - Video: Video recording for test case 'Test Cases/1 Positive test case/4 Filter item (switch-case and data driven)' .

11-02-2024T15:21:13 - [MESSAGE][INFO] - Video recording for test case 'Test Cases/1 Positive test case/4 Filter item (switch-case and data driven)' .]]></system-out>
         <system-err><![CDATA[]]></system-err>
      </testcase>
      <testcase name="Test Cases/1 Positive test case/4 Filter item (switch-case and data driven)" time="17.735" classname="Test Cases/1 Positive test case/4 Filter item (switch-case and data driven)" status="PASSED">
         <system-out><![CDATA[11-02-2024T15:21:13 - [TEST_CASE][PASSED] - Test Cases/1 Positive test case/4 Filter item (switch-case and data driven): Test Cases/1 Positive test case/4 Filter item (switch-case and data driven)

11-02-2024T15:21:13 - [TEST_STEP][PASSED] - openBrowser(""): Browser is opened with url: ''

11-02-2024T15:21:13 - [MESSAGE][INFO] - Starting 'Chrome' driver

11-02-2024T15:21:13 - [MESSAGE][INFO] - Action delay is set to 0 milliseconds

11-02-2024T15:21:14 - [MESSAGE][PASSED] - Browser is opened with url: ''

11-02-2024T15:21:14 - [TEST_STEP][PASSED] - navigateToUrl("https://advantageonlineshopping.com/"): Navigate to 'https://advantageonlineshopping.com/' successfully

11-02-2024T15:21:16 - [MESSAGE][PASSED] - Navigate to 'https://advantageonlineshopping.com/' successfully

11-02-2024T15:21:16 - [TEST_STEP][PASSED] - click(findTestObject("Object Repository/Fitur Filter 2/div_SPEAKERS                        Shop Now")): Object: 'Object Repository/Fitur Filter 2/div_SPEAKERS                        Shop Now' is clicked on

11-02-2024T15:21:20 - [MESSAGE][PASSED] - Object: 'Object Repository/Fitur Filter 2/div_SPEAKERS                        Shop Now' is clicked on

11-02-2024T15:21:20 - [TEST_STEP][PASSED] - filterType = filtername: null

11-02-2024T15:21:20 - [TEST_STEP][PASSED] - switch (filterType): null

11-02-2024T15:21:20 - [TEST_STEP][PASSED] - case "COLOR":: null

11-02-2024T15:21:20 - [TEST_STEP][PASSED] - click(findTestObject("Object Repository/Fitur Filter 2/h4_COLOR")): Object: 'Object Repository/Fitur Filter 2/h4_COLOR' is clicked on

11-02-2024T15:21:23 - [MESSAGE][PASSED] - Object: 'Object Repository/Fitur Filter 2/h4_COLOR' is clicked on

11-02-2024T15:21:23 - [TEST_STEP][PASSED] - click(findTestObject("Object Repository/Fitur Filter 2/a_COLOR_productsColors414141")): Object: 'Object Repository/Fitur Filter 2/a_COLOR_productsColors414141' is clicked on

11-02-2024T15:21:24 - [MESSAGE][PASSED] - Object: 'Object Repository/Fitur Filter 2/a_COLOR_productsColors414141' is clicked on

11-02-2024T15:21:24 - [TEST_STEP][PASSED] - break: null

11-02-2024T15:21:24 - [TEST_STEP][PASSED] - delay(5): Delayed 5 second(s)

11-02-2024T15:21:29 - [MESSAGE][PASSED] - Delayed 5 second(s)

11-02-2024T15:21:29 - [TEST_STEP][PASSED] - closeBrowser(): Browser is closed

11-02-2024T15:21:29 - [MESSAGE][PASSED] - Browser is closed

11-02-2024T15:21:31 - [TEST_STEP][PASSED] - Video: Video recording for test case 'Test Cases/1 Positive test case/4 Filter item (switch-case and data driven)' .

11-02-2024T15:21:31 - [MESSAGE][INFO] - Video recording for test case 'Test Cases/1 Positive test case/4 Filter item (switch-case and data driven)' .]]></system-out>
         <system-err><![CDATA[]]></system-err>
      </testcase>
      <testcase name="Test Cases/1 Positive test case/4 Filter item (switch-case and data driven)" time="18.112" classname="Test Cases/1 Positive test case/4 Filter item (switch-case and data driven)" status="PASSED">
         <system-out><![CDATA[11-02-2024T15:21:31 - [TEST_CASE][PASSED] - Test Cases/1 Positive test case/4 Filter item (switch-case and data driven): Test Cases/1 Positive test case/4 Filter item (switch-case and data driven)

11-02-2024T15:21:31 - [TEST_STEP][PASSED] - openBrowser(""): Browser is opened with url: ''

11-02-2024T15:21:31 - [MESSAGE][INFO] - Starting 'Chrome' driver

11-02-2024T15:21:31 - [MESSAGE][INFO] - Action delay is set to 0 milliseconds

11-02-2024T15:21:32 - [MESSAGE][PASSED] - Browser is opened with url: ''

11-02-2024T15:21:32 - [TEST_STEP][PASSED] - navigateToUrl("https://advantageonlineshopping.com/"): Navigate to 'https://advantageonlineshopping.com/' successfully

11-02-2024T15:21:34 - [MESSAGE][PASSED] - Navigate to 'https://advantageonlineshopping.com/' successfully

11-02-2024T15:21:34 - [TEST_STEP][PASSED] - click(findTestObject("Object Repository/Fitur Filter 2/div_SPEAKERS                        Shop Now")): Object: 'Object Repository/Fitur Filter 2/div_SPEAKERS                        Shop Now' is clicked on

11-02-2024T15:21:38 - [MESSAGE][PASSED] - Object: 'Object Repository/Fitur Filter 2/div_SPEAKERS                        Shop Now' is clicked on

11-02-2024T15:21:38 - [TEST_STEP][PASSED] - filterType = filtername: null

11-02-2024T15:21:38 - [TEST_STEP][PASSED] - switch (filterType): null

11-02-2024T15:21:38 - [TEST_STEP][PASSED] - case "MANUFACTURER":: null

11-02-2024T15:21:38 - [TEST_STEP][PASSED] - click(findTestObject("Object Repository/Fitur Filter 2/h4_MANUFACTURER")): Object: 'Object Repository/Fitur Filter 2/h4_MANUFACTURER' is clicked on

11-02-2024T15:21:41 - [MESSAGE][PASSED] - Object: 'Object Repository/Fitur Filter 2/h4_MANUFACTURER' is clicked on

11-02-2024T15:21:41 - [TEST_STEP][PASSED] - click(findTestObject("Object Repository/Fitur Filter 2/input_MANUFACTURER_manufacturer_0")): Object: 'Object Repository/Fitur Filter 2/input_MANUFACTURER_manufacturer_0' is clicked on

11-02-2024T15:21:42 - [MESSAGE][PASSED] - Object: 'Object Repository/Fitur Filter 2/input_MANUFACTURER_manufacturer_0' is clicked on

11-02-2024T15:21:42 - [TEST_STEP][PASSED] - break: null

11-02-2024T15:21:42 - [TEST_STEP][PASSED] - delay(5): Delayed 5 second(s)

11-02-2024T15:21:47 - [MESSAGE][PASSED] - Delayed 5 second(s)

11-02-2024T15:21:47 - [TEST_STEP][PASSED] - closeBrowser(): Browser is closed

11-02-2024T15:21:47 - [MESSAGE][PASSED] - Browser is closed

11-02-2024T15:21:49 - [TEST_STEP][PASSED] - Video: Video recording for test case 'Test Cases/1 Positive test case/4 Filter item (switch-case and data driven)' .

11-02-2024T15:21:49 - [MESSAGE][INFO] - Video recording for test case 'Test Cases/1 Positive test case/4 Filter item (switch-case and data driven)' .]]></system-out>
         <system-err><![CDATA[]]></system-err>
      </testcase>
      <testcase name="Test Cases/1 Positive test case/4 Filter item (switch-case and data driven)" time="18.023" classname="Test Cases/1 Positive test case/4 Filter item (switch-case and data driven)" status="PASSED">
         <system-out><![CDATA[11-02-2024T15:21:49 - [TEST_CASE][PASSED] - Test Cases/1 Positive test case/4 Filter item (switch-case and data driven): Test Cases/1 Positive test case/4 Filter item (switch-case and data driven)

11-02-2024T15:21:49 - [TEST_STEP][PASSED] - openBrowser(""): Browser is opened with url: ''

11-02-2024T15:21:49 - [MESSAGE][INFO] - Starting 'Chrome' driver

11-02-2024T15:21:49 - [MESSAGE][INFO] - Action delay is set to 0 milliseconds

11-02-2024T15:21:50 - [MESSAGE][PASSED] - Browser is opened with url: ''

11-02-2024T15:21:50 - [TEST_STEP][PASSED] - navigateToUrl("https://advantageonlineshopping.com/"): Navigate to 'https://advantageonlineshopping.com/' successfully

11-02-2024T15:21:52 - [MESSAGE][PASSED] - Navigate to 'https://advantageonlineshopping.com/' successfully

11-02-2024T15:21:52 - [TEST_STEP][PASSED] - click(findTestObject("Object Repository/Fitur Filter 2/div_SPEAKERS                        Shop Now")): Object: 'Object Repository/Fitur Filter 2/div_SPEAKERS                        Shop Now' is clicked on

11-02-2024T15:21:56 - [MESSAGE][PASSED] - Object: 'Object Repository/Fitur Filter 2/div_SPEAKERS                        Shop Now' is clicked on

11-02-2024T15:21:56 - [TEST_STEP][PASSED] - filterType = filtername: null

11-02-2024T15:21:56 - [TEST_STEP][PASSED] - switch (filterType): null

11-02-2024T15:21:56 - [TEST_STEP][PASSED] - case "COMPATIBILITY":: null

11-02-2024T15:21:56 - [TEST_STEP][PASSED] - click(findTestObject("Object Repository/Fitur Filter 2/h4_COMPATIBILITY")): Object: 'Object Repository/Fitur Filter 2/h4_COMPATIBILITY' is clicked on

11-02-2024T15:21:59 - [MESSAGE][PASSED] - Object: 'Object Repository/Fitur Filter 2/h4_COMPATIBILITY' is clicked on

11-02-2024T15:21:59 - [TEST_STEP][PASSED] - click(findTestObject("Object Repository/Fitur Filter 2/label_Any device that has bluetooth enabled")): Object: 'Object Repository/Fitur Filter 2/label_Any device that has bluetooth enabled' is clicked on

11-02-2024T15:21:59 - [MESSAGE][PASSED] - Object: 'Object Repository/Fitur Filter 2/label_Any device that has bluetooth enabled' is clicked on

11-02-2024T15:21:59 - [TEST_STEP][PASSED] - click(findTestObject("Object Repository/Fitur Filter 2/input_COMPATIBILITY_compatibility_0")): Object: 'Object Repository/Fitur Filter 2/input_COMPATIBILITY_compatibility_0' is clicked on

11-02-2024T15:22:00 - [MESSAGE][PASSED] - Object: 'Object Repository/Fitur Filter 2/input_COMPATIBILITY_compatibility_0' is clicked on

11-02-2024T15:22:00 - [TEST_STEP][PASSED] - break: null

11-02-2024T15:22:00 - [TEST_STEP][PASSED] - delay(5): Delayed 5 second(s)

11-02-2024T15:22:05 - [MESSAGE][PASSED] - Delayed 5 second(s)

11-02-2024T15:22:05 - [TEST_STEP][PASSED] - closeBrowser(): Browser is closed

11-02-2024T15:22:05 - [MESSAGE][PASSED] - Browser is closed

11-02-2024T15:22:07 - [TEST_STEP][PASSED] - Video: Video recording for test case 'Test Cases/1 Positive test case/4 Filter item (switch-case and data driven)' .

11-02-2024T15:22:07 - [MESSAGE][INFO] - Video recording for test case 'Test Cases/1 Positive test case/4 Filter item (switch-case and data driven)' .]]></system-out>
         <system-err><![CDATA[]]></system-err>
      </testcase>
      <testcase name="Test Cases/1 Positive test case/5 Add to Chart (switch-case and data driven)" time="35.774" classname="Test Cases/1 Positive test case/5 Add to Chart (switch-case and data driven)" status="PASSED">
         <system-out><![CDATA[11-02-2024T15:22:07 - [TEST_CASE][PASSED] - Test Cases/1 Positive test case/5 Add to Chart (switch-case and data driven): Test Cases/1 Positive test case/5 Add to Chart (switch-case and data driven)

11-02-2024T15:22:07 - [TEST_STEP][PASSED] - openBrowser(""): Browser is opened with url: ''

11-02-2024T15:22:07 - [MESSAGE][INFO] - Starting 'Chrome' driver

11-02-2024T15:22:07 - [MESSAGE][INFO] - Action delay is set to 0 milliseconds

11-02-2024T15:22:08 - [MESSAGE][PASSED] - Browser is opened with url: ''

11-02-2024T15:22:08 - [TEST_STEP][PASSED] - navigateToUrl("https://advantageonlineshopping.com/"): Navigate to 'https://advantageonlineshopping.com/' successfully

11-02-2024T15:22:10 - [MESSAGE][PASSED] - Navigate to 'https://advantageonlineshopping.com/' successfully

11-02-2024T15:22:10 - [TEST_STEP][PASSED] - click(findTestObject("Object Repository/fitur add to chart/a_My account                        My orde_124641")): Object: 'Object Repository/fitur add to chart/a_My account                        My orde_124641' is clicked on

11-02-2024T15:22:14 - [MESSAGE][PASSED] - Object: 'Object Repository/fitur add to chart/a_My account                        My orde_124641' is clicked on

11-02-2024T15:22:14 - [TEST_STEP][PASSED] - setText(findTestObject("Object Repository/fitur add to chart/input_OR_username"), "yudhatesting"): Text 'yudhatesting' is set on object 'Object Repository/fitur add to chart/input_OR_username'

11-02-2024T15:22:15 - [MESSAGE][PASSED] - Text 'yudhatesting' is set on object 'Object Repository/fitur add to chart/input_OR_username'

11-02-2024T15:22:15 - [TEST_STEP][PASSED] - setEncryptedText(findTestObject("Object Repository/fitur add to chart/input_Username_password"), "VjyC/is+sZNhzZxZ8kSNJw=="): Text ****** has been set on object 'Object Repository/fitur add to chart/input_Username_password'

11-02-2024T15:22:16 - [MESSAGE][PASSED] - Text ****** has been set on object 'Object Repository/fitur add to chart/input_Username_password'

11-02-2024T15:22:16 - [TEST_STEP][PASSED] - click(findTestObject("Object Repository/fitur add to chart/button_SIGN IN")): Object: 'Object Repository/fitur add to chart/button_SIGN IN' is clicked on

11-02-2024T15:22:17 - [MESSAGE][PASSED] - Object: 'Object Repository/fitur add to chart/button_SIGN IN' is clicked on

11-02-2024T15:22:17 - [TEST_STEP][PASSED] - click(findTestObject("Object Repository/fitur add to chart/div_LAPTOPS                        Shop Now")): Object: 'Object Repository/fitur add to chart/div_LAPTOPS                        Shop Now' is clicked on

11-02-2024T15:22:21 - [MESSAGE][PASSED] - Object: 'Object Repository/fitur add to chart/div_LAPTOPS                        Shop Now' is clicked on

11-02-2024T15:22:21 - [TEST_STEP][PASSED] - laptopType = datalaptop: null

11-02-2024T15:22:21 - [TEST_STEP][PASSED] - switch (laptopType): null

11-02-2024T15:22:21 - [TEST_STEP][PASSED] - case "LAPTOP A":: null

11-02-2024T15:22:21 - [TEST_STEP][PASSED] - click(findTestObject("Object Repository/fitur add to chart/img_SHOP NOW_9")): Object: 'Object Repository/fitur add to chart/img_SHOP NOW_9' is clicked on

11-02-2024T15:22:24 - [MESSAGE][PASSED] - Object: 'Object Repository/fitur add to chart/img_SHOP NOW_9' is clicked on

11-02-2024T15:22:24 - [TEST_STEP][PASSED] - click(findTestObject("Object Repository/fitur add to chart/button_ADD TO CART")): Object: 'Object Repository/fitur add to chart/button_ADD TO CART' is clicked on

11-02-2024T15:22:33 - [MESSAGE][PASSED] - Object: 'Object Repository/fitur add to chart/button_ADD TO CART' is clicked on

11-02-2024T15:22:33 - [TEST_STEP][PASSED] - click(findTestObject("Object Repository/fitur add to chart/a_LAPTOPS")): Object: 'Object Repository/fitur add to chart/a_LAPTOPS' is clicked on

11-02-2024T15:22:35 - [MESSAGE][PASSED] - Object: 'Object Repository/fitur add to chart/a_LAPTOPS' is clicked on

11-02-2024T15:22:35 - [TEST_STEP][PASSED] - break: null

11-02-2024T15:22:35 - [TEST_STEP][PASSED] - click(findTestObject("Object Repository/fitur add to chart/a_3")): Object: 'Object Repository/fitur add to chart/a_3' is clicked on

11-02-2024T15:22:36 - [MESSAGE][PASSED] - Object: 'Object Repository/fitur add to chart/a_3' is clicked on

11-02-2024T15:22:36 - [TEST_STEP][PASSED] - delay(5): Delayed 5 second(s)

11-02-2024T15:22:41 - [MESSAGE][PASSED] - Delayed 5 second(s)

11-02-2024T15:22:41 - [TEST_STEP][PASSED] - closeBrowser(): Browser is closed

11-02-2024T15:22:41 - [MESSAGE][PASSED] - Browser is closed

11-02-2024T15:22:43 - [TEST_STEP][PASSED] - Video: Video recording for test case 'Test Cases/1 Positive test case/5 Add to Chart (switch-case and data driven)' .

11-02-2024T15:22:43 - [MESSAGE][INFO] - Video recording for test case 'Test Cases/1 Positive test case/5 Add to Chart (switch-case and data driven)' .]]></system-out>
         <system-err><![CDATA[]]></system-err>
      </testcase>
      <testcase name="Test Cases/1 Positive test case/5 Add to Chart (switch-case and data driven)" time="35.352" classname="Test Cases/1 Positive test case/5 Add to Chart (switch-case and data driven)" status="PASSED">
         <system-out><![CDATA[11-02-2024T15:22:43 - [TEST_CASE][PASSED] - Test Cases/1 Positive test case/5 Add to Chart (switch-case and data driven): Test Cases/1 Positive test case/5 Add to Chart (switch-case and data driven)

11-02-2024T15:22:43 - [TEST_STEP][PASSED] - openBrowser(""): Browser is opened with url: ''

11-02-2024T15:22:43 - [MESSAGE][INFO] - Starting 'Chrome' driver

11-02-2024T15:22:43 - [MESSAGE][INFO] - Action delay is set to 0 milliseconds

11-02-2024T15:22:44 - [MESSAGE][PASSED] - Browser is opened with url: ''

11-02-2024T15:22:44 - [TEST_STEP][PASSED] - navigateToUrl("https://advantageonlineshopping.com/"): Navigate to 'https://advantageonlineshopping.com/' successfully

11-02-2024T15:22:46 - [MESSAGE][PASSED] - Navigate to 'https://advantageonlineshopping.com/' successfully

11-02-2024T15:22:46 - [TEST_STEP][PASSED] - click(findTestObject("Object Repository/fitur add to chart/a_My account                        My orde_124641")): Object: 'Object Repository/fitur add to chart/a_My account                        My orde_124641' is clicked on

11-02-2024T15:22:50 - [MESSAGE][PASSED] - Object: 'Object Repository/fitur add to chart/a_My account                        My orde_124641' is clicked on

11-02-2024T15:22:50 - [TEST_STEP][PASSED] - setText(findTestObject("Object Repository/fitur add to chart/input_OR_username"), "yudhatesting"): Text 'yudhatesting' is set on object 'Object Repository/fitur add to chart/input_OR_username'

11-02-2024T15:22:51 - [MESSAGE][PASSED] - Text 'yudhatesting' is set on object 'Object Repository/fitur add to chart/input_OR_username'

11-02-2024T15:22:51 - [TEST_STEP][PASSED] - setEncryptedText(findTestObject("Object Repository/fitur add to chart/input_Username_password"), "VjyC/is+sZNhzZxZ8kSNJw=="): Text ****** has been set on object 'Object Repository/fitur add to chart/input_Username_password'

11-02-2024T15:22:52 - [MESSAGE][PASSED] - Text ****** has been set on object 'Object Repository/fitur add to chart/input_Username_password'

11-02-2024T15:22:52 - [TEST_STEP][PASSED] - click(findTestObject("Object Repository/fitur add to chart/button_SIGN IN")): Object: 'Object Repository/fitur add to chart/button_SIGN IN' is clicked on

11-02-2024T15:22:53 - [MESSAGE][PASSED] - Object: 'Object Repository/fitur add to chart/button_SIGN IN' is clicked on

11-02-2024T15:22:53 - [TEST_STEP][PASSED] - click(findTestObject("Object Repository/fitur add to chart/div_LAPTOPS                        Shop Now")): Object: 'Object Repository/fitur add to chart/div_LAPTOPS                        Shop Now' is clicked on

11-02-2024T15:22:57 - [MESSAGE][PASSED] - Object: 'Object Repository/fitur add to chart/div_LAPTOPS                        Shop Now' is clicked on

11-02-2024T15:22:57 - [TEST_STEP][PASSED] - laptopType = datalaptop: null

11-02-2024T15:22:57 - [TEST_STEP][PASSED] - switch (laptopType): null

11-02-2024T15:22:57 - [TEST_STEP][PASSED] - case "LAPTOP B":: null

11-02-2024T15:22:57 - [TEST_STEP][PASSED] - click(findTestObject("Object Repository/fitur add to chart/img_SHOP NOW_10")): Object: 'Object Repository/fitur add to chart/img_SHOP NOW_10' is clicked on

11-02-2024T15:23:00 - [MESSAGE][PASSED] - Object: 'Object Repository/fitur add to chart/img_SHOP NOW_10' is clicked on

11-02-2024T15:23:00 - [TEST_STEP][PASSED] - click(findTestObject("Object Repository/fitur add to chart/button_ADD TO CART")): Object: 'Object Repository/fitur add to chart/button_ADD TO CART' is clicked on

11-02-2024T15:23:08 - [MESSAGE][PASSED] - Object: 'Object Repository/fitur add to chart/button_ADD TO CART' is clicked on

11-02-2024T15:23:08 - [TEST_STEP][PASSED] - click(findTestObject("Object Repository/fitur add to chart/a_LAPTOPS")): Object: 'Object Repository/fitur add to chart/a_LAPTOPS' is clicked on

11-02-2024T15:23:10 - [MESSAGE][PASSED] - Object: 'Object Repository/fitur add to chart/a_LAPTOPS' is clicked on

11-02-2024T15:23:10 - [TEST_STEP][PASSED] - break: null

11-02-2024T15:23:10 - [TEST_STEP][PASSED] - click(findTestObject("Object Repository/fitur add to chart/a_3")): Object: 'Object Repository/fitur add to chart/a_3' is clicked on

11-02-2024T15:23:11 - [MESSAGE][PASSED] - Object: 'Object Repository/fitur add to chart/a_3' is clicked on

11-02-2024T15:23:11 - [TEST_STEP][PASSED] - delay(5): Delayed 5 second(s)

11-02-2024T15:23:16 - [MESSAGE][PASSED] - Delayed 5 second(s)

11-02-2024T15:23:16 - [TEST_STEP][PASSED] - closeBrowser(): Browser is closed

11-02-2024T15:23:16 - [MESSAGE][PASSED] - Browser is closed

11-02-2024T15:23:18 - [TEST_STEP][PASSED] - Video: Video recording for test case 'Test Cases/1 Positive test case/5 Add to Chart (switch-case and data driven)' .

11-02-2024T15:23:18 - [MESSAGE][INFO] - Video recording for test case 'Test Cases/1 Positive test case/5 Add to Chart (switch-case and data driven)' .]]></system-out>
         <system-err><![CDATA[]]></system-err>
      </testcase>
      <testcase name="Test Cases/1 Positive test case/9 Contact Us" time="20.64" classname="Test Cases/1 Positive test case/9 Contact Us" status="PASSED">
         <system-out><![CDATA[11-02-2024T15:23:18 - [TEST_CASE][PASSED] - Test Cases/1 Positive test case/9 Contact Us: Test Cases/1 Positive test case/9 Contact Us

11-02-2024T15:23:18 - [TEST_STEP][PASSED] - openBrowser(""): Browser is opened with url: ''

11-02-2024T15:23:18 - [MESSAGE][INFO] - Starting 'Chrome' driver

11-02-2024T15:23:18 - [MESSAGE][INFO] - Action delay is set to 0 milliseconds

11-02-2024T15:23:19 - [MESSAGE][PASSED] - Browser is opened with url: ''

11-02-2024T15:23:19 - [TEST_STEP][PASSED] - navigateToUrl("https://advantageonlineshopping.com/"): Navigate to 'https://advantageonlineshopping.com/' successfully

11-02-2024T15:23:22 - [MESSAGE][PASSED] - Navigate to 'https://advantageonlineshopping.com/' successfully

11-02-2024T15:23:22 - [TEST_STEP][PASSED] - selectOptionByValue(findTestObject("Object Repository/fitur contact us/select_Select CategoryLaptopsHeadphonesTabl_1ef56f"), "object:60", true): All options with value 'object:60' are selected in object 'Object Repository/fitur contact us/select_Select CategoryLaptopsHeadphonesTabl_1ef56f'  using regular expression

11-02-2024T15:23:27 - [MESSAGE][PASSED] - All options with value 'object:60' are selected in object 'Object Repository/fitur contact us/select_Select CategoryLaptopsHeadphonesTabl_1ef56f'  using regular expression

11-02-2024T15:23:27 - [TEST_STEP][PASSED] - selectOptionByValue(findTestObject("Object Repository/fitur contact us/select_Select ProductHP Chromebook 14 G1(EN_361ba3"), "object:123", true): All options with value 'object:123' are selected in object 'Object Repository/fitur contact us/select_Select ProductHP Chromebook 14 G1(EN_361ba3'  using regular expression

11-02-2024T15:23:28 - [MESSAGE][PASSED] - All options with value 'object:123' are selected in object 'Object Repository/fitur contact us/select_Select ProductHP Chromebook 14 G1(EN_361ba3'  using regular expression

11-02-2024T15:23:28 - [TEST_STEP][PASSED] - setText(findTestObject("Object Repository/fitur contact us/input__emailContactUs"), email): Text 'yudhatesting@gmail.com' is set on object 'Object Repository/fitur contact us/input__emailContactUs'

11-02-2024T15:23:30 - [MESSAGE][PASSED] - Text 'yudhatesting@gmail.com' is set on object 'Object Repository/fitur contact us/input__emailContactUs'

11-02-2024T15:23:30 - [TEST_STEP][PASSED] - setText(findTestObject("Object Repository/fitur contact us/textarea__subjectTextareaContactUs"), subject): Text 'this product so cool!' is set on object 'Object Repository/fitur contact us/textarea__subjectTextareaContactUs'

11-02-2024T15:23:31 - [MESSAGE][PASSED] - Text 'this product so cool!' is set on object 'Object Repository/fitur contact us/textarea__subjectTextareaContactUs'

11-02-2024T15:23:31 - [TEST_STEP][PASSED] - click(findTestObject("Object Repository/fitur contact us/button_SEND")): Object: 'Object Repository/fitur contact us/button_SEND' is clicked on

11-02-2024T15:23:32 - [MESSAGE][PASSED] - Object: 'Object Repository/fitur contact us/button_SEND' is clicked on

11-02-2024T15:23:32 - [TEST_STEP][PASSED] - delay(5): Delayed 5 second(s)

11-02-2024T15:23:37 - [MESSAGE][PASSED] - Delayed 5 second(s)

11-02-2024T15:23:37 - [TEST_STEP][PASSED] - closeBrowser(): Browser is closed

11-02-2024T15:23:37 - [MESSAGE][PASSED] - Browser is closed

11-02-2024T15:23:39 - [TEST_STEP][PASSED] - Video: Video recording for test case 'Test Cases/1 Positive test case/9 Contact Us' .

11-02-2024T15:23:39 - [MESSAGE][INFO] - Video recording for test case 'Test Cases/1 Positive test case/9 Contact Us' .]]></system-out>
         <system-err><![CDATA[]]></system-err>
      </testcase>
      <testcase name="Test Cases/1 Positive test case/9 Contact Us" time="20.354" classname="Test Cases/1 Positive test case/9 Contact Us" status="PASSED">
         <system-out><![CDATA[11-02-2024T15:23:39 - [TEST_CASE][PASSED] - Test Cases/1 Positive test case/9 Contact Us: Test Cases/1 Positive test case/9 Contact Us

11-02-2024T15:23:39 - [TEST_STEP][PASSED] - openBrowser(""): Browser is opened with url: ''

11-02-2024T15:23:39 - [MESSAGE][INFO] - Starting 'Chrome' driver

11-02-2024T15:23:39 - [MESSAGE][INFO] - Action delay is set to 0 milliseconds

11-02-2024T15:23:40 - [MESSAGE][PASSED] - Browser is opened with url: ''

11-02-2024T15:23:40 - [TEST_STEP][PASSED] - navigateToUrl("https://advantageonlineshopping.com/"): Navigate to 'https://advantageonlineshopping.com/' successfully

11-02-2024T15:23:42 - [MESSAGE][PASSED] - Navigate to 'https://advantageonlineshopping.com/' successfully

11-02-2024T15:23:42 - [TEST_STEP][PASSED] - selectOptionByValue(findTestObject("Object Repository/fitur contact us/select_Select CategoryLaptopsHeadphonesTabl_1ef56f"), "object:60", true): All options with value 'object:60' are selected in object 'Object Repository/fitur contact us/select_Select CategoryLaptopsHeadphonesTabl_1ef56f'  using regular expression

11-02-2024T15:23:47 - [MESSAGE][PASSED] - All options with value 'object:60' are selected in object 'Object Repository/fitur contact us/select_Select CategoryLaptopsHeadphonesTabl_1ef56f'  using regular expression

11-02-2024T15:23:47 - [TEST_STEP][PASSED] - selectOptionByValue(findTestObject("Object Repository/fitur contact us/select_Select ProductHP Chromebook 14 G1(EN_361ba3"), "object:123", true): All options with value 'object:123' are selected in object 'Object Repository/fitur contact us/select_Select ProductHP Chromebook 14 G1(EN_361ba3'  using regular expression

11-02-2024T15:23:49 - [MESSAGE][PASSED] - All options with value 'object:123' are selected in object 'Object Repository/fitur contact us/select_Select ProductHP Chromebook 14 G1(EN_361ba3'  using regular expression

11-02-2024T15:23:49 - [TEST_STEP][PASSED] - setText(findTestObject("Object Repository/fitur contact us/input__emailContactUs"), email): Text 'yudhatesting2@gmail.com' is set on object 'Object Repository/fitur contact us/input__emailContactUs'

11-02-2024T15:23:50 - [MESSAGE][PASSED] - Text 'yudhatesting2@gmail.com' is set on object 'Object Repository/fitur contact us/input__emailContactUs'

11-02-2024T15:23:50 - [TEST_STEP][PASSED] - setText(findTestObject("Object Repository/fitur contact us/textarea__subjectTextareaContactUs"), subject): Text 'I want to buy this product' is set on object 'Object Repository/fitur contact us/textarea__subjectTextareaContactUs'

11-02-2024T15:23:51 - [MESSAGE][PASSED] - Text 'I want to buy this product' is set on object 'Object Repository/fitur contact us/textarea__subjectTextareaContactUs'

11-02-2024T15:23:51 - [TEST_STEP][PASSED] - click(findTestObject("Object Repository/fitur contact us/button_SEND")): Object: 'Object Repository/fitur contact us/button_SEND' is clicked on

11-02-2024T15:23:52 - [MESSAGE][PASSED] - Object: 'Object Repository/fitur contact us/button_SEND' is clicked on

11-02-2024T15:23:52 - [TEST_STEP][PASSED] - delay(5): Delayed 5 second(s)

11-02-2024T15:23:57 - [MESSAGE][PASSED] - Delayed 5 second(s)

11-02-2024T15:23:57 - [TEST_STEP][PASSED] - closeBrowser(): Browser is closed

11-02-2024T15:23:57 - [MESSAGE][PASSED] - Browser is closed

11-02-2024T15:23:59 - [TEST_STEP][PASSED] - Video: Video recording for test case 'Test Cases/1 Positive test case/9 Contact Us' .

11-02-2024T15:23:59 - [MESSAGE][INFO] - Video recording for test case 'Test Cases/1 Positive test case/9 Contact Us' .]]></system-out>
         <system-err><![CDATA[]]></system-err>
      </testcase>
      <testcase name="Test Cases/1 Positive test case/10 Checking Link Sosial Media - customkeyword dan assert" time="27.119" classname="Test Cases/1 Positive test case/10 Checking Link Sosial Media - customkeyword dan assert" status="PASSED">
         <system-out><![CDATA[11-02-2024T15:23:59 - [TEST_CASE][PASSED] - Test Cases/1 Positive test case/10 Checking Link Sosial Media - customkeyword dan assert: Test Cases/1 Positive test case/10 Checking Link Sosial Media - customkeyword dan assert

11-02-2024T15:23:59 - [TEST_STEP][PASSED] - qawebtugas.keywordlogin.login(): qawebtugas.keywordlogin.login is PASSED

11-02-2024T15:23:59 - [MESSAGE][INFO] - Starting 'Chrome' driver

11-02-2024T15:23:59 - [MESSAGE][INFO] - Action delay is set to 0 milliseconds

11-02-2024T15:24:00 - [MESSAGE][PASSED] - Browser is opened with url: ''

11-02-2024T15:24:03 - [MESSAGE][PASSED] - Navigate to 'https://advantageonlineshopping.com/' successfully

11-02-2024T15:24:08 - [MESSAGE][PASSED] - Object: 'Object Repository/Fitur Search 2/svg_CHECKOUT  (0.00)_menuUser' is clicked on

11-02-2024T15:24:09 - [MESSAGE][PASSED] - Text 'yudhatesting' is set on object 'Object Repository/Fitur Search 2/input_OR_username'

11-02-2024T15:24:11 - [MESSAGE][PASSED] - Text ****** has been set on object 'Object Repository/Fitur Search 2/input_Username_password'

11-02-2024T15:24:11 - [MESSAGE][PASSED] - Object: 'Object Repository/Fitur Search 2/button_SIGN IN' is clicked on

11-02-2024T15:24:11 - [MESSAGE][PASSED] - qawebtugas.keywordlogin.login is PASSED

11-02-2024T15:24:11 - [TEST_STEP][PASSED] - assert verifyElementPresent(findTestObject("Object Repository/fitur sosmed/img_FOLLOW US_follow_facebook"), 10, CONTINUE_ON_FAILURE): Object 'Object Repository/fitur sosmed/img_FOLLOW US_follow_facebook' is present

11-02-2024T15:24:17 - [MESSAGE][PASSED] - Object 'Object Repository/fitur sosmed/img_FOLLOW US_follow_facebook' is present

11-02-2024T15:24:17 - [TEST_STEP][PASSED] - assert verifyElementPresent(findTestObject("Object Repository/fitur sosmed/img_FOLLOW US_follow_twitter"), 10, CONTINUE_ON_FAILURE): Object 'Object Repository/fitur sosmed/img_FOLLOW US_follow_twitter' is present

11-02-2024T15:24:17 - [MESSAGE][PASSED] - Object 'Object Repository/fitur sosmed/img_FOLLOW US_follow_twitter' is present

11-02-2024T15:24:17 - [TEST_STEP][PASSED] - assert verifyElementPresent(findTestObject("Object Repository/fitur sosmed/img_FOLLOW US_follow_linkedin"), 10, CONTINUE_ON_FAILURE): Object 'Object Repository/fitur sosmed/img_FOLLOW US_follow_linkedin' is present

11-02-2024T15:24:18 - [MESSAGE][PASSED] - Object 'Object Repository/fitur sosmed/img_FOLLOW US_follow_linkedin' is present

11-02-2024T15:24:18 - [TEST_STEP][PASSED] - assert verifyElementPresent(findTestObject("Object Repository/fitur sosmed/img_DEMO_go_up_btn"), 10, CONTINUE_ON_FAILURE): Object 'Object Repository/fitur sosmed/img_DEMO_go_up_btn' is present

11-02-2024T15:24:18 - [MESSAGE][PASSED] - Object 'Object Repository/fitur sosmed/img_DEMO_go_up_btn' is present

11-02-2024T15:24:18 - [TEST_STEP][PASSED] - click(findTestObject("Object Repository/fitur sosmed/img_FOLLOW US_follow_facebook")): Object: 'Object Repository/fitur sosmed/img_FOLLOW US_follow_facebook' is clicked on

11-02-2024T15:24:18 - [MESSAGE][PASSED] - Object: 'Object Repository/fitur sosmed/img_FOLLOW US_follow_facebook' is clicked on

11-02-2024T15:24:18 - [TEST_STEP][PASSED] - click(findTestObject("Object Repository/fitur sosmed/img_FOLLOW US_follow_twitter")): Object: 'Object Repository/fitur sosmed/img_FOLLOW US_follow_twitter' is clicked on

11-02-2024T15:24:20 - [MESSAGE][PASSED] - Object: 'Object Repository/fitur sosmed/img_FOLLOW US_follow_twitter' is clicked on

11-02-2024T15:24:20 - [TEST_STEP][PASSED] - click(findTestObject("Object Repository/fitur sosmed/img_FOLLOW US_follow_linkedin")): Object: 'Object Repository/fitur sosmed/img_FOLLOW US_follow_linkedin' is clicked on

11-02-2024T15:24:22 - [MESSAGE][PASSED] - Object: 'Object Repository/fitur sosmed/img_FOLLOW US_follow_linkedin' is clicked on

11-02-2024T15:24:22 - [TEST_STEP][PASSED] - click(findTestObject("Object Repository/fitur sosmed/img_DEMO_go_up_btn")): Object: 'Object Repository/fitur sosmed/img_DEMO_go_up_btn' is clicked on

11-02-2024T15:24:24 - [MESSAGE][PASSED] - Object: 'Object Repository/fitur sosmed/img_DEMO_go_up_btn' is clicked on

11-02-2024T15:24:24 - [TEST_STEP][PASSED] - closeBrowser(): Browser is closed

11-02-2024T15:24:24 - [MESSAGE][PASSED] - Browser is closed

11-02-2024T15:24:26 - [TEST_STEP][PASSED] - Video: Video recording for test case 'Test Cases/1 Positive test case/10 Checking Link Sosial Media - customkeyword dan assert' .

11-02-2024T15:24:26 - [MESSAGE][INFO] - Video recording for test case 'Test Cases/1 Positive test case/10 Checking Link Sosial Media - customkeyword dan assert' .]]></system-out>
         <system-err><![CDATA[]]></system-err>
      </testcase>
      <system-out><![CDATA[11-02-2024T15:20:25 - [TEST_SUITE][PASSED] - 2 search, filter and add to chart item: Test Cases/1 Positive test case/10 Checking Link Sosial Media - customkeyword dan assert]]></system-out>
      <system-err><![CDATA[]]></system-err>
   </testsuite>
</testsuites>
