<?xml version="1.0" encoding="UTF-8"?>
<testsuites name="5 negatif test - search, filter and add to chart" time="230.157" tests="7" failures="0" errors="0">
   <testsuite name="5 negatif test - search, filter and add to chart" tests="7" failures="0" errors="0" time="230.157" skipped="0" timestamp="11-02-2024T14:13:54" hostname="ACER - LAPTOP-DI70DTOM" id="Test Suites/1 Test Suites/5 negatif test - search, filter and add to chart">
      <properties>
         <property name="deviceName" value=""/>
         <property name="devicePlatform" value=""/>
         <property name="logFolder" value="C:\\Users\\ACER\\git\\Final-Project-QA-WEB\\Reports\\20240211_141336\\1 Test Suites\\5 negatif test - search, filter and add to chart\\20240211_141339"/>
         <property name="logFiles" value="C:\\Users\\ACER\\git\\Final-Project-QA-WEB\\Reports\\20240211_141336\\1 Test Suites\\5 negatif test - search, filter and add to chart\\20240211_141339\\execution0.log"/>
         <property name="attachments" value=""/>
         <property name="hostName" value="ACER - LAPTOP-DI70DTOM"/>
         <property name="os" value="Windows 11 64bit"/>
         <property name="katalonVersion" value="9.3.0.212"/>
         <property name="browser" value="Chrome 121.0.0.0"/>
         <property name="hostAddress" value="192.168.0.151"/>
         <property name="sessionId" value="4075ac4489e0bf09c28ebf59779b419f"/>
         <property name="seleniumVersion" value="3.141.59"/>
         <property name="proxyInformation" value="ProxyInformation { proxyOption=NO_PROXY, proxyServerType=HTTP, username=, password=********, proxyServerAddress=, proxyServerPort=0, executionList=&quot;&quot;, isApplyToDesiredCapabilities=true }"/>
         <property name="platform" value="Windows 11"/>
      </properties>
      <testcase name="Test Cases/2 negative test case/16 invalid filter item" time="58.729" classname="Test Cases/2 negative test case/16 invalid filter item" status="PASSED">
         <system-out><![CDATA[11-02-2024T14:13:54 - [TEST_CASE][PASSED] - Test Cases/2 negative test case/16 invalid filter item: Test Cases/2 negative test case/16 invalid filter item

11-02-2024T14:13:55 - [TEST_STEP][PASSED] - openBrowser(""): Browser is opened with url: ''

11-02-2024T14:13:56 - [MESSAGE][INFO] - Starting 'Chrome' driver

11-02-2024T14:13:56 - [MESSAGE][INFO] - Action delay is set to 0 milliseconds

11-02-2024T14:13:59 - [MESSAGE][PASSED] - Browser is opened with url: ''

11-02-2024T14:13:59 - [TEST_STEP][PASSED] - navigateToUrl("https://advantageonlineshopping.com/"): Navigate to 'https://advantageonlineshopping.com/' successfully

11-02-2024T14:14:02 - [MESSAGE][PASSED] - Navigate to 'https://advantageonlineshopping.com/' successfully

11-02-2024T14:14:02 - [TEST_STEP][PASSED] - click(findTestObject("Object Repository/Invalid filter/svg_CHECKOUT  (0.00)_menuUser")): Object: 'Object Repository/Invalid filter/svg_CHECKOUT  (0.00)_menuUser' is clicked on

11-02-2024T14:14:09 - [MESSAGE][PASSED] - Object: 'Object Repository/Invalid filter/svg_CHECKOUT  (0.00)_menuUser' is clicked on

11-02-2024T14:14:09 - [TEST_STEP][PASSED] - setText(findTestObject("Object Repository/Invalid filter/input_OR_username"), "yudhatesting"): Text 'yudhatesting' is set on object 'Object Repository/Invalid filter/input_OR_username'

11-02-2024T14:14:10 - [MESSAGE][PASSED] - Text 'yudhatesting' is set on object 'Object Repository/Invalid filter/input_OR_username'

11-02-2024T14:14:10 - [TEST_STEP][PASSED] - setEncryptedText(findTestObject("Object Repository/Invalid filter/input_Username_password"), "VjyC/is+sZNhzZxZ8kSNJw=="): Text ****** has been set on object 'Object Repository/Invalid filter/input_Username_password'

11-02-2024T14:14:12 - [MESSAGE][PASSED] - Text ****** has been set on object 'Object Repository/Invalid filter/input_Username_password'

11-02-2024T14:14:12 - [TEST_STEP][PASSED] - click(findTestObject("Object Repository/Invalid filter/button_SIGN IN")): Object: 'Object Repository/Invalid filter/button_SIGN IN' is clicked on

11-02-2024T14:14:13 - [MESSAGE][PASSED] - Object: 'Object Repository/Invalid filter/button_SIGN IN' is clicked on

11-02-2024T14:14:13 - [TEST_STEP][PASSED] - click(findTestObject("Object Repository/Invalid filter/div_SPEAKERS                        Shop Now")): Object: 'Object Repository/Invalid filter/div_SPEAKERS                        Shop Now' is clicked on

11-02-2024T14:14:35 - [MESSAGE][PASSED] - Object: 'Object Repository/Invalid filter/div_SPEAKERS                        Shop Now' is clicked on

11-02-2024T14:14:35 - [TEST_STEP][PASSED] - click(findTestObject("Object Repository/Invalid filter/h4_COLOR")): Object: 'Object Repository/Invalid filter/h4_COLOR' is clicked on

11-02-2024T14:14:37 - [MESSAGE][PASSED] - Object: 'Object Repository/Invalid filter/h4_COLOR' is clicked on

11-02-2024T14:14:37 - [TEST_STEP][PASSED] - click(findTestObject("Object Repository/Invalid filter/a_COLOR_productsColors55CDD5")): Object: 'Object Repository/Invalid filter/a_COLOR_productsColors55CDD5' is clicked on

11-02-2024T14:14:38 - [MESSAGE][PASSED] - Object: 'Object Repository/Invalid filter/a_COLOR_productsColors55CDD5' is clicked on

11-02-2024T14:14:38 - [TEST_STEP][PASSED] - delay(3): Delayed 3 second(s)

11-02-2024T14:14:41 - [MESSAGE][PASSED] - Delayed 3 second(s)

11-02-2024T14:14:41 - [TEST_STEP][PASSED] - click(findTestObject("Object Repository/Invalid filter/h4_WEIGHT")): Object: 'Object Repository/Invalid filter/h4_WEIGHT' is clicked on

11-02-2024T14:14:41 - [MESSAGE][PASSED] - Object: 'Object Repository/Invalid filter/h4_WEIGHT' is clicked on

11-02-2024T14:14:41 - [TEST_STEP][PASSED] - delay(3): Delayed 3 second(s)

11-02-2024T14:14:44 - [MESSAGE][PASSED] - Delayed 3 second(s)

11-02-2024T14:14:44 - [TEST_STEP][PASSED] - click(findTestObject("Object Repository/Invalid filter/input_WEIGHT_weight_1")): Object: 'Object Repository/Invalid filter/input_WEIGHT_weight_1' is clicked on

11-02-2024T14:14:45 - [MESSAGE][PASSED] - Object: 'Object Repository/Invalid filter/input_WEIGHT_weight_1' is clicked on

11-02-2024T14:14:45 - [TEST_STEP][PASSED] - delay(5): Delayed 5 second(s)

11-02-2024T14:14:50 - [MESSAGE][PASSED] - Delayed 5 second(s)

11-02-2024T14:14:50 - [TEST_STEP][PASSED] - closeBrowser(): Browser is closed

11-02-2024T14:14:51 - [MESSAGE][PASSED] - Browser is closed

11-02-2024T14:14:53 - [TEST_STEP][PASSED] - Video: Video recording for test case 'Test Cases/2 negative test case/16 invalid filter item' .

11-02-2024T14:14:53 - [MESSAGE][INFO] - Video recording for test case 'Test Cases/2 negative test case/16 invalid filter item' .]]></system-out>
         <system-err><![CDATA[]]></system-err>
      </testcase>
      <testcase name="Test Cases/2 negative test case/15 delete all item di chart" time="29.742" classname="Test Cases/2 negative test case/15 delete all item di chart" status="PASSED">
         <system-out><![CDATA[11-02-2024T14:14:53 - [TEST_CASE][PASSED] - Test Cases/2 negative test case/15 delete all item di chart: Test Cases/2 negative test case/15 delete all item di chart

11-02-2024T14:14:53 - [TEST_STEP][PASSED] - openBrowser(""): Browser is opened with url: ''

11-02-2024T14:14:53 - [MESSAGE][INFO] - Starting 'Chrome' driver

11-02-2024T14:14:53 - [MESSAGE][INFO] - Action delay is set to 0 milliseconds

11-02-2024T14:14:54 - [MESSAGE][PASSED] - Browser is opened with url: ''

11-02-2024T14:14:54 - [TEST_STEP][PASSED] - navigateToUrl("https://advantageonlineshopping.com/"): Navigate to 'https://advantageonlineshopping.com/' successfully

11-02-2024T14:14:57 - [MESSAGE][PASSED] - Navigate to 'https://advantageonlineshopping.com/' successfully

11-02-2024T14:14:57 - [TEST_STEP][PASSED] - click(findTestObject("Object Repository/fitur delete all chart/div_LAPTOPS                        Shop Now")): Object: 'Object Repository/fitur delete all chart/div_LAPTOPS                        Shop Now' is clicked on

11-02-2024T14:15:02 - [MESSAGE][PASSED] - Object: 'Object Repository/fitur delete all chart/div_LAPTOPS                        Shop Now' is clicked on

11-02-2024T14:15:02 - [TEST_STEP][PASSED] - click(findTestObject("Object Repository/fitur delete all chart/img_SHOP NOW_9")): Object: 'Object Repository/fitur delete all chart/img_SHOP NOW_9' is clicked on

11-02-2024T14:15:04 - [MESSAGE][PASSED] - Object: 'Object Repository/fitur delete all chart/img_SHOP NOW_9' is clicked on

11-02-2024T14:15:04 - [TEST_STEP][PASSED] - click(findTestObject("Object Repository/fitur delete all chart/button_ADD TO CART")): Object: 'Object Repository/fitur delete all chart/button_ADD TO CART' is clicked on

11-02-2024T14:15:08 - [MESSAGE][PASSED] - Object: 'Object Repository/fitur delete all chart/button_ADD TO CART' is clicked on

11-02-2024T14:15:08 - [TEST_STEP][PASSED] - click(findTestObject("Object Repository/fitur delete all chart/a_LAPTOPS")): Object: 'Object Repository/fitur delete all chart/a_LAPTOPS' is clicked on

11-02-2024T14:15:09 - [MESSAGE][PASSED] - Object: 'Object Repository/fitur delete all chart/a_LAPTOPS' is clicked on

11-02-2024T14:15:09 - [TEST_STEP][PASSED] - click(findTestObject("Object Repository/fitur delete all chart/img_SHOP NOW_10")): Object: 'Object Repository/fitur delete all chart/img_SHOP NOW_10' is clicked on

11-02-2024T14:15:10 - [MESSAGE][PASSED] - Object: 'Object Repository/fitur delete all chart/img_SHOP NOW_10' is clicked on

11-02-2024T14:15:10 - [TEST_STEP][PASSED] - click(findTestObject("Object Repository/fitur delete all chart/button_ADD TO CART")): Object: 'Object Repository/fitur delete all chart/button_ADD TO CART' is clicked on

11-02-2024T14:15:10 - [MESSAGE][PASSED] - Object: 'Object Repository/fitur delete all chart/button_ADD TO CART' is clicked on

11-02-2024T14:15:10 - [TEST_STEP][PASSED] - click(findTestObject("Object Repository/fitur delete all chart/a_LAPTOPS")): Object: 'Object Repository/fitur delete all chart/a_LAPTOPS' is clicked on

11-02-2024T14:15:11 - [MESSAGE][PASSED] - Object: 'Object Repository/fitur delete all chart/a_LAPTOPS' is clicked on

11-02-2024T14:15:11 - [TEST_STEP][PASSED] - click(findTestObject("Object Repository/fitur delete all chart/a_2")): Object: 'Object Repository/fitur delete all chart/a_2' is clicked on

11-02-2024T14:15:12 - [MESSAGE][PASSED] - Object: 'Object Repository/fitur delete all chart/a_2' is clicked on

11-02-2024T14:15:12 - [TEST_STEP][PASSED] - click(findTestObject("Object Repository/fitur delete all chart/a_REMOVE")): Object: 'Object Repository/fitur delete all chart/a_REMOVE' is clicked on

11-02-2024T14:15:13 - [MESSAGE][PASSED] - Object: 'Object Repository/fitur delete all chart/a_REMOVE' is clicked on

11-02-2024T14:15:13 - [TEST_STEP][PASSED] - delay(2): Delayed 2 second(s)

11-02-2024T14:15:15 - [MESSAGE][PASSED] - Delayed 2 second(s)

11-02-2024T14:15:15 - [TEST_STEP][PASSED] - click(findTestObject("Object Repository/fitur delete all chart/a_REMOVE")): Object: 'Object Repository/fitur delete all chart/a_REMOVE' is clicked on

11-02-2024T14:15:15 - [MESSAGE][PASSED] - Object: 'Object Repository/fitur delete all chart/a_REMOVE' is clicked on

11-02-2024T14:15:15 - [TEST_STEP][PASSED] - delay(5): Delayed 5 second(s)

11-02-2024T14:15:20 - [MESSAGE][PASSED] - Delayed 5 second(s)

11-02-2024T14:15:20 - [TEST_STEP][PASSED] - closeBrowser(): Browser is closed

11-02-2024T14:15:20 - [MESSAGE][PASSED] - Browser is closed

11-02-2024T14:15:22 - [TEST_STEP][PASSED] - Video: Video recording for test case 'Test Cases/2 negative test case/15 delete all item di chart' .

11-02-2024T14:15:22 - [MESSAGE][INFO] - Video recording for test case 'Test Cases/2 negative test case/15 delete all item di chart' .]]></system-out>
         <system-err><![CDATA[]]></system-err>
      </testcase>
      <testcase name="Test Cases/2 negative test case/19 Search item tidak ada di katalog (data driven)" time="35.156" classname="Test Cases/2 negative test case/19 Search item tidak ada di katalog (data driven)" status="PASSED">
         <system-out><![CDATA[11-02-2024T14:15:22 - [TEST_CASE][PASSED] - Test Cases/2 negative test case/19 Search item tidak ada di katalog (data driven): Test Cases/2 negative test case/19 Search item tidak ada di katalog (data driven)

11-02-2024T14:15:23 - [TEST_STEP][PASSED] - openBrowser(""): Browser is opened with url: ''

11-02-2024T14:15:23 - [MESSAGE][INFO] - Starting 'Chrome' driver

11-02-2024T14:15:23 - [MESSAGE][INFO] - Action delay is set to 0 milliseconds

11-02-2024T14:15:24 - [MESSAGE][PASSED] - Browser is opened with url: ''

11-02-2024T14:15:24 - [TEST_STEP][PASSED] - navigateToUrl("https://advantageonlineshopping.com/"): Navigate to 'https://advantageonlineshopping.com/' successfully

11-02-2024T14:15:25 - [MESSAGE][PASSED] - Navigate to 'https://advantageonlineshopping.com/' successfully

11-02-2024T14:15:25 - [TEST_STEP][PASSED] - click(findTestObject("Object Repository/fitur gagal search/svg_CHECKOUT  (0.00)_menuUser")): Object: 'Object Repository/fitur gagal search/svg_CHECKOUT  (0.00)_menuUser' is clicked on

11-02-2024T14:15:33 - [MESSAGE][PASSED] - Object: 'Object Repository/fitur gagal search/svg_CHECKOUT  (0.00)_menuUser' is clicked on

11-02-2024T14:15:33 - [TEST_STEP][PASSED] - setText(findTestObject("Object Repository/fitur gagal search/input_OR_username"), "yudhatesting"): Text 'yudhatesting' is set on object 'Object Repository/fitur gagal search/input_OR_username'

11-02-2024T14:15:34 - [MESSAGE][PASSED] - Text 'yudhatesting' is set on object 'Object Repository/fitur gagal search/input_OR_username'

11-02-2024T14:15:34 - [TEST_STEP][PASSED] - setEncryptedText(findTestObject("Object Repository/fitur gagal search/input_Username_password"), "VjyC/is+sZNhzZxZ8kSNJw=="): Text ****** has been set on object 'Object Repository/fitur gagal search/input_Username_password'

11-02-2024T14:15:35 - [MESSAGE][PASSED] - Text ****** has been set on object 'Object Repository/fitur gagal search/input_Username_password'

11-02-2024T14:15:35 - [TEST_STEP][PASSED] - click(findTestObject("Object Repository/fitur gagal search/button_SIGN IN")): Object: 'Object Repository/fitur gagal search/button_SIGN IN' is clicked on

11-02-2024T14:15:35 - [MESSAGE][PASSED] - Object: 'Object Repository/fitur gagal search/button_SIGN IN' is clicked on

11-02-2024T14:15:35 - [TEST_STEP][PASSED] - setText(findTestObject("Object Repository/fitur gagal search/input_DEMO_mobile_search"), keyword): Text 'naruto' is set on object 'Object Repository/fitur gagal search/input_DEMO_mobile_search'

11-02-2024T14:15:43 - [MESSAGE][PASSED] - Text 'naruto' is set on object 'Object Repository/fitur gagal search/input_DEMO_mobile_search'

11-02-2024T14:15:43 - [TEST_STEP][PASSED] - sendKeys(findTestObject("Object Repository/fitur gagal search/input_DEMO_mobile_search"), Keys.chord(ENTER)): Keys 'ENTER + ' sent to object: 'Object Repository/fitur gagal search/input_DEMO_mobile_search'

11-02-2024T14:15:50 - [MESSAGE][PASSED] - Keys 'ENTER + ' sent to object: 'Object Repository/fitur gagal search/input_DEMO_mobile_search'

11-02-2024T14:15:50 - [TEST_STEP][PASSED] - delay(5): Delayed 5 second(s)

11-02-2024T14:15:55 - [MESSAGE][PASSED] - Delayed 5 second(s)

11-02-2024T14:15:55 - [TEST_STEP][PASSED] - closeBrowser(): Browser is closed

11-02-2024T14:15:56 - [MESSAGE][PASSED] - Browser is closed

11-02-2024T14:15:58 - [TEST_STEP][PASSED] - Video: Video recording for test case 'Test Cases/2 negative test case/19 Search item tidak ada di katalog (data driven)' .

11-02-2024T14:15:58 - [MESSAGE][INFO] - Video recording for test case 'Test Cases/2 negative test case/19 Search item tidak ada di katalog (data driven)' .]]></system-out>
         <system-err><![CDATA[]]></system-err>
      </testcase>
      <testcase name="Test Cases/2 negative test case/19 Search item tidak ada di katalog (data driven)" time="33.689" classname="Test Cases/2 negative test case/19 Search item tidak ada di katalog (data driven)" status="PASSED">
         <system-out><![CDATA[11-02-2024T14:15:58 - [TEST_CASE][PASSED] - Test Cases/2 negative test case/19 Search item tidak ada di katalog (data driven): Test Cases/2 negative test case/19 Search item tidak ada di katalog (data driven)

11-02-2024T14:15:58 - [TEST_STEP][PASSED] - openBrowser(""): Browser is opened with url: ''

11-02-2024T14:15:58 - [MESSAGE][INFO] - Starting 'Chrome' driver

11-02-2024T14:15:58 - [MESSAGE][INFO] - Action delay is set to 0 milliseconds

11-02-2024T14:15:59 - [MESSAGE][PASSED] - Browser is opened with url: ''

11-02-2024T14:15:59 - [TEST_STEP][PASSED] - navigateToUrl("https://advantageonlineshopping.com/"): Navigate to 'https://advantageonlineshopping.com/' successfully

11-02-2024T14:16:01 - [MESSAGE][PASSED] - Navigate to 'https://advantageonlineshopping.com/' successfully

11-02-2024T14:16:01 - [TEST_STEP][PASSED] - click(findTestObject("Object Repository/fitur gagal search/svg_CHECKOUT  (0.00)_menuUser")): Object: 'Object Repository/fitur gagal search/svg_CHECKOUT  (0.00)_menuUser' is clicked on

11-02-2024T14:16:05 - [MESSAGE][PASSED] - Object: 'Object Repository/fitur gagal search/svg_CHECKOUT  (0.00)_menuUser' is clicked on

11-02-2024T14:16:05 - [TEST_STEP][PASSED] - setText(findTestObject("Object Repository/fitur gagal search/input_OR_username"), "yudhatesting"): Text 'yudhatesting' is set on object 'Object Repository/fitur gagal search/input_OR_username'

11-02-2024T14:16:06 - [MESSAGE][PASSED] - Text 'yudhatesting' is set on object 'Object Repository/fitur gagal search/input_OR_username'

11-02-2024T14:16:06 - [TEST_STEP][PASSED] - setEncryptedText(findTestObject("Object Repository/fitur gagal search/input_Username_password"), "VjyC/is+sZNhzZxZ8kSNJw=="): Text ****** has been set on object 'Object Repository/fitur gagal search/input_Username_password'

11-02-2024T14:16:07 - [MESSAGE][PASSED] - Text ****** has been set on object 'Object Repository/fitur gagal search/input_Username_password'

11-02-2024T14:16:07 - [TEST_STEP][PASSED] - click(findTestObject("Object Repository/fitur gagal search/button_SIGN IN")): Object: 'Object Repository/fitur gagal search/button_SIGN IN' is clicked on

11-02-2024T14:16:08 - [MESSAGE][PASSED] - Object: 'Object Repository/fitur gagal search/button_SIGN IN' is clicked on

11-02-2024T14:16:08 - [TEST_STEP][PASSED] - setText(findTestObject("Object Repository/fitur gagal search/input_DEMO_mobile_search"), keyword): Text 'one piece' is set on object 'Object Repository/fitur gagal search/input_DEMO_mobile_search'

11-02-2024T14:16:14 - [MESSAGE][PASSED] - Text 'one piece' is set on object 'Object Repository/fitur gagal search/input_DEMO_mobile_search'

11-02-2024T14:16:14 - [TEST_STEP][PASSED] - sendKeys(findTestObject("Object Repository/fitur gagal search/input_DEMO_mobile_search"), Keys.chord(ENTER)): Keys 'ENTER + ' sent to object: 'Object Repository/fitur gagal search/input_DEMO_mobile_search'

11-02-2024T14:16:24 - [MESSAGE][PASSED] - Keys 'ENTER + ' sent to object: 'Object Repository/fitur gagal search/input_DEMO_mobile_search'

11-02-2024T14:16:24 - [TEST_STEP][PASSED] - delay(5): Delayed 5 second(s)

11-02-2024T14:16:29 - [MESSAGE][PASSED] - Delayed 5 second(s)

11-02-2024T14:16:29 - [TEST_STEP][PASSED] - closeBrowser(): Browser is closed

11-02-2024T14:16:29 - [MESSAGE][PASSED] - Browser is closed

11-02-2024T14:16:31 - [TEST_STEP][PASSED] - Video: Video recording for test case 'Test Cases/2 negative test case/19 Search item tidak ada di katalog (data driven)' .

11-02-2024T14:16:31 - [MESSAGE][INFO] - Video recording for test case 'Test Cases/2 negative test case/19 Search item tidak ada di katalog (data driven)' .]]></system-out>
         <system-err><![CDATA[]]></system-err>
      </testcase>
      <testcase name="Test Cases/2 negative test case/19 Search item tidak ada di katalog (data driven)" time="31.712" classname="Test Cases/2 negative test case/19 Search item tidak ada di katalog (data driven)" status="PASSED">
         <system-out><![CDATA[11-02-2024T14:16:31 - [TEST_CASE][PASSED] - Test Cases/2 negative test case/19 Search item tidak ada di katalog (data driven): Test Cases/2 negative test case/19 Search item tidak ada di katalog (data driven)

11-02-2024T14:16:31 - [TEST_STEP][PASSED] - openBrowser(""): Browser is opened with url: ''

11-02-2024T14:16:31 - [MESSAGE][INFO] - Starting 'Chrome' driver

11-02-2024T14:16:31 - [MESSAGE][INFO] - Action delay is set to 0 milliseconds

11-02-2024T14:16:32 - [MESSAGE][PASSED] - Browser is opened with url: ''

11-02-2024T14:16:32 - [TEST_STEP][PASSED] - navigateToUrl("https://advantageonlineshopping.com/"): Navigate to 'https://advantageonlineshopping.com/' successfully

11-02-2024T14:16:35 - [MESSAGE][PASSED] - Navigate to 'https://advantageonlineshopping.com/' successfully

11-02-2024T14:16:35 - [TEST_STEP][PASSED] - click(findTestObject("Object Repository/fitur gagal search/svg_CHECKOUT  (0.00)_menuUser")): Object: 'Object Repository/fitur gagal search/svg_CHECKOUT  (0.00)_menuUser' is clicked on

11-02-2024T14:16:40 - [MESSAGE][PASSED] - Object: 'Object Repository/fitur gagal search/svg_CHECKOUT  (0.00)_menuUser' is clicked on

11-02-2024T14:16:40 - [TEST_STEP][PASSED] - setText(findTestObject("Object Repository/fitur gagal search/input_OR_username"), "yudhatesting"): Text 'yudhatesting' is set on object 'Object Repository/fitur gagal search/input_OR_username'

11-02-2024T14:16:41 - [MESSAGE][PASSED] - Text 'yudhatesting' is set on object 'Object Repository/fitur gagal search/input_OR_username'

11-02-2024T14:16:41 - [TEST_STEP][PASSED] - setEncryptedText(findTestObject("Object Repository/fitur gagal search/input_Username_password"), "VjyC/is+sZNhzZxZ8kSNJw=="): Text ****** has been set on object 'Object Repository/fitur gagal search/input_Username_password'

11-02-2024T14:16:43 - [MESSAGE][PASSED] - Text ****** has been set on object 'Object Repository/fitur gagal search/input_Username_password'

11-02-2024T14:16:43 - [TEST_STEP][PASSED] - click(findTestObject("Object Repository/fitur gagal search/button_SIGN IN")): Object: 'Object Repository/fitur gagal search/button_SIGN IN' is clicked on

11-02-2024T14:16:43 - [MESSAGE][PASSED] - Object: 'Object Repository/fitur gagal search/button_SIGN IN' is clicked on

11-02-2024T14:16:43 - [TEST_STEP][PASSED] - setText(findTestObject("Object Repository/fitur gagal search/input_DEMO_mobile_search"), keyword): Text 'bleach' is set on object 'Object Repository/fitur gagal search/input_DEMO_mobile_search'

11-02-2024T14:16:48 - [MESSAGE][PASSED] - Text 'bleach' is set on object 'Object Repository/fitur gagal search/input_DEMO_mobile_search'

11-02-2024T14:16:48 - [TEST_STEP][PASSED] - sendKeys(findTestObject("Object Repository/fitur gagal search/input_DEMO_mobile_search"), Keys.chord(ENTER)): Keys 'ENTER + ' sent to object: 'Object Repository/fitur gagal search/input_DEMO_mobile_search'

11-02-2024T14:16:56 - [MESSAGE][PASSED] - Keys 'ENTER + ' sent to object: 'Object Repository/fitur gagal search/input_DEMO_mobile_search'

11-02-2024T14:16:56 - [TEST_STEP][PASSED] - delay(5): Delayed 5 second(s)

11-02-2024T14:17:01 - [MESSAGE][PASSED] - Delayed 5 second(s)

11-02-2024T14:17:01 - [TEST_STEP][PASSED] - closeBrowser(): Browser is closed

11-02-2024T14:17:01 - [MESSAGE][PASSED] - Browser is closed

11-02-2024T14:17:03 - [TEST_STEP][PASSED] - Video: Video recording for test case 'Test Cases/2 negative test case/19 Search item tidak ada di katalog (data driven)' .

11-02-2024T14:17:03 - [MESSAGE][INFO] - Video recording for test case 'Test Cases/2 negative test case/19 Search item tidak ada di katalog (data driven)' .]]></system-out>
         <system-err><![CDATA[]]></system-err>
      </testcase>
      <testcase name="Test Cases/2 negative test case/18 Gagal mengisi form contact us (data driven)" time="20.421" classname="Test Cases/2 negative test case/18 Gagal mengisi form contact us (data driven)" status="PASSED">
         <system-out><![CDATA[11-02-2024T14:17:03 - [TEST_CASE][PASSED] - Test Cases/2 negative test case/18 Gagal mengisi form contact us (data driven): Test Cases/2 negative test case/18 Gagal mengisi form contact us (data driven)

11-02-2024T14:17:03 - [TEST_STEP][PASSED] - openBrowser(""): Browser is opened with url: ''

11-02-2024T14:17:03 - [MESSAGE][INFO] - Starting 'Chrome' driver

11-02-2024T14:17:03 - [MESSAGE][INFO] - Action delay is set to 0 milliseconds

11-02-2024T14:17:04 - [MESSAGE][PASSED] - Browser is opened with url: ''

11-02-2024T14:17:04 - [TEST_STEP][PASSED] - navigateToUrl("https://advantageonlineshopping.com/"): Navigate to 'https://advantageonlineshopping.com/' successfully

11-02-2024T14:17:06 - [MESSAGE][PASSED] - Navigate to 'https://advantageonlineshopping.com/' successfully

11-02-2024T14:17:06 - [TEST_STEP][PASSED] - selectOptionByValue(findTestObject("Object Repository/fitur contact us/select_Select CategoryLaptopsHeadphonesTabl_1ef56f"), "object:60", true): All options with value 'object:60' are selected in object 'Object Repository/fitur contact us/select_Select CategoryLaptopsHeadphonesTabl_1ef56f'  using regular expression

11-02-2024T14:17:11 - [MESSAGE][PASSED] - All options with value 'object:60' are selected in object 'Object Repository/fitur contact us/select_Select CategoryLaptopsHeadphonesTabl_1ef56f'  using regular expression

11-02-2024T14:17:11 - [TEST_STEP][PASSED] - selectOptionByValue(findTestObject("Object Repository/fitur contact us/select_Select ProductHP Chromebook 14 G1(EN_361ba3"), "object:123", true): All options with value 'object:123' are selected in object 'Object Repository/fitur contact us/select_Select ProductHP Chromebook 14 G1(EN_361ba3'  using regular expression

11-02-2024T14:17:13 - [MESSAGE][PASSED] - All options with value 'object:123' are selected in object 'Object Repository/fitur contact us/select_Select ProductHP Chromebook 14 G1(EN_361ba3'  using regular expression

11-02-2024T14:17:13 - [TEST_STEP][PASSED] - setText(findTestObject("Object Repository/fitur contact us/input__emailContactUs"), email): Text 'yudhatesting' is set on object 'Object Repository/fitur contact us/input__emailContactUs'

11-02-2024T14:17:14 - [MESSAGE][PASSED] - Text 'yudhatesting' is set on object 'Object Repository/fitur contact us/input__emailContactUs'

11-02-2024T14:17:14 - [TEST_STEP][PASSED] - setText(findTestObject("Object Repository/fitur contact us/textarea__subjectTextareaContactUs"), subject): Text 'this product so cool!' is set on object 'Object Repository/fitur contact us/textarea__subjectTextareaContactUs'

11-02-2024T14:17:16 - [MESSAGE][PASSED] - Text 'this product so cool!' is set on object 'Object Repository/fitur contact us/textarea__subjectTextareaContactUs'

11-02-2024T14:17:16 - [TEST_STEP][PASSED] - click(findTestObject("Object Repository/fitur contact us/button_SEND")): Object: 'Object Repository/fitur contact us/button_SEND' is clicked on

11-02-2024T14:17:16 - [MESSAGE][PASSED] - Object: 'Object Repository/fitur contact us/button_SEND' is clicked on

11-02-2024T14:17:16 - [TEST_STEP][PASSED] - delay(5): Delayed 5 second(s)

11-02-2024T14:17:21 - [MESSAGE][PASSED] - Delayed 5 second(s)

11-02-2024T14:17:21 - [TEST_STEP][PASSED] - closeBrowser(): Browser is closed

11-02-2024T14:17:21 - [MESSAGE][PASSED] - Browser is closed

11-02-2024T14:17:23 - [TEST_STEP][PASSED] - Video: Video recording for test case 'Test Cases/2 negative test case/18 Gagal mengisi form contact us (data driven)' .

11-02-2024T14:17:23 - [MESSAGE][INFO] - Video recording for test case 'Test Cases/2 negative test case/18 Gagal mengisi form contact us (data driven)' .]]></system-out>
         <system-err><![CDATA[]]></system-err>
      </testcase>
      <testcase name="Test Cases/2 negative test case/18 Gagal mengisi form contact us (data driven)" time="20.346" classname="Test Cases/2 negative test case/18 Gagal mengisi form contact us (data driven)" status="PASSED">
         <system-out><![CDATA[11-02-2024T14:17:24 - [TEST_CASE][PASSED] - Test Cases/2 negative test case/18 Gagal mengisi form contact us (data driven): Test Cases/2 negative test case/18 Gagal mengisi form contact us (data driven)

11-02-2024T14:17:24 - [TEST_STEP][PASSED] - openBrowser(""): Browser is opened with url: ''

11-02-2024T14:17:24 - [MESSAGE][INFO] - Starting 'Chrome' driver

11-02-2024T14:17:24 - [MESSAGE][INFO] - Action delay is set to 0 milliseconds

11-02-2024T14:17:24 - [MESSAGE][PASSED] - Browser is opened with url: ''

11-02-2024T14:17:24 - [TEST_STEP][PASSED] - navigateToUrl("https://advantageonlineshopping.com/"): Navigate to 'https://advantageonlineshopping.com/' successfully

11-02-2024T14:17:27 - [MESSAGE][PASSED] - Navigate to 'https://advantageonlineshopping.com/' successfully

11-02-2024T14:17:27 - [TEST_STEP][PASSED] - selectOptionByValue(findTestObject("Object Repository/fitur contact us/select_Select CategoryLaptopsHeadphonesTabl_1ef56f"), "object:60", true): All options with value 'object:60' are selected in object 'Object Repository/fitur contact us/select_Select CategoryLaptopsHeadphonesTabl_1ef56f'  using regular expression

11-02-2024T14:17:32 - [MESSAGE][PASSED] - All options with value 'object:60' are selected in object 'Object Repository/fitur contact us/select_Select CategoryLaptopsHeadphonesTabl_1ef56f'  using regular expression

11-02-2024T14:17:32 - [TEST_STEP][PASSED] - selectOptionByValue(findTestObject("Object Repository/fitur contact us/select_Select ProductHP Chromebook 14 G1(EN_361ba3"), "object:123", true): All options with value 'object:123' are selected in object 'Object Repository/fitur contact us/select_Select ProductHP Chromebook 14 G1(EN_361ba3'  using regular expression

11-02-2024T14:17:33 - [MESSAGE][PASSED] - All options with value 'object:123' are selected in object 'Object Repository/fitur contact us/select_Select ProductHP Chromebook 14 G1(EN_361ba3'  using regular expression

11-02-2024T14:17:33 - [TEST_STEP][PASSED] - setText(findTestObject("Object Repository/fitur contact us/input__emailContactUs"), email): Text 'yudhatesting2' is set on object 'Object Repository/fitur contact us/input__emailContactUs'

11-02-2024T14:17:35 - [MESSAGE][PASSED] - Text 'yudhatesting2' is set on object 'Object Repository/fitur contact us/input__emailContactUs'

11-02-2024T14:17:35 - [TEST_STEP][PASSED] - setText(findTestObject("Object Repository/fitur contact us/textarea__subjectTextareaContactUs"), subject): Text 'I want to buy this product' is set on object 'Object Repository/fitur contact us/textarea__subjectTextareaContactUs'

11-02-2024T14:17:36 - [MESSAGE][PASSED] - Text 'I want to buy this product' is set on object 'Object Repository/fitur contact us/textarea__subjectTextareaContactUs'

11-02-2024T14:17:36 - [TEST_STEP][PASSED] - click(findTestObject("Object Repository/fitur contact us/button_SEND")): Object: 'Object Repository/fitur contact us/button_SEND' is clicked on

11-02-2024T14:17:37 - [MESSAGE][PASSED] - Object: 'Object Repository/fitur contact us/button_SEND' is clicked on

11-02-2024T14:17:37 - [TEST_STEP][PASSED] - delay(5): Delayed 5 second(s)

11-02-2024T14:17:42 - [MESSAGE][PASSED] - Delayed 5 second(s)

11-02-2024T14:17:42 - [TEST_STEP][PASSED] - closeBrowser(): Browser is closed

11-02-2024T14:17:42 - [MESSAGE][PASSED] - Browser is closed

11-02-2024T14:17:44 - [TEST_STEP][PASSED] - Video: Video recording for test case 'Test Cases/2 negative test case/18 Gagal mengisi form contact us (data driven)' .

11-02-2024T14:17:44 - [MESSAGE][INFO] - Video recording for test case 'Test Cases/2 negative test case/18 Gagal mengisi form contact us (data driven)' .]]></system-out>
         <system-err><![CDATA[]]></system-err>
      </testcase>
      <system-out><![CDATA[11-02-2024T14:13:54 - [TEST_SUITE][PASSED] - 5 negatif test - search, filter and add to chart: Test Cases/2 negative test case/18 Gagal mengisi form contact us (data driven)]]></system-out>
      <system-err><![CDATA[]]></system-err>
   </testsuite>
</testsuites>
