<?xml version="1.0" encoding="UTF-8"?>
<testsuites name="4 tes filter" time="85.277" tests="4" failures="0" errors="0">
   <testsuite name="4 tes filter" tests="4" failures="0" errors="0" time="85.277" skipped="0" timestamp="09-02-2024T16:49:27" hostname="ACER - LAPTOP-DI70DTOM" id="Test Suites/4 tes filter">
      <properties>
         <property name="deviceName" value=""/>
         <property name="devicePlatform" value=""/>
         <property name="logFolder" value="C:\\Users\\ACER\\git\\Final-Project-QA-WEB\\Reports\\20240209_164921\\4 tes filter\\20240209_164921"/>
         <property name="logFiles" value="C:\\Users\\ACER\\git\\Final-Project-QA-WEB\\Reports\\20240209_164921\\4 tes filter\\20240209_164921\\execution0.log"/>
         <property name="attachments" value=""/>
         <property name="hostName" value="ACER - LAPTOP-DI70DTOM"/>
         <property name="os" value="Windows 11 64bit"/>
         <property name="katalonVersion" value="9.3.0.212"/>
         <property name="browser" value="Chrome 121.0.0.0"/>
         <property name="hostAddress" value="192.168.0.151"/>
         <property name="sessionId" value="81f73e1a63c9c1b97a689cbb67c23731"/>
         <property name="seleniumVersion" value="3.141.59"/>
         <property name="proxyInformation" value="ProxyInformation { proxyOption=NO_PROXY, proxyServerType=HTTP, username=, password=********, proxyServerAddress=, proxyServerPort=0, executionList=&quot;&quot;, isApplyToDesiredCapabilities=true }"/>
         <property name="platform" value="Windows 11"/>
      </properties>
      <testcase name="Test Cases/1. Positive test case/5 Filter item (switch-case)" time="16.727" classname="Test Cases/1. Positive test case/5 Filter item (switch-case)" status="PASSED">
         <system-out><![CDATA[09-02-2024T16:49:27 - [TEST_CASE][PASSED] - Test Cases/1. Positive test case/5 Filter item (switch-case): Test Cases/1. Positive test case/5 Filter item (switch-case)

09-02-2024T16:49:27 - [TEST_STEP][PASSED] - openBrowser(""): Browser is opened with url: ''

09-02-2024T16:49:27 - [MESSAGE][INFO] - Starting 'Chrome' driver

09-02-2024T16:49:27 - [MESSAGE][INFO] - Action delay is set to 0 milliseconds

09-02-2024T16:49:29 - [MESSAGE][PASSED] - Browser is opened with url: ''

09-02-2024T16:49:29 - [TEST_STEP][PASSED] - navigateToUrl("https://advantageonlineshopping.com/"): Navigate to 'https://advantageonlineshopping.com/' successfully

09-02-2024T16:49:31 - [MESSAGE][PASSED] - Navigate to 'https://advantageonlineshopping.com/' successfully

09-02-2024T16:49:31 - [TEST_STEP][PASSED] - click(findTestObject("Object Repository/Fitur Filter 2/div_SPEAKERS                        Shop Now")): Object: 'Object Repository/Fitur Filter 2/div_SPEAKERS                        Shop Now' is clicked on

09-02-2024T16:49:35 - [MESSAGE][PASSED] - Object: 'Object Repository/Fitur Filter 2/div_SPEAKERS                        Shop Now' is clicked on

09-02-2024T16:49:35 - [TEST_STEP][PASSED] - filterType = filtername: null

09-02-2024T16:49:35 - [TEST_STEP][PASSED] - switch (filterType): null

09-02-2024T16:49:35 - [TEST_STEP][PASSED] - case "WIRELESS TECHNOLOGY":: null

09-02-2024T16:49:35 - [TEST_STEP][PASSED] - click(findTestObject("Object Repository/Fitur Filter 2/h4_WIRELESS TECHNOLOGY")): Object: 'Object Repository/Fitur Filter 2/h4_WIRELESS TECHNOLOGY' is clicked on

09-02-2024T16:49:38 - [MESSAGE][PASSED] - Object: 'Object Repository/Fitur Filter 2/h4_WIRELESS TECHNOLOGY' is clicked on

09-02-2024T16:49:38 - [TEST_STEP][PASSED] - click(findTestObject("Object Repository/Fitur Filter 2/input_WIRELESS TECHNOLOGY_wireless_technology_0")): Object: 'Object Repository/Fitur Filter 2/input_WIRELESS TECHNOLOGY_wireless_technology_0' is clicked on

09-02-2024T16:49:38 - [MESSAGE][PASSED] - Object: 'Object Repository/Fitur Filter 2/input_WIRELESS TECHNOLOGY_wireless_technology_0' is clicked on

09-02-2024T16:49:38 - [TEST_STEP][PASSED] - break: null

09-02-2024T16:49:38 - [TEST_STEP][PASSED] - delay(5): Delayed 5 second(s)

09-02-2024T16:49:43 - [MESSAGE][PASSED] - Delayed 5 second(s)

09-02-2024T16:49:43 - [TEST_STEP][PASSED] - closeBrowser(): Browser is closed

09-02-2024T16:49:44 - [MESSAGE][PASSED] - Browser is closed]]></system-out>
         <system-err><![CDATA[]]></system-err>
      </testcase>
      <testcase name="Test Cases/1. Positive test case/5 Filter item (switch-case)" time="14.935" classname="Test Cases/1. Positive test case/5 Filter item (switch-case)" status="PASSED">
         <system-out><![CDATA[09-02-2024T16:49:44 - [TEST_CASE][PASSED] - Test Cases/1. Positive test case/5 Filter item (switch-case): Test Cases/1. Positive test case/5 Filter item (switch-case)

09-02-2024T16:49:44 - [TEST_STEP][PASSED] - openBrowser(""): Browser is opened with url: ''

09-02-2024T16:49:44 - [MESSAGE][INFO] - Starting 'Chrome' driver

09-02-2024T16:49:44 - [MESSAGE][INFO] - Action delay is set to 0 milliseconds

09-02-2024T16:49:44 - [MESSAGE][PASSED] - Browser is opened with url: ''

09-02-2024T16:49:44 - [TEST_STEP][PASSED] - navigateToUrl("https://advantageonlineshopping.com/"): Navigate to 'https://advantageonlineshopping.com/' successfully

09-02-2024T16:49:47 - [MESSAGE][PASSED] - Navigate to 'https://advantageonlineshopping.com/' successfully

09-02-2024T16:49:47 - [TEST_STEP][PASSED] - click(findTestObject("Object Repository/Fitur Filter 2/div_SPEAKERS                        Shop Now")): Object: 'Object Repository/Fitur Filter 2/div_SPEAKERS                        Shop Now' is clicked on

09-02-2024T16:49:51 - [MESSAGE][PASSED] - Object: 'Object Repository/Fitur Filter 2/div_SPEAKERS                        Shop Now' is clicked on

09-02-2024T16:49:51 - [TEST_STEP][PASSED] - filterType = filtername: null

09-02-2024T16:49:51 - [TEST_STEP][PASSED] - switch (filterType): null

09-02-2024T16:49:51 - [TEST_STEP][PASSED] - case "COLOR":: null

09-02-2024T16:49:51 - [TEST_STEP][PASSED] - click(findTestObject("Object Repository/Fitur Filter 2/h4_COLOR")): Object: 'Object Repository/Fitur Filter 2/h4_COLOR' is clicked on

09-02-2024T16:49:53 - [MESSAGE][PASSED] - Object: 'Object Repository/Fitur Filter 2/h4_COLOR' is clicked on

09-02-2024T16:49:53 - [TEST_STEP][PASSED] - click(findTestObject("Object Repository/Fitur Filter 2/a_COLOR_productsColors414141")): Object: 'Object Repository/Fitur Filter 2/a_COLOR_productsColors414141' is clicked on

09-02-2024T16:49:53 - [MESSAGE][PASSED] - Object: 'Object Repository/Fitur Filter 2/a_COLOR_productsColors414141' is clicked on

09-02-2024T16:49:53 - [TEST_STEP][PASSED] - break: null

09-02-2024T16:49:53 - [TEST_STEP][PASSED] - delay(5): Delayed 5 second(s)

09-02-2024T16:49:58 - [MESSAGE][PASSED] - Delayed 5 second(s)

09-02-2024T16:49:58 - [TEST_STEP][PASSED] - closeBrowser(): Browser is closed

09-02-2024T16:49:59 - [MESSAGE][PASSED] - Browser is closed]]></system-out>
         <system-err><![CDATA[]]></system-err>
      </testcase>
      <testcase name="Test Cases/1. Positive test case/5 Filter item (switch-case)" time="34.071" classname="Test Cases/1. Positive test case/5 Filter item (switch-case)" status="PASSED">
         <system-out><![CDATA[09-02-2024T16:49:59 - [TEST_CASE][PASSED] - Test Cases/1. Positive test case/5 Filter item (switch-case): Test Cases/1. Positive test case/5 Filter item (switch-case)

09-02-2024T16:49:59 - [TEST_STEP][PASSED] - openBrowser(""): Browser is opened with url: ''

09-02-2024T16:49:59 - [MESSAGE][INFO] - Starting 'Chrome' driver

09-02-2024T16:49:59 - [MESSAGE][INFO] - Action delay is set to 0 milliseconds

09-02-2024T16:49:59 - [MESSAGE][PASSED] - Browser is opened with url: ''

09-02-2024T16:49:59 - [TEST_STEP][PASSED] - navigateToUrl("https://advantageonlineshopping.com/"): Navigate to 'https://advantageonlineshopping.com/' successfully

09-02-2024T16:50:06 - [MESSAGE][PASSED] - Navigate to 'https://advantageonlineshopping.com/' successfully

09-02-2024T16:50:06 - [TEST_STEP][PASSED] - click(findTestObject("Object Repository/Fitur Filter 2/div_SPEAKERS                        Shop Now")): Object: 'Object Repository/Fitur Filter 2/div_SPEAKERS                        Shop Now' is clicked on

09-02-2024T16:50:11 - [MESSAGE][PASSED] - Object: 'Object Repository/Fitur Filter 2/div_SPEAKERS                        Shop Now' is clicked on

09-02-2024T16:50:11 - [TEST_STEP][PASSED] - filterType = filtername: null

09-02-2024T16:50:11 - [TEST_STEP][PASSED] - switch (filterType): null

09-02-2024T16:50:11 - [TEST_STEP][PASSED] - case "MANUFACTURER":: null

09-02-2024T16:50:11 - [TEST_STEP][PASSED] - click(findTestObject("Object Repository/Fitur Filter 2/h4_MANUFACTURER")): Object: 'Object Repository/Fitur Filter 2/h4_MANUFACTURER' is clicked on

09-02-2024T16:50:27 - [MESSAGE][PASSED] - Object: 'Object Repository/Fitur Filter 2/h4_MANUFACTURER' is clicked on

09-02-2024T16:50:27 - [TEST_STEP][PASSED] - click(findTestObject("Object Repository/Fitur Filter 2/input_MANUFACTURER_manufacturer_0")): Object: 'Object Repository/Fitur Filter 2/input_MANUFACTURER_manufacturer_0' is clicked on

09-02-2024T16:50:27 - [MESSAGE][PASSED] - Object: 'Object Repository/Fitur Filter 2/input_MANUFACTURER_manufacturer_0' is clicked on

09-02-2024T16:50:27 - [TEST_STEP][PASSED] - break: null

09-02-2024T16:50:27 - [TEST_STEP][PASSED] - delay(5): Delayed 5 second(s)

09-02-2024T16:50:32 - [MESSAGE][PASSED] - Delayed 5 second(s)

09-02-2024T16:50:32 - [TEST_STEP][PASSED] - closeBrowser(): Browser is closed

09-02-2024T16:50:33 - [MESSAGE][PASSED] - Browser is closed]]></system-out>
         <system-err><![CDATA[]]></system-err>
      </testcase>
      <testcase name="Test Cases/1. Positive test case/5 Filter item (switch-case)" time="19.311" classname="Test Cases/1. Positive test case/5 Filter item (switch-case)" status="PASSED">
         <system-out><![CDATA[09-02-2024T16:50:33 - [TEST_CASE][PASSED] - Test Cases/1. Positive test case/5 Filter item (switch-case): Test Cases/1. Positive test case/5 Filter item (switch-case)

09-02-2024T16:50:33 - [TEST_STEP][PASSED] - openBrowser(""): Browser is opened with url: ''

09-02-2024T16:50:33 - [MESSAGE][INFO] - Starting 'Chrome' driver

09-02-2024T16:50:33 - [MESSAGE][INFO] - Action delay is set to 0 milliseconds

09-02-2024T16:50:34 - [MESSAGE][PASSED] - Browser is opened with url: ''

09-02-2024T16:50:34 - [TEST_STEP][PASSED] - navigateToUrl("https://advantageonlineshopping.com/"): Navigate to 'https://advantageonlineshopping.com/' successfully

09-02-2024T16:50:36 - [MESSAGE][PASSED] - Navigate to 'https://advantageonlineshopping.com/' successfully

09-02-2024T16:50:36 - [TEST_STEP][PASSED] - click(findTestObject("Object Repository/Fitur Filter 2/div_SPEAKERS                        Shop Now")): Object: 'Object Repository/Fitur Filter 2/div_SPEAKERS                        Shop Now' is clicked on

09-02-2024T16:50:40 - [MESSAGE][PASSED] - Object: 'Object Repository/Fitur Filter 2/div_SPEAKERS                        Shop Now' is clicked on

09-02-2024T16:50:40 - [TEST_STEP][PASSED] - filterType = filtername: null

09-02-2024T16:50:40 - [TEST_STEP][PASSED] - switch (filterType): null

09-02-2024T16:50:40 - [TEST_STEP][PASSED] - case "COMPATIBILITY":: null

09-02-2024T16:50:40 - [TEST_STEP][PASSED] - click(findTestObject("Object Repository/Fitur Filter 2/h4_COMPATIBILITY")): Object: 'Object Repository/Fitur Filter 2/h4_COMPATIBILITY' is clicked on

09-02-2024T16:50:46 - [MESSAGE][PASSED] - Object: 'Object Repository/Fitur Filter 2/h4_COMPATIBILITY' is clicked on

09-02-2024T16:50:46 - [TEST_STEP][PASSED] - click(findTestObject("Object Repository/Fitur Filter 2/label_Any device that has bluetooth enabled")): Object: 'Object Repository/Fitur Filter 2/label_Any device that has bluetooth enabled' is clicked on

09-02-2024T16:50:46 - [MESSAGE][PASSED] - Object: 'Object Repository/Fitur Filter 2/label_Any device that has bluetooth enabled' is clicked on

09-02-2024T16:50:46 - [TEST_STEP][PASSED] - click(findTestObject("Object Repository/Fitur Filter 2/input_COMPATIBILITY_compatibility_0")): Object: 'Object Repository/Fitur Filter 2/input_COMPATIBILITY_compatibility_0' is clicked on

09-02-2024T16:50:47 - [MESSAGE][PASSED] - Object: 'Object Repository/Fitur Filter 2/input_COMPATIBILITY_compatibility_0' is clicked on

09-02-2024T16:50:47 - [TEST_STEP][PASSED] - break: null

09-02-2024T16:50:47 - [TEST_STEP][PASSED] - delay(5): Delayed 5 second(s)

09-02-2024T16:50:52 - [MESSAGE][PASSED] - Delayed 5 second(s)

09-02-2024T16:50:52 - [TEST_STEP][PASSED] - closeBrowser(): Browser is closed

09-02-2024T16:50:52 - [MESSAGE][PASSED] - Browser is closed]]></system-out>
         <system-err><![CDATA[]]></system-err>
      </testcase>
      <system-out><![CDATA[09-02-2024T16:49:27 - [TEST_SUITE][PASSED] - 4 tes filter: Test Cases/1. Positive test case/5 Filter item (switch-case)]]></system-out>
      <system-err><![CDATA[]]></system-err>
   </testsuite>
</testsuites>
