<?xml version="1.0" encoding="UTF-8"?>
<testsuites name="testing 2" time="32.115" tests="2" failures="0" errors="0">
   <testsuite name="testing 2" tests="2" failures="0" errors="0" time="32.115" skipped="0" timestamp="10-02-2024T23:30:31" hostname="ACER - LAPTOP-DI70DTOM" id="Test Suites/testing 2">
      <properties>
         <property name="deviceName" value=""/>
         <property name="devicePlatform" value=""/>
         <property name="logFolder" value="C:\\Users\\ACER\\git\\Final-Project-QA-WEB\\Reports\\20240210_233022\\testing 2\\20240210_233023"/>
         <property name="logFiles" value="C:\\Users\\ACER\\git\\Final-Project-QA-WEB\\Reports\\20240210_233022\\testing 2\\20240210_233023\\execution0.log"/>
         <property name="attachments" value=""/>
         <property name="hostName" value="ACER - LAPTOP-DI70DTOM"/>
         <property name="os" value="Windows 11 64bit"/>
         <property name="katalonVersion" value="9.3.0.212"/>
         <property name="browser" value="Chrome 121.0.0.0"/>
         <property name="hostAddress" value="192.168.0.151"/>
         <property name="sessionId" value="c995c67b528ed6b8afb9f00515225590"/>
         <property name="seleniumVersion" value="3.141.59"/>
         <property name="proxyInformation" value="ProxyInformation { proxyOption=NO_PROXY, proxyServerType=HTTP, username=, password=********, proxyServerAddress=, proxyServerPort=0, executionList=&quot;&quot;, isApplyToDesiredCapabilities=true }"/>
         <property name="platform" value="Windows 11"/>
      </properties>
      <testcase name="Test Cases/2 negative test case/14 Gagal login (data driven)" time="16.506" classname="Test Cases/2 negative test case/14 Gagal login (data driven)" status="PASSED">
         <system-out><![CDATA[10-02-2024T23:30:31 - [TEST_CASE][PASSED] - Test Cases/2 negative test case/14 Gagal login (data driven): Test Cases/2 negative test case/14 Gagal login (data driven)

10-02-2024T23:30:31 - [TEST_STEP][PASSED] - openBrowser(""): Browser is opened with url: ''

10-02-2024T23:30:31 - [MESSAGE][INFO] - Starting 'Chrome' driver

10-02-2024T23:30:31 - [MESSAGE][INFO] - Action delay is set to 0 milliseconds

10-02-2024T23:30:33 - [MESSAGE][PASSED] - Browser is opened with url: ''

10-02-2024T23:30:33 - [TEST_STEP][PASSED] - navigateToUrl("https://advantageonlineshopping.com/"): Navigate to 'https://advantageonlineshopping.com/' successfully

10-02-2024T23:30:35 - [MESSAGE][PASSED] - Navigate to 'https://advantageonlineshopping.com/' successfully

10-02-2024T23:30:35 - [TEST_STEP][PASSED] - click(findTestObject("Object Repository/Fitur Login User/svg_CHECKOUT  (0.00)_menuUser")): Object: 'Object Repository/Fitur Login User/svg_CHECKOUT  (0.00)_menuUser' is clicked on

10-02-2024T23:30:39 - [MESSAGE][PASSED] - Object: 'Object Repository/Fitur Login User/svg_CHECKOUT  (0.00)_menuUser' is clicked on

10-02-2024T23:30:39 - [TEST_STEP][PASSED] - setText(findTestObject("Object Repository/Fitur Login User/input_OR_username"), username): Text 'yudhatesting' is set on object 'Object Repository/Fitur Login User/input_OR_username'

10-02-2024T23:30:40 - [MESSAGE][PASSED] - Text 'yudhatesting' is set on object 'Object Repository/Fitur Login User/input_OR_username'

10-02-2024T23:30:40 - [TEST_STEP][PASSED] - setText(findTestObject("Object Repository/Fitur Login User/input_Username_password"), password): Text '12345678' is set on object 'Object Repository/Fitur Login User/input_Username_password'

10-02-2024T23:30:41 - [MESSAGE][PASSED] - Text '12345678' is set on object 'Object Repository/Fitur Login User/input_Username_password'

10-02-2024T23:30:41 - [TEST_STEP][PASSED] - click(findTestObject("Object Repository/Fitur Login User/button_SIGN IN")): Object: 'Object Repository/Fitur Login User/button_SIGN IN' is clicked on

10-02-2024T23:30:42 - [MESSAGE][PASSED] - Object: 'Object Repository/Fitur Login User/button_SIGN IN' is clicked on

10-02-2024T23:30:42 - [TEST_STEP][PASSED] - delay(5): Delayed 5 second(s)

10-02-2024T23:30:47 - [MESSAGE][PASSED] - Delayed 5 second(s)

10-02-2024T23:30:47 - [TEST_STEP][PASSED] - closeBrowser(): Browser is closed

10-02-2024T23:30:47 - [MESSAGE][PASSED] - Browser is closed]]></system-out>
         <system-err><![CDATA[]]></system-err>
      </testcase>
      <testcase name="Test Cases/2 negative test case/14 Gagal login (data driven)" time="15.371" classname="Test Cases/2 negative test case/14 Gagal login (data driven)" status="PASSED">
         <system-out><![CDATA[10-02-2024T23:30:47 - [TEST_CASE][PASSED] - Test Cases/2 negative test case/14 Gagal login (data driven): Test Cases/2 negative test case/14 Gagal login (data driven)

10-02-2024T23:30:47 - [TEST_STEP][PASSED] - openBrowser(""): Browser is opened with url: ''

10-02-2024T23:30:47 - [MESSAGE][INFO] - Starting 'Chrome' driver

10-02-2024T23:30:47 - [MESSAGE][INFO] - Action delay is set to 0 milliseconds

10-02-2024T23:30:48 - [MESSAGE][PASSED] - Browser is opened with url: ''

10-02-2024T23:30:48 - [TEST_STEP][PASSED] - navigateToUrl("https://advantageonlineshopping.com/"): Navigate to 'https://advantageonlineshopping.com/' successfully

10-02-2024T23:30:51 - [MESSAGE][PASSED] - Navigate to 'https://advantageonlineshopping.com/' successfully

10-02-2024T23:30:51 - [TEST_STEP][PASSED] - click(findTestObject("Object Repository/Fitur Login User/svg_CHECKOUT  (0.00)_menuUser")): Object: 'Object Repository/Fitur Login User/svg_CHECKOUT  (0.00)_menuUser' is clicked on

10-02-2024T23:30:55 - [MESSAGE][PASSED] - Object: 'Object Repository/Fitur Login User/svg_CHECKOUT  (0.00)_menuUser' is clicked on

10-02-2024T23:30:55 - [TEST_STEP][PASSED] - setText(findTestObject("Object Repository/Fitur Login User/input_OR_username"), username): Text 'yudhatesting2' is set on object 'Object Repository/Fitur Login User/input_OR_username'

10-02-2024T23:30:55 - [MESSAGE][PASSED] - Text 'yudhatesting2' is set on object 'Object Repository/Fitur Login User/input_OR_username'

10-02-2024T23:30:55 - [TEST_STEP][PASSED] - setText(findTestObject("Object Repository/Fitur Login User/input_Username_password"), password): Text '12345678' is set on object 'Object Repository/Fitur Login User/input_Username_password'

10-02-2024T23:30:57 - [MESSAGE][PASSED] - Text '12345678' is set on object 'Object Repository/Fitur Login User/input_Username_password'

10-02-2024T23:30:57 - [TEST_STEP][PASSED] - click(findTestObject("Object Repository/Fitur Login User/button_SIGN IN")): Object: 'Object Repository/Fitur Login User/button_SIGN IN' is clicked on

10-02-2024T23:30:57 - [MESSAGE][PASSED] - Object: 'Object Repository/Fitur Login User/button_SIGN IN' is clicked on

10-02-2024T23:30:57 - [TEST_STEP][PASSED] - delay(5): Delayed 5 second(s)

10-02-2024T23:31:02 - [MESSAGE][PASSED] - Delayed 5 second(s)

10-02-2024T23:31:02 - [TEST_STEP][PASSED] - closeBrowser(): Browser is closed

10-02-2024T23:31:03 - [MESSAGE][PASSED] - Browser is closed]]></system-out>
         <system-err><![CDATA[]]></system-err>
      </testcase>
      <system-out><![CDATA[10-02-2024T23:30:31 - [TEST_SUITE][PASSED] - testing 2: Test Cases/2 negative test case/14 Gagal login (data driven)]]></system-out>
      <system-err><![CDATA[]]></system-err>
   </testsuite>
</testsuites>
